[ 2018-03-15T14:20:10+08:00 ] 127.0.0.1 /seller
INFO: [ app_init ] --START--
INFO: Run Behavior\BuildLiteBehavior [ RunTime:0.000000s ]
INFO: [ app_init ] --END-- [ RunTime:0.000000s ]
INFO: [ app_begin ] --START--
INFO: Run Behavior\ReadHtmlCacheBehavior [ RunTime:0.001000s ]
INFO: [ app_begin ] --END-- [ RunTime:0.001000s ]
INFO: [ view_begin ] --START--
INFO: Run Home\Behaviors\testBehavior [ RunTime:0.002000s ]
INFO: [ view_begin ] --END-- [ RunTime:0.002000s ]
INFO: [ view_parse ] --START--
INFO: [ template_filter ] --START--
INFO: Run Behavior\ContentReplaceBehavior [ RunTime:0.000000s ]
INFO: [ template_filter ] --END-- [ RunTime:0.000000s ]
INFO: Run Behavior\ParseTemplateBehavior [ RunTime:0.029001s ]
INFO: [ view_parse ] --END-- [ RunTime:0.029001s ]
INFO: [ view_filter ] --START--
INFO: Run Behavior\WriteHtmlCacheBehavior [ RunTime:0.000000s ]
INFO: Run Behavior\TokenBuildBehavior [ RunTime:0.001000s ]
INFO: [ view_filter ] --END-- [ RunTime:0.001000s ]

[ 2018-03-15T14:20:11+08:00 ] 127.0.0.1 /Seller/Admin/login
INFO: [ app_init ] --START--
INFO: Run Behavior\BuildLiteBehavior [ RunTime:0.000000s ]
INFO: [ app_init ] --END-- [ RunTime:0.001000s ]
INFO: [ app_begin ] --START--
INFO: Run Behavior\ReadHtmlCacheBehavior [ RunTime:0.000000s ]
INFO: [ app_begin ] --END-- [ RunTime:0.000000s ]
SQL: SHOW COLUMNS FROM `ty_config` [ RunTime:0.0010s ]
SQL: SELECT * FROM `ty_config`  [ RunTime:0.0010s ]
NOTIC: [8] Undefined index: seller/admin E:\phpweb\maicai\Application\Seller\Common\function.php 第 71 行.
NOTIC: [8] Undefined index: seller/admin E:\phpweb\maicai\Application\Seller\Common\function.php 第 72 行.
INFO: [ view_begin ] --START--
INFO: Run Home\Behaviors\testBehavior [ RunTime:0.002000s ]
INFO: [ view_begin ] --END-- [ RunTime:0.002000s ]
INFO: [ view_parse ] --START--
INFO: [ template_filter ] --START--
INFO: Run Behavior\ContentReplaceBehavior [ RunTime:0.000000s ]
INFO: [ template_filter ] --END-- [ RunTime:0.000000s ]
INFO: Run Behavior\ParseTemplateBehavior [ RunTime:0.030002s ]
INFO: [ view_parse ] --END-- [ RunTime:0.030002s ]
INFO: [ view_filter ] --START--
INFO: Run Behavior\WriteHtmlCacheBehavior [ RunTime:0.001000s ]
INFO: Run Behavior\TokenBuildBehavior [ RunTime:0.001000s ]
INFO: [ view_filter ] --END-- [ RunTime:0.002000s ]
INFO: [ app_end ] --START--
INFO: Run Behavior\ShowPageTraceBehavior [ RunTime:0.001000s ]
INFO: [ app_end ] --END-- [ RunTime:0.001000s ]

[ 2018-03-15T14:20:11+08:00 ] 127.0.0.1 /Seller/Admin/vertify
INFO: [ app_init ] --START--
INFO: Run Behavior\BuildLiteBehavior [ RunTime:0.000000s ]
INFO: [ app_init ] --END-- [ RunTime:0.001000s ]
INFO: [ app_begin ] --START--
INFO: Run Behavior\ReadHtmlCacheBehavior [ RunTime:0.001000s ]
INFO: [ app_begin ] --END-- [ RunTime:0.001000s ]
SQL: SHOW COLUMNS FROM `ty_config` [ RunTime:0.0010s ]
SQL: SELECT * FROM `ty_config`  [ RunTime:0.0000s ]
NOTIC: [8] Undefined index: seller/admin E:\phpweb\maicai\Application\Seller\Common\function.php 第 71 行.
NOTIC: [8] Undefined index: seller/admin E:\phpweb\maicai\Application\Seller\Common\function.php 第 72 行.
INFO: [ app_end ] --START--
INFO: Run Behavior\ShowPageTraceBehavior [ RunTime:0.001000s ]
INFO: [ app_end ] --END-- [ RunTime:0.001000s ]

[ 2018-03-15T14:20:30+08:00 ] 127.0.0.1 /index.php?m=Seller&c=Admin&a=login&t=0.24678637483697452
INFO: [ app_init ] --START--
INFO: Run Behavior\BuildLiteBehavior [ RunTime:0.000000s ]
INFO: [ app_init ] --END-- [ RunTime:0.001000s ]
INFO: [ app_begin ] --START--
INFO: Run Behavior\ReadHtmlCacheBehavior [ RunTime:0.000000s ]
INFO: [ app_begin ] --END-- [ RunTime:0.000000s ]
SQL: SHOW COLUMNS FROM `ty_config` [ RunTime:0.0000s ]
SQL: SELECT * FROM `ty_config`  [ RunTime:0.0000s ]
NOTIC: [8] Undefined index: seller/admin E:\phpweb\maicai\Application\Seller\Common\function.php 第 71 行.
NOTIC: [8] Undefined index: seller/admin E:\phpweb\maicai\Application\Seller\Common\function.php 第 72 行.
SQL: SHOW COLUMNS FROM `ty_seller` [ RunTime:0.0030s ]
SQL: SELECT * FROM `ty_seller` WHERE `seller_name` = 'niurou' LIMIT 1   [ RunTime:0.0000s ]
SQL: SHOW COLUMNS FROM `ty_users` [ RunTime:0.0010s ]
SQL: SELECT * FROM `ty_users` WHERE ( user_id=2 and password='519475228fe35ad067744465c42a19b2' ) LIMIT 1   [ RunTime:0.0000s ]
SQL: UPDATE `ty_seller` SET `last_login_time`='1521094830' WHERE `seller_id` = 3 [ RunTime:0.0290s ]
SQL: SHOW COLUMNS FROM `ty_seller_log` [ RunTime:0.0030s ]
ERR: SQLSTATE[HY000]: General error: 1364 Field 'log_state' doesn't have a default value

[ 2018-03-15T14:20:33+08:00 ] 127.0.0.1 /Seller/Admin/login
INFO: [ app_init ] --START--
INFO: Run Behavior\BuildLiteBehavior [ RunTime:0.000000s ]
INFO: [ app_init ] --END-- [ RunTime:0.000000s ]
INFO: [ app_begin ] --START--
INFO: Run Behavior\ReadHtmlCacheBehavior [ RunTime:0.000000s ]
INFO: [ app_begin ] --END-- [ RunTime:0.000000s ]
SQL: SHOW COLUMNS FROM `ty_config` [ RunTime:0.0010s ]
SQL: SELECT * FROM `ty_config`  [ RunTime:0.0000s ]
NOTIC: [8] Undefined index: seller/admin E:\phpweb\maicai\Application\Seller\Common\function.php 第 71 行.
NOTIC: [8] Undefined index: seller/admin E:\phpweb\maicai\Application\Seller\Common\function.php 第 72 行.
INFO: [ view_begin ] --START--
INFO: Run Home\Behaviors\testBehavior [ RunTime:0.001000s ]
INFO: [ view_begin ] --END-- [ RunTime:0.001000s ]
INFO: [ view_parse ] --START--
INFO: [ template_filter ] --START--
INFO: Run Behavior\ContentReplaceBehavior [ RunTime:0.000000s ]
INFO: [ template_filter ] --END-- [ RunTime:0.000000s ]
INFO: Run Behavior\ParseTemplateBehavior [ RunTime:0.008001s ]
INFO: [ view_parse ] --END-- [ RunTime:0.008001s ]
INFO: [ view_filter ] --START--
INFO: Run Behavior\WriteHtmlCacheBehavior [ RunTime:0.001000s ]
INFO: Run Behavior\TokenBuildBehavior [ RunTime:0.000000s ]
INFO: [ view_filter ] --END-- [ RunTime:0.001000s ]

[ 2018-03-15T14:20:36+08:00 ] 127.0.0.1 /Seller/Index/index
INFO: [ app_init ] --START--
INFO: Run Behavior\BuildLiteBehavior [ RunTime:0.000000s ]
INFO: [ app_init ] --END-- [ RunTime:0.001001s ]
INFO: [ app_begin ] --START--
INFO: Run Behavior\ReadHtmlCacheBehavior [ RunTime:0.000000s ]
INFO: [ app_begin ] --END-- [ RunTime:0.000000s ]
SQL: SHOW COLUMNS FROM `ty_config` [ RunTime:0.0010s ]
SQL: SELECT * FROM `ty_config`  [ RunTime:0.0010s ]
NOTIC: [8] Undefined index: seller/index E:\phpweb\maicai\Application\Seller\Common\function.php 第 71 行.
NOTIC: [8] Undefined index: seller/index E:\phpweb\maicai\Application\Seller\Common\function.php 第 72 行.
NOTIC: [8] Undefined index: act_limits E:\phpweb\maicai\Application\Seller\Controller\IndexController.class.php 第 22 行.
INFO: [ view_begin ] --START--
INFO: Run Home\Behaviors\testBehavior [ RunTime:0.001000s ]
INFO: [ view_begin ] --END-- [ RunTime:0.001000s ]
INFO: [ view_parse ] --START--
INFO: [ template_filter ] --START--
INFO: Run Behavior\ContentReplaceBehavior [ RunTime:0.000000s ]
INFO: [ template_filter ] --END-- [ RunTime:0.000000s ]
INFO: Run Behavior\ParseTemplateBehavior [ RunTime:0.013001s ]
INFO: [ view_parse ] --END-- [ RunTime:0.014001s ]
INFO: [ view_filter ] --START--
INFO: Run Behavior\WriteHtmlCacheBehavior [ RunTime:0.000000s ]
INFO: Run Behavior\TokenBuildBehavior [ RunTime:0.001000s ]
INFO: [ view_filter ] --END-- [ RunTime:0.001000s ]
INFO: [ app_end ] --START--
INFO: Run Behavior\ShowPageTraceBehavior [ RunTime:0.001000s ]
INFO: [ app_end ] --END-- [ RunTime:0.001000s ]

[ 2018-03-15T14:20:36+08:00 ] 127.0.0.1 /Seller/Index/welcome
INFO: [ app_init ] --START--
INFO: Run Behavior\BuildLiteBehavior [ RunTime:0.000000s ]
INFO: [ app_init ] --END-- [ RunTime:0.000000s ]
INFO: [ app_begin ] --START--
INFO: Run Behavior\ReadHtmlCacheBehavior [ RunTime:0.001000s ]
INFO: [ app_begin ] --END-- [ RunTime:0.001000s ]
SQL: SHOW COLUMNS FROM `ty_config` [ RunTime:0.0010s ]
SQL: SELECT * FROM `ty_config`  [ RunTime:0.0000s ]
NOTIC: [8] Undefined index: seller/index E:\phpweb\maicai\Application\Seller\Common\function.php 第 71 行.
NOTIC: [8] Undefined index: seller/index E:\phpweb\maicai\Application\Seller\Common\function.php 第 72 行.
SQL: SHOW COLUMNS FROM `ty_order` [ RunTime:0.0020s ]
SQL: SELECT COUNT(*) AS tp_count FROM `ty_order` WHERE ( store_id = 3 AND (pay_status = 1 OR pay_code="weixin") AND shipping_status !=1 AND order_status in(0,1)  ) LIMIT 1   [ RunTime:0.0010s ]
SQL: SELECT * FROM `ty_order` WHERE ( store_id = 3 and add_time>1520490036 )  [ RunTime:0.0000s ]
SQL: SHOW COLUMNS FROM `ty_return_goods` [ RunTime:0.0030s ]
SQL: SELECT COUNT(*) AS tp_count FROM `ty_return_goods` WHERE ( store_id = 3 and type=0 ) LIMIT 1   [ RunTime:0.0000s ]
SQL: SELECT COUNT(*) AS tp_count FROM `ty_return_goods` WHERE ( store_id = 3 and type=1 ) LIMIT 1   [ RunTime:0.0000s ]
SQL: SHOW COLUMNS FROM `ty_goods` [ RunTime:0.0010s ]
SQL: SELECT * FROM `ty_goods` WHERE `store_id` = 3  [ RunTime:0.0020s ]
SQL: SHOW COLUMNS FROM `ty_article` [ RunTime:0.0010s ]
SQL: SELECT COUNT(*) AS tp_count FROM `ty_article` LIMIT 1   [ RunTime:0.0000s ]
SQL: SHOW COLUMNS FROM `ty_users` [ RunTime:0.0010s ]
SQL: SELECT * FROM `ty_users` WHERE `user_id` = 2 LIMIT 1   [ RunTime:0.0000s ]
SQL: SELECT SUM(order_amount) AS tp_sum FROM `ty_order` WHERE ( store_id = 3 and add_time>1521008436 and pay_status=1 ) LIMIT 1   [ RunTime:0.0000s ]
SQL: SHOW COLUMNS FROM `ty_comment` [ RunTime:0.0010s ]
SQL: SELECT COUNT(*) AS tp_count FROM `ty_comment` WHERE ( is_show=0 and store_id=3 ) LIMIT 1   [ RunTime:0.0000s ]
SQL: SHOW COLUMNS FROM `ty_goods_consult` [ RunTime:0.2080s ]
SQL: SELECT COUNT(*) AS tp_count FROM `ty_goods_consult` WHERE ( is_show=0 and store_id=3 ) LIMIT 1   [ RunTime:0.0010s ]
SQL: SHOW COLUMNS FROM `ty_store` [ RunTime:0.0050s ]
SQL: SELECT * FROM `ty_store` WHERE `store_id` = 3 LIMIT 1   [ RunTime:0.0010s ]
INFO: [ view_begin ] --START--
INFO: Run Home\Behaviors\testBehavior [ RunTime:0.001001s ]
INFO: [ view_begin ] --END-- [ RunTime:0.001001s ]
INFO: [ view_parse ] --START--
INFO: [ template_filter ] --START--
INFO: Run Behavior\ContentReplaceBehavior [ RunTime:0.000000s ]
INFO: [ template_filter ] --END-- [ RunTime:0.000000s ]
NOTIC: [8] Use of undefined constant store_id - assumed 'store_id' E:\phpweb\maicai\Application\Runtime\Cache\Seller\2c4075b0ad2d7ac34d0c65c9a2a286bb.php 第 138 行.
NOTIC: [8] Use of undefined constant store_state - assumed 'store_state' E:\phpweb\maicai\Application\Runtime\Cache\Seller\2c4075b0ad2d7ac34d0c65c9a2a286bb.php 第 143 行.
INFO: Run Behavior\ParseTemplateBehavior [ RunTime:0.026001s ]
INFO: [ view_parse ] --END-- [ RunTime:0.026001s ]
INFO: [ view_filter ] --START--
INFO: Run Behavior\WriteHtmlCacheBehavior [ RunTime:0.000000s ]
INFO: Run Behavior\TokenBuildBehavior [ RunTime:0.001000s ]
INFO: [ view_filter ] --END-- [ RunTime:0.001000s ]
INFO: [ app_end ] --START--
INFO: Run Behavior\ShowPageTraceBehavior [ RunTime:0.001000s ]
INFO: [ app_end ] --END-- [ RunTime:0.001000s ]

[ 2018-03-15T14:20:37+08:00 ] 127.0.0.1 /Seller/Admin/login_task
INFO: [ app_init ] --START--
INFO: Run Behavior\BuildLiteBehavior [ RunTime:0.000000s ]
INFO: [ app_init ] --END-- [ RunTime:0.001000s ]
INFO: [ app_begin ] --START--
INFO: Run Behavior\ReadHtmlCacheBehavior [ RunTime:0.001000s ]
INFO: [ app_begin ] --END-- [ RunTime:0.001000s ]
SQL: SHOW COLUMNS FROM `ty_config` [ RunTime:0.0000s ]
SQL: SELECT * FROM `ty_config`  [ RunTime:0.0010s ]
NOTIC: [8] Undefined index: seller/admin E:\phpweb\maicai\Application\Seller\Common\function.php 第 71 行.
NOTIC: [8] Undefined index: seller/admin E:\phpweb\maicai\Application\Seller\Common\function.php 第 72 行.
NOTIC: [8] Undefined index: pay_date E:\phpweb\maicai\Application\Common\Common\common.php 第 496 行.
SQL: select id,user_id,money from ty_rebate_log where store_id = 3 and status = 2 and ((1521094837 - confirm ) >  0)  [ RunTime:0.0380s ]
SQL: SHOW COLUMNS FROM `ty_store` [ RunTime:0.0030s ]
SQL: select order_id from ty_order where store_id = 3 and order_status in(2,4) and ((1521094837 - confirm_time) >  604800) and is_checkout = 0 [ RunTime:0.0010s ]
INFO: [ app_end ] --START--
INFO: Run Behavior\ShowPageTraceBehavior [ RunTime:0.000000s ]
INFO: [ app_end ] --END-- [ RunTime:0.000000s ]

