[ 2018-03-12T10:46:20+08:00 ] 113.69.118.19 /index.php?m=Admin&c=Api&a=getRegion&level=1&parent_id=0
INFO: [ app_init ] --START--
INFO: Run Behavior\BuildLiteBehavior [ RunTime:0.000012s ]
INFO: [ app_init ] --END-- [ RunTime:0.000228s ]
INFO: [ app_begin ] --START--
INFO: Run Behavior\ReadHtmlCacheBehavior [ RunTime:0.000299s ]
INFO: [ app_begin ] --END-- [ RunTime:0.000338s ]

[ 2018-03-12T10:54:05+08:00 ] 113.69.118.19 /Admin/Admin/login
INFO: [ app_init ] --START--
INFO: Run Behavior\BuildLiteBehavior [ RunTime:0.000015s ]
INFO: [ app_init ] --END-- [ RunTime:0.000330s ]
INFO: [ app_begin ] --START--
INFO: Run Behavior\ReadHtmlCacheBehavior [ RunTime:0.000313s ]
INFO: [ app_begin ] --END-- [ RunTime:0.000360s ]
SQL: SHOW COLUMNS FROM `ty_config` [ RunTime:0.0006s ]
SQL: SELECT * FROM `ty_config`  [ RunTime:0.0002s ]
NOTIC: [8] Undefined index: login /var/www/html/maicai/Application/Admin/Common/function.php 第 71 行.
INFO: [ view_begin ] --START--
INFO: Run Home\Behaviors\testBehavior [ RunTime:0.000147s ]
INFO: [ view_begin ] --END-- [ RunTime:0.000192s ]
INFO: [ view_parse ] --START--
INFO: [ template_filter ] --START--
INFO: Run Behavior\ContentReplaceBehavior [ RunTime:0.000034s ]
INFO: [ template_filter ] --END-- [ RunTime:0.000074s ]
INFO: Run Behavior\ParseTemplateBehavior [ RunTime:0.005365s ]
INFO: [ view_parse ] --END-- [ RunTime:0.005415s ]
INFO: [ view_filter ] --START--
INFO: Run Behavior\WriteHtmlCacheBehavior [ RunTime:0.000143s ]
INFO: Run Behavior\TokenBuildBehavior [ RunTime:0.000323s ]
INFO: [ view_filter ] --END-- [ RunTime:0.000540s ]
INFO: [ app_end ] --START--
INFO: Run Behavior\ShowPageTraceBehavior [ RunTime:0.000347s ]
INFO: [ app_end ] --END-- [ RunTime:0.000401s ]

[ 2018-03-12T10:54:05+08:00 ] 113.69.118.19 /Admin/Admin/vertify
INFO: [ app_init ] --START--
INFO: Run Behavior\BuildLiteBehavior [ RunTime:0.000011s ]
INFO: [ app_init ] --END-- [ RunTime:0.000303s ]
INFO: [ app_begin ] --START--
INFO: Run Behavior\ReadHtmlCacheBehavior [ RunTime:0.000339s ]
INFO: [ app_begin ] --END-- [ RunTime:0.000389s ]
SQL: SHOW COLUMNS FROM `ty_config` [ RunTime:0.0005s ]
SQL: SELECT * FROM `ty_config`  [ RunTime:0.0002s ]
NOTIC: [8] Undefined index: vertify /var/www/html/maicai/Application/Admin/Common/function.php 第 71 行.
INFO: [ app_end ] --START--
INFO: Run Behavior\ShowPageTraceBehavior [ RunTime:0.000340s ]
INFO: [ app_end ] --END-- [ RunTime:0.000385s ]

[ 2018-03-12T10:54:14+08:00 ] 113.69.118.19 /index.php?m=Admin&c=Admin&a=vertify&r=94
INFO: [ app_init ] --START--
INFO: Run Behavior\BuildLiteBehavior [ RunTime:0.000010s ]
INFO: [ app_init ] --END-- [ RunTime:0.000235s ]
INFO: [ app_begin ] --START--
INFO: Run Behavior\ReadHtmlCacheBehavior [ RunTime:0.000337s ]
INFO: [ app_begin ] --END-- [ RunTime:0.000378s ]
SQL: SHOW COLUMNS FROM `ty_config` [ RunTime:0.0005s ]
SQL: SELECT * FROM `ty_config`  [ RunTime:0.0002s ]
NOTIC: [8] Undefined index: vertify /var/www/html/maicai/Application/Admin/Common/function.php 第 71 行.
INFO: [ app_end ] --START--
INFO: Run Behavior\ShowPageTraceBehavior [ RunTime:0.000345s ]
INFO: [ app_end ] --END-- [ RunTime:0.000389s ]

[ 2018-03-12T10:54:14+08:00 ] 113.69.118.19 /index.php?m=Admin&c=Admin&a=vertify&r=74
INFO: [ app_init ] --START--
INFO: Run Behavior\BuildLiteBehavior [ RunTime:0.000011s ]
INFO: [ app_init ] --END-- [ RunTime:0.000250s ]
INFO: [ app_begin ] --START--
INFO: Run Behavior\ReadHtmlCacheBehavior [ RunTime:0.000310s ]
INFO: [ app_begin ] --END-- [ RunTime:0.000360s ]
SQL: SHOW COLUMNS FROM `ty_config` [ RunTime:0.0006s ]
SQL: SELECT * FROM `ty_config`  [ RunTime:0.0002s ]
NOTIC: [8] Undefined index: vertify /var/www/html/maicai/Application/Admin/Common/function.php 第 71 行.
INFO: [ app_end ] --START--
INFO: Run Behavior\ShowPageTraceBehavior [ RunTime:0.000323s ]
INFO: [ app_end ] --END-- [ RunTime:0.000366s ]

[ 2018-03-12T10:54:18+08:00 ] 113.69.118.19 /index.php?m=Admin&c=Admin&a=login&t=0.40336343576200306
INFO: [ app_init ] --START--
INFO: Run Behavior\BuildLiteBehavior [ RunTime:0.000011s ]
INFO: [ app_init ] --END-- [ RunTime:0.000246s ]
INFO: [ app_begin ] --START--
INFO: Run Behavior\ReadHtmlCacheBehavior [ RunTime:0.000298s ]
INFO: [ app_begin ] --END-- [ RunTime:0.000336s ]
SQL: SHOW COLUMNS FROM `ty_config` [ RunTime:0.0005s ]
SQL: SELECT * FROM `ty_config`  [ RunTime:0.0002s ]
NOTIC: [8] Undefined index: login /var/www/html/maicai/Application/Admin/Common/function.php 第 71 行.
SQL: SHOW COLUMNS FROM `ty_admin` [ RunTime:0.0015s ]
SQL: SELECT * FROM `ty_admin` INNER JOIN ty_admin_role ON ty_admin.role_id=ty_admin_role.role_id  WHERE `user_name` = 'admin' AND `password` = '1bb3fe470f8fa11c7c27b217a0b1b0d5' LIMIT 1   [ RunTime:0.0014s ]

[ 2018-03-12T10:54:23+08:00 ] 113.69.118.19 /index.php?m=Admin&c=Admin&a=login&t=0.6197387531865388
INFO: [ app_init ] --START--
INFO: Run Behavior\BuildLiteBehavior [ RunTime:0.000011s ]
INFO: [ app_init ] --END-- [ RunTime:0.000233s ]
INFO: [ app_begin ] --START--
INFO: Run Behavior\ReadHtmlCacheBehavior [ RunTime:0.000300s ]
INFO: [ app_begin ] --END-- [ RunTime:0.000337s ]
SQL: SHOW COLUMNS FROM `ty_config` [ RunTime:0.0006s ]
SQL: SELECT * FROM `ty_config`  [ RunTime:0.0002s ]
NOTIC: [8] Undefined index: login /var/www/html/maicai/Application/Admin/Common/function.php 第 71 行.

[ 2018-03-12T10:54:24+08:00 ] 113.69.118.19 /index.php?m=Admin&c=Admin&a=vertify&r=94
INFO: [ app_init ] --START--
INFO: Run Behavior\BuildLiteBehavior [ RunTime:0.000011s ]
INFO: [ app_init ] --END-- [ RunTime:0.000243s ]
INFO: [ app_begin ] --START--
INFO: Run Behavior\ReadHtmlCacheBehavior [ RunTime:0.000343s ]
INFO: [ app_begin ] --END-- [ RunTime:0.000384s ]
SQL: SHOW COLUMNS FROM `ty_config` [ RunTime:0.0005s ]
SQL: SELECT * FROM `ty_config`  [ RunTime:0.0002s ]
NOTIC: [8] Undefined index: vertify /var/www/html/maicai/Application/Admin/Common/function.php 第 71 行.
INFO: [ app_end ] --START--
INFO: Run Behavior\ShowPageTraceBehavior [ RunTime:0.000336s ]
INFO: [ app_end ] --END-- [ RunTime:0.000379s ]

[ 2018-03-12T10:54:25+08:00 ] 113.69.118.19 /index.php?m=Admin&c=Admin&a=vertify&r=70
INFO: [ app_init ] --START--
INFO: Run Behavior\BuildLiteBehavior [ RunTime:0.000011s ]
INFO: [ app_init ] --END-- [ RunTime:0.000237s ]
INFO: [ app_begin ] --START--
INFO: Run Behavior\ReadHtmlCacheBehavior [ RunTime:0.000348s ]
INFO: [ app_begin ] --END-- [ RunTime:0.000389s ]
SQL: SHOW COLUMNS FROM `ty_config` [ RunTime:0.0005s ]
SQL: SELECT * FROM `ty_config`  [ RunTime:0.0002s ]
NOTIC: [8] Undefined index: vertify /var/www/html/maicai/Application/Admin/Common/function.php 第 71 行.
INFO: [ app_end ] --START--
INFO: Run Behavior\ShowPageTraceBehavior [ RunTime:0.000332s ]
INFO: [ app_end ] --END-- [ RunTime:0.000375s ]

[ 2018-03-12T10:54:29+08:00 ] 113.69.118.19 /index.php?m=Admin&c=Admin&a=login&t=0.7292051974218339
INFO: [ app_init ] --START--
INFO: Run Behavior\BuildLiteBehavior [ RunTime:0.000013s ]
INFO: [ app_init ] --END-- [ RunTime:0.000298s ]
INFO: [ app_begin ] --START--
INFO: Run Behavior\ReadHtmlCacheBehavior [ RunTime:0.000317s ]
INFO: [ app_begin ] --END-- [ RunTime:0.000362s ]
SQL: SHOW COLUMNS FROM `ty_config` [ RunTime:0.0006s ]
SQL: SELECT * FROM `ty_config`  [ RunTime:0.0002s ]
NOTIC: [8] Undefined index: login /var/www/html/maicai/Application/Admin/Common/function.php 第 71 行.
SQL: SHOW COLUMNS FROM `ty_admin` [ RunTime:0.0006s ]
SQL: SELECT * FROM `ty_admin` INNER JOIN ty_admin_role ON ty_admin.role_id=ty_admin_role.role_id  WHERE `user_name` = 'admin' AND `password` = '519475228fe35ad067744465c42a19b2' LIMIT 1   [ RunTime:0.0009s ]
SQL: SHOW COLUMNS FROM `ty_admin_log` [ RunTime:0.0012s ]
SQL: SELECT `log_time` FROM `ty_admin_log` WHERE ( admin_id = 1 and log_info = '后台登录' ) ORDER BY log_id desc LIMIT 1   [ RunTime:0.0002s ]
SQL: INSERT INTO `ty_admin_log` (`log_time`,`admin_id`,`log_info`,`log_ip`,`log_url`,`log_type`) VALUES ('1520823269','1','后台登录','113.69.118.19','/Admin/Admin/login','0') [ RunTime:0.0002s ]

[ 2018-03-12T10:54:29+08:00 ] 113.69.118.19 /Admin/Index/index
INFO: [ app_init ] --START--
INFO: Run Behavior\BuildLiteBehavior [ RunTime:0.000010s ]
INFO: [ app_init ] --END-- [ RunTime:0.000214s ]
INFO: [ app_begin ] --START--
INFO: Run Behavior\ReadHtmlCacheBehavior [ RunTime:0.000284s ]
INFO: [ app_begin ] --END-- [ RunTime:0.000322s ]
SQL: SHOW COLUMNS FROM `ty_config` [ RunTime:0.0004s ]
SQL: SELECT * FROM `ty_config`  [ RunTime:0.0002s ]
SQL: SHOW COLUMNS FROM `ty_admin` [ RunTime:0.0008s ]
SQL: SELECT * FROM `ty_admin` WHERE ( admin_id=1 ) LIMIT 1   [ RunTime:0.0002s ]
SQL: SHOW COLUMNS FROM `ty_order` [ RunTime:0.0012s ]
SQL: SELECT COUNT(*) AS tp_count FROM `ty_order` WHERE ( order_status=0 and (pay_status=1 or pay_code='cod') ) LIMIT 1   [ RunTime:0.0002s ]
INFO: [ view_begin ] --START--
INFO: Run Home\Behaviors\testBehavior [ RunTime:0.000167s ]
INFO: [ view_begin ] --END-- [ RunTime:0.000202s ]
INFO: [ view_parse ] --START--
INFO: [ template_filter ] --START--
INFO: Run Behavior\ContentReplaceBehavior [ RunTime:0.000048s ]
INFO: [ template_filter ] --END-- [ RunTime:0.000087s ]
NOTIC: [8] Undefined variable: upgradeMsg /var/www/html/maicai/Application/Runtime/Cache/Admin/b595b808c2ebeeeb0478ffc30bb4e87a.php 第 50 行.
NOTIC: [8] Undefined variable: upgradeMsg /var/www/html/maicai/Application/Runtime/Cache/Admin/b595b808c2ebeeeb0478ffc30bb4e87a.php 第 53 行.
INFO: Run Behavior\ParseTemplateBehavior [ RunTime:0.009439s ]
INFO: [ view_parse ] --END-- [ RunTime:0.009471s ]
INFO: [ view_filter ] --START--
INFO: Run Behavior\WriteHtmlCacheBehavior [ RunTime:0.000100s ]
INFO: Run Behavior\TokenBuildBehavior [ RunTime:0.000279s ]
INFO: [ view_filter ] --END-- [ RunTime:0.000431s ]
INFO: [ app_end ] --START--
INFO: Run Behavior\ShowPageTraceBehavior [ RunTime:0.000325s ]
INFO: [ app_end ] --END-- [ RunTime:0.000361s ]

[ 2018-03-12T10:54:29+08:00 ] 113.69.118.19 /Admin/Index/welcome
INFO: [ app_init ] --START--
INFO: Run Behavior\BuildLiteBehavior [ RunTime:0.000012s ]
INFO: [ app_init ] --END-- [ RunTime:0.000235s ]
INFO: [ app_begin ] --START--
INFO: Run Behavior\ReadHtmlCacheBehavior [ RunTime:0.000303s ]
INFO: [ app_begin ] --END-- [ RunTime:0.000343s ]
SQL: SHOW COLUMNS FROM `ty_config` [ RunTime:0.0006s ]
SQL: SELECT * FROM `ty_config`  [ RunTime:0.0002s ]
NOTIC: [8] Undefined index: welcome /var/www/html/maicai/Application/Admin/Common/function.php 第 71 行.
SQL: SELECT VERSION() as version [ RunTime:0.0002s ]
NOTIC: [8] Undefined index: version /var/www/html/maicai/Application/Admin/Controller/IndexController.class.php 第 65 行.
SQL: SHOW COLUMNS FROM `ty_order` [ RunTime:0.0013s ]
SQL: SELECT COUNT(*) AS tp_count FROM `ty_order` WHERE ( order_status=0 and (pay_status=1 or pay_code='cod') ) LIMIT 1   [ RunTime:0.0001s ]
SQL: SELECT COUNT(*) AS tp_count FROM `ty_order` WHERE ( add_time>1520736869 ) LIMIT 1   [ RunTime:0.0002s ]
SQL: SHOW COLUMNS FROM `ty_goods` [ RunTime:0.0010s ]
SQL: SELECT COUNT(*) AS tp_count FROM `ty_goods` WHERE ( 1=1 ) LIMIT 1   [ RunTime:0.0001s ]
SQL: SHOW COLUMNS FROM `ty_article` [ RunTime:0.0006s ]
SQL: SELECT COUNT(*) AS tp_count FROM `ty_article` WHERE ( 1=1 ) LIMIT 1   [ RunTime:0.0001s ]
SQL: SHOW COLUMNS FROM `ty_users` [ RunTime:0.0010s ]
SQL: SELECT COUNT(*) AS tp_count FROM `ty_users` WHERE ( 1=1 ) LIMIT 1   [ RunTime:0.0001s ]
SQL: SELECT COUNT(*) AS tp_count FROM `ty_users` WHERE ( last_login>1520736869 ) LIMIT 1   [ RunTime:0.0006s ]
SQL: SELECT COUNT(*) AS tp_count FROM `ty_users` WHERE ( reg_time>1520736869 ) LIMIT 1   [ RunTime:0.0006s ]
SQL: SHOW COLUMNS FROM `ty_comment` [ RunTime:0.0007s ]
SQL: SELECT COUNT(*) AS tp_count FROM `ty_comment` WHERE ( is_show=0 ) LIMIT 1   [ RunTime:0.0001s ]
SQL: SHOW COLUMNS FROM `ty_store_apply` [ RunTime:0.0030s ]
SQL: SELECT COUNT(*) AS tp_count FROM `ty_store_apply` WHERE ( apply_state=0 ) LIMIT 1   [ RunTime:0.0002s ]
SQL: SHOW COLUMNS FROM `ty_store_bind_class` [ RunTime:0.0004s ]
SQL: SELECT COUNT(*) AS tp_count FROM `ty_store_bind_class` WHERE ( state=0 ) LIMIT 1   [ RunTime:0.0002s ]
SQL: SHOW COLUMNS FROM `ty_brand` [ RunTime:0.0021s ]
SQL: SELECT COUNT(*) AS tp_count FROM `ty_brand` WHERE ( status=0 and store_id>0 ) LIMIT 1   [ RunTime:0.0001s ]
INFO: [ view_begin ] --START--
INFO: Run Home\Behaviors\testBehavior [ RunTime:0.000177s ]
INFO: [ view_begin ] --END-- [ RunTime:0.000215s ]
INFO: [ view_parse ] --START--
INFO: [ template_filter ] --START--
INFO: Run Behavior\ContentReplaceBehavior [ RunTime:0.000042s ]
INFO: [ template_filter ] --END-- [ RunTime:0.000081s ]
INFO: Run Behavior\ParseTemplateBehavior [ RunTime:0.010105s ]
INFO: [ view_parse ] --END-- [ RunTime:0.010144s ]
INFO: [ view_filter ] --START--
INFO: Run Behavior\WriteHtmlCacheBehavior [ RunTime:0.000119s ]
INFO: Run Behavior\TokenBuildBehavior [ RunTime:0.000227s ]
INFO: [ view_filter ] --END-- [ RunTime:0.000397s ]
INFO: [ app_end ] --START--
INFO: Run Behavior\ShowPageTraceBehavior [ RunTime:0.000326s ]
INFO: [ app_end ] --END-- [ RunTime:0.000364s ]

[ 2018-03-12T10:54:29+08:00 ] 113.69.118.19 /Admin/System/login_task
INFO: [ app_init ] --START--
INFO: Run Behavior\BuildLiteBehavior [ RunTime:0.000011s ]
INFO: [ app_init ] --END-- [ RunTime:0.000217s ]
INFO: [ app_begin ] --START--
INFO: Run Behavior\ReadHtmlCacheBehavior [ RunTime:0.000320s ]
INFO: [ app_begin ] --END-- [ RunTime:0.000361s ]
SQL: SHOW COLUMNS FROM `ty_config` [ RunTime:0.0005s ]
SQL: SELECT * FROM `ty_config`  [ RunTime:0.0002s ]
NOTIC: [8] Undefined index: login_task /var/www/html/maicai/Application/Admin/Common/function.php 第 71 行.
SQL: SHOW COLUMNS FROM `ty_cart` [ RunTime:0.0007s ]
SQL: DELETE FROM `ty_cart` WHERE ( user_id = 0 and  add_time < 1520819669 ) [ RunTime:0.0081s ]
SQL: SHOW COLUMNS FROM `ty_order` [ RunTime:0.0012s ]
SQL: SELECT `order_id` FROM `ty_order` WHERE ( order_status = 1 and shipping_status = 1 and (1520823269 - shipping_time) >  86400 )  [ RunTime:0.0002s ]
NOTIC: [2] Invalid argument supplied for foreach() /var/www/html/maicai/Application/Admin/Controller/SystemController.class.php 第 249 行.
INFO: [ app_end ] --START--
INFO: Run Behavior\ShowPageTraceBehavior [ RunTime:0.000316s ]
INFO: [ app_end ] --END-- [ RunTime:0.000349s ]

[ 2018-03-12T10:54:44+08:00 ] 113.69.118.19 /Admin/System/index
INFO: [ app_init ] --START--
INFO: Run Behavior\BuildLiteBehavior [ RunTime:0.000011s ]
INFO: [ app_init ] --END-- [ RunTime:0.000232s ]
INFO: [ app_begin ] --START--
INFO: Run Behavior\ReadHtmlCacheBehavior [ RunTime:0.000313s ]
INFO: [ app_begin ] --END-- [ RunTime:0.000352s ]
SQL: SHOW COLUMNS FROM `ty_config` [ RunTime:0.0005s ]
SQL: SELECT * FROM `ty_config`  [ RunTime:0.0002s ]
INFO: [ view_begin ] --START--
INFO: Run Home\Behaviors\testBehavior [ RunTime:0.000131s ]
INFO: [ view_begin ] --END-- [ RunTime:0.000169s ]
INFO: [ view_parse ] --START--
INFO: [ template_filter ] --START--
INFO: Run Behavior\ContentReplaceBehavior [ RunTime:0.000044s ]
INFO: [ template_filter ] --END-- [ RunTime:0.000080s ]
INFO: Run Behavior\ParseTemplateBehavior [ RunTime:0.008228s ]
INFO: [ view_parse ] --END-- [ RunTime:0.008270s ]
INFO: [ view_filter ] --START--
INFO: Run Behavior\WriteHtmlCacheBehavior [ RunTime:0.000096s ]
INFO: Run Behavior\TokenBuildBehavior [ RunTime:0.000178s ]
INFO: [ view_filter ] --END-- [ RunTime:0.000329s ]
INFO: [ app_end ] --START--
INFO: Run Behavior\ShowPageTraceBehavior [ RunTime:0.000331s ]
INFO: [ app_end ] --END-- [ RunTime:0.000366s ]

[ 2018-03-12T10:54:44+08:00 ] 113.69.118.19 /index.php?m=Admin&c=Api&a=getRegion&level=1&parent_id=0
INFO: [ app_init ] --START--
INFO: Run Behavior\BuildLiteBehavior [ RunTime:0.000011s ]
INFO: [ app_init ] --END-- [ RunTime:0.000224s ]
INFO: [ app_begin ] --START--
INFO: Run Behavior\ReadHtmlCacheBehavior [ RunTime:0.000291s ]
INFO: [ app_begin ] --END-- [ RunTime:0.000328s ]
SQL: SHOW COLUMNS FROM `ty_config` [ RunTime:0.0005s ]
SQL: SELECT * FROM `ty_config`  [ RunTime:0.0002s ]
NOTIC: [8] Undefined index: admin/api /var/www/html/maicai/Application/Admin/Common/function.php 第 70 行.
NOTIC: [8] Undefined index: admin/api /var/www/html/maicai/Application/Admin/Common/function.php 第 71 行.
SQL: SHOW COLUMNS FROM `ty_region` [ RunTime:0.0004s ]
SQL: SELECT * FROM `ty_region` WHERE ( parent_id=0 )  [ RunTime:0.0197s ]
INFO: [ app_end ] --START--
INFO: Run Behavior\ShowPageTraceBehavior [ RunTime:0.000309s ]
INFO: [ app_end ] --END-- [ RunTime:0.000345s ]

[ 2018-03-12T10:54:52+08:00 ] 113.69.118.19 /Admin/System/index/inc_type/basic
INFO: [ app_init ] --START--
INFO: Run Behavior\BuildLiteBehavior [ RunTime:0.000026s ]
INFO: [ app_init ] --END-- [ RunTime:0.000246s ]
INFO: [ app_begin ] --START--
INFO: Run Behavior\ReadHtmlCacheBehavior [ RunTime:0.000293s ]
INFO: [ app_begin ] --END-- [ RunTime:0.000332s ]
SQL: SHOW COLUMNS FROM `ty_config` [ RunTime:0.0007s ]
SQL: SELECT * FROM `ty_config`  [ RunTime:0.0002s ]
INFO: [ view_begin ] --START--
INFO: Run Home\Behaviors\testBehavior [ RunTime:0.000164s ]
INFO: [ view_begin ] --END-- [ RunTime:0.000204s ]
INFO: [ view_parse ] --START--
INFO: [ template_filter ] --START--
INFO: Run Behavior\ContentReplaceBehavior [ RunTime:0.000048s ]
INFO: [ template_filter ] --END-- [ RunTime:0.000086s ]
NOTIC: [8] Use of undefined constant file_size - assumed 'file_size' /var/www/html/maicai/Application/Runtime/Cache/Admin/dd180a00c48425e3c711579b566d9ec4.php 第 115 行.
NOTIC: [8] Use of undefined constant file_size - assumed 'file_size' /var/www/html/maicai/Application/Runtime/Cache/Admin/dd180a00c48425e3c711579b566d9ec4.php 第 116 行.
NOTIC: [8] Use of undefined constant file_size - assumed 'file_size' /var/www/html/maicai/Application/Runtime/Cache/Admin/dd180a00c48425e3c711579b566d9ec4.php 第 117 行.
NOTIC: [8] Use of undefined constant file_size - assumed 'file_size' /var/www/html/maicai/Application/Runtime/Cache/Admin/dd180a00c48425e3c711579b566d9ec4.php 第 118 行.
NOTIC: [8] Use of undefined constant file_size - assumed 'file_size' /var/www/html/maicai/Application/Runtime/Cache/Admin/dd180a00c48425e3c711579b566d9ec4.php 第 119 行.
NOTIC: [8] Use of undefined constant file_size - assumed 'file_size' /var/www/html/maicai/Application/Runtime/Cache/Admin/dd180a00c48425e3c711579b566d9ec4.php 第 120 行.
NOTIC: [8] Use of undefined constant file_size - assumed 'file_size' /var/www/html/maicai/Application/Runtime/Cache/Admin/dd180a00c48425e3c711579b566d9ec4.php 第 121 行.
NOTIC: [8] Use of undefined constant is_remind - assumed 'is_remind' /var/www/html/maicai/Application/Runtime/Cache/Admin/dd180a00c48425e3c711579b566d9ec4.php 第 147 行.
NOTIC: [8] Use of undefined constant is_remind - assumed 'is_remind' /var/www/html/maicai/Application/Runtime/Cache/Admin/dd180a00c48425e3c711579b566d9ec4.php 第 148 行.
NOTIC: [8] Use of undefined constant app_test - assumed 'app_test' /var/www/html/maicai/Application/Runtime/Cache/Admin/dd180a00c48425e3c711579b566d9ec4.php 第 172 行.
NOTIC: [8] Use of undefined constant app_test - assumed 'app_test' /var/www/html/maicai/Application/Runtime/Cache/Admin/dd180a00c48425e3c711579b566d9ec4.php 第 173 行.
NOTIC: [8] Use of undefined constant distributor - assumed 'distributor' /var/www/html/maicai/Application/Runtime/Cache/Admin/dd180a00c48425e3c711579b566d9ec4.php 第 187 行.
NOTIC: [8] Use of undefined constant distributor - assumed 'distributor' /var/www/html/maicai/Application/Runtime/Cache/Admin/dd180a00c48425e3c711579b566d9ec4.php 第 188 行.
NOTIC: [8] Undefined index: classa /var/www/html/maicai/Application/Runtime/Cache/Admin/dd180a00c48425e3c711579b566d9ec4.php 第 195 行.
NOTIC: [8] Undefined index: classb /var/www/html/maicai/Application/Runtime/Cache/Admin/dd180a00c48425e3c711579b566d9ec4.php 第 202 行.
NOTIC: [8] Undefined index: classc /var/www/html/maicai/Application/Runtime/Cache/Admin/dd180a00c48425e3c711579b566d9ec4.php 第 209 行.
INFO: Run Behavior\ParseTemplateBehavior [ RunTime:0.011268s ]
INFO: [ view_parse ] --END-- [ RunTime:0.011299s ]
INFO: [ view_filter ] --START--
INFO: Run Behavior\WriteHtmlCacheBehavior [ RunTime:0.000110s ]
INFO: Run Behavior\TokenBuildBehavior [ RunTime:0.000243s ]
INFO: [ view_filter ] --END-- [ RunTime:0.000422s ]
INFO: [ app_end ] --START--
INFO: Run Behavior\ShowPageTraceBehavior [ RunTime:0.000443s ]
INFO: [ app_end ] --END-- [ RunTime:0.000498s ]

[ 2018-03-12T10:54:52+08:00 ] 113.69.118.19 /index.php?m=Admin&c=Api&a=getRegion&level=1&parent_id=0
INFO: [ app_init ] --START--
INFO: Run Behavior\BuildLiteBehavior [ RunTime:0.000011s ]
INFO: [ app_init ] --END-- [ RunTime:0.000234s ]
INFO: [ app_begin ] --START--
INFO: Run Behavior\ReadHtmlCacheBehavior [ RunTime:0.000324s ]
INFO: [ app_begin ] --END-- [ RunTime:0.000368s ]
SQL: SHOW COLUMNS FROM `ty_config` [ RunTime:0.0006s ]
SQL: SELECT * FROM `ty_config`  [ RunTime:0.0002s ]
NOTIC: [8] Undefined index: admin/api /var/www/html/maicai/Application/Admin/Common/function.php 第 70 行.
NOTIC: [8] Undefined index: admin/api /var/www/html/maicai/Application/Admin/Common/function.php 第 71 行.
SQL: SHOW COLUMNS FROM `ty_region` [ RunTime:0.0004s ]
SQL: SELECT * FROM `ty_region` WHERE ( parent_id=0 )  [ RunTime:0.0001s ]
INFO: [ app_end ] --START--
INFO: Run Behavior\ShowPageTraceBehavior [ RunTime:0.000336s ]
INFO: [ app_end ] --END-- [ RunTime:0.000382s ]

[ 2018-03-12T10:54:59+08:00 ] 113.69.118.19 /Admin/System/index/inc_type/water
INFO: [ app_init ] --START--
INFO: Run Behavior\BuildLiteBehavior [ RunTime:0.000014s ]
INFO: [ app_init ] --END-- [ RunTime:0.000236s ]
INFO: [ app_begin ] --START--
INFO: Run Behavior\ReadHtmlCacheBehavior [ RunTime:0.000399s ]
INFO: [ app_begin ] --END-- [ RunTime:0.000455s ]
SQL: SHOW COLUMNS FROM `ty_config` [ RunTime:0.0008s ]
SQL: SELECT * FROM `ty_config`  [ RunTime:0.0002s ]
INFO: [ view_begin ] --START--
INFO: Run Home\Behaviors\testBehavior [ RunTime:0.000154s ]
INFO: [ view_begin ] --END-- [ RunTime:0.000195s ]
INFO: [ view_parse ] --START--
INFO: [ template_filter ] --START--
INFO: Run Behavior\ContentReplaceBehavior [ RunTime:0.000059s ]
INFO: [ template_filter ] --END-- [ RunTime:0.000104s ]
INFO: Run Behavior\ParseTemplateBehavior [ RunTime:0.010312s ]
INFO: [ view_parse ] --END-- [ RunTime:0.010350s ]
INFO: [ view_filter ] --START--
INFO: Run Behavior\WriteHtmlCacheBehavior [ RunTime:0.000103s ]
INFO: Run Behavior\TokenBuildBehavior [ RunTime:0.000177s ]
INFO: [ view_filter ] --END-- [ RunTime:0.000332s ]
INFO: [ app_end ] --START--
INFO: Run Behavior\ShowPageTraceBehavior [ RunTime:0.000303s ]
INFO: [ app_end ] --END-- [ RunTime:0.000338s ]

[ 2018-03-12T10:54:59+08:00 ] 113.69.118.19 /index.php?m=Admin&c=Api&a=getRegion&level=1&parent_id=0
INFO: [ app_init ] --START--
INFO: Run Behavior\BuildLiteBehavior [ RunTime:0.000011s ]
INFO: [ app_init ] --END-- [ RunTime:0.000223s ]
INFO: [ app_begin ] --START--
INFO: Run Behavior\ReadHtmlCacheBehavior [ RunTime:0.000298s ]
INFO: [ app_begin ] --END-- [ RunTime:0.000336s ]
SQL: SHOW COLUMNS FROM `ty_config` [ RunTime:0.0006s ]
SQL: SELECT * FROM `ty_config`  [ RunTime:0.0002s ]
NOTIC: [8] Undefined index: admin/api /var/www/html/maicai/Application/Admin/Common/function.php 第 70 行.
NOTIC: [8] Undefined index: admin/api /var/www/html/maicai/Application/Admin/Common/function.php 第 71 行.
SQL: SHOW COLUMNS FROM `ty_region` [ RunTime:0.0004s ]
SQL: SELECT * FROM `ty_region` WHERE ( parent_id=0 )  [ RunTime:0.0001s ]
INFO: [ app_end ] --START--
INFO: Run Behavior\ShowPageTraceBehavior [ RunTime:0.000301s ]
INFO: [ app_end ] --END-- [ RunTime:0.000337s ]

[ 2018-03-12T10:55:12+08:00 ] 113.69.118.19 /Admin/Admin/index
INFO: [ app_init ] --START--
INFO: Run Behavior\BuildLiteBehavior [ RunTime:0.000011s ]
INFO: [ app_init ] --END-- [ RunTime:0.000258s ]
INFO: [ app_begin ] --START--
INFO: Run Behavior\ReadHtmlCacheBehavior [ RunTime:0.000315s ]
INFO: [ app_begin ] --END-- [ RunTime:0.000356s ]
SQL: SHOW COLUMNS FROM `ty_config` [ RunTime:0.0007s ]
SQL: SELECT * FROM `ty_config`  [ RunTime:0.0002s ]
SQL: SHOW COLUMNS FROM `ty_admin` [ RunTime:0.0006s ]
SQL: SELECT * FROM `ty_admin`  [ RunTime:0.0002s ]
SQL: SHOW COLUMNS FROM `ty_admin_role` [ RunTime:0.0004s ]
SQL: SELECT `role_id`,`role_name` FROM `ty_admin_role`  [ RunTime:0.0001s ]
INFO: [ view_begin ] --START--
INFO: Run Home\Behaviors\testBehavior [ RunTime:0.000144s ]
INFO: [ view_begin ] --END-- [ RunTime:0.000179s ]
INFO: [ view_parse ] --START--
INFO: [ template_filter ] --START--
INFO: Run Behavior\ContentReplaceBehavior [ RunTime:0.000034s ]
INFO: [ template_filter ] --END-- [ RunTime:0.000072s ]
NOTIC: [8] Undefined variable: page /var/www/html/maicai/Application/Runtime/Cache/Admin/b682812e058c4f7cab74d08ab9eabe11.php 第 137 行.
INFO: Run Behavior\ParseTemplateBehavior [ RunTime:0.008628s ]
INFO: [ view_parse ] --END-- [ RunTime:0.008661s ]
INFO: [ view_filter ] --START--
INFO: Run Behavior\WriteHtmlCacheBehavior [ RunTime:0.000124s ]
INFO: Run Behavior\TokenBuildBehavior [ RunTime:0.000234s ]
INFO: [ view_filter ] --END-- [ RunTime:0.000417s ]
INFO: [ app_end ] --START--
INFO: Run Behavior\ShowPageTraceBehavior [ RunTime:0.000315s ]
INFO: [ app_end ] --END-- [ RunTime:0.000355s ]

[ 2018-03-12T10:55:13+08:00 ] 113.69.118.19 /Admin/Admin/index
INFO: [ app_init ] --START--
INFO: Run Behavior\BuildLiteBehavior [ RunTime:0.000011s ]
INFO: [ app_init ] --END-- [ RunTime:0.000259s ]
INFO: [ app_begin ] --START--
INFO: Run Behavior\ReadHtmlCacheBehavior [ RunTime:0.000304s ]
INFO: [ app_begin ] --END-- [ RunTime:0.000344s ]
SQL: SHOW COLUMNS FROM `ty_config` [ RunTime:0.0005s ]
SQL: SELECT * FROM `ty_config`  [ RunTime:0.0002s ]
SQL: SHOW COLUMNS FROM `ty_admin` [ RunTime:0.0006s ]
SQL: SELECT * FROM `ty_admin`  [ RunTime:0.0001s ]
SQL: SHOW COLUMNS FROM `ty_admin_role` [ RunTime:0.0004s ]
SQL: SELECT `role_id`,`role_name` FROM `ty_admin_role`  [ RunTime:0.0001s ]
INFO: [ view_begin ] --START--
INFO: Run Home\Behaviors\testBehavior [ RunTime:0.000151s ]
INFO: [ view_begin ] --END-- [ RunTime:0.000188s ]
INFO: [ view_parse ] --START--
INFO: [ template_filter ] --START--
INFO: Run Behavior\ContentReplaceBehavior [ RunTime:0.000035s ]
INFO: [ template_filter ] --END-- [ RunTime:0.000074s ]
NOTIC: [8] Undefined variable: page /var/www/html/maicai/Application/Runtime/Cache/Admin/b682812e058c4f7cab74d08ab9eabe11.php 第 137 行.
INFO: Run Behavior\ParseTemplateBehavior [ RunTime:0.008122s ]
INFO: [ view_parse ] --END-- [ RunTime:0.008154s ]
INFO: [ view_filter ] --START--
INFO: Run Behavior\WriteHtmlCacheBehavior [ RunTime:0.000111s ]
INFO: Run Behavior\TokenBuildBehavior [ RunTime:0.000242s ]
INFO: [ view_filter ] --END-- [ RunTime:0.000407s ]
INFO: [ app_end ] --START--
INFO: Run Behavior\ShowPageTraceBehavior [ RunTime:0.000302s ]
INFO: [ app_end ] --END-- [ RunTime:0.000337s ]

[ 2018-03-12T10:55:14+08:00 ] 113.69.118.19 /Admin/Admin/log
INFO: [ app_init ] --START--
INFO: Run Behavior\BuildLiteBehavior [ RunTime:0.000012s ]
INFO: [ app_init ] --END-- [ RunTime:0.000233s ]
INFO: [ app_begin ] --START--
INFO: Run Behavior\ReadHtmlCacheBehavior [ RunTime:0.000451s ]
INFO: [ app_begin ] --END-- [ RunTime:0.000510s ]
SQL: SHOW COLUMNS FROM `ty_config` [ RunTime:0.0006s ]
SQL: SELECT * FROM `ty_config`  [ RunTime:0.0002s ]
SQL: SHOW COLUMNS FROM `ty_admin_log` [ RunTime:0.0006s ]
SQL: SELECT * FROM `ty_admin_log` INNER JOIN ty_admin ON ty_admin.admin_id =ty_admin_log.admin_id  ORDER BY log_time DESC LIMIT 0,20   [ RunTime:0.0024s ]
SQL: SELECT COUNT(*) AS tp_count FROM `ty_admin_log` WHERE ( 1=1 ) LIMIT 1   [ RunTime:0.0002s ]
INFO: [ view_begin ] --START--
INFO: Run Home\Behaviors\testBehavior [ RunTime:0.000164s ]
INFO: [ view_begin ] --END-- [ RunTime:0.000218s ]
INFO: [ view_parse ] --START--
INFO: [ template_filter ] --START--
INFO: Run Behavior\ContentReplaceBehavior [ RunTime:0.000036s ]
INFO: [ template_filter ] --END-- [ RunTime:0.000080s ]
INFO: Run Behavior\ParseTemplateBehavior [ RunTime:0.010099s ]
INFO: [ view_parse ] --END-- [ RunTime:0.010135s ]
INFO: [ view_filter ] --START--
INFO: Run Behavior\WriteHtmlCacheBehavior [ RunTime:0.000103s ]
INFO: Run Behavior\TokenBuildBehavior [ RunTime:0.000269s ]
INFO: [ view_filter ] --END-- [ RunTime:0.000434s ]
INFO: [ app_end ] --START--
INFO: Run Behavior\ShowPageTraceBehavior [ RunTime:0.000326s ]
INFO: [ app_end ] --END-- [ RunTime:0.000362s ]

[ 2018-03-12T10:55:20+08:00 ] 113.69.118.19 /Admin/Store/apply_list
INFO: [ app_init ] --START--
INFO: Run Behavior\BuildLiteBehavior [ RunTime:0.000010s ]
INFO: [ app_init ] --END-- [ RunTime:0.000238s ]
INFO: [ app_begin ] --START--
INFO: Run Behavior\ReadHtmlCacheBehavior [ RunTime:0.000412s ]
INFO: [ app_begin ] --END-- [ RunTime:0.000453s ]
SQL: SHOW COLUMNS FROM `ty_config` [ RunTime:0.0005s ]
SQL: SELECT * FROM `ty_config`  [ RunTime:0.0003s ]
NOTIC: [8] Undefined index: admin/store /var/www/html/maicai/Application/Admin/Common/function.php 第 70 行.
NOTIC: [8] Undefined index: admin/store /var/www/html/maicai/Application/Admin/Common/function.php 第 71 行.
SQL: SHOW COLUMNS FROM `ty_seller_apply` [ RunTime:0.0005s ]
NOTIC: [8] Undefined variable: map /var/www/html/maicai/Application/Admin/Controller/StoreController.class.php 第 345 行.
SQL: SELECT COUNT(*) AS tp_count FROM `ty_seller_apply` LIMIT 1   [ RunTime:0.0003s ]
NOTIC: [8] Undefined variable: map /var/www/html/maicai/Application/Admin/Controller/StoreController.class.php 第 347 行.
SQL: SELECT * FROM `ty_seller_apply` ORDER BY add_time desc LIMIT 0,10   [ RunTime:0.0002s ]
SQL: SHOW COLUMNS FROM `ty_users` [ RunTime:0.0012s ]
SQL: SELECT `nick_name` FROM `ty_users` WHERE `user_id` = 915 LIMIT 1   [ RunTime:0.0003s ]
SQL: SELECT `nick_name` FROM `ty_users` WHERE `user_id` = 849 LIMIT 1   [ RunTime:0.0002s ]
SQL: SELECT `nick_name` FROM `ty_users` WHERE `user_id` = 837 LIMIT 1   [ RunTime:0.0002s ]
SQL: SELECT `nick_name` FROM `ty_users` WHERE `user_id` = 824 LIMIT 1   [ RunTime:0.0002s ]
SQL: SELECT `nick_name` FROM `ty_users` WHERE `user_id` = 781 LIMIT 1   [ RunTime:0.0002s ]
SQL: SELECT `nick_name` FROM `ty_users` WHERE `user_id` = 653 LIMIT 1   [ RunTime:0.0001s ]
SQL: SELECT `nick_name` FROM `ty_users` WHERE `user_id` = 635 LIMIT 1   [ RunTime:0.0001s ]
SQL: SELECT `nick_name` FROM `ty_users` WHERE `user_id` = 592 LIMIT 1   [ RunTime:0.0002s ]
SQL: SELECT `nick_name` FROM `ty_users` WHERE `user_id` = 155 LIMIT 1   [ RunTime:0.0001s ]
SQL: SELECT `nick_name` FROM `ty_users` WHERE `user_id` = 153 LIMIT 1   [ RunTime:0.0001s ]
SQL: SHOW COLUMNS FROM `ty_store_grade` [ RunTime:0.0005s ]
SQL: SELECT `sg_id`,`sg_name` FROM `ty_store_grade`  [ RunTime:0.0002s ]
SQL: SHOW COLUMNS FROM `ty_store_class` [ RunTime:0.0004s ]
SQL: SELECT `sc_id`,`sc_name` FROM `ty_store_class`  [ RunTime:0.0001s ]
INFO: [ view_begin ] --START--
INFO: Run Home\Behaviors\testBehavior [ RunTime:0.000180s ]
INFO: [ view_begin ] --END-- [ RunTime:0.000222s ]
INFO: [ view_parse ] --START--
INFO: [ template_filter ] --START--
INFO: Run Behavior\ContentReplaceBehavior [ RunTime:0.000042s ]
INFO: [ template_filter ] --END-- [ RunTime:0.000085s ]
NOTIC: [8] Use of undefined constant status - assumed 'status' /var/www/html/maicai/Application/Runtime/Cache/Admin/4ed4a576126241fa45d7709f9e076116.php 第 132 行.
NOTIC: [8] Use of undefined constant status - assumed 'status' /var/www/html/maicai/Application/Runtime/Cache/Admin/4ed4a576126241fa45d7709f9e076116.php 第 135 行.
NOTIC: [8] Use of undefined constant status - assumed 'status' /var/www/html/maicai/Application/Runtime/Cache/Admin/4ed4a576126241fa45d7709f9e076116.php 第 132 行.
NOTIC: [8] Use of undefined constant status - assumed 'status' /var/www/html/maicai/Application/Runtime/Cache/Admin/4ed4a576126241fa45d7709f9e076116.php 第 135 行.
NOTIC: [8] Use of undefined constant status - assumed 'status' /var/www/html/maicai/Application/Runtime/Cache/Admin/4ed4a576126241fa45d7709f9e076116.php 第 132 行.
NOTIC: [8] Use of undefined constant status - assumed 'status' /var/www/html/maicai/Application/Runtime/Cache/Admin/4ed4a576126241fa45d7709f9e076116.php 第 135 行.
NOTIC: [8] Use of undefined constant status - assumed 'status' /var/www/html/maicai/Application/Runtime/Cache/Admin/4ed4a576126241fa45d7709f9e076116.php 第 132 行.
NOTIC: [8] Use of undefined constant status - assumed 'status' /var/www/html/maicai/Application/Runtime/Cache/Admin/4ed4a576126241fa45d7709f9e076116.php 第 135 行.
NOTIC: [8] Use of undefined constant status - assumed 'status' /var/www/html/maicai/Application/Runtime/Cache/Admin/4ed4a576126241fa45d7709f9e076116.php 第 132 行.
NOTIC: [8] Use of undefined constant status - assumed 'status' /var/www/html/maicai/Application/Runtime/Cache/Admin/4ed4a576126241fa45d7709f9e076116.php 第 135 行.
NOTIC: [8] Use of undefined constant status - assumed 'status' /var/www/html/maicai/Application/Runtime/Cache/Admin/4ed4a576126241fa45d7709f9e076116.php 第 132 行.
NOTIC: [8] Use of undefined constant status - assumed 'status' /var/www/html/maicai/Application/Runtime/Cache/Admin/4ed4a576126241fa45d7709f9e076116.php 第 135 行.
NOTIC: [8] Use of undefined constant status - assumed 'status' /var/www/html/maicai/Application/Runtime/Cache/Admin/4ed4a576126241fa45d7709f9e076116.php 第 132 行.
NOTIC: [8] Use of undefined constant status - assumed 'status' /var/www/html/maicai/Application/Runtime/Cache/Admin/4ed4a576126241fa45d7709f9e076116.php 第 135 行.
NOTIC: [8] Use of undefined constant status - assumed 'status' /var/www/html/maicai/Application/Runtime/Cache/Admin/4ed4a576126241fa45d7709f9e076116.php 第 132 行.
NOTIC: [8] Use of undefined constant status - assumed 'status' /var/www/html/maicai/Application/Runtime/Cache/Admin/4ed4a576126241fa45d7709f9e076116.php 第 135 行.
NOTIC: [8] Use of undefined constant status - assumed 'status' /var/www/html/maicai/Application/Runtime/Cache/Admin/4ed4a576126241fa45d7709f9e076116.php 第 132 行.
NOTIC: [8] Use of undefined constant status - assumed 'status' /var/www/html/maicai/Application/Runtime/Cache/Admin/4ed4a576126241fa45d7709f9e076116.php 第 132 行.
NOTIC: [8] Use of undefined constant status - assumed 'status' /var/www/html/maicai/Application/Runtime/Cache/Admin/4ed4a576126241fa45d7709f9e076116.php 第 135 行.
NOTIC: [8] Use of undefined constant status - assumed 'status' /var/www/html/maicai/Application/Runtime/Cache/Admin/4ed4a576126241fa45d7709f9e076116.php 第 132 行.
NOTIC: [8] Use of undefined constant status - assumed 'status' /var/www/html/maicai/Application/Runtime/Cache/Admin/4ed4a576126241fa45d7709f9e076116.php 第 132 行.
NOTIC: [8] Use of undefined constant status - assumed 'status' /var/www/html/maicai/Application/Runtime/Cache/Admin/4ed4a576126241fa45d7709f9e076116.php 第 135 行.
INFO: Run Behavior\ParseTemplateBehavior [ RunTime:0.010711s ]
INFO: [ view_parse ] --END-- [ RunTime:0.010752s ]
INFO: [ view_filter ] --START--
INFO: Run Behavior\WriteHtmlCacheBehavior [ RunTime:0.000102s ]
INFO: Run Behavior\TokenBuildBehavior [ RunTime:0.000398s ]
INFO: [ view_filter ] --END-- [ RunTime:0.000570s ]
INFO: [ app_end ] --START--
INFO: Run Behavior\ShowPageTraceBehavior [ RunTime:0.000448s ]
INFO: [ app_end ] --END-- [ RunTime:0.000494s ]

[ 2018-03-12T10:55:23+08:00 ] 113.69.118.19 /Admin/Store/store_list
INFO: [ app_init ] --START--
INFO: Run Behavior\BuildLiteBehavior [ RunTime:0.000011s ]
INFO: [ app_init ] --END-- [ RunTime:0.000223s ]
INFO: [ app_begin ] --START--
INFO: Run Behavior\ReadHtmlCacheBehavior [ RunTime:0.000320s ]
INFO: [ app_begin ] --END-- [ RunTime:0.000359s ]
SQL: SHOW COLUMNS FROM `ty_config` [ RunTime:0.0006s ]
SQL: SELECT * FROM `ty_config`  [ RunTime:0.0002s ]
NOTIC: [8] Undefined index: admin/store /var/www/html/maicai/Application/Admin/Common/function.php 第 70 行.
NOTIC: [8] Undefined index: admin/store /var/www/html/maicai/Application/Admin/Common/function.php 第 71 行.
SQL: SHOW COLUMNS FROM `ty_store` [ RunTime:0.0015s ]
SQL: SELECT COUNT(*) AS tp_count FROM `ty_store` WHERE `is_own_shop` = 0 LIMIT 1   [ RunTime:0.0002s ]
SQL: SELECT * FROM `ty_store` WHERE `is_own_shop` = 0 ORDER BY store_id DESC LIMIT 0,10   [ RunTime:0.0003s ]
SQL: SHOW COLUMNS FROM `ty_store_grade` [ RunTime:0.0005s ]
SQL: SELECT `sg_id`,`sg_name` FROM `ty_store_grade`  [ RunTime:0.0001s ]
SQL: SHOW COLUMNS FROM `ty_store_class` [ RunTime:0.0004s ]
SQL: SELECT `sc_id`,`sc_name` FROM `ty_store_class`  [ RunTime:0.0001s ]
INFO: [ view_begin ] --START--
INFO: Run Home\Behaviors\testBehavior [ RunTime:0.000144s ]
INFO: [ view_begin ] --END-- [ RunTime:0.000177s ]
INFO: [ view_parse ] --START--
INFO: [ template_filter ] --START--
INFO: Run Behavior\ContentReplaceBehavior [ RunTime:0.000045s ]
INFO: [ template_filter ] --END-- [ RunTime:0.000082s ]
NOTIC: [8] Undefined variable: pid /var/www/html/maicai/Application/Runtime/Cache/Admin/18e672ab47455c17877a783eee2aeab6.php 第 111 行.
NOTIC: [8] Use of undefined constant grade_id - assumed 'grade_id' /var/www/html/maicai/Application/Runtime/Cache/Admin/18e672ab47455c17877a783eee2aeab6.php 第 164 行.
NOTIC: [8] Undefined offset: 0 /var/www/html/maicai/Application/Runtime/Cache/Admin/18e672ab47455c17877a783eee2aeab6.php 第 164 行.
NOTIC: [8] Use of undefined constant sc_id - assumed 'sc_id' /var/www/html/maicai/Application/Runtime/Cache/Admin/18e672ab47455c17877a783eee2aeab6.php 第 165 行.
NOTIC: [8] Undefined index:  /var/www/html/maicai/Application/Runtime/Cache/Admin/18e672ab47455c17877a783eee2aeab6.php 第 165 行.
NOTIC: [8] Use of undefined constant store_state - assumed 'store_state' /var/www/html/maicai/Application/Runtime/Cache/Admin/18e672ab47455c17877a783eee2aeab6.php 第 167 行.
NOTIC: [8] Use of undefined constant store_recommend - assumed 'store_recommend' /var/www/html/maicai/Application/Runtime/Cache/Admin/18e672ab47455c17877a783eee2aeab6.php 第 168 行.
NOTIC: [8] Use of undefined constant grade_id - assumed 'grade_id' /var/www/html/maicai/Application/Runtime/Cache/Admin/18e672ab47455c17877a783eee2aeab6.php 第 164 行.
NOTIC: [8] Use of undefined constant sc_id - assumed 'sc_id' /var/www/html/maicai/Application/Runtime/Cache/Admin/18e672ab47455c17877a783eee2aeab6.php 第 165 行.
NOTIC: [8] Use of undefined constant store_state - assumed 'store_state' /var/www/html/maicai/Application/Runtime/Cache/Admin/18e672ab47455c17877a783eee2aeab6.php 第 167 行.
NOTIC: [8] Use of undefined constant store_recommend - assumed 'store_recommend' /var/www/html/maicai/Application/Runtime/Cache/Admin/18e672ab47455c17877a783eee2aeab6.php 第 168 行.
NOTIC: [8] Use of undefined constant grade_id - assumed 'grade_id' /var/www/html/maicai/Application/Runtime/Cache/Admin/18e672ab47455c17877a783eee2aeab6.php 第 164 行.
NOTIC: [8] Use of undefined constant sc_id - assumed 'sc_id' /var/www/html/maicai/Application/Runtime/Cache/Admin/18e672ab47455c17877a783eee2aeab6.php 第 165 行.
NOTIC: [8] Use of undefined constant store_state - assumed 'store_state' /var/www/html/maicai/Application/Runtime/Cache/Admin/18e672ab47455c17877a783eee2aeab6.php 第 167 行.
NOTIC: [8] Use of undefined constant store_recommend - assumed 'store_recommend' /var/www/html/maicai/Application/Runtime/Cache/Admin/18e672ab47455c17877a783eee2aeab6.php 第 168 行.
INFO: Run Behavior\ParseTemplateBehavior [ RunTime:0.010280s ]
INFO: [ view_parse ] --END-- [ RunTime:0.010313s ]
INFO: [ view_filter ] --START--
INFO: Run Behavior\WriteHtmlCacheBehavior [ RunTime:0.000098s ]
INFO: Run Behavior\TokenBuildBehavior [ RunTime:0.000237s ]
INFO: [ view_filter ] --END-- [ RunTime:0.000384s ]
INFO: [ app_end ] --START--
INFO: Run Behavior\ShowPageTraceBehavior [ RunTime:0.000316s ]
INFO: [ app_end ] --END-- [ RunTime:0.000348s ]

[ 2018-03-12T10:55:25+08:00 ] 113.69.118.19 /Admin/Store/apply_class_list
INFO: [ app_init ] --START--
INFO: Run Behavior\BuildLiteBehavior [ RunTime:0.000013s ]
INFO: [ app_init ] --END-- [ RunTime:0.000232s ]
INFO: [ app_begin ] --START--
INFO: Run Behavior\ReadHtmlCacheBehavior [ RunTime:0.000319s ]
INFO: [ app_begin ] --END-- [ RunTime:0.000359s ]
SQL: SHOW COLUMNS FROM `ty_config` [ RunTime:0.0006s ]
SQL: SELECT * FROM `ty_config`  [ RunTime:0.0002s ]
NOTIC: [8] Undefined index: admin/store /var/www/html/maicai/Application/Admin/Common/function.php 第 70 行.
NOTIC: [8] Undefined index: admin/store /var/www/html/maicai/Application/Admin/Common/function.php 第 71 行.
SQL: SHOW COLUMNS FROM `ty_store_bind_class` [ RunTime:0.0005s ]
SQL: SELECT * FROM `ty_store_bind_class`  [ RunTime:0.0002s ]
SQL: SHOW COLUMNS FROM `ty_goods_category` [ RunTime:0.0006s ]
SQL: SELECT `id`,`name` FROM `ty_goods_category`  [ RunTime:0.0001s ]
NOTIC: [8] Undefined offset: 0 /var/www/html/maicai/Application/Admin/Controller/StoreController.class.php 第 380 行.
SQL: SHOW COLUMNS FROM `ty_store` [ RunTime:0.0017s ]
SQL: SELECT * FROM `ty_store` WHERE ( store_id=3 ) LIMIT 1   [ RunTime:0.0002s ]
NOTIC: [8] Undefined offset: 0 /var/www/html/maicai/Application/Admin/Controller/StoreController.class.php 第 380 行.
SQL: SELECT * FROM `ty_store` WHERE ( store_id=3 ) LIMIT 1   [ RunTime:0.0001s ]
NOTIC: [8] Undefined offset: 0 /var/www/html/maicai/Application/Admin/Controller/StoreController.class.php 第 380 行.
SQL: SELECT * FROM `ty_store` WHERE ( store_id=3 ) LIMIT 1   [ RunTime:0.0001s ]
NOTIC: [8] Undefined offset: 0 /var/www/html/maicai/Application/Admin/Controller/StoreController.class.php 第 380 行.
SQL: SELECT * FROM `ty_store` WHERE ( store_id=3 ) LIMIT 1   [ RunTime:0.0001s ]
NOTIC: [8] Undefined offset: 0 /var/www/html/maicai/Application/Admin/Controller/StoreController.class.php 第 380 行.
SQL: SELECT * FROM `ty_store` WHERE ( store_id=3 ) LIMIT 1   [ RunTime:0.0001s ]
NOTIC: [8] Undefined offset: 0 /var/www/html/maicai/Application/Admin/Controller/StoreController.class.php 第 380 行.
SQL: SELECT * FROM `ty_store` WHERE ( store_id=3 ) LIMIT 1   [ RunTime:0.0001s ]
NOTIC: [8] Undefined offset: 0 /var/www/html/maicai/Application/Admin/Controller/StoreController.class.php 第 380 行.
SQL: SELECT * FROM `ty_store` WHERE ( store_id=3 ) LIMIT 1   [ RunTime:0.0001s ]
NOTIC: [8] Undefined offset: 0 /var/www/html/maicai/Application/Admin/Controller/StoreController.class.php 第 380 行.
SQL: SELECT * FROM `ty_store` WHERE ( store_id=3 ) LIMIT 1   [ RunTime:0.0001s ]
NOTIC: [8] Undefined offset: 52 /var/www/html/maicai/Application/Admin/Controller/StoreController.class.php 第 378 行.
NOTIC: [8] Undefined offset: 53 /var/www/html/maicai/Application/Admin/Controller/StoreController.class.php 第 379 行.
NOTIC: [8] Undefined offset: 0 /var/www/html/maicai/Application/Admin/Controller/StoreController.class.php 第 380 行.
SQL: SELECT * FROM `ty_store` WHERE ( store_id=3 ) LIMIT 1   [ RunTime:0.0001s ]
NOTIC: [8] Undefined offset: 52 /var/www/html/maicai/Application/Admin/Controller/StoreController.class.php 第 378 行.
NOTIC: [8] Undefined offset: 54 /var/www/html/maicai/Application/Admin/Controller/StoreController.class.php 第 379 行.
NOTIC: [8] Undefined offset: 0 /var/www/html/maicai/Application/Admin/Controller/StoreController.class.php 第 380 行.
SQL: SELECT * FROM `ty_store` WHERE ( store_id=3 ) LIMIT 1   [ RunTime:0.0001s ]
NOTIC: [8] Undefined offset: 0 /var/www/html/maicai/Application/Admin/Controller/StoreController.class.php 第 380 行.
SQL: SELECT * FROM `ty_store` WHERE ( store_id=3 ) LIMIT 1   [ RunTime:0.0001s ]
NOTIC: [8] Undefined offset: 0 /var/www/html/maicai/Application/Admin/Controller/StoreController.class.php 第 380 行.
SQL: SELECT * FROM `ty_store` WHERE ( store_id=3 ) LIMIT 1   [ RunTime:0.0001s ]
NOTIC: [8] Undefined offset: 0 /var/www/html/maicai/Application/Admin/Controller/StoreController.class.php 第 380 行.
SQL: SELECT * FROM `ty_store` WHERE ( store_id=3 ) LIMIT 1   [ RunTime:0.0001s ]
NOTIC: [8] Undefined offset: 0 /var/www/html/maicai/Application/Admin/Controller/StoreController.class.php 第 380 行.
SQL: SELECT * FROM `ty_store` WHERE ( store_id=3 ) LIMIT 1   [ RunTime:0.0001s ]
NOTIC: [8] Undefined offset: 68 /var/www/html/maicai/Application/Admin/Controller/StoreController.class.php 第 380 行.
SQL: SELECT * FROM `ty_store` WHERE ( store_id=3 ) LIMIT 1   [ RunTime:0.0001s ]
SQL: SELECT * FROM `ty_store` WHERE ( store_id=3 ) LIMIT 1   [ RunTime:0.0001s ]
NOTIC: [8] Undefined offset: 0 /var/www/html/maicai/Application/Admin/Controller/StoreController.class.php 第 380 行.
SQL: SELECT * FROM `ty_store` WHERE ( store_id=3 ) LIMIT 1   [ RunTime:0.0001s ]
NOTIC: [8] Undefined offset: 0 /var/www/html/maicai/Application/Admin/Controller/StoreController.class.php 第 380 行.
SQL: SELECT * FROM `ty_store` WHERE ( store_id=35 ) LIMIT 1   [ RunTime:0.0003s ]
NOTIC: [8] Undefined offset: 0 /var/www/html/maicai/Application/Admin/Controller/StoreController.class.php 第 380 行.
SQL: SELECT * FROM `ty_store` WHERE ( store_id=33 ) LIMIT 1   [ RunTime:0.0003s ]
NOTIC: [8] Undefined offset: 0 /var/www/html/maicai/Application/Admin/Controller/StoreController.class.php 第 380 行.
SQL: SELECT * FROM `ty_store` WHERE ( store_id=36 ) LIMIT 1   [ RunTime:0.0004s ]
INFO: [ view_begin ] --START--
INFO: Run Home\Behaviors\testBehavior [ RunTime:0.000173s ]
INFO: [ view_begin ] --END-- [ RunTime:0.000210s ]
INFO: [ view_parse ] --START--
INFO: [ template_filter ] --START--
INFO: Run Behavior\ContentReplaceBehavior [ RunTime:0.000038s ]
INFO: [ template_filter ] --END-- [ RunTime:0.000073s ]
NOTIC: [8] Undefined variable: page /var/www/html/maicai/Application/Runtime/Cache/Admin/6c7679f1c49ebc90aed319af91d36913.php 第 160 行.
INFO: Run Behavior\ParseTemplateBehavior [ RunTime:0.008588s ]
INFO: [ view_parse ] --END-- [ RunTime:0.008625s ]
INFO: [ view_filter ] --START--
INFO: Run Behavior\WriteHtmlCacheBehavior [ RunTime:0.000096s ]
INFO: Run Behavior\TokenBuildBehavior [ RunTime:0.000304s ]
INFO: [ view_filter ] --END-- [ RunTime:0.000451s ]
INFO: [ app_end ] --START--
INFO: Run Behavior\ShowPageTraceBehavior [ RunTime:0.000294s ]
INFO: [ app_end ] --END-- [ RunTime:0.000327s ]

[ 2018-03-12T10:55:49+08:00 ] 113.69.118.19 /Admin/Index/index
INFO: [ app_init ] --START--
INFO: Run Behavior\BuildLiteBehavior [ RunTime:0.000010s ]
INFO: [ app_init ] --END-- [ RunTime:0.000224s ]
INFO: [ app_begin ] --START--
INFO: Run Behavior\ReadHtmlCacheBehavior [ RunTime:0.000299s ]
INFO: [ app_begin ] --END-- [ RunTime:0.000348s ]
SQL: SHOW COLUMNS FROM `ty_config` [ RunTime:0.0005s ]
SQL: SELECT * FROM `ty_config`  [ RunTime:0.0002s ]
SQL: SHOW COLUMNS FROM `ty_admin` [ RunTime:0.0006s ]
SQL: SELECT * FROM `ty_admin` WHERE ( admin_id=1 ) LIMIT 1   [ RunTime:0.0001s ]
SQL: SHOW COLUMNS FROM `ty_order` [ RunTime:0.0012s ]
SQL: SELECT COUNT(*) AS tp_count FROM `ty_order` WHERE ( order_status=0 and (pay_status=1 or pay_code='cod') ) LIMIT 1   [ RunTime:0.0001s ]
INFO: [ view_begin ] --START--
INFO: Run Home\Behaviors\testBehavior [ RunTime:0.000141s ]
INFO: [ view_begin ] --END-- [ RunTime:0.000188s ]
INFO: [ view_parse ] --START--
INFO: [ template_filter ] --START--
INFO: Run Behavior\ContentReplaceBehavior [ RunTime:0.000048s ]
INFO: [ template_filter ] --END-- [ RunTime:0.000087s ]
NOTIC: [8] Undefined variable: upgradeMsg /var/www/html/maicai/Application/Runtime/Cache/Admin/b595b808c2ebeeeb0478ffc30bb4e87a.php 第 50 行.
NOTIC: [8] Undefined variable: upgradeMsg /var/www/html/maicai/Application/Runtime/Cache/Admin/b595b808c2ebeeeb0478ffc30bb4e87a.php 第 53 行.
INFO: Run Behavior\ParseTemplateBehavior [ RunTime:0.009756s ]
INFO: [ view_parse ] --END-- [ RunTime:0.009790s ]
INFO: [ view_filter ] --START--
INFO: Run Behavior\WriteHtmlCacheBehavior [ RunTime:0.000101s ]
INFO: Run Behavior\TokenBuildBehavior [ RunTime:0.000307s ]
INFO: [ view_filter ] --END-- [ RunTime:0.000486s ]
INFO: [ app_end ] --START--
INFO: Run Behavior\ShowPageTraceBehavior [ RunTime:0.000306s ]
INFO: [ app_end ] --END-- [ RunTime:0.000345s ]

[ 2018-03-12T10:55:49+08:00 ] 113.69.118.19 /Admin/Index/welcome
INFO: [ app_init ] --START--
INFO: Run Behavior\BuildLiteBehavior [ RunTime:0.000010s ]
INFO: [ app_init ] --END-- [ RunTime:0.000228s ]
INFO: [ app_begin ] --START--
INFO: Run Behavior\ReadHtmlCacheBehavior [ RunTime:0.000302s ]
INFO: [ app_begin ] --END-- [ RunTime:0.000355s ]
SQL: SHOW COLUMNS FROM `ty_config` [ RunTime:0.0008s ]
SQL: SELECT * FROM `ty_config`  [ RunTime:0.0002s ]
NOTIC: [8] Undefined index: welcome /var/www/html/maicai/Application/Admin/Common/function.php 第 71 行.
SQL: SELECT VERSION() as version [ RunTime:0.0001s ]
NOTIC: [8] Undefined index: version /var/www/html/maicai/Application/Admin/Controller/IndexController.class.php 第 65 行.
SQL: SHOW COLUMNS FROM `ty_order` [ RunTime:0.0012s ]
SQL: SELECT COUNT(*) AS tp_count FROM `ty_order` WHERE ( order_status=0 and (pay_status=1 or pay_code='cod') ) LIMIT 1   [ RunTime:0.0001s ]
SQL: SELECT COUNT(*) AS tp_count FROM `ty_order` WHERE ( add_time>1520736949 ) LIMIT 1   [ RunTime:0.0003s ]
SQL: SHOW COLUMNS FROM `ty_goods` [ RunTime:0.0011s ]
SQL: SELECT COUNT(*) AS tp_count FROM `ty_goods` WHERE ( 1=1 ) LIMIT 1   [ RunTime:0.0001s ]
SQL: SHOW COLUMNS FROM `ty_article` [ RunTime:0.0006s ]
SQL: SELECT COUNT(*) AS tp_count FROM `ty_article` WHERE ( 1=1 ) LIMIT 1   [ RunTime:0.0001s ]
SQL: SHOW COLUMNS FROM `ty_users` [ RunTime:0.0010s ]
SQL: SELECT COUNT(*) AS tp_count FROM `ty_users` WHERE ( 1=1 ) LIMIT 1   [ RunTime:0.0001s ]
SQL: SELECT COUNT(*) AS tp_count FROM `ty_users` WHERE ( last_login>1520736949 ) LIMIT 1   [ RunTime:0.0010s ]
SQL: SELECT COUNT(*) AS tp_count FROM `ty_users` WHERE ( reg_time>1520736949 ) LIMIT 1   [ RunTime:0.0008s ]
SQL: SHOW COLUMNS FROM `ty_comment` [ RunTime:0.0006s ]
SQL: SELECT COUNT(*) AS tp_count FROM `ty_comment` WHERE ( is_show=0 ) LIMIT 1   [ RunTime:0.0001s ]
SQL: SHOW COLUMNS FROM `ty_store_apply` [ RunTime:0.0019s ]
SQL: SELECT COUNT(*) AS tp_count FROM `ty_store_apply` WHERE ( apply_state=0 ) LIMIT 1   [ RunTime:0.0001s ]
SQL: SHOW COLUMNS FROM `ty_store_bind_class` [ RunTime:0.0004s ]
SQL: SELECT COUNT(*) AS tp_count FROM `ty_store_bind_class` WHERE ( state=0 ) LIMIT 1   [ RunTime:0.0001s ]
SQL: SHOW COLUMNS FROM `ty_brand` [ RunTime:0.0005s ]
SQL: SELECT COUNT(*) AS tp_count FROM `ty_brand` WHERE ( status=0 and store_id>0 ) LIMIT 1   [ RunTime:0.0001s ]
INFO: [ view_begin ] --START--
INFO: Run Home\Behaviors\testBehavior [ RunTime:0.000161s ]
INFO: [ view_begin ] --END-- [ RunTime:0.000195s ]
INFO: [ view_parse ] --START--
INFO: [ template_filter ] --START--
INFO: Run Behavior\ContentReplaceBehavior [ RunTime:0.000039s ]
INFO: [ template_filter ] --END-- [ RunTime:0.000077s ]
INFO: Run Behavior\ParseTemplateBehavior [ RunTime:0.007559s ]
INFO: [ view_parse ] --END-- [ RunTime:0.007597s ]
INFO: [ view_filter ] --START--
INFO: Run Behavior\WriteHtmlCacheBehavior [ RunTime:0.000097s ]
INFO: Run Behavior\TokenBuildBehavior [ RunTime:0.000210s ]
INFO: [ view_filter ] --END-- [ RunTime:0.000357s ]
INFO: [ app_end ] --START--
INFO: Run Behavior\ShowPageTraceBehavior [ RunTime:0.000338s ]
INFO: [ app_end ] --END-- [ RunTime:0.000375s ]

[ 2018-03-12T10:55:49+08:00 ] 113.69.118.19 /Admin/System/login_task
INFO: [ app_init ] --START--
INFO: Run Behavior\BuildLiteBehavior [ RunTime:0.000010s ]
INFO: [ app_init ] --END-- [ RunTime:0.000221s ]
INFO: [ app_begin ] --START--
INFO: Run Behavior\ReadHtmlCacheBehavior [ RunTime:0.000288s ]
INFO: [ app_begin ] --END-- [ RunTime:0.000325s ]
SQL: SHOW COLUMNS FROM `ty_config` [ RunTime:0.0008s ]
SQL: SELECT * FROM `ty_config`  [ RunTime:0.0002s ]
NOTIC: [8] Undefined index: login_task /var/www/html/maicai/Application/Admin/Common/function.php 第 71 行.
SQL: SHOW COLUMNS FROM `ty_cart` [ RunTime:0.0009s ]
SQL: DELETE FROM `ty_cart` WHERE ( user_id = 0 and  add_time < 1520819749 ) [ RunTime:0.0002s ]
SQL: SHOW COLUMNS FROM `ty_order` [ RunTime:0.0011s ]
SQL: SELECT `order_id` FROM `ty_order` WHERE ( order_status = 1 and shipping_status = 1 and (1520823349 - shipping_time) >  86400 )  [ RunTime:0.0002s ]
NOTIC: [2] Invalid argument supplied for foreach() /var/www/html/maicai/Application/Admin/Controller/SystemController.class.php 第 249 行.
INFO: [ app_end ] --START--
INFO: Run Behavior\ShowPageTraceBehavior [ RunTime:0.000342s ]
INFO: [ app_end ] --END-- [ RunTime:0.000375s ]

[ 2018-03-12T10:56:20+08:00 ] 113.69.118.19 /index.php?m=Admin&c=Api&a=getRegion&level=1&parent_id=0
INFO: [ app_init ] --START--
INFO: Run Behavior\BuildLiteBehavior [ RunTime:0.000014s ]
INFO: [ app_init ] --END-- [ RunTime:0.000281s ]
INFO: [ app_begin ] --START--
INFO: Run Behavior\ReadHtmlCacheBehavior [ RunTime:0.000295s ]
INFO: [ app_begin ] --END-- [ RunTime:0.000333s ]

[ 2018-03-12T10:59:33+08:00 ] 113.69.118.19 /Admin/Store/apply_list
INFO: [ app_init ] --START--
INFO: Run Behavior\BuildLiteBehavior [ RunTime:0.000015s ]
INFO: [ app_init ] --END-- [ RunTime:0.000260s ]
INFO: [ app_begin ] --START--
INFO: Run Behavior\ReadHtmlCacheBehavior [ RunTime:0.000323s ]
INFO: [ app_begin ] --END-- [ RunTime:0.000364s ]
SQL: SHOW COLUMNS FROM `ty_config` [ RunTime:0.0007s ]
SQL: SELECT * FROM `ty_config`  [ RunTime:0.0002s ]
NOTIC: [8] Undefined index: admin/store /var/www/html/maicai/Application/Admin/Common/function.php 第 70 行.
NOTIC: [8] Undefined index: admin/store /var/www/html/maicai/Application/Admin/Common/function.php 第 71 行.
SQL: SHOW COLUMNS FROM `ty_seller_apply` [ RunTime:0.0005s ]
NOTIC: [8] Undefined variable: map /var/www/html/maicai/Application/Admin/Controller/StoreController.class.php 第 345 行.
SQL: SELECT COUNT(*) AS tp_count FROM `ty_seller_apply` LIMIT 1   [ RunTime:0.0001s ]
NOTIC: [8] Undefined variable: map /var/www/html/maicai/Application/Admin/Controller/StoreController.class.php 第 347 行.
SQL: SELECT * FROM `ty_seller_apply` ORDER BY add_time desc LIMIT 0,10   [ RunTime:0.0001s ]
SQL: SHOW COLUMNS FROM `ty_users` [ RunTime:0.0011s ]
SQL: SELECT `nick_name` FROM `ty_users` WHERE `user_id` = 915 LIMIT 1   [ RunTime:0.0001s ]
SQL: SELECT `nick_name` FROM `ty_users` WHERE `user_id` = 849 LIMIT 1   [ RunTime:0.0001s ]
SQL: SELECT `nick_name` FROM `ty_users` WHERE `user_id` = 837 LIMIT 1   [ RunTime:0.0001s ]
SQL: SELECT `nick_name` FROM `ty_users` WHERE `user_id` = 824 LIMIT 1   [ RunTime:0.0001s ]
SQL: SELECT `nick_name` FROM `ty_users` WHERE `user_id` = 781 LIMIT 1   [ RunTime:0.0001s ]
SQL: SELECT `nick_name` FROM `ty_users` WHERE `user_id` = 653 LIMIT 1   [ RunTime:0.0001s ]
SQL: SELECT `nick_name` FROM `ty_users` WHERE `user_id` = 635 LIMIT 1   [ RunTime:0.0001s ]
SQL: SELECT `nick_name` FROM `ty_users` WHERE `user_id` = 592 LIMIT 1   [ RunTime:0.0001s ]
SQL: SELECT `nick_name` FROM `ty_users` WHERE `user_id` = 155 LIMIT 1   [ RunTime:0.0001s ]
SQL: SELECT `nick_name` FROM `ty_users` WHERE `user_id` = 153 LIMIT 1   [ RunTime:0.0001s ]
SQL: SHOW COLUMNS FROM `ty_store_grade` [ RunTime:0.0005s ]
SQL: SELECT `sg_id`,`sg_name` FROM `ty_store_grade`  [ RunTime:0.0001s ]
SQL: SHOW COLUMNS FROM `ty_store_class` [ RunTime:0.0004s ]
SQL: SELECT `sc_id`,`sc_name` FROM `ty_store_class`  [ RunTime:0.0001s ]
INFO: [ view_begin ] --START--
INFO: Run Home\Behaviors\testBehavior [ RunTime:0.000146s ]
INFO: [ view_begin ] --END-- [ RunTime:0.000180s ]
INFO: [ view_parse ] --START--
INFO: [ template_filter ] --START--
INFO: Run Behavior\ContentReplaceBehavior [ RunTime:0.000039s ]
INFO: [ template_filter ] --END-- [ RunTime:0.000083s ]
NOTIC: [8] Use of undefined constant status - assumed 'status' /var/www/html/maicai/Application/Runtime/Cache/Admin/4ed4a576126241fa45d7709f9e076116.php 第 132 行.
NOTIC: [8] Use of undefined constant status - assumed 'status' /var/www/html/maicai/Application/Runtime/Cache/Admin/4ed4a576126241fa45d7709f9e076116.php 第 135 行.
NOTIC: [8] Use of undefined constant status - assumed 'status' /var/www/html/maicai/Application/Runtime/Cache/Admin/4ed4a576126241fa45d7709f9e076116.php 第 132 行.
NOTIC: [8] Use of undefined constant status - assumed 'status' /var/www/html/maicai/Application/Runtime/Cache/Admin/4ed4a576126241fa45d7709f9e076116.php 第 135 行.
NOTIC: [8] Use of undefined constant status - assumed 'status' /var/www/html/maicai/Application/Runtime/Cache/Admin/4ed4a576126241fa45d7709f9e076116.php 第 132 行.
NOTIC: [8] Use of undefined constant status - assumed 'status' /var/www/html/maicai/Application/Runtime/Cache/Admin/4ed4a576126241fa45d7709f9e076116.php 第 135 行.
NOTIC: [8] Use of undefined constant status - assumed 'status' /var/www/html/maicai/Application/Runtime/Cache/Admin/4ed4a576126241fa45d7709f9e076116.php 第 132 行.
NOTIC: [8] Use of undefined constant status - assumed 'status' /var/www/html/maicai/Application/Runtime/Cache/Admin/4ed4a576126241fa45d7709f9e076116.php 第 135 行.
NOTIC: [8] Use of undefined constant status - assumed 'status' /var/www/html/maicai/Application/Runtime/Cache/Admin/4ed4a576126241fa45d7709f9e076116.php 第 132 行.
NOTIC: [8] Use of undefined constant status - assumed 'status' /var/www/html/maicai/Application/Runtime/Cache/Admin/4ed4a576126241fa45d7709f9e076116.php 第 135 行.
NOTIC: [8] Use of undefined constant status - assumed 'status' /var/www/html/maicai/Application/Runtime/Cache/Admin/4ed4a576126241fa45d7709f9e076116.php 第 132 行.
NOTIC: [8] Use of undefined constant status - assumed 'status' /var/www/html/maicai/Application/Runtime/Cache/Admin/4ed4a576126241fa45d7709f9e076116.php 第 135 行.
NOTIC: [8] Use of undefined constant status - assumed 'status' /var/www/html/maicai/Application/Runtime/Cache/Admin/4ed4a576126241fa45d7709f9e076116.php 第 132 行.
NOTIC: [8] Use of undefined constant status - assumed 'status' /var/www/html/maicai/Application/Runtime/Cache/Admin/4ed4a576126241fa45d7709f9e076116.php 第 135 行.
NOTIC: [8] Use of undefined constant status - assumed 'status' /var/www/html/maicai/Application/Runtime/Cache/Admin/4ed4a576126241fa45d7709f9e076116.php 第 132 行.
NOTIC: [8] Use of undefined constant status - assumed 'status' /var/www/html/maicai/Application/Runtime/Cache/Admin/4ed4a576126241fa45d7709f9e076116.php 第 135 行.
NOTIC: [8] Use of undefined constant status - assumed 'status' /var/www/html/maicai/Application/Runtime/Cache/Admin/4ed4a576126241fa45d7709f9e076116.php 第 132 行.
NOTIC: [8] Use of undefined constant status - assumed 'status' /var/www/html/maicai/Application/Runtime/Cache/Admin/4ed4a576126241fa45d7709f9e076116.php 第 132 行.
NOTIC: [8] Use of undefined constant status - assumed 'status' /var/www/html/maicai/Application/Runtime/Cache/Admin/4ed4a576126241fa45d7709f9e076116.php 第 135 行.
NOTIC: [8] Use of undefined constant status - assumed 'status' /var/www/html/maicai/Application/Runtime/Cache/Admin/4ed4a576126241fa45d7709f9e076116.php 第 132 行.
NOTIC: [8] Use of undefined constant status - assumed 'status' /var/www/html/maicai/Application/Runtime/Cache/Admin/4ed4a576126241fa45d7709f9e076116.php 第 132 行.
NOTIC: [8] Use of undefined constant status - assumed 'status' /var/www/html/maicai/Application/Runtime/Cache/Admin/4ed4a576126241fa45d7709f9e076116.php 第 135 行.
INFO: Run Behavior\ParseTemplateBehavior [ RunTime:0.009261s ]
INFO: [ view_parse ] --END-- [ RunTime:0.009297s ]
INFO: [ view_filter ] --START--
INFO: Run Behavior\WriteHtmlCacheBehavior [ RunTime:0.000105s ]
INFO: Run Behavior\TokenBuildBehavior [ RunTime:0.000255s ]
INFO: [ view_filter ] --END-- [ RunTime:0.000426s ]
INFO: [ app_end ] --START--
INFO: Run Behavior\ShowPageTraceBehavior [ RunTime:0.000291s ]
INFO: [ app_end ] --END-- [ RunTime:0.000324s ]

