[ 2018-03-08T11:59:12+08:00 ] 116.20.78.134 /Admin/Admin/login
INFO: [ app_init ] --START--
INFO: Run Behavior\BuildLiteBehavior [ RunTime:0.000012s ]
INFO: [ app_init ] --END-- [ RunTime:0.000225s ]
INFO: [ app_begin ] --START--
INFO: Run Behavior\ReadHtmlCacheBehavior [ RunTime:0.000297s ]
INFO: [ app_begin ] --END-- [ RunTime:0.000336s ]
SQL: SHOW COLUMNS FROM `ty_config` [ RunTime:0.0005s ]
SQL: SELECT * FROM `ty_config`  [ RunTime:0.0002s ]
NOTIC: [8] Undefined index: login /var/www/html/maicai/Application/Admin/Common/function.php 第 71 行.
INFO: [ view_begin ] --START--
INFO: Run Home\Behaviors\testBehavior [ RunTime:0.000137s ]
INFO: [ view_begin ] --END-- [ RunTime:0.000179s ]
INFO: [ view_parse ] --START--
INFO: [ template_filter ] --START--
INFO: Run Behavior\ContentReplaceBehavior [ RunTime:0.000049s ]
INFO: [ template_filter ] --END-- [ RunTime:0.000104s ]
INFO: Run Behavior\ParseTemplateBehavior [ RunTime:0.005525s ]
INFO: [ view_parse ] --END-- [ RunTime:0.005571s ]
INFO: [ view_filter ] --START--
INFO: Run Behavior\WriteHtmlCacheBehavior [ RunTime:0.000101s ]
INFO: Run Behavior\TokenBuildBehavior [ RunTime:0.000313s ]
INFO: [ view_filter ] --END-- [ RunTime:0.000485s ]
INFO: [ app_end ] --START--
INFO: Run Behavior\ShowPageTraceBehavior [ RunTime:0.000412s ]
INFO: [ app_end ] --END-- [ RunTime:0.000448s ]

[ 2018-03-08T11:59:12+08:00 ] 116.20.78.134 /Admin/Admin/vertify
INFO: [ app_init ] --START--
INFO: Run Behavior\BuildLiteBehavior [ RunTime:0.000011s ]
INFO: [ app_init ] --END-- [ RunTime:0.000228s ]
INFO: [ app_begin ] --START--
INFO: Run Behavior\ReadHtmlCacheBehavior [ RunTime:0.000293s ]
INFO: [ app_begin ] --END-- [ RunTime:0.000332s ]
SQL: SHOW COLUMNS FROM `ty_config` [ RunTime:0.0006s ]
SQL: SELECT * FROM `ty_config`  [ RunTime:0.0002s ]
NOTIC: [8] Undefined index: vertify /var/www/html/maicai/Application/Admin/Common/function.php 第 71 行.
INFO: [ app_end ] --START--
INFO: Run Behavior\ShowPageTraceBehavior [ RunTime:0.000326s ]
INFO: [ app_end ] --END-- [ RunTime:0.000368s ]

[ 2018-03-08T11:59:41+08:00 ] 116.20.78.134 /index.php?m=Admin&c=Admin&a=login&t=0.9502881841761042
INFO: [ app_init ] --START--
INFO: Run Behavior\BuildLiteBehavior [ RunTime:0.000012s ]
INFO: [ app_init ] --END-- [ RunTime:0.000232s ]
INFO: [ app_begin ] --START--
INFO: Run Behavior\ReadHtmlCacheBehavior [ RunTime:0.000336s ]
INFO: [ app_begin ] --END-- [ RunTime:0.000380s ]
SQL: SHOW COLUMNS FROM `ty_config` [ RunTime:0.0005s ]
SQL: SELECT * FROM `ty_config`  [ RunTime:0.0002s ]
NOTIC: [8] Undefined index: login /var/www/html/maicai/Application/Admin/Common/function.php 第 71 行.
SQL: SHOW COLUMNS FROM `ty_admin` [ RunTime:0.0014s ]
SQL: SELECT * FROM `ty_admin` INNER JOIN ty_admin_role ON ty_admin.role_id=ty_admin_role.role_id  WHERE `user_name` = 'admin' AND `password` = '519475228fe35ad067744465c42a19b2' LIMIT 1   [ RunTime:0.0001s ]
SQL: SHOW COLUMNS FROM `ty_admin_log` [ RunTime:0.0022s ]
SQL: SELECT `log_time` FROM `ty_admin_log` WHERE ( admin_id = 1 and log_info = '后台登录' ) ORDER BY log_id desc LIMIT 1   [ RunTime:0.0002s ]
SQL: INSERT INTO `ty_admin_log` (`log_time`,`admin_id`,`log_info`,`log_ip`,`log_url`,`log_type`) VALUES ('1520481581','1','后台登录','116.20.78.134','/Admin/Admin/login','0') [ RunTime:0.0002s ]

[ 2018-03-08T11:59:41+08:00 ] 116.20.78.134 /Admin/Index/index
INFO: [ app_init ] --START--
INFO: Run Behavior\BuildLiteBehavior [ RunTime:0.000015s ]
INFO: [ app_init ] --END-- [ RunTime:0.000242s ]
INFO: [ app_begin ] --START--
INFO: Run Behavior\ReadHtmlCacheBehavior [ RunTime:0.000318s ]
INFO: [ app_begin ] --END-- [ RunTime:0.000364s ]
SQL: SHOW COLUMNS FROM `ty_config` [ RunTime:0.0006s ]
SQL: SELECT * FROM `ty_config`  [ RunTime:0.0003s ]
SQL: SHOW COLUMNS FROM `ty_admin` [ RunTime:0.0007s ]
SQL: SELECT * FROM `ty_admin` WHERE ( admin_id=1 ) LIMIT 1   [ RunTime:0.0001s ]
SQL: SHOW COLUMNS FROM `ty_order` [ RunTime:0.0021s ]
SQL: SELECT COUNT(*) AS tp_count FROM `ty_order` WHERE ( order_status=0 and (pay_status=1 or pay_code='cod') ) LIMIT 1   [ RunTime:0.0001s ]
INFO: [ view_begin ] --START--
INFO: Run Home\Behaviors\testBehavior [ RunTime:0.000178s ]
INFO: [ view_begin ] --END-- [ RunTime:0.000217s ]
INFO: [ view_parse ] --START--
INFO: [ template_filter ] --START--
INFO: Run Behavior\ContentReplaceBehavior [ RunTime:0.000049s ]
INFO: [ template_filter ] --END-- [ RunTime:0.000088s ]
NOTIC: [8] Undefined variable: upgradeMsg /var/www/html/maicai/Application/Runtime/Cache/Admin/b595b808c2ebeeeb0478ffc30bb4e87a.php 第 50 行.
NOTIC: [8] Undefined variable: upgradeMsg /var/www/html/maicai/Application/Runtime/Cache/Admin/b595b808c2ebeeeb0478ffc30bb4e87a.php 第 53 行.
INFO: Run Behavior\ParseTemplateBehavior [ RunTime:0.009713s ]
INFO: [ view_parse ] --END-- [ RunTime:0.009746s ]
INFO: [ view_filter ] --START--
INFO: Run Behavior\WriteHtmlCacheBehavior [ RunTime:0.000118s ]
INFO: Run Behavior\TokenBuildBehavior [ RunTime:0.000337s ]
INFO: [ view_filter ] --END-- [ RunTime:0.000509s ]
INFO: [ app_end ] --START--
INFO: Run Behavior\ShowPageTraceBehavior [ RunTime:0.000309s ]
INFO: [ app_end ] --END-- [ RunTime:0.000343s ]

[ 2018-03-08T11:59:42+08:00 ] 116.20.78.134 /Admin/Index/welcome
INFO: [ app_init ] --START--
INFO: Run Behavior\BuildLiteBehavior [ RunTime:0.000011s ]
INFO: [ app_init ] --END-- [ RunTime:0.000236s ]
INFO: [ app_begin ] --START--
INFO: Run Behavior\ReadHtmlCacheBehavior [ RunTime:0.000319s ]
INFO: [ app_begin ] --END-- [ RunTime:0.000364s ]
SQL: SHOW COLUMNS FROM `ty_config` [ RunTime:0.0006s ]
SQL: SELECT * FROM `ty_config`  [ RunTime:0.0002s ]
NOTIC: [8] Undefined index: welcome /var/www/html/maicai/Application/Admin/Common/function.php 第 71 行.
SQL: SELECT VERSION() as version [ RunTime:0.0001s ]
NOTIC: [8] Undefined index: version /var/www/html/maicai/Application/Admin/Controller/IndexController.class.php 第 65 行.
SQL: SHOW COLUMNS FROM `ty_order` [ RunTime:0.0013s ]
SQL: SELECT COUNT(*) AS tp_count FROM `ty_order` WHERE ( order_status=0 and (pay_status=1 or pay_code='cod') ) LIMIT 1   [ RunTime:0.0001s ]
SQL: SELECT COUNT(*) AS tp_count FROM `ty_order` WHERE ( add_time>1520395182 ) LIMIT 1   [ RunTime:0.0002s ]
SQL: SHOW COLUMNS FROM `ty_goods` [ RunTime:0.0011s ]
SQL: SELECT COUNT(*) AS tp_count FROM `ty_goods` WHERE ( 1=1 ) LIMIT 1   [ RunTime:0.0001s ]
SQL: SHOW COLUMNS FROM `ty_article` [ RunTime:0.0006s ]
SQL: SELECT COUNT(*) AS tp_count FROM `ty_article` WHERE ( 1=1 ) LIMIT 1   [ RunTime:0.0001s ]
SQL: SHOW COLUMNS FROM `ty_users` [ RunTime:0.0009s ]
SQL: SELECT COUNT(*) AS tp_count FROM `ty_users` WHERE ( 1=1 ) LIMIT 1   [ RunTime:0.0002s ]
SQL: SELECT COUNT(*) AS tp_count FROM `ty_users` WHERE ( last_login>1520395182 ) LIMIT 1   [ RunTime:0.0007s ]
SQL: SELECT COUNT(*) AS tp_count FROM `ty_users` WHERE ( reg_time>1520395182 ) LIMIT 1   [ RunTime:0.0007s ]
SQL: SHOW COLUMNS FROM `ty_comment` [ RunTime:0.0006s ]
SQL: SELECT COUNT(*) AS tp_count FROM `ty_comment` WHERE ( is_show=0 ) LIMIT 1   [ RunTime:0.0001s ]
SQL: SHOW COLUMNS FROM `ty_store_apply` [ RunTime:0.0036s ]
SQL: SELECT COUNT(*) AS tp_count FROM `ty_store_apply` WHERE ( apply_state=0 ) LIMIT 1   [ RunTime:0.0001s ]
SQL: SHOW COLUMNS FROM `ty_store_bind_class` [ RunTime:0.0011s ]
SQL: SELECT COUNT(*) AS tp_count FROM `ty_store_bind_class` WHERE ( state=0 ) LIMIT 1   [ RunTime:0.0001s ]
SQL: SHOW COLUMNS FROM `ty_brand` [ RunTime:0.0005s ]
SQL: SELECT COUNT(*) AS tp_count FROM `ty_brand` WHERE ( status=0 and store_id>0 ) LIMIT 1   [ RunTime:0.0001s ]
INFO: [ view_begin ] --START--
INFO: Run Home\Behaviors\testBehavior [ RunTime:0.000151s ]
INFO: [ view_begin ] --END-- [ RunTime:0.000191s ]
INFO: [ view_parse ] --START--
INFO: [ template_filter ] --START--
INFO: Run Behavior\ContentReplaceBehavior [ RunTime:0.000044s ]
INFO: [ template_filter ] --END-- [ RunTime:0.000082s ]
INFO: Run Behavior\ParseTemplateBehavior [ RunTime:0.006779s ]
INFO: [ view_parse ] --END-- [ RunTime:0.006818s ]
INFO: [ view_filter ] --START--
INFO: Run Behavior\WriteHtmlCacheBehavior [ RunTime:0.000108s ]
INFO: Run Behavior\TokenBuildBehavior [ RunTime:0.000224s ]
INFO: [ view_filter ] --END-- [ RunTime:0.000383s ]
INFO: [ app_end ] --START--
INFO: Run Behavior\ShowPageTraceBehavior [ RunTime:0.000298s ]
INFO: [ app_end ] --END-- [ RunTime:0.000334s ]

[ 2018-03-08T11:59:42+08:00 ] 116.20.78.134 /Admin/System/login_task
INFO: [ app_init ] --START--
INFO: Run Behavior\BuildLiteBehavior [ RunTime:0.000011s ]
INFO: [ app_init ] --END-- [ RunTime:0.000229s ]
INFO: [ app_begin ] --START--
INFO: Run Behavior\ReadHtmlCacheBehavior [ RunTime:0.000296s ]
INFO: [ app_begin ] --END-- [ RunTime:0.000336s ]
SQL: SHOW COLUMNS FROM `ty_config` [ RunTime:0.0004s ]
SQL: SELECT * FROM `ty_config`  [ RunTime:0.0002s ]
NOTIC: [8] Undefined index: login_task /var/www/html/maicai/Application/Admin/Common/function.php 第 71 行.
SQL: SHOW COLUMNS FROM `ty_cart` [ RunTime:0.0007s ]
SQL: DELETE FROM `ty_cart` WHERE ( user_id = 0 and  add_time < 1520477982 ) [ RunTime:0.0002s ]
SQL: SHOW COLUMNS FROM `ty_order` [ RunTime:0.0011s ]
SQL: SELECT `order_id` FROM `ty_order` WHERE ( order_status = 1 and shipping_status = 1 and (1520481582 - shipping_time) >  86400 )  [ RunTime:0.0002s ]
NOTIC: [2] Invalid argument supplied for foreach() /var/www/html/maicai/Application/Admin/Controller/SystemController.class.php 第 249 行.
INFO: [ app_end ] --START--
INFO: Run Behavior\ShowPageTraceBehavior [ RunTime:0.000304s ]
INFO: [ app_end ] --END-- [ RunTime:0.000336s ]

[ 2018-03-08T12:00:18+08:00 ] 116.20.78.134 /Admin/Store/apply_list
INFO: [ app_init ] --START--
INFO: Run Behavior\BuildLiteBehavior [ RunTime:0.000011s ]
INFO: [ app_init ] --END-- [ RunTime:0.000224s ]
INFO: [ app_begin ] --START--
INFO: Run Behavior\ReadHtmlCacheBehavior [ RunTime:0.000320s ]
INFO: [ app_begin ] --END-- [ RunTime:0.000366s ]
SQL: SHOW COLUMNS FROM `ty_config` [ RunTime:0.0006s ]
SQL: SELECT * FROM `ty_config`  [ RunTime:0.0002s ]
NOTIC: [8] Undefined index: admin/store /var/www/html/maicai/Application/Admin/Common/function.php 第 70 行.
NOTIC: [8] Undefined index: admin/store /var/www/html/maicai/Application/Admin/Common/function.php 第 71 行.
SQL: SHOW COLUMNS FROM `ty_seller_apply` [ RunTime:0.0006s ]
NOTIC: [8] Undefined variable: map /var/www/html/maicai/Application/Admin/Controller/StoreController.class.php 第 345 行.
SQL: SELECT COUNT(*) AS tp_count FROM `ty_seller_apply` LIMIT 1   [ RunTime:0.0001s ]
NOTIC: [8] Undefined variable: map /var/www/html/maicai/Application/Admin/Controller/StoreController.class.php 第 347 行.
SQL: SELECT * FROM `ty_seller_apply` ORDER BY add_time desc LIMIT 0,10   [ RunTime:0.0001s ]
SQL: SHOW COLUMNS FROM `ty_users` [ RunTime:0.0010s ]
SQL: SELECT `nick_name` FROM `ty_users` WHERE `user_id` = 915 LIMIT 1   [ RunTime:0.0002s ]
SQL: SELECT `nick_name` FROM `ty_users` WHERE `user_id` = 849 LIMIT 1   [ RunTime:0.0002s ]
SQL: SELECT `nick_name` FROM `ty_users` WHERE `user_id` = 837 LIMIT 1   [ RunTime:0.0001s ]
SQL: SELECT `nick_name` FROM `ty_users` WHERE `user_id` = 824 LIMIT 1   [ RunTime:0.0001s ]
SQL: SELECT `nick_name` FROM `ty_users` WHERE `user_id` = 781 LIMIT 1   [ RunTime:0.0001s ]
SQL: SELECT `nick_name` FROM `ty_users` WHERE `user_id` = 653 LIMIT 1   [ RunTime:0.0001s ]
SQL: SELECT `nick_name` FROM `ty_users` WHERE `user_id` = 635 LIMIT 1   [ RunTime:0.0002s ]
SQL: SELECT `nick_name` FROM `ty_users` WHERE `user_id` = 592 LIMIT 1   [ RunTime:0.0001s ]
SQL: SELECT `nick_name` FROM `ty_users` WHERE `user_id` = 155 LIMIT 1   [ RunTime:0.0001s ]
SQL: SELECT `nick_name` FROM `ty_users` WHERE `user_id` = 153 LIMIT 1   [ RunTime:0.0001s ]
SQL: SHOW COLUMNS FROM `ty_store_grade` [ RunTime:0.0006s ]
SQL: SELECT `sg_id`,`sg_name` FROM `ty_store_grade`  [ RunTime:0.0001s ]
SQL: SHOW COLUMNS FROM `ty_store_class` [ RunTime:0.0004s ]
SQL: SELECT `sc_id`,`sc_name` FROM `ty_store_class`  [ RunTime:0.0001s ]
INFO: [ view_begin ] --START--
INFO: Run Home\Behaviors\testBehavior [ RunTime:0.000176s ]
INFO: [ view_begin ] --END-- [ RunTime:0.000214s ]
INFO: [ view_parse ] --START--
INFO: [ template_filter ] --START--
INFO: Run Behavior\ContentReplaceBehavior [ RunTime:0.000037s ]
INFO: [ template_filter ] --END-- [ RunTime:0.000078s ]
NOTIC: [8] Use of undefined constant status - assumed 'status' /var/www/html/maicai/Application/Runtime/Cache/Admin/4ed4a576126241fa45d7709f9e076116.php 第 132 行.
NOTIC: [8] Use of undefined constant status - assumed 'status' /var/www/html/maicai/Application/Runtime/Cache/Admin/4ed4a576126241fa45d7709f9e076116.php 第 135 行.
NOTIC: [8] Use of undefined constant status - assumed 'status' /var/www/html/maicai/Application/Runtime/Cache/Admin/4ed4a576126241fa45d7709f9e076116.php 第 132 行.
NOTIC: [8] Use of undefined constant status - assumed 'status' /var/www/html/maicai/Application/Runtime/Cache/Admin/4ed4a576126241fa45d7709f9e076116.php 第 135 行.
NOTIC: [8] Use of undefined constant status - assumed 'status' /var/www/html/maicai/Application/Runtime/Cache/Admin/4ed4a576126241fa45d7709f9e076116.php 第 132 行.
NOTIC: [8] Use of undefined constant status - assumed 'status' /var/www/html/maicai/Application/Runtime/Cache/Admin/4ed4a576126241fa45d7709f9e076116.php 第 135 行.
NOTIC: [8] Use of undefined constant status - assumed 'status' /var/www/html/maicai/Application/Runtime/Cache/Admin/4ed4a576126241fa45d7709f9e076116.php 第 132 行.
NOTIC: [8] Use of undefined constant status - assumed 'status' /var/www/html/maicai/Application/Runtime/Cache/Admin/4ed4a576126241fa45d7709f9e076116.php 第 135 行.
NOTIC: [8] Use of undefined constant status - assumed 'status' /var/www/html/maicai/Application/Runtime/Cache/Admin/4ed4a576126241fa45d7709f9e076116.php 第 132 行.
NOTIC: [8] Use of undefined constant status - assumed 'status' /var/www/html/maicai/Application/Runtime/Cache/Admin/4ed4a576126241fa45d7709f9e076116.php 第 135 行.
NOTIC: [8] Use of undefined constant status - assumed 'status' /var/www/html/maicai/Application/Runtime/Cache/Admin/4ed4a576126241fa45d7709f9e076116.php 第 132 行.
NOTIC: [8] Use of undefined constant status - assumed 'status' /var/www/html/maicai/Application/Runtime/Cache/Admin/4ed4a576126241fa45d7709f9e076116.php 第 135 行.
NOTIC: [8] Use of undefined constant status - assumed 'status' /var/www/html/maicai/Application/Runtime/Cache/Admin/4ed4a576126241fa45d7709f9e076116.php 第 132 行.
NOTIC: [8] Use of undefined constant status - assumed 'status' /var/www/html/maicai/Application/Runtime/Cache/Admin/4ed4a576126241fa45d7709f9e076116.php 第 135 行.
NOTIC: [8] Use of undefined constant status - assumed 'status' /var/www/html/maicai/Application/Runtime/Cache/Admin/4ed4a576126241fa45d7709f9e076116.php 第 132 行.
NOTIC: [8] Use of undefined constant status - assumed 'status' /var/www/html/maicai/Application/Runtime/Cache/Admin/4ed4a576126241fa45d7709f9e076116.php 第 135 行.
NOTIC: [8] Use of undefined constant status - assumed 'status' /var/www/html/maicai/Application/Runtime/Cache/Admin/4ed4a576126241fa45d7709f9e076116.php 第 132 行.
NOTIC: [8] Use of undefined constant status - assumed 'status' /var/www/html/maicai/Application/Runtime/Cache/Admin/4ed4a576126241fa45d7709f9e076116.php 第 132 行.
NOTIC: [8] Use of undefined constant status - assumed 'status' /var/www/html/maicai/Application/Runtime/Cache/Admin/4ed4a576126241fa45d7709f9e076116.php 第 135 行.
NOTIC: [8] Use of undefined constant status - assumed 'status' /var/www/html/maicai/Application/Runtime/Cache/Admin/4ed4a576126241fa45d7709f9e076116.php 第 132 行.
NOTIC: [8] Use of undefined constant status - assumed 'status' /var/www/html/maicai/Application/Runtime/Cache/Admin/4ed4a576126241fa45d7709f9e076116.php 第 132 行.
NOTIC: [8] Use of undefined constant status - assumed 'status' /var/www/html/maicai/Application/Runtime/Cache/Admin/4ed4a576126241fa45d7709f9e076116.php 第 135 行.
INFO: Run Behavior\ParseTemplateBehavior [ RunTime:0.008037s ]
INFO: [ view_parse ] --END-- [ RunTime:0.008069s ]
INFO: [ view_filter ] --START--
INFO: Run Behavior\WriteHtmlCacheBehavior [ RunTime:0.000108s ]
INFO: Run Behavior\TokenBuildBehavior [ RunTime:0.000251s ]
INFO: [ view_filter ] --END-- [ RunTime:0.000411s ]
INFO: [ app_end ] --START--
INFO: Run Behavior\ShowPageTraceBehavior [ RunTime:0.000333s ]
INFO: [ app_end ] --END-- [ RunTime:0.000368s ]

[ 2018-03-08T12:00:27+08:00 ] 116.20.78.134 /Admin/System/index
INFO: [ app_init ] --START--
INFO: Run Behavior\BuildLiteBehavior [ RunTime:0.000015s ]
INFO: [ app_init ] --END-- [ RunTime:0.000275s ]
INFO: [ app_begin ] --START--
INFO: Run Behavior\ReadHtmlCacheBehavior [ RunTime:0.000329s ]
INFO: [ app_begin ] --END-- [ RunTime:0.000370s ]
SQL: SHOW COLUMNS FROM `ty_config` [ RunTime:0.0007s ]
SQL: SELECT * FROM `ty_config`  [ RunTime:0.0002s ]
INFO: [ view_begin ] --START--
INFO: Run Home\Behaviors\testBehavior [ RunTime:0.000192s ]
INFO: [ view_begin ] --END-- [ RunTime:0.000233s ]
INFO: [ view_parse ] --START--
INFO: [ template_filter ] --START--
INFO: Run Behavior\ContentReplaceBehavior [ RunTime:0.000046s ]
INFO: [ template_filter ] --END-- [ RunTime:0.000085s ]
INFO: Run Behavior\ParseTemplateBehavior [ RunTime:0.010898s ]
INFO: [ view_parse ] --END-- [ RunTime:0.010942s ]
INFO: [ view_filter ] --START--
INFO: Run Behavior\WriteHtmlCacheBehavior [ RunTime:0.000139s ]
INFO: Run Behavior\TokenBuildBehavior [ RunTime:0.000257s ]
INFO: [ view_filter ] --END-- [ RunTime:0.000475s ]
INFO: [ app_end ] --START--
INFO: Run Behavior\ShowPageTraceBehavior [ RunTime:0.000456s ]
INFO: [ app_end ] --END-- [ RunTime:0.000506s ]

[ 2018-03-08T12:00:27+08:00 ] 116.20.78.134 /index.php?m=Admin&c=Api&a=getRegion&level=1&parent_id=0
INFO: [ app_init ] --START--
INFO: Run Behavior\BuildLiteBehavior [ RunTime:0.000011s ]
INFO: [ app_init ] --END-- [ RunTime:0.000234s ]
INFO: [ app_begin ] --START--
INFO: Run Behavior\ReadHtmlCacheBehavior [ RunTime:0.000401s ]
INFO: [ app_begin ] --END-- [ RunTime:0.000456s ]
SQL: SHOW COLUMNS FROM `ty_config` [ RunTime:0.0007s ]
SQL: SELECT * FROM `ty_config`  [ RunTime:0.0002s ]
NOTIC: [8] Undefined index: admin/api /var/www/html/maicai/Application/Admin/Common/function.php 第 70 行.
NOTIC: [8] Undefined index: admin/api /var/www/html/maicai/Application/Admin/Common/function.php 第 71 行.
SQL: SHOW COLUMNS FROM `ty_region` [ RunTime:0.0006s ]
SQL: SELECT * FROM `ty_region` WHERE ( parent_id=0 )  [ RunTime:0.0002s ]
INFO: [ app_end ] --START--
INFO: Run Behavior\ShowPageTraceBehavior [ RunTime:0.000392s ]
INFO: [ app_end ] --END-- [ RunTime:0.000435s ]

[ 2018-03-08T12:00:38+08:00 ] 116.20.78.134 /Admin/System/index/inc_type/basic
INFO: [ app_init ] --START--
INFO: Run Behavior\BuildLiteBehavior [ RunTime:0.000011s ]
INFO: [ app_init ] --END-- [ RunTime:0.000234s ]
INFO: [ app_begin ] --START--
INFO: Run Behavior\ReadHtmlCacheBehavior [ RunTime:0.000302s ]
INFO: [ app_begin ] --END-- [ RunTime:0.000343s ]
SQL: SHOW COLUMNS FROM `ty_config` [ RunTime:0.0006s ]
SQL: SELECT * FROM `ty_config`  [ RunTime:0.0002s ]
INFO: [ view_begin ] --START--
INFO: Run Home\Behaviors\testBehavior [ RunTime:0.000167s ]
INFO: [ view_begin ] --END-- [ RunTime:0.000215s ]
INFO: [ view_parse ] --START--
INFO: [ template_filter ] --START--
INFO: Run Behavior\ContentReplaceBehavior [ RunTime:0.000053s ]
INFO: [ template_filter ] --END-- [ RunTime:0.000090s ]
NOTIC: [8] Use of undefined constant file_size - assumed 'file_size' /var/www/html/maicai/Application/Runtime/Cache/Admin/dd180a00c48425e3c711579b566d9ec4.php 第 115 行.
NOTIC: [8] Use of undefined constant file_size - assumed 'file_size' /var/www/html/maicai/Application/Runtime/Cache/Admin/dd180a00c48425e3c711579b566d9ec4.php 第 116 行.
NOTIC: [8] Use of undefined constant file_size - assumed 'file_size' /var/www/html/maicai/Application/Runtime/Cache/Admin/dd180a00c48425e3c711579b566d9ec4.php 第 117 行.
NOTIC: [8] Use of undefined constant file_size - assumed 'file_size' /var/www/html/maicai/Application/Runtime/Cache/Admin/dd180a00c48425e3c711579b566d9ec4.php 第 118 行.
NOTIC: [8] Use of undefined constant file_size - assumed 'file_size' /var/www/html/maicai/Application/Runtime/Cache/Admin/dd180a00c48425e3c711579b566d9ec4.php 第 119 行.
NOTIC: [8] Use of undefined constant file_size - assumed 'file_size' /var/www/html/maicai/Application/Runtime/Cache/Admin/dd180a00c48425e3c711579b566d9ec4.php 第 120 行.
NOTIC: [8] Use of undefined constant file_size - assumed 'file_size' /var/www/html/maicai/Application/Runtime/Cache/Admin/dd180a00c48425e3c711579b566d9ec4.php 第 121 行.
NOTIC: [8] Use of undefined constant is_remind - assumed 'is_remind' /var/www/html/maicai/Application/Runtime/Cache/Admin/dd180a00c48425e3c711579b566d9ec4.php 第 147 行.
NOTIC: [8] Use of undefined constant is_remind - assumed 'is_remind' /var/www/html/maicai/Application/Runtime/Cache/Admin/dd180a00c48425e3c711579b566d9ec4.php 第 148 行.
NOTIC: [8] Use of undefined constant app_test - assumed 'app_test' /var/www/html/maicai/Application/Runtime/Cache/Admin/dd180a00c48425e3c711579b566d9ec4.php 第 172 行.
NOTIC: [8] Use of undefined constant app_test - assumed 'app_test' /var/www/html/maicai/Application/Runtime/Cache/Admin/dd180a00c48425e3c711579b566d9ec4.php 第 173 行.
NOTIC: [8] Use of undefined constant distributor - assumed 'distributor' /var/www/html/maicai/Application/Runtime/Cache/Admin/dd180a00c48425e3c711579b566d9ec4.php 第 187 行.
NOTIC: [8] Use of undefined constant distributor - assumed 'distributor' /var/www/html/maicai/Application/Runtime/Cache/Admin/dd180a00c48425e3c711579b566d9ec4.php 第 188 行.
NOTIC: [8] Undefined index: classa /var/www/html/maicai/Application/Runtime/Cache/Admin/dd180a00c48425e3c711579b566d9ec4.php 第 195 行.
NOTIC: [8] Undefined index: classb /var/www/html/maicai/Application/Runtime/Cache/Admin/dd180a00c48425e3c711579b566d9ec4.php 第 202 行.
NOTIC: [8] Undefined index: classc /var/www/html/maicai/Application/Runtime/Cache/Admin/dd180a00c48425e3c711579b566d9ec4.php 第 209 行.
INFO: Run Behavior\ParseTemplateBehavior [ RunTime:0.009653s ]
INFO: [ view_parse ] --END-- [ RunTime:0.009686s ]
INFO: [ view_filter ] --START--
INFO: Run Behavior\WriteHtmlCacheBehavior [ RunTime:0.000102s ]
INFO: Run Behavior\TokenBuildBehavior [ RunTime:0.000186s ]
INFO: [ view_filter ] --END-- [ RunTime:0.000340s ]
INFO: [ app_end ] --START--
INFO: Run Behavior\ShowPageTraceBehavior [ RunTime:0.000300s ]
INFO: [ app_end ] --END-- [ RunTime:0.000333s ]

[ 2018-03-08T12:00:38+08:00 ] 116.20.78.134 /index.php?m=Admin&c=Api&a=getRegion&level=1&parent_id=0
INFO: [ app_init ] --START--
INFO: Run Behavior\BuildLiteBehavior [ RunTime:0.000016s ]
INFO: [ app_init ] --END-- [ RunTime:0.000354s ]
INFO: [ app_begin ] --START--
INFO: Run Behavior\ReadHtmlCacheBehavior [ RunTime:0.000380s ]
INFO: [ app_begin ] --END-- [ RunTime:0.000460s ]
SQL: SHOW COLUMNS FROM `ty_config` [ RunTime:0.0008s ]
SQL: SELECT * FROM `ty_config`  [ RunTime:0.0003s ]
NOTIC: [8] Undefined index: admin/api /var/www/html/maicai/Application/Admin/Common/function.php 第 70 行.
NOTIC: [8] Undefined index: admin/api /var/www/html/maicai/Application/Admin/Common/function.php 第 71 行.
SQL: SHOW COLUMNS FROM `ty_region` [ RunTime:0.0005s ]
SQL: SELECT * FROM `ty_region` WHERE ( parent_id=0 )  [ RunTime:0.0001s ]
INFO: [ app_end ] --START--
INFO: Run Behavior\ShowPageTraceBehavior [ RunTime:0.000305s ]
INFO: [ app_end ] --END-- [ RunTime:0.000342s ]

