[ 2018-02-05T16:46:50+08:00 ] 113.69.40.220 /admin
INFO: [ app_init ] --START--
INFO: Run Behavior\BuildLiteBehavior [ RunTime:0.000012s ]
INFO: [ app_init ] --END-- [ RunTime:0.000234s ]
INFO: [ app_begin ] --START--
INFO: Run Behavior\ReadHtmlCacheBehavior [ RunTime:0.000333s ]
INFO: [ app_begin ] --END-- [ RunTime:0.000374s ]
INFO: [ view_begin ] --START--
INFO: Run Home\Behaviors\testBehavior [ RunTime:0.002619s ]
INFO: [ view_begin ] --END-- [ RunTime:0.002660s ]
INFO: [ view_parse ] --START--
INFO: [ template_filter ] --START--
INFO: Run Behavior\ContentReplaceBehavior [ RunTime:0.000031s ]
INFO: [ template_filter ] --END-- [ RunTime:0.000072s ]
INFO: Run Behavior\ParseTemplateBehavior [ RunTime:0.010024s ]
INFO: [ view_parse ] --END-- [ RunTime:0.010062s ]
INFO: [ view_filter ] --START--
INFO: Run Behavior\WriteHtmlCacheBehavior [ RunTime:0.000668s ]
INFO: Run Behavior\TokenBuildBehavior [ RunTime:0.000748s ]
INFO: [ view_filter ] --END-- [ RunTime:0.001473s ]

[ 2018-02-05T16:46:52+08:00 ] 113.69.40.220 /Admin/Admin/login
INFO: [ app_init ] --START--
INFO: Run Behavior\BuildLiteBehavior [ RunTime:0.000014s ]
INFO: [ app_init ] --END-- [ RunTime:0.000258s ]
INFO: [ app_begin ] --START--
INFO: Run Behavior\ReadHtmlCacheBehavior [ RunTime:0.000298s ]
INFO: [ app_begin ] --END-- [ RunTime:0.000338s ]
SQL: SHOW COLUMNS FROM `ty_config` [ RunTime:0.0005s ]
SQL: SELECT * FROM `ty_config`  [ RunTime:0.0009s ]
NOTIC: [8] Undefined index: login /var/www/html/maicai/Application/Admin/Common/function.php 第 71 行.
INFO: [ view_begin ] --START--
INFO: Run Home\Behaviors\testBehavior [ RunTime:0.000151s ]
INFO: [ view_begin ] --END-- [ RunTime:0.000187s ]
INFO: [ view_parse ] --START--
INFO: [ template_filter ] --START--
INFO: Run Behavior\ContentReplaceBehavior [ RunTime:0.000038s ]
INFO: [ template_filter ] --END-- [ RunTime:0.000082s ]
INFO: Run Behavior\ParseTemplateBehavior [ RunTime:0.007746s ]
INFO: [ view_parse ] --END-- [ RunTime:0.007781s ]
INFO: [ view_filter ] --START--
INFO: Run Behavior\WriteHtmlCacheBehavior [ RunTime:0.000098s ]
INFO: Run Behavior\TokenBuildBehavior [ RunTime:0.000220s ]
INFO: [ view_filter ] --END-- [ RunTime:0.000378s ]
INFO: [ app_end ] --START--
INFO: Run Behavior\ShowPageTraceBehavior [ RunTime:0.000345s ]
INFO: [ app_end ] --END-- [ RunTime:0.000381s ]

[ 2018-02-05T16:46:52+08:00 ] 113.69.40.220 /Admin/Admin/vertify
INFO: [ app_init ] --START--
INFO: Run Behavior\BuildLiteBehavior [ RunTime:0.000013s ]
INFO: [ app_init ] --END-- [ RunTime:0.000228s ]
INFO: [ app_begin ] --START--
INFO: Run Behavior\ReadHtmlCacheBehavior [ RunTime:0.000299s ]
INFO: [ app_begin ] --END-- [ RunTime:0.000354s ]
SQL: SHOW COLUMNS FROM `ty_config` [ RunTime:0.0005s ]
SQL: SELECT * FROM `ty_config`  [ RunTime:0.0002s ]
NOTIC: [8] Undefined index: vertify /var/www/html/maicai/Application/Admin/Common/function.php 第 71 行.
INFO: [ app_end ] --START--
INFO: Run Behavior\ShowPageTraceBehavior [ RunTime:0.000333s ]
INFO: [ app_end ] --END-- [ RunTime:0.000379s ]

[ 2018-02-05T16:46:58+08:00 ] 113.69.40.220 /index.php?m=Admin&c=Admin&a=login&t=0.3406858404514712
INFO: [ app_init ] --START--
INFO: Run Behavior\BuildLiteBehavior [ RunTime:0.000011s ]
INFO: [ app_init ] --END-- [ RunTime:0.000229s ]
INFO: [ app_begin ] --START--
INFO: Run Behavior\ReadHtmlCacheBehavior [ RunTime:0.000305s ]
INFO: [ app_begin ] --END-- [ RunTime:0.000343s ]
SQL: SHOW COLUMNS FROM `ty_config` [ RunTime:0.0007s ]
SQL: SELECT * FROM `ty_config`  [ RunTime:0.0003s ]
NOTIC: [8] Undefined index: login /var/www/html/maicai/Application/Admin/Common/function.php 第 71 行.
SQL: SHOW COLUMNS FROM `ty_admin` [ RunTime:0.0037s ]
SQL: SELECT * FROM `ty_admin` INNER JOIN ty_admin_role ON ty_admin.role_id=ty_admin_role.role_id  WHERE `user_name` = 'admin' AND `password` = '519475228fe35ad067744465c42a19b2' LIMIT 1   [ RunTime:0.0025s ]
SQL: SHOW COLUMNS FROM `ty_admin_log` [ RunTime:0.0017s ]
SQL: SELECT `log_time` FROM `ty_admin_log` WHERE ( admin_id = 1 and log_info = '后台登录' ) ORDER BY log_id desc LIMIT 1   [ RunTime:0.0011s ]
SQL: INSERT INTO `ty_admin_log` (`log_time`,`admin_id`,`log_info`,`log_ip`,`log_url`,`log_type`) VALUES ('1517820418','1','后台登录','113.69.40.220','/Admin/Admin/login','0') [ RunTime:0.0002s ]

[ 2018-02-05T16:46:58+08:00 ] 113.69.40.220 /Admin/Index/index
INFO: [ app_init ] --START--
INFO: Run Behavior\BuildLiteBehavior [ RunTime:0.000010s ]
INFO: [ app_init ] --END-- [ RunTime:0.000231s ]
INFO: [ app_begin ] --START--
INFO: Run Behavior\ReadHtmlCacheBehavior [ RunTime:0.000310s ]
INFO: [ app_begin ] --END-- [ RunTime:0.000363s ]
SQL: SHOW COLUMNS FROM `ty_config` [ RunTime:0.0006s ]
SQL: SELECT * FROM `ty_config`  [ RunTime:0.0002s ]
SQL: SHOW COLUMNS FROM `ty_admin` [ RunTime:0.0007s ]
SQL: SELECT * FROM `ty_admin` WHERE ( admin_id=1 ) LIMIT 1   [ RunTime:0.0002s ]
SQL: SHOW COLUMNS FROM `ty_order` [ RunTime:0.0044s ]
SQL: SELECT COUNT(*) AS tp_count FROM `ty_order` WHERE ( order_status=0 and (pay_status=1 or pay_code='cod') ) LIMIT 1   [ RunTime:0.0008s ]
INFO: [ view_begin ] --START--
INFO: Run Home\Behaviors\testBehavior [ RunTime:0.000161s ]
INFO: [ view_begin ] --END-- [ RunTime:0.000200s ]
INFO: [ view_parse ] --START--
INFO: [ template_filter ] --START--
INFO: Run Behavior\ContentReplaceBehavior [ RunTime:0.000063s ]
INFO: [ template_filter ] --END-- [ RunTime:0.000104s ]
NOTIC: [8] Undefined variable: upgradeMsg /var/www/html/maicai/Application/Runtime/Cache/Admin/b595b808c2ebeeeb0478ffc30bb4e87a.php 第 50 行.
NOTIC: [8] Undefined variable: upgradeMsg /var/www/html/maicai/Application/Runtime/Cache/Admin/b595b808c2ebeeeb0478ffc30bb4e87a.php 第 53 行.
INFO: Run Behavior\ParseTemplateBehavior [ RunTime:0.014283s ]
INFO: [ view_parse ] --END-- [ RunTime:0.014316s ]
INFO: [ view_filter ] --START--
INFO: Run Behavior\WriteHtmlCacheBehavior [ RunTime:0.000100s ]
INFO: Run Behavior\TokenBuildBehavior [ RunTime:0.000362s ]
INFO: [ view_filter ] --END-- [ RunTime:0.000516s ]
INFO: [ app_end ] --START--
INFO: Run Behavior\ShowPageTraceBehavior [ RunTime:0.000320s ]
INFO: [ app_end ] --END-- [ RunTime:0.000357s ]

[ 2018-02-05T16:46:59+08:00 ] 113.69.40.220 /Admin/Index/welcome
INFO: [ app_init ] --START--
INFO: Run Behavior\BuildLiteBehavior [ RunTime:0.000011s ]
INFO: [ app_init ] --END-- [ RunTime:0.000247s ]
INFO: [ app_begin ] --START--
INFO: Run Behavior\ReadHtmlCacheBehavior [ RunTime:0.000316s ]
INFO: [ app_begin ] --END-- [ RunTime:0.000355s ]
SQL: SHOW COLUMNS FROM `ty_config` [ RunTime:0.0006s ]
SQL: SELECT * FROM `ty_config`  [ RunTime:0.0002s ]
NOTIC: [8] Undefined index: welcome /var/www/html/maicai/Application/Admin/Common/function.php 第 71 行.
SQL: SELECT VERSION() as version [ RunTime:0.0002s ]
NOTIC: [8] Undefined index: version /var/www/html/maicai/Application/Admin/Controller/IndexController.class.php 第 65 行.
SQL: SHOW COLUMNS FROM `ty_order` [ RunTime:0.0014s ]
SQL: SELECT COUNT(*) AS tp_count FROM `ty_order` WHERE ( order_status=0 and (pay_status=1 or pay_code='cod') ) LIMIT 1   [ RunTime:0.0001s ]
SQL: SELECT COUNT(*) AS tp_count FROM `ty_order` WHERE ( add_time>1517734019 ) LIMIT 1   [ RunTime:0.0002s ]
SQL: SHOW COLUMNS FROM `ty_goods` [ RunTime:0.0010s ]
SQL: SELECT COUNT(*) AS tp_count FROM `ty_goods` WHERE ( 1=1 ) LIMIT 1   [ RunTime:0.0001s ]
SQL: SHOW COLUMNS FROM `ty_article` [ RunTime:0.0007s ]
SQL: SELECT COUNT(*) AS tp_count FROM `ty_article` WHERE ( 1=1 ) LIMIT 1   [ RunTime:0.0002s ]
SQL: SHOW COLUMNS FROM `ty_users` [ RunTime:0.0010s ]
SQL: SELECT COUNT(*) AS tp_count FROM `ty_users` WHERE ( 1=1 ) LIMIT 1   [ RunTime:0.0002s ]
SQL: SELECT COUNT(*) AS tp_count FROM `ty_users` WHERE ( last_login>1517734019 ) LIMIT 1   [ RunTime:0.0006s ]
SQL: SELECT COUNT(*) AS tp_count FROM `ty_users` WHERE ( reg_time>1517734019 ) LIMIT 1   [ RunTime:0.0006s ]
SQL: SHOW COLUMNS FROM `ty_comment` [ RunTime:0.0006s ]
SQL: SELECT COUNT(*) AS tp_count FROM `ty_comment` WHERE ( is_show=0 ) LIMIT 1   [ RunTime:0.0002s ]
SQL: SHOW COLUMNS FROM `ty_store_apply` [ RunTime:0.0039s ]
SQL: SELECT COUNT(*) AS tp_count FROM `ty_store_apply` WHERE ( apply_state=0 ) LIMIT 1   [ RunTime:0.0007s ]
SQL: SHOW COLUMNS FROM `ty_store_bind_class` [ RunTime:0.0013s ]
SQL: SELECT COUNT(*) AS tp_count FROM `ty_store_bind_class` WHERE ( state=0 ) LIMIT 1   [ RunTime:0.0002s ]
SQL: SHOW COLUMNS FROM `ty_brand` [ RunTime:0.0005s ]
SQL: SELECT COUNT(*) AS tp_count FROM `ty_brand` WHERE ( status=0 and store_id>0 ) LIMIT 1   [ RunTime:0.0002s ]
INFO: [ view_begin ] --START--
INFO: Run Home\Behaviors\testBehavior [ RunTime:0.000193s ]
INFO: [ view_begin ] --END-- [ RunTime:0.000233s ]
INFO: [ view_parse ] --START--
INFO: [ template_filter ] --START--
INFO: Run Behavior\ContentReplaceBehavior [ RunTime:0.000044s ]
INFO: [ template_filter ] --END-- [ RunTime:0.000083s ]
INFO: Run Behavior\ParseTemplateBehavior [ RunTime:0.010241s ]
INFO: [ view_parse ] --END-- [ RunTime:0.010285s ]
INFO: [ view_filter ] --START--
INFO: Run Behavior\WriteHtmlCacheBehavior [ RunTime:0.000113s ]
INFO: Run Behavior\TokenBuildBehavior [ RunTime:0.000224s ]
INFO: [ view_filter ] --END-- [ RunTime:0.000390s ]
INFO: [ app_end ] --START--
INFO: Run Behavior\ShowPageTraceBehavior [ RunTime:0.000308s ]
INFO: [ app_end ] --END-- [ RunTime:0.000357s ]

[ 2018-02-05T16:46:59+08:00 ] 113.69.40.220 /Admin/System/login_task
INFO: [ app_init ] --START--
INFO: Run Behavior\BuildLiteBehavior [ RunTime:0.000011s ]
INFO: [ app_init ] --END-- [ RunTime:0.000232s ]
INFO: [ app_begin ] --START--
INFO: Run Behavior\ReadHtmlCacheBehavior [ RunTime:0.000323s ]
INFO: [ app_begin ] --END-- [ RunTime:0.000361s ]
SQL: SHOW COLUMNS FROM `ty_config` [ RunTime:0.0004s ]
SQL: SELECT * FROM `ty_config`  [ RunTime:0.0002s ]
NOTIC: [8] Undefined index: login_task /var/www/html/maicai/Application/Admin/Common/function.php 第 71 行.
SQL: SHOW COLUMNS FROM `ty_cart` [ RunTime:0.0007s ]
SQL: DELETE FROM `ty_cart` WHERE ( user_id = 0 and  add_time < 1517816819 ) [ RunTime:0.0002s ]
SQL: SHOW COLUMNS FROM `ty_order` [ RunTime:0.0011s ]
SQL: SELECT `order_id` FROM `ty_order` WHERE ( order_status = 1 and shipping_status = 1 and (1517820419 - shipping_time) >  86400 )  [ RunTime:0.0002s ]
NOTIC: [2] Invalid argument supplied for foreach() /var/www/html/maicai/Application/Admin/Controller/SystemController.class.php 第 249 行.
INFO: [ app_end ] --START--
INFO: Run Behavior\ShowPageTraceBehavior [ RunTime:0.000322s ]
INFO: [ app_end ] --END-- [ RunTime:0.000362s ]

[ 2018-02-05T16:47:01+08:00 ] 113.69.40.220 /Admin/Courier/courier
INFO: [ app_init ] --START--
INFO: Run Behavior\BuildLiteBehavior [ RunTime:0.000012s ]
INFO: [ app_init ] --END-- [ RunTime:0.000226s ]
INFO: [ app_begin ] --START--
INFO: Run Behavior\ReadHtmlCacheBehavior [ RunTime:0.000295s ]
INFO: [ app_begin ] --END-- [ RunTime:0.000335s ]
SQL: SHOW COLUMNS FROM `ty_config` [ RunTime:0.0007s ]
SQL: SELECT * FROM `ty_config`  [ RunTime:0.0003s ]
NOTIC: [8] Undefined index: admin/courier /var/www/html/maicai/Application/Admin/Common/function.php 第 70 行.
NOTIC: [8] Undefined index: admin/courier /var/www/html/maicai/Application/Admin/Common/function.php 第 71 行.
SQL: SHOW COLUMNS FROM `ty_courier` [ RunTime:0.0023s ]
SQL: SELECT COUNT(*) AS tp_count FROM `ty_courier` LIMIT 1   [ RunTime:0.0002s ]
SQL: SELECT * FROM `ty_courier` ORDER BY last_login DESC LIMIT 0,10   [ RunTime:0.0051s ]
INFO: [ view_begin ] --START--
INFO: Run Home\Behaviors\testBehavior [ RunTime:0.000242s ]
INFO: [ view_begin ] --END-- [ RunTime:0.000298s ]
INFO: [ view_parse ] --START--
INFO: [ template_filter ] --START--
INFO: Run Behavior\ContentReplaceBehavior [ RunTime:0.000058s ]
INFO: [ template_filter ] --END-- [ RunTime:0.000113s ]
NOTIC: [8] Use of undefined constant last_login - assumed 'last_login' /var/www/html/maicai/Application/Runtime/Cache/Admin/9f2ae95ca1b40634006287dbaf05c5cb.php 第 136 行.
NOTIC: [8] Use of undefined constant status - assumed 'status' /var/www/html/maicai/Application/Runtime/Cache/Admin/9f2ae95ca1b40634006287dbaf05c5cb.php 第 142 行.
NOTIC: [8] Use of undefined constant last_login - assumed 'last_login' /var/www/html/maicai/Application/Runtime/Cache/Admin/9f2ae95ca1b40634006287dbaf05c5cb.php 第 136 行.
NOTIC: [8] Use of undefined constant status - assumed 'status' /var/www/html/maicai/Application/Runtime/Cache/Admin/9f2ae95ca1b40634006287dbaf05c5cb.php 第 142 行.
NOTIC: [8] Use of undefined constant last_login - assumed 'last_login' /var/www/html/maicai/Application/Runtime/Cache/Admin/9f2ae95ca1b40634006287dbaf05c5cb.php 第 136 行.
NOTIC: [8] Use of undefined constant status - assumed 'status' /var/www/html/maicai/Application/Runtime/Cache/Admin/9f2ae95ca1b40634006287dbaf05c5cb.php 第 142 行.
NOTIC: [8] Use of undefined constant last_login - assumed 'last_login' /var/www/html/maicai/Application/Runtime/Cache/Admin/9f2ae95ca1b40634006287dbaf05c5cb.php 第 136 行.
NOTIC: [8] Use of undefined constant status - assumed 'status' /var/www/html/maicai/Application/Runtime/Cache/Admin/9f2ae95ca1b40634006287dbaf05c5cb.php 第 142 行.
NOTIC: [8] Use of undefined constant last_login - assumed 'last_login' /var/www/html/maicai/Application/Runtime/Cache/Admin/9f2ae95ca1b40634006287dbaf05c5cb.php 第 136 行.
NOTIC: [8] Use of undefined constant status - assumed 'status' /var/www/html/maicai/Application/Runtime/Cache/Admin/9f2ae95ca1b40634006287dbaf05c5cb.php 第 142 行.
NOTIC: [8] Use of undefined constant last_login - assumed 'last_login' /var/www/html/maicai/Application/Runtime/Cache/Admin/9f2ae95ca1b40634006287dbaf05c5cb.php 第 136 行.
NOTIC: [8] Use of undefined constant status - assumed 'status' /var/www/html/maicai/Application/Runtime/Cache/Admin/9f2ae95ca1b40634006287dbaf05c5cb.php 第 142 行.
NOTIC: [8] Use of undefined constant last_login - assumed 'last_login' /var/www/html/maicai/Application/Runtime/Cache/Admin/9f2ae95ca1b40634006287dbaf05c5cb.php 第 136 行.
NOTIC: [8] Use of undefined constant status - assumed 'status' /var/www/html/maicai/Application/Runtime/Cache/Admin/9f2ae95ca1b40634006287dbaf05c5cb.php 第 142 行.
NOTIC: [8] Use of undefined constant last_login - assumed 'last_login' /var/www/html/maicai/Application/Runtime/Cache/Admin/9f2ae95ca1b40634006287dbaf05c5cb.php 第 136 行.
NOTIC: [8] Use of undefined constant status - assumed 'status' /var/www/html/maicai/Application/Runtime/Cache/Admin/9f2ae95ca1b40634006287dbaf05c5cb.php 第 142 行.
INFO: Run Behavior\ParseTemplateBehavior [ RunTime:0.012004s ]
INFO: [ view_parse ] --END-- [ RunTime:0.012056s ]
INFO: [ view_filter ] --START--
INFO: Run Behavior\WriteHtmlCacheBehavior [ RunTime:0.000116s ]
INFO: Run Behavior\TokenBuildBehavior [ RunTime:0.000283s ]
INFO: [ view_filter ] --END-- [ RunTime:0.000455s ]
INFO: [ app_end ] --START--
INFO: Run Behavior\ShowPageTraceBehavior [ RunTime:0.000349s ]
INFO: [ app_end ] --END-- [ RunTime:0.000389s ]

