[ 2018-01-19T13:39:32+08:00 ] 113.69.40.115 /Admin/Admin/login
INFO: [ app_init ] --START--
INFO: Run Behavior\BuildLiteBehavior [ RunTime:0.000011s ]
INFO: [ app_init ] --END-- [ RunTime:0.000228s ]
INFO: [ app_begin ] --START--
INFO: Run Behavior\ReadHtmlCacheBehavior [ RunTime:0.000327s ]
INFO: [ app_begin ] --END-- [ RunTime:0.000375s ]
SQL: SHOW COLUMNS FROM `ty_config` [ RunTime:0.0005s ]
SQL: SELECT * FROM `ty_config`  [ RunTime:0.0003s ]
NOTIC: [8] Undefined index: login /var/www/html/maicai/Application/Admin/Common/function.php 第 71 行.
INFO: [ view_begin ] --START--
INFO: Run Home\Behaviors\testBehavior [ RunTime:0.000136s ]
INFO: [ view_begin ] --END-- [ RunTime:0.000173s ]
INFO: [ view_parse ] --START--
INFO: [ template_filter ] --START--
INFO: Run Behavior\ContentReplaceBehavior [ RunTime:0.000033s ]
INFO: [ template_filter ] --END-- [ RunTime:0.000070s ]
INFO: Run Behavior\ParseTemplateBehavior [ RunTime:0.006892s ]
INFO: [ view_parse ] --END-- [ RunTime:0.006927s ]
INFO: [ view_filter ] --START--
INFO: Run Behavior\WriteHtmlCacheBehavior [ RunTime:0.000097s ]
INFO: Run Behavior\TokenBuildBehavior [ RunTime:0.000212s ]
INFO: [ view_filter ] --END-- [ RunTime:0.000358s ]
INFO: [ app_end ] --START--
INFO: Run Behavior\ShowPageTraceBehavior [ RunTime:0.000298s ]
INFO: [ app_end ] --END-- [ RunTime:0.000346s ]

[ 2018-01-19T13:39:32+08:00 ] 113.69.40.115 /Admin/Admin/vertify
INFO: [ app_init ] --START--
INFO: Run Behavior\BuildLiteBehavior [ RunTime:0.000017s ]
INFO: [ app_init ] --END-- [ RunTime:0.000376s ]
INFO: [ app_begin ] --START--
INFO: Run Behavior\ReadHtmlCacheBehavior [ RunTime:0.000300s ]
INFO: [ app_begin ] --END-- [ RunTime:0.000342s ]
SQL: SHOW COLUMNS FROM `ty_config` [ RunTime:0.0005s ]
SQL: SELECT * FROM `ty_config`  [ RunTime:0.0002s ]
NOTIC: [8] Undefined index: vertify /var/www/html/maicai/Application/Admin/Common/function.php 第 71 行.
INFO: [ app_end ] --START--
INFO: Run Behavior\ShowPageTraceBehavior [ RunTime:0.000516s ]
INFO: [ app_end ] --END-- [ RunTime:0.000577s ]

[ 2018-01-19T13:39:42+08:00 ] 113.69.40.115 /index.php?m=Admin&c=Admin&a=vertify&r=27
INFO: [ app_init ] --START--
INFO: Run Behavior\BuildLiteBehavior [ RunTime:0.000011s ]
INFO: [ app_init ] --END-- [ RunTime:0.000232s ]
INFO: [ app_begin ] --START--
INFO: Run Behavior\ReadHtmlCacheBehavior [ RunTime:0.000393s ]
INFO: [ app_begin ] --END-- [ RunTime:0.000434s ]
SQL: SHOW COLUMNS FROM `ty_config` [ RunTime:0.0005s ]
SQL: SELECT * FROM `ty_config`  [ RunTime:0.0002s ]
NOTIC: [8] Undefined index: vertify /var/www/html/maicai/Application/Admin/Common/function.php 第 71 行.
INFO: [ app_end ] --START--
INFO: Run Behavior\ShowPageTraceBehavior [ RunTime:0.000322s ]
INFO: [ app_end ] --END-- [ RunTime:0.000366s ]

[ 2018-01-19T13:39:45+08:00 ] 113.69.40.115 /index.php?m=Admin&c=Admin&a=login&t=0.6831972108564244
INFO: [ app_init ] --START--
INFO: Run Behavior\BuildLiteBehavior [ RunTime:0.000012s ]
INFO: [ app_init ] --END-- [ RunTime:0.000225s ]
INFO: [ app_begin ] --START--
INFO: Run Behavior\ReadHtmlCacheBehavior [ RunTime:0.000315s ]
INFO: [ app_begin ] --END-- [ RunTime:0.000353s ]
SQL: SHOW COLUMNS FROM `ty_config` [ RunTime:0.0007s ]
SQL: SELECT * FROM `ty_config`  [ RunTime:0.0003s ]
NOTIC: [8] Undefined index: login /var/www/html/maicai/Application/Admin/Common/function.php 第 71 行.
SQL: SHOW COLUMNS FROM `ty_admin` [ RunTime:0.0009s ]
SQL: SELECT * FROM `ty_admin` INNER JOIN ty_admin_role ON ty_admin.role_id=ty_admin_role.role_id  WHERE `user_name` = 'admin' AND `password` = '519475228fe35ad067744465c42a19b2' LIMIT 1   [ RunTime:0.0004s ]
SQL: SHOW COLUMNS FROM `ty_admin_log` [ RunTime:0.0008s ]
SQL: SELECT `log_time` FROM `ty_admin_log` WHERE ( admin_id = 1 and log_info = '后台登录' ) ORDER BY log_id desc LIMIT 1   [ RunTime:0.0002s ]
SQL: INSERT INTO `ty_admin_log` (`log_time`,`admin_id`,`log_info`,`log_ip`,`log_url`,`log_type`) VALUES ('1516340385','1','后台登录','113.69.40.115','/Admin/Admin/login','0') [ RunTime:0.0002s ]

[ 2018-01-19T13:39:45+08:00 ] 113.69.40.115 /Admin/Index/index
INFO: [ app_init ] --START--
INFO: Run Behavior\BuildLiteBehavior [ RunTime:0.000011s ]
INFO: [ app_init ] --END-- [ RunTime:0.000234s ]
INFO: [ app_begin ] --START--
INFO: Run Behavior\ReadHtmlCacheBehavior [ RunTime:0.000297s ]
INFO: [ app_begin ] --END-- [ RunTime:0.000337s ]
SQL: SHOW COLUMNS FROM `ty_config` [ RunTime:0.0005s ]
SQL: SELECT * FROM `ty_config`  [ RunTime:0.0002s ]
SQL: SHOW COLUMNS FROM `ty_admin` [ RunTime:0.0008s ]
SQL: SELECT * FROM `ty_admin` WHERE ( admin_id=1 ) LIMIT 1   [ RunTime:0.0003s ]
SQL: SHOW COLUMNS FROM `ty_order` [ RunTime:0.0014s ]
SQL: SELECT COUNT(*) AS tp_count FROM `ty_order` WHERE ( order_status=0 and (pay_status=1 or pay_code='cod') ) LIMIT 1   [ RunTime:0.0002s ]
INFO: [ view_begin ] --START--
INFO: Run Home\Behaviors\testBehavior [ RunTime:0.000175s ]
INFO: [ view_begin ] --END-- [ RunTime:0.000221s ]
INFO: [ view_parse ] --START--
INFO: [ template_filter ] --START--
INFO: Run Behavior\ContentReplaceBehavior [ RunTime:0.000052s ]
INFO: [ template_filter ] --END-- [ RunTime:0.000091s ]
NOTIC: [8] Undefined variable: upgradeMsg /var/www/html/maicai/Application/Runtime/Cache/Admin/b595b808c2ebeeeb0478ffc30bb4e87a.php 第 50 行.
NOTIC: [8] Undefined variable: upgradeMsg /var/www/html/maicai/Application/Runtime/Cache/Admin/b595b808c2ebeeeb0478ffc30bb4e87a.php 第 53 行.
INFO: Run Behavior\ParseTemplateBehavior [ RunTime:0.011987s ]
INFO: [ view_parse ] --END-- [ RunTime:0.012022s ]
INFO: [ view_filter ] --START--
INFO: Run Behavior\WriteHtmlCacheBehavior [ RunTime:0.000105s ]
INFO: Run Behavior\TokenBuildBehavior [ RunTime:0.000347s ]
INFO: [ view_filter ] --END-- [ RunTime:0.000508s ]
INFO: [ app_end ] --START--
INFO: Run Behavior\ShowPageTraceBehavior [ RunTime:0.000315s ]
INFO: [ app_end ] --END-- [ RunTime:0.000355s ]

[ 2018-01-19T13:39:45+08:00 ] 113.69.40.115 /Admin/Index/welcome
INFO: [ app_init ] --START--
INFO: Run Behavior\BuildLiteBehavior [ RunTime:0.000011s ]
INFO: [ app_init ] --END-- [ RunTime:0.000234s ]
INFO: [ app_begin ] --START--
INFO: Run Behavior\ReadHtmlCacheBehavior [ RunTime:0.000296s ]
INFO: [ app_begin ] --END-- [ RunTime:0.000337s ]
SQL: SHOW COLUMNS FROM `ty_config` [ RunTime:0.0005s ]
SQL: SELECT * FROM `ty_config`  [ RunTime:0.0002s ]
NOTIC: [8] Undefined index: welcome /var/www/html/maicai/Application/Admin/Common/function.php 第 71 行.
SQL: SELECT VERSION() as version [ RunTime:0.0001s ]
NOTIC: [8] Undefined index: version /var/www/html/maicai/Application/Admin/Controller/IndexController.class.php 第 65 行.
SQL: SHOW COLUMNS FROM `ty_order` [ RunTime:0.0014s ]
SQL: SELECT COUNT(*) AS tp_count FROM `ty_order` WHERE ( order_status=0 and (pay_status=1 or pay_code='cod') ) LIMIT 1   [ RunTime:0.0001s ]
SQL: SELECT COUNT(*) AS tp_count FROM `ty_order` WHERE ( add_time>1516253985 ) LIMIT 1   [ RunTime:0.0002s ]
SQL: SHOW COLUMNS FROM `ty_goods` [ RunTime:0.0011s ]
SQL: SELECT COUNT(*) AS tp_count FROM `ty_goods` WHERE ( 1=1 ) LIMIT 1   [ RunTime:0.0001s ]
SQL: SHOW COLUMNS FROM `ty_article` [ RunTime:0.0006s ]
SQL: SELECT COUNT(*) AS tp_count FROM `ty_article` WHERE ( 1=1 ) LIMIT 1   [ RunTime:0.0001s ]
SQL: SHOW COLUMNS FROM `ty_users` [ RunTime:0.0010s ]
SQL: SELECT COUNT(*) AS tp_count FROM `ty_users` WHERE ( 1=1 ) LIMIT 1   [ RunTime:0.0001s ]
SQL: SELECT COUNT(*) AS tp_count FROM `ty_users` WHERE ( last_login>1516253985 ) LIMIT 1   [ RunTime:0.0005s ]
SQL: SELECT COUNT(*) AS tp_count FROM `ty_users` WHERE ( reg_time>1516253985 ) LIMIT 1   [ RunTime:0.0005s ]
SQL: SHOW COLUMNS FROM `ty_comment` [ RunTime:0.0006s ]
SQL: SELECT COUNT(*) AS tp_count FROM `ty_comment` WHERE ( is_show=0 ) LIMIT 1   [ RunTime:0.0001s ]
SQL: SHOW COLUMNS FROM `ty_store_apply` [ RunTime:0.0017s ]
SQL: SELECT COUNT(*) AS tp_count FROM `ty_store_apply` WHERE ( apply_state=0 ) LIMIT 1   [ RunTime:0.0001s ]
SQL: SHOW COLUMNS FROM `ty_store_bind_class` [ RunTime:0.0006s ]
SQL: SELECT COUNT(*) AS tp_count FROM `ty_store_bind_class` WHERE ( state=0 ) LIMIT 1   [ RunTime:0.0002s ]
SQL: SHOW COLUMNS FROM `ty_brand` [ RunTime:0.0006s ]
SQL: SELECT COUNT(*) AS tp_count FROM `ty_brand` WHERE ( status=0 and store_id>0 ) LIMIT 1   [ RunTime:0.0001s ]
INFO: [ view_begin ] --START--
INFO: Run Home\Behaviors\testBehavior [ RunTime:0.000209s ]
INFO: [ view_begin ] --END-- [ RunTime:0.000259s ]
INFO: [ view_parse ] --START--
INFO: [ template_filter ] --START--
INFO: Run Behavior\ContentReplaceBehavior [ RunTime:0.000041s ]
INFO: [ template_filter ] --END-- [ RunTime:0.000078s ]
INFO: Run Behavior\ParseTemplateBehavior [ RunTime:0.007490s ]
INFO: [ view_parse ] --END-- [ RunTime:0.007527s ]
INFO: [ view_filter ] --START--
INFO: Run Behavior\WriteHtmlCacheBehavior [ RunTime:0.000098s ]
INFO: Run Behavior\TokenBuildBehavior [ RunTime:0.000218s ]
INFO: [ view_filter ] --END-- [ RunTime:0.000380s ]
INFO: [ app_end ] --START--
INFO: Run Behavior\ShowPageTraceBehavior [ RunTime:0.000324s ]
INFO: [ app_end ] --END-- [ RunTime:0.000367s ]

[ 2018-01-19T13:39:45+08:00 ] 113.69.40.115 /Admin/System/login_task
INFO: [ app_init ] --START--
INFO: Run Behavior\BuildLiteBehavior [ RunTime:0.000013s ]
INFO: [ app_init ] --END-- [ RunTime:0.000228s ]
INFO: [ app_begin ] --START--
INFO: Run Behavior\ReadHtmlCacheBehavior [ RunTime:0.000292s ]
INFO: [ app_begin ] --END-- [ RunTime:0.000330s ]
SQL: SHOW COLUMNS FROM `ty_config` [ RunTime:0.0006s ]
SQL: SELECT * FROM `ty_config`  [ RunTime:0.0002s ]
NOTIC: [8] Undefined index: login_task /var/www/html/maicai/Application/Admin/Common/function.php 第 71 行.
SQL: SHOW COLUMNS FROM `ty_cart` [ RunTime:0.0007s ]
SQL: DELETE FROM `ty_cart` WHERE ( user_id = 0 and  add_time < 1516336785 ) [ RunTime:0.0061s ]
SQL: SHOW COLUMNS FROM `ty_config` [ RunTime:0.0004s ]
SQL: SELECT * FROM `ty_config` WHERE ( inc_type='shopping' )  [ RunTime:0.0002s ]
SQL: SHOW COLUMNS FROM `ty_order` [ RunTime:0.0012s ]
SQL: SELECT `order_id` FROM `ty_order` WHERE ( order_status = 1 and shipping_status = 1 and (1516340385 - shipping_time) >  86400 )  [ RunTime:0.0002s ]
NOTIC: [2] Invalid argument supplied for foreach() /var/www/html/maicai/Application/Admin/Controller/SystemController.class.php 第 249 行.
INFO: [ app_end ] --START--
INFO: Run Behavior\ShowPageTraceBehavior [ RunTime:0.000342s ]
INFO: [ app_end ] --END-- [ RunTime:0.000377s ]

[ 2018-01-19T13:39:52+08:00 ] 113.69.40.115 /Admin/Goods/goodsList
INFO: [ app_init ] --START--
INFO: Run Behavior\BuildLiteBehavior [ RunTime:0.000017s ]
INFO: [ app_init ] --END-- [ RunTime:0.000299s ]
INFO: [ app_begin ] --START--
INFO: Run Behavior\ReadHtmlCacheBehavior [ RunTime:0.000420s ]
INFO: [ app_begin ] --END-- [ RunTime:0.000470s ]
SQL: SHOW COLUMNS FROM `ty_config` [ RunTime:0.0008s ]
SQL: SELECT * FROM `ty_config`  [ RunTime:0.0003s ]
SQL: SHOW COLUMNS FROM `ty_goods` [ RunTime:0.0013s ]
SQL: SHOW COLUMNS FROM `ty_brand` [ RunTime:0.0006s ]
SQL: SELECT * FROM `ty_brand`  [ RunTime:0.0002s ]
SQL: SELECT `id`,`cat_id2` FROM `ty_brand` WHERE ( name in (select `name` from `ty_brand` group by name having COUNT(id) > 1) )  [ RunTime:0.0002s ]
SQL: SHOW COLUMNS FROM `ty_goods_category` [ RunTime:0.0006s ]
SQL: SELECT `id`,`name` FROM `ty_goods_category` WHERE ( level = 1 )  [ RunTime:0.0002s ]
SQL: SHOW COLUMNS FROM `ty_goods_category` [ RunTime:0.0006s ]
SQL: SELECT `id`,`name`,`parent_id`,`level` FROM `ty_goods_category`  [ RunTime:0.0002s ]
INFO: [ view_begin ] --START--
INFO: Run Home\Behaviors\testBehavior [ RunTime:0.000180s ]
INFO: [ view_begin ] --END-- [ RunTime:0.000226s ]
INFO: [ view_parse ] --START--
INFO: [ template_filter ] --START--
INFO: Run Behavior\ContentReplaceBehavior [ RunTime:0.000055s ]
INFO: [ template_filter ] --END-- [ RunTime:0.000100s ]
INFO: Run Behavior\ParseTemplateBehavior [ RunTime:0.007283s ]
INFO: [ view_parse ] --END-- [ RunTime:0.007324s ]
INFO: [ view_filter ] --START--
INFO: Run Behavior\WriteHtmlCacheBehavior [ RunTime:0.000102s ]
INFO: Run Behavior\TokenBuildBehavior [ RunTime:0.000263s ]
INFO: [ view_filter ] --END-- [ RunTime:0.000424s ]
INFO: [ app_end ] --START--
INFO: Run Behavior\ShowPageTraceBehavior [ RunTime:0.000318s ]
INFO: [ app_end ] --END-- [ RunTime:0.000355s ]

[ 2018-01-19T13:39:53+08:00 ] 113.69.40.115 /index.php?m=Admin&c=goods&a=ajaxGoodsList&p=1
INFO: [ app_init ] --START--
INFO: Run Behavior\BuildLiteBehavior [ RunTime:0.000011s ]
INFO: [ app_init ] --END-- [ RunTime:0.000232s ]
INFO: [ app_begin ] --START--
INFO: Run Behavior\ReadHtmlCacheBehavior [ RunTime:0.000292s ]
INFO: [ app_begin ] --END-- [ RunTime:0.000331s ]
SQL: SHOW COLUMNS FROM `ty_config` [ RunTime:0.0006s ]
SQL: SELECT * FROM `ty_config`  [ RunTime:0.0002s ]
NOTIC: [8] Undefined index: ajaxGoodsList /var/www/html/maicai/Application/Admin/Common/function.php 第 71 行.
SQL: SHOW COLUMNS FROM `ty_goods` [ RunTime:0.0012s ]
SQL: SELECT COUNT(*) AS tp_count FROM `ty_goods` WHERE (  1 = 1  ) LIMIT 1   [ RunTime:0.0002s ]
SQL: SELECT * FROM `ty_goods` WHERE (  1 = 1  ) ORDER BY `goods_id` desc LIMIT 0,10   [ RunTime:0.0004s ]
SQL: SHOW COLUMNS FROM `ty_goods_category` [ RunTime:0.0006s ]
SQL: SELECT * FROM `ty_goods_category`  [ RunTime:0.0002s ]
INFO: [ view_begin ] --START--
INFO: Run Home\Behaviors\testBehavior [ RunTime:0.000159s ]
INFO: [ view_begin ] --END-- [ RunTime:0.000203s ]
INFO: [ view_parse ] --START--
INFO: [ template_filter ] --START--
INFO: Run Behavior\ContentReplaceBehavior [ RunTime:0.000051s ]
INFO: [ template_filter ] --END-- [ RunTime:0.000096s ]
NOTIC: [8] Use of undefined constant cat_id1 - assumed 'cat_id1' /var/www/html/maicai/Application/Runtime/Cache/Admin/904a25b5eb876e612ef13e8d5a7b0bef.php 第 53 行.
NOTIC: [8] Use of undefined constant name - assumed 'name' /var/www/html/maicai/Application/Runtime/Cache/Admin/904a25b5eb876e612ef13e8d5a7b0bef.php 第 53 行.
NOTIC: [8] Use of undefined constant is_recommend - assumed 'is_recommend' /var/www/html/maicai/Application/Runtime/Cache/Admin/904a25b5eb876e612ef13e8d5a7b0bef.php 第 56 行.
NOTIC: [8] Use of undefined constant is_new - assumed 'is_new' /var/www/html/maicai/Application/Runtime/Cache/Admin/904a25b5eb876e612ef13e8d5a7b0bef.php 第 59 行.
NOTIC: [8] Use of undefined constant is_hot - assumed 'is_hot' /var/www/html/maicai/Application/Runtime/Cache/Admin/904a25b5eb876e612ef13e8d5a7b0bef.php 第 62 行.
NOTIC: [8] Use of undefined constant is_on_sale - assumed 'is_on_sale' /var/www/html/maicai/Application/Runtime/Cache/Admin/904a25b5eb876e612ef13e8d5a7b0bef.php 第 66 行.
NOTIC: [8] Use of undefined constant is_on_sale - assumed 'is_on_sale' /var/www/html/maicai/Application/Runtime/Cache/Admin/904a25b5eb876e612ef13e8d5a7b0bef.php 第 67 行.
NOTIC: [8] Use of undefined constant goods_state - assumed 'goods_state' /var/www/html/maicai/Application/Runtime/Cache/Admin/904a25b5eb876e612ef13e8d5a7b0bef.php 第 70 行.
NOTIC: [8] Use of undefined constant goods_state - assumed 'goods_state' /var/www/html/maicai/Application/Runtime/Cache/Admin/904a25b5eb876e612ef13e8d5a7b0bef.php 第 71 行.
NOTIC: [8] Use of undefined constant goods_state - assumed 'goods_state' /var/www/html/maicai/Application/Runtime/Cache/Admin/904a25b5eb876e612ef13e8d5a7b0bef.php 第 72 行.
NOTIC: [8] Use of undefined constant goods_state - assumed 'goods_state' /var/www/html/maicai/Application/Runtime/Cache/Admin/904a25b5eb876e612ef13e8d5a7b0bef.php 第 73 行.
NOTIC: [8] Use of undefined constant goods_id - assumed 'goods_id' /var/www/html/maicai/Application/Runtime/Cache/Admin/904a25b5eb876e612ef13e8d5a7b0bef.php 第 76 行.
NOTIC: [8] Use of undefined constant cat_id1 - assumed 'cat_id1' /var/www/html/maicai/Application/Runtime/Cache/Admin/904a25b5eb876e612ef13e8d5a7b0bef.php 第 53 行.
NOTIC: [8] Use of undefined constant name - assumed 'name' /var/www/html/maicai/Application/Runtime/Cache/Admin/904a25b5eb876e612ef13e8d5a7b0bef.php 第 53 行.
NOTIC: [8] Use of undefined constant is_recommend - assumed 'is_recommend' /var/www/html/maicai/Application/Runtime/Cache/Admin/904a25b5eb876e612ef13e8d5a7b0bef.php 第 56 行.
NOTIC: [8] Use of undefined constant is_new - assumed 'is_new' /var/www/html/maicai/Application/Runtime/Cache/Admin/904a25b5eb876e612ef13e8d5a7b0bef.php 第 59 行.
NOTIC: [8] Use of undefined constant is_hot - assumed 'is_hot' /var/www/html/maicai/Application/Runtime/Cache/Admin/904a25b5eb876e612ef13e8d5a7b0bef.php 第 62 行.
NOTIC: [8] Use of undefined constant is_on_sale - assumed 'is_on_sale' /var/www/html/maicai/Application/Runtime/Cache/Admin/904a25b5eb876e612ef13e8d5a7b0bef.php 第 66 行.
NOTIC: [8] Use of undefined constant is_on_sale - assumed 'is_on_sale' /var/www/html/maicai/Application/Runtime/Cache/Admin/904a25b5eb876e612ef13e8d5a7b0bef.php 第 67 行.
NOTIC: [8] Use of undefined constant goods_state - assumed 'goods_state' /var/www/html/maicai/Application/Runtime/Cache/Admin/904a25b5eb876e612ef13e8d5a7b0bef.php 第 70 行.
NOTIC: [8] Use of undefined constant goods_state - assumed 'goods_state' /var/www/html/maicai/Application/Runtime/Cache/Admin/904a25b5eb876e612ef13e8d5a7b0bef.php 第 71 行.
NOTIC: [8] Use of undefined constant goods_state - assumed 'goods_state' /var/www/html/maicai/Application/Runtime/Cache/Admin/904a25b5eb876e612ef13e8d5a7b0bef.php 第 72 行.
NOTIC: [8] Use of undefined constant goods_state - assumed 'goods_state' /var/www/html/maicai/Application/Runtime/Cache/Admin/904a25b5eb876e612ef13e8d5a7b0bef.php 第 73 行.
NOTIC: [8] Use of undefined constant goods_id - assumed 'goods_id' /var/www/html/maicai/Application/Runtime/Cache/Admin/904a25b5eb876e612ef13e8d5a7b0bef.php 第 76 行.
NOTIC: [8] Use of undefined constant cat_id1 - assumed 'cat_id1' /var/www/html/maicai/Application/Runtime/Cache/Admin/904a25b5eb876e612ef13e8d5a7b0bef.php 第 53 行.
NOTIC: [8] Use of undefined constant name - assumed 'name' /var/www/html/maicai/Application/Runtime/Cache/Admin/904a25b5eb876e612ef13e8d5a7b0bef.php 第 53 行.
NOTIC: [8] Use of undefined constant is_recommend - assumed 'is_recommend' /var/www/html/maicai/Application/Runtime/Cache/Admin/904a25b5eb876e612ef13e8d5a7b0bef.php 第 56 行.
NOTIC: [8] Use of undefined constant is_new - assumed 'is_new' /var/www/html/maicai/Application/Runtime/Cache/Admin/904a25b5eb876e612ef13e8d5a7b0bef.php 第 59 行.
NOTIC: [8] Use of undefined constant is_hot - assumed 'is_hot' /var/www/html/maicai/Application/Runtime/Cache/Admin/904a25b5eb876e612ef13e8d5a7b0bef.php 第 62 行.
NOTIC: [8] Use of undefined constant is_on_sale - assumed 'is_on_sale' /var/www/html/maicai/Application/Runtime/Cache/Admin/904a25b5eb876e612ef13e8d5a7b0bef.php 第 66 行.
NOTIC: [8] Use of undefined constant is_on_sale - assumed 'is_on_sale' /var/www/html/maicai/Application/Runtime/Cache/Admin/904a25b5eb876e612ef13e8d5a7b0bef.php 第 67 行.
NOTIC: [8] Use of undefined constant goods_state - assumed 'goods_state' /var/www/html/maicai/Application/Runtime/Cache/Admin/904a25b5eb876e612ef13e8d5a7b0bef.php 第 70 行.
NOTIC: [8] Use of undefined constant goods_state - assumed 'goods_state' /var/www/html/maicai/Application/Runtime/Cache/Admin/904a25b5eb876e612ef13e8d5a7b0bef.php 第 71 行.
NOTIC: [8] Use of undefined constant goods_state - assumed 'goods_state' /var/www/html/maicai/Application/Runtime/Cache/Admin/904a25b5eb876e612ef13e8d5a7b0bef.php 第 72 行.
NOTIC: [8] Use of undefined constant goods_state - assumed 'goods_state' /var/www/html/maicai/Application/Runtime/Cache/Admin/904a25b5eb876e612ef13e8d5a7b0bef.php 第 73 行.
NOTIC: [8] Use of undefined constant goods_id - assumed 'goods_id' /var/www/html/maicai/Application/Runtime/Cache/Admin/904a25b5eb876e612ef13e8d5a7b0bef.php 第 76 行.
NOTIC: [8] Use of undefined constant cat_id1 - assumed 'cat_id1' /var/www/html/maicai/Application/Runtime/Cache/Admin/904a25b5eb876e612ef13e8d5a7b0bef.php 第 53 行.
NOTIC: [8] Use of undefined constant name - assumed 'name' /var/www/html/maicai/Application/Runtime/Cache/Admin/904a25b5eb876e612ef13e8d5a7b0bef.php 第 53 行.
NOTIC: [8] Use of undefined constant is_recommend - assumed 'is_recommend' /var/www/html/maicai/Application/Runtime/Cache/Admin/904a25b5eb876e612ef13e8d5a7b0bef.php 第 56 行.
NOTIC: [8] Use of undefined constant is_new - assumed 'is_new' /var/www/html/maicai/Application/Runtime/Cache/Admin/904a25b5eb876e612ef13e8d5a7b0bef.php 第 59 行.
NOTIC: [8] Use of undefined constant is_hot - assumed 'is_hot' /var/www/html/maicai/Application/Runtime/Cache/Admin/904a25b5eb876e612ef13e8d5a7b0bef.php 第 62 行.
NOTIC: [8] Use of undefined constant is_on_sale - assumed 'is_on_sale' /var/www/html/maicai/Application/Runtime/Cache/Admin/904a25b5eb876e612ef13e8d5a7b0bef.php 第 66 行.
NOTIC: [8] Use of undefined constant is_on_sale - assumed 'is_on_sale' /var/www/html/maicai/Application/Runtime/Cache/Admin/904a25b5eb876e612ef13e8d5a7b0bef.php 第 67 行.
NOTIC: [8] Use of undefined constant goods_state - assumed 'goods_state' /var/www/html/maicai/Application/Runtime/Cache/Admin/904a25b5eb876e612ef13e8d5a7b0bef.php 第 70 行.
NOTIC: [8] Use of undefined constant goods_state - assumed 'goods_state' /var/www/html/maicai/Application/Runtime/Cache/Admin/904a25b5eb876e612ef13e8d5a7b0bef.php 第 71 行.
NOTIC: [8] Use of undefined constant goods_state - assumed 'goods_state' /var/www/html/maicai/Application/Runtime/Cache/Admin/904a25b5eb876e612ef13e8d5a7b0bef.php 第 72 行.
NOTIC: [8] Use of undefined constant goods_state - assumed 'goods_state' /var/www/html/maicai/Application/Runtime/Cache/Admin/904a25b5eb876e612ef13e8d5a7b0bef.php 第 73 行.
NOTIC: [8] Use of undefined constant goods_id - assumed 'goods_id' /var/www/html/maicai/Application/Runtime/Cache/Admin/904a25b5eb876e612ef13e8d5a7b0bef.php 第 76 行.
NOTIC: [8] Use of undefined constant cat_id1 - assumed 'cat_id1' /var/www/html/maicai/Application/Runtime/Cache/Admin/904a25b5eb876e612ef13e8d5a7b0bef.php 第 53 行.
NOTIC: [8] Use of undefined constant name - assumed 'name' /var/www/html/maicai/Application/Runtime/Cache/Admin/904a25b5eb876e612ef13e8d5a7b0bef.php 第 53 行.
NOTIC: [8] Use of undefined constant is_recommend - assumed 'is_recommend' /var/www/html/maicai/Application/Runtime/Cache/Admin/904a25b5eb876e612ef13e8d5a7b0bef.php 第 56 行.
NOTIC: [8] Use of undefined constant is_new - assumed 'is_new' /var/www/html/maicai/Application/Runtime/Cache/Admin/904a25b5eb876e612ef13e8d5a7b0bef.php 第 59 行.
NOTIC: [8] Use of undefined constant is_hot - assumed 'is_hot' /var/www/html/maicai/Application/Runtime/Cache/Admin/904a25b5eb876e612ef13e8d5a7b0bef.php 第 62 行.
NOTIC: [8] Use of undefined constant is_on_sale - assumed 'is_on_sale' /var/www/html/maicai/Application/Runtime/Cache/Admin/904a25b5eb876e612ef13e8d5a7b0bef.php 第 66 行.
NOTIC: [8] Use of undefined constant is_on_sale - assumed 'is_on_sale' /var/www/html/maicai/Application/Runtime/Cache/Admin/904a25b5eb876e612ef13e8d5a7b0bef.php 第 67 行.
NOTIC: [8] Use of undefined constant goods_state - assumed 'goods_state' /var/www/html/maicai/Application/Runtime/Cache/Admin/904a25b5eb876e612ef13e8d5a7b0bef.php 第 70 行.
NOTIC: [8] Use of undefined constant goods_state - assumed 'goods_state' /var/www/html/maicai/Application/Runtime/Cache/Admin/904a25b5eb876e612ef13e8d5a7b0bef.php 第 71 行.
NOTIC: [8] Use of undefined constant goods_state - assumed 'goods_state' /var/www/html/maicai/Application/Runtime/Cache/Admin/904a25b5eb876e612ef13e8d5a7b0bef.php 第 72 行.
NOTIC: [8] Use of undefined constant goods_state - assumed 'goods_state' /var/www/html/maicai/Application/Runtime/Cache/Admin/904a25b5eb876e612ef13e8d5a7b0bef.php 第 73 行.
NOTIC: [8] Use of undefined constant goods_id - assumed 'goods_id' /var/www/html/maicai/Application/Runtime/Cache/Admin/904a25b5eb876e612ef13e8d5a7b0bef.php 第 76 行.
NOTIC: [8] Use of undefined constant cat_id1 - assumed 'cat_id1' /var/www/html/maicai/Application/Runtime/Cache/Admin/904a25b5eb876e612ef13e8d5a7b0bef.php 第 53 行.
NOTIC: [8] Use of undefined constant name - assumed 'name' /var/www/html/maicai/Application/Runtime/Cache/Admin/904a25b5eb876e612ef13e8d5a7b0bef.php 第 53 行.
NOTIC: [8] Use of undefined constant is_recommend - assumed 'is_recommend' /var/www/html/maicai/Application/Runtime/Cache/Admin/904a25b5eb876e612ef13e8d5a7b0bef.php 第 56 行.
NOTIC: [8] Use of undefined constant is_new - assumed 'is_new' /var/www/html/maicai/Application/Runtime/Cache/Admin/904a25b5eb876e612ef13e8d5a7b0bef.php 第 59 行.
NOTIC: [8] Use of undefined constant is_hot - assumed 'is_hot' /var/www/html/maicai/Application/Runtime/Cache/Admin/904a25b5eb876e612ef13e8d5a7b0bef.php 第 62 行.
NOTIC: [8] Use of undefined constant is_on_sale - assumed 'is_on_sale' /var/www/html/maicai/Application/Runtime/Cache/Admin/904a25b5eb876e612ef13e8d5a7b0bef.php 第 66 行.
NOTIC: [8] Use of undefined constant is_on_sale - assumed 'is_on_sale' /var/www/html/maicai/Application/Runtime/Cache/Admin/904a25b5eb876e612ef13e8d5a7b0bef.php 第 67 行.
NOTIC: [8] Use of undefined constant goods_state - assumed 'goods_state' /var/www/html/maicai/Application/Runtime/Cache/Admin/904a25b5eb876e612ef13e8d5a7b0bef.php 第 70 行.
NOTIC: [8] Use of undefined constant goods_state - assumed 'goods_state' /var/www/html/maicai/Application/Runtime/Cache/Admin/904a25b5eb876e612ef13e8d5a7b0bef.php 第 71 行.
NOTIC: [8] Use of undefined constant goods_state - assumed 'goods_state' /var/www/html/maicai/Application/Runtime/Cache/Admin/904a25b5eb876e612ef13e8d5a7b0bef.php 第 72 行.
NOTIC: [8] Use of undefined constant goods_state - assumed 'goods_state' /var/www/html/maicai/Application/Runtime/Cache/Admin/904a25b5eb876e612ef13e8d5a7b0bef.php 第 73 行.
NOTIC: [8] Use of undefined constant goods_id - assumed 'goods_id' /var/www/html/maicai/Application/Runtime/Cache/Admin/904a25b5eb876e612ef13e8d5a7b0bef.php 第 76 行.
NOTIC: [8] Use of undefined constant cat_id1 - assumed 'cat_id1' /var/www/html/maicai/Application/Runtime/Cache/Admin/904a25b5eb876e612ef13e8d5a7b0bef.php 第 53 行.
NOTIC: [8] Use of undefined constant name - assumed 'name' /var/www/html/maicai/Application/Runtime/Cache/Admin/904a25b5eb876e612ef13e8d5a7b0bef.php 第 53 行.
NOTIC: [8] Use of undefined constant is_recommend - assumed 'is_recommend' /var/www/html/maicai/Application/Runtime/Cache/Admin/904a25b5eb876e612ef13e8d5a7b0bef.php 第 56 行.
NOTIC: [8] Use of undefined constant is_new - assumed 'is_new' /var/www/html/maicai/Application/Runtime/Cache/Admin/904a25b5eb876e612ef13e8d5a7b0bef.php 第 59 行.
NOTIC: [8] Use of undefined constant is_hot - assumed 'is_hot' /var/www/html/maicai/Application/Runtime/Cache/Admin/904a25b5eb876e612ef13e8d5a7b0bef.php 第 62 行.
NOTIC: [8] Use of undefined constant is_on_sale - assumed 'is_on_sale' /var/www/html/maicai/Application/Runtime/Cache/Admin/904a25b5eb876e612ef13e8d5a7b0bef.php 第 66 行.
NOTIC: [8] Use of undefined constant is_on_sale - assumed 'is_on_sale' /var/www/html/maicai/Application/Runtime/Cache/Admin/904a25b5eb876e612ef13e8d5a7b0bef.php 第 67 行.
NOTIC: [8] Use of undefined constant goods_state - assumed 'goods_state' /var/www/html/maicai/Application/Runtime/Cache/Admin/904a25b5eb876e612ef13e8d5a7b0bef.php 第 70 行.
NOTIC: [8] Use of undefined constant goods_state - assumed 'goods_state' /var/www/html/maicai/Application/Runtime/Cache/Admin/904a25b5eb876e612ef13e8d5a7b0bef.php 第 71 行.
NOTIC: [8] Use of undefined constant goods_state - assumed 'goods_state' /var/www/html/maicai/Application/Runtime/Cache/Admin/904a25b5eb876e612ef13e8d5a7b0bef.php 第 72 行.
NOTIC: [8] Use of undefined constant goods_state - assumed 'goods_state' /var/www/html/maicai/Application/Runtime/Cache/Admin/904a25b5eb876e612ef13e8d5a7b0bef.php 第 73 行.
NOTIC: [8] Use of undefined constant goods_id - assumed 'goods_id' /var/www/html/maicai/Application/Runtime/Cache/Admin/904a25b5eb876e612ef13e8d5a7b0bef.php 第 76 行.
NOTIC: [8] Use of undefined constant cat_id1 - assumed 'cat_id1' /var/www/html/maicai/Application/Runtime/Cache/Admin/904a25b5eb876e612ef13e8d5a7b0bef.php 第 53 行.
NOTIC: [8] Use of undefined constant name - assumed 'name' /var/www/html/maicai/Application/Runtime/Cache/Admin/904a25b5eb876e612ef13e8d5a7b0bef.php 第 53 行.
NOTIC: [8] Use of undefined constant is_recommend - assumed 'is_recommend' /var/www/html/maicai/Application/Runtime/Cache/Admin/904a25b5eb876e612ef13e8d5a7b0bef.php 第 56 行.
NOTIC: [8] Use of undefined constant is_new - assumed 'is_new' /var/www/html/maicai/Application/Runtime/Cache/Admin/904a25b5eb876e612ef13e8d5a7b0bef.php 第 59 行.
NOTIC: [8] Use of undefined constant is_hot - assumed 'is_hot' /var/www/html/maicai/Application/Runtime/Cache/Admin/904a25b5eb876e612ef13e8d5a7b0bef.php 第 62 行.
NOTIC: [8] Use of undefined constant is_on_sale - assumed 'is_on_sale' /var/www/html/maicai/Application/Runtime/Cache/Admin/904a25b5eb876e612ef13e8d5a7b0bef.php 第 66 行.
NOTIC: [8] Use of undefined constant is_on_sale - assumed 'is_on_sale' /var/www/html/maicai/Application/Runtime/Cache/Admin/904a25b5eb876e612ef13e8d5a7b0bef.php 第 67 行.
NOTIC: [8] Use of undefined constant goods_state - assumed 'goods_state' /var/www/html/maicai/Application/Runtime/Cache/Admin/904a25b5eb876e612ef13e8d5a7b0bef.php 第 70 行.
NOTIC: [8] Use of undefined constant goods_state - assumed 'goods_state' /var/www/html/maicai/Application/Runtime/Cache/Admin/904a25b5eb876e612ef13e8d5a7b0bef.php 第 71 行.
NOTIC: [8] Use of undefined constant goods_state - assumed 'goods_state' /var/www/html/maicai/Application/Runtime/Cache/Admin/904a25b5eb876e612ef13e8d5a7b0bef.php 第 72 行.
NOTIC: [8] Use of undefined constant goods_state - assumed 'goods_state' /var/www/html/maicai/Application/Runtime/Cache/Admin/904a25b5eb876e612ef13e8d5a7b0bef.php 第 73 行.
NOTIC: [8] Use of undefined constant goods_id - assumed 'goods_id' /var/www/html/maicai/Application/Runtime/Cache/Admin/904a25b5eb876e612ef13e8d5a7b0bef.php 第 76 行.
NOTIC: [8] Use of undefined constant cat_id1 - assumed 'cat_id1' /var/www/html/maicai/Application/Runtime/Cache/Admin/904a25b5eb876e612ef13e8d5a7b0bef.php 第 53 行.
NOTIC: [8] Use of undefined constant name - assumed 'name' /var/www/html/maicai/Application/Runtime/Cache/Admin/904a25b5eb876e612ef13e8d5a7b0bef.php 第 53 行.
NOTIC: [8] Use of undefined constant is_recommend - assumed 'is_recommend' /var/www/html/maicai/Application/Runtime/Cache/Admin/904a25b5eb876e612ef13e8d5a7b0bef.php 第 56 行.
NOTIC: [8] Use of undefined constant is_new - assumed 'is_new' /var/www/html/maicai/Application/Runtime/Cache/Admin/904a25b5eb876e612ef13e8d5a7b0bef.php 第 59 行.
NOTIC: [8] Use of undefined constant is_hot - assumed 'is_hot' /var/www/html/maicai/Application/Runtime/Cache/Admin/904a25b5eb876e612ef13e8d5a7b0bef.php 第 62 行.
NOTIC: [8] Use of undefined constant is_on_sale - assumed 'is_on_sale' /var/www/html/maicai/Application/Runtime/Cache/Admin/904a25b5eb876e612ef13e8d5a7b0bef.php 第 66 行.
NOTIC: [8] Use of undefined constant is_on_sale - assumed 'is_on_sale' /var/www/html/maicai/Application/Runtime/Cache/Admin/904a25b5eb876e612ef13e8d5a7b0bef.php 第 67 行.
NOTIC: [8] Use of undefined constant goods_state - assumed 'goods_state' /var/www/html/maicai/Application/Runtime/Cache/Admin/904a25b5eb876e612ef13e8d5a7b0bef.php 第 70 行.
NOTIC: [8] Use of undefined constant goods_state - assumed 'goods_state' /var/www/html/maicai/Application/Runtime/Cache/Admin/904a25b5eb876e612ef13e8d5a7b0bef.php 第 71 行.
NOTIC: [8] Use of undefined constant goods_state - assumed 'goods_state' /var/www/html/maicai/Application/Runtime/Cache/Admin/904a25b5eb876e612ef13e8d5a7b0bef.php 第 72 行.
NOTIC: [8] Use of undefined constant goods_state - assumed 'goods_state' /var/www/html/maicai/Application/Runtime/Cache/Admin/904a25b5eb876e612ef13e8d5a7b0bef.php 第 73 行.
NOTIC: [8] Use of undefined constant goods_id - assumed 'goods_id' /var/www/html/maicai/Application/Runtime/Cache/Admin/904a25b5eb876e612ef13e8d5a7b0bef.php 第 76 行.
NOTIC: [8] Use of undefined constant cat_id1 - assumed 'cat_id1' /var/www/html/maicai/Application/Runtime/Cache/Admin/904a25b5eb876e612ef13e8d5a7b0bef.php 第 53 行.
NOTIC: [8] Use of undefined constant name - assumed 'name' /var/www/html/maicai/Application/Runtime/Cache/Admin/904a25b5eb876e612ef13e8d5a7b0bef.php 第 53 行.
NOTIC: [8] Use of undefined constant is_recommend - assumed 'is_recommend' /var/www/html/maicai/Application/Runtime/Cache/Admin/904a25b5eb876e612ef13e8d5a7b0bef.php 第 56 行.
NOTIC: [8] Use of undefined constant is_new - assumed 'is_new' /var/www/html/maicai/Application/Runtime/Cache/Admin/904a25b5eb876e612ef13e8d5a7b0bef.php 第 59 行.
NOTIC: [8] Use of undefined constant is_hot - assumed 'is_hot' /var/www/html/maicai/Application/Runtime/Cache/Admin/904a25b5eb876e612ef13e8d5a7b0bef.php 第 62 行.
NOTIC: [8] Use of undefined constant is_on_sale - assumed 'is_on_sale' /var/www/html/maicai/Application/Runtime/Cache/Admin/904a25b5eb876e612ef13e8d5a7b0bef.php 第 66 行.
NOTIC: [8] Use of undefined constant is_on_sale - assumed 'is_on_sale' /var/www/html/maicai/Application/Runtime/Cache/Admin/904a25b5eb876e612ef13e8d5a7b0bef.php 第 67 行.
NOTIC: [8] Use of undefined constant goods_state - assumed 'goods_state' /var/www/html/maicai/Application/Runtime/Cache/Admin/904a25b5eb876e612ef13e8d5a7b0bef.php 第 70 行.
NOTIC: [8] Use of undefined constant goods_state - assumed 'goods_state' /var/www/html/maicai/Application/Runtime/Cache/Admin/904a25b5eb876e612ef13e8d5a7b0bef.php 第 71 行.
NOTIC: [8] Use of undefined constant goods_state - assumed 'goods_state' /var/www/html/maicai/Application/Runtime/Cache/Admin/904a25b5eb876e612ef13e8d5a7b0bef.php 第 72 行.
NOTIC: [8] Use of undefined constant goods_state - assumed 'goods_state' /var/www/html/maicai/Application/Runtime/Cache/Admin/904a25b5eb876e612ef13e8d5a7b0bef.php 第 73 行.
NOTIC: [8] Use of undefined constant goods_id - assumed 'goods_id' /var/www/html/maicai/Application/Runtime/Cache/Admin/904a25b5eb876e612ef13e8d5a7b0bef.php 第 76 行.
INFO: Run Behavior\ParseTemplateBehavior [ RunTime:0.008504s ]
INFO: [ view_parse ] --END-- [ RunTime:0.008534s ]
INFO: [ view_filter ] --START--
INFO: Run Behavior\WriteHtmlCacheBehavior [ RunTime:0.000104s ]
INFO: Run Behavior\TokenBuildBehavior [ RunTime:0.000307s ]
INFO: [ view_filter ] --END-- [ RunTime:0.000459s ]
INFO: [ app_end ] --START--
INFO: Run Behavior\ShowPageTraceBehavior [ RunTime:0.000302s ]
INFO: [ app_end ] --END-- [ RunTime:0.000335s ]

[ 2018-01-19T13:40:09+08:00 ] 113.69.40.115 /Admin/Store/store_list
INFO: [ app_init ] --START--
INFO: Run Behavior\BuildLiteBehavior [ RunTime:0.000013s ]
INFO: [ app_init ] --END-- [ RunTime:0.000234s ]
INFO: [ app_begin ] --START--
INFO: Run Behavior\ReadHtmlCacheBehavior [ RunTime:0.000424s ]
INFO: [ app_begin ] --END-- [ RunTime:0.000474s ]
SQL: SHOW COLUMNS FROM `ty_config` [ RunTime:0.0007s ]
SQL: SELECT * FROM `ty_config`  [ RunTime:0.0001s ]
NOTIC: [8] Undefined index: admin/store /var/www/html/maicai/Application/Admin/Common/function.php 第 70 行.
NOTIC: [8] Undefined index: admin/store /var/www/html/maicai/Application/Admin/Common/function.php 第 71 行.
SQL: SHOW COLUMNS FROM `ty_store` [ RunTime:0.0019s ]
SQL: SELECT COUNT(*) AS tp_count FROM `ty_store` WHERE `is_own_shop` = 0 LIMIT 1   [ RunTime:0.0007s ]
SQL: SELECT * FROM `ty_store` WHERE `is_own_shop` = 0 ORDER BY store_id DESC LIMIT 0,10   [ RunTime:0.0004s ]
SQL: SHOW COLUMNS FROM `ty_store_grade` [ RunTime:0.0020s ]
SQL: SELECT `sg_id`,`sg_name` FROM `ty_store_grade`  [ RunTime:0.0002s ]
SQL: SHOW COLUMNS FROM `ty_store_class` [ RunTime:0.0005s ]
SQL: SELECT `sc_id`,`sc_name` FROM `ty_store_class`  [ RunTime:0.0002s ]
INFO: [ view_begin ] --START--
INFO: Run Home\Behaviors\testBehavior [ RunTime:0.000161s ]
INFO: [ view_begin ] --END-- [ RunTime:0.000200s ]
INFO: [ view_parse ] --START--
INFO: [ template_filter ] --START--
INFO: Run Behavior\ContentReplaceBehavior [ RunTime:0.000051s ]
INFO: [ template_filter ] --END-- [ RunTime:0.000091s ]
NOTIC: [8] Undefined variable: pid /var/www/html/maicai/Application/Runtime/Cache/Admin/18e672ab47455c17877a783eee2aeab6.php 第 111 行.
NOTIC: [8] Use of undefined constant grade_id - assumed 'grade_id' /var/www/html/maicai/Application/Runtime/Cache/Admin/18e672ab47455c17877a783eee2aeab6.php 第 164 行.
NOTIC: [8] Undefined offset: 0 /var/www/html/maicai/Application/Runtime/Cache/Admin/18e672ab47455c17877a783eee2aeab6.php 第 164 行.
NOTIC: [8] Use of undefined constant sc_id - assumed 'sc_id' /var/www/html/maicai/Application/Runtime/Cache/Admin/18e672ab47455c17877a783eee2aeab6.php 第 165 行.
NOTIC: [8] Undefined index:  /var/www/html/maicai/Application/Runtime/Cache/Admin/18e672ab47455c17877a783eee2aeab6.php 第 165 行.
NOTIC: [8] Use of undefined constant store_state - assumed 'store_state' /var/www/html/maicai/Application/Runtime/Cache/Admin/18e672ab47455c17877a783eee2aeab6.php 第 167 行.
NOTIC: [8] Use of undefined constant store_recommend - assumed 'store_recommend' /var/www/html/maicai/Application/Runtime/Cache/Admin/18e672ab47455c17877a783eee2aeab6.php 第 168 行.
NOTIC: [8] Use of undefined constant grade_id - assumed 'grade_id' /var/www/html/maicai/Application/Runtime/Cache/Admin/18e672ab47455c17877a783eee2aeab6.php 第 164 行.
NOTIC: [8] Use of undefined constant sc_id - assumed 'sc_id' /var/www/html/maicai/Application/Runtime/Cache/Admin/18e672ab47455c17877a783eee2aeab6.php 第 165 行.
NOTIC: [8] Use of undefined constant store_state - assumed 'store_state' /var/www/html/maicai/Application/Runtime/Cache/Admin/18e672ab47455c17877a783eee2aeab6.php 第 167 行.
NOTIC: [8] Use of undefined constant store_recommend - assumed 'store_recommend' /var/www/html/maicai/Application/Runtime/Cache/Admin/18e672ab47455c17877a783eee2aeab6.php 第 168 行.
NOTIC: [8] Use of undefined constant grade_id - assumed 'grade_id' /var/www/html/maicai/Application/Runtime/Cache/Admin/18e672ab47455c17877a783eee2aeab6.php 第 164 行.
NOTIC: [8] Use of undefined constant sc_id - assumed 'sc_id' /var/www/html/maicai/Application/Runtime/Cache/Admin/18e672ab47455c17877a783eee2aeab6.php 第 165 行.
NOTIC: [8] Use of undefined constant store_state - assumed 'store_state' /var/www/html/maicai/Application/Runtime/Cache/Admin/18e672ab47455c17877a783eee2aeab6.php 第 167 行.
NOTIC: [8] Use of undefined constant store_recommend - assumed 'store_recommend' /var/www/html/maicai/Application/Runtime/Cache/Admin/18e672ab47455c17877a783eee2aeab6.php 第 168 行.
INFO: Run Behavior\ParseTemplateBehavior [ RunTime:0.012009s ]
INFO: [ view_parse ] --END-- [ RunTime:0.012048s ]
INFO: [ view_filter ] --START--
INFO: Run Behavior\WriteHtmlCacheBehavior [ RunTime:0.000104s ]
INFO: Run Behavior\TokenBuildBehavior [ RunTime:0.000256s ]
INFO: [ view_filter ] --END-- [ RunTime:0.000411s ]
INFO: [ app_end ] --START--
INFO: Run Behavior\ShowPageTraceBehavior [ RunTime:0.000294s ]
INFO: [ app_end ] --END-- [ RunTime:0.000328s ]

