[ 2018-02-07T06:49:08+08:00 ] 101.44.126.244 /index.php/WXAPI/Index/home
INFO: [ app_init ] --START--
INFO: Run Behavior\BuildLiteBehavior [ RunTime:0.000010s ]
INFO: [ app_init ] --END-- [ RunTime:0.000223s ]
INFO: [ app_begin ] --START--
INFO: Run Behavior\ReadHtmlCacheBehavior [ RunTime:0.000294s ]
INFO: [ app_begin ] --END-- [ RunTime:0.000335s ]
SQL: SHOW COLUMNS FROM `ty_coupon` [ RunTime:0.0010s ]
SQL: SELECT * FROM `ty_coupon` WHERE `send_start_time` < 1517957348 AND `send_end_time` > 1517957348  [ RunTime:0.0003s ]
SQL: SHOW COLUMNS FROM `ty_ad` [ RunTime:0.0008s ]
SQL: SELECT `ad_link`,`ad_name`,`ad_code`,`pid` FROM `ty_ad` WHERE `pid` = 1 AND `enabled` = 1  [ RunTime:0.0001s ]
SQL: SELECT `ad_link`,`ad_name`,`ad_code`,`pid` FROM `ty_ad` WHERE `pid` = 2 AND `enabled` = 1  [ RunTime:0.0001s ]
SQL: SELECT `ad_link`,`ad_name`,`ad_code`,`pid` FROM `ty_ad` WHERE `pid` = 3 AND `enabled` = 1  [ RunTime:0.0001s ]
SQL: SHOW COLUMNS FROM `ty_article` [ RunTime:0.0006s ]
SQL: SELECT `article_id`,`content`,`link`,`description` FROM `ty_article` WHERE `article_id` = 2 LIMIT 1   [ RunTime:0.0001s ]
SQL: SELECT `article_id`,`content`,`link`,`description` FROM `ty_article` WHERE `article_id` = 1 LIMIT 1   [ RunTime:0.0001s ]
SQL: SHOW COLUMNS FROM `ty_article_cat` [ RunTime:0.0005s ]
SQL: SELECT `cat_name`,`thumb`,`cat_desc` FROM `ty_article_cat` WHERE `parent_id` = 2 AND `show_in_nav` = 1 ORDER BY sort_order  [ RunTime:0.0001s ]
SQL: SELECT `cat_name`,`thumb`,`cat_desc`,`type` FROM `ty_article_cat` WHERE `parent_id` = 9 AND `show_in_nav` = 1 ORDER BY sort_order  [ RunTime:0.0001s ]

[ 2018-02-07T06:49:08+08:00 ] 101.44.126.244 /index.php/WXAPI/User/getOpenid?url=https%3A%2F%2Fapi.weixin.qq.com%2Fsns%2Fjscode2session%3Fappid%3Dwxf3a9ae58645327d5%26secret%3Dc90e9c7fa14d4df6fbde0970cc2f0fb0%26js_code%3D001iBvVK0v2hM62TP8XK0LDkVK0iBvVw%26grant_type%3Dauthorization_code%26code%3D001iBvVK0v2hM62TP8XK0LDkVK0iBvVw
INFO: [ app_init ] --START--
INFO: Run Behavior\BuildLiteBehavior [ RunTime:0.000011s ]
INFO: [ app_init ] --END-- [ RunTime:0.000224s ]
INFO: [ app_begin ] --START--
INFO: Run Behavior\ReadHtmlCacheBehavior [ RunTime:0.000300s ]
INFO: [ app_begin ] --END-- [ RunTime:0.000340s ]
SQL: SHOW COLUMNS FROM `ty_users` [ RunTime:0.0013s ]
INFO: [ app_end ] --START--
INFO: Run Behavior\ShowPageTraceBehavior [ RunTime:0.000428s ]
INFO: [ app_end ] --END-- [ RunTime:0.000497s ]

[ 2018-02-07T06:49:08+08:00 ] 101.44.126.244 /index.php/WXAPI/User/validateOpenid?openid=o9h__0LJuyGpQY_TmqI2JoWvgQX8
INFO: [ app_init ] --START--
INFO: Run Behavior\BuildLiteBehavior [ RunTime:0.000011s ]
INFO: [ app_init ] --END-- [ RunTime:0.000232s ]
INFO: [ app_begin ] --START--
INFO: Run Behavior\ReadHtmlCacheBehavior [ RunTime:0.000301s ]
INFO: [ app_begin ] --END-- [ RunTime:0.000342s ]
SQL: SHOW COLUMNS FROM `ty_users` [ RunTime:0.0012s ]
SQL: SHOW COLUMNS FROM `ty_users` [ RunTime:0.0009s ]
SQL: SELECT * FROM `ty_users` WHERE `open_id` = 'o9h__0LJuyGpQY_TmqI2JoWvgQX8' LIMIT 1   [ RunTime:0.0008s ]
INFO: [ app_end ] --START--
INFO: Run Behavior\ShowPageTraceBehavior [ RunTime:0.000346s ]
INFO: [ app_end ] --END-- [ RunTime:0.000397s ]

[ 2018-02-07T06:49:28+08:00 ] 101.44.126.244 /index.php/WXAPI/Goods/goodsLists/id/43/sort/shop_price/sort_asc/desc/p/0
INFO: [ app_init ] --START--
INFO: Run Behavior\BuildLiteBehavior [ RunTime:0.000011s ]
INFO: [ app_init ] --END-- [ RunTime:0.000247s ]
INFO: [ app_begin ] --START--
INFO: Run Behavior\ReadHtmlCacheBehavior [ RunTime:0.000309s ]
INFO: [ app_begin ] --END-- [ RunTime:0.000350s ]
NOTIC: [8] Undefined index: start_price /var/www/html/maicai/Application/WXAPI/Controller/GoodsController.class.php 第 251 行.
NOTIC: [8] Undefined index: end_price /var/www/html/maicai/Application/WXAPI/Controller/GoodsController.class.php 第 251 行.
SQL: SHOW COLUMNS FROM `ty_goods` [ RunTime:0.0018s ]
SQL: SHOW COLUMNS FROM `ty_goods_category` [ RunTime:0.0008s ]
SQL: SELECT * FROM `ty_goods_category` WHERE ( id = 43 ) LIMIT 1   [ RunTime:0.0001s ]
SQL: SHOW COLUMNS FROM `ty_goods_category` [ RunTime:0.0006s ]
SQL: SELECT `id`,`parent_id` FROM `ty_goods_category`  [ RunTime:0.0001s ]
SQL: SELECT `id` FROM `ty_goods_category` WHERE ( parent_id = 43 )  [ RunTime:0.0001s ]
SQL: SHOW COLUMNS FROM `ty_goods` [ RunTime:0.0012s ]
SQL: SELECT `shop_price` FROM `ty_goods` WHERE ( goods_id in (38,41,42,43,44,47,48,50,53,57,58) )  [ RunTime:0.0001s ]
SQL: SHOW COLUMNS FROM `ty_brand` [ RunTime:0.0005s ]
SQL: SELECT * FROM `ty_brand` WHERE ( id in(select brand_id from ty_goods where brand_id > 0 and goods_id in(38,41,42,43,44,47,48,50,53,57,58)) ) LIMIT 30   [ RunTime:0.0001s ]
SQL: SHOW COLUMNS FROM `ty_spec_goods_price` [ RunTime:0.0005s ]
SQL: select group_concat(`key` separator  '_') as `key` from ty_spec_goods_price where goods_id in(38,41,42,43,44,47,48,50,53,57,58) [ RunTime:0.0001s ]
SQL: SHOW COLUMNS FROM `ty_spec` [ RunTime:0.0006s ]
SQL: SELECT `id`,`name` FROM `ty_spec`  [ RunTime:0.0001s ]
SQL: SHOW COLUMNS FROM `ty_spec_item` [ RunTime:0.0004s ]
SQL: SELECT `id`,`spec_id`,`item` FROM `ty_spec_item`  [ RunTime:0.0001s ]
NOTIC: [8] Undefined index: spec /var/www/html/maicai/Application/Home/Logic/GoodsLogic.class.php 第 76 行.
SQL: SHOW COLUMNS FROM `ty_goods_attr` [ RunTime:0.0004s ]
SQL: SELECT * FROM `ty_goods_attr` WHERE ( goods_id in(38,41,42,43,44,47,48,50,53,57,58) and attr_value != '' )  [ RunTime:0.0001s ]
SQL: SHOW COLUMNS FROM `ty_goods_attribute` [ RunTime:0.0006s ]
SQL: SELECT `attr_id`,`attr_name`,`attr_index` FROM `ty_goods_attribute`  [ RunTime:0.0001s ]
SQL: SELECT `goods_id`,`cat_id2`,`goods_sn`,`goods_name`,`shop_price`,`comment_count`,`original_img`,`sales_sum` FROM `ty_goods` WHERE ( cat_id1 = 43 and is_on_sale = 1 ) ORDER BY shop_price desc LIMIT 0,5   [ RunTime:0.0001s ]

[ 2018-02-07T06:49:33+08:00 ] 101.44.126.244 /index.php/WXAPI/Goods/goodsLists/id/43/sort/shop_price/sort_asc/desc/p/1
INFO: [ app_init ] --START--
INFO: Run Behavior\BuildLiteBehavior [ RunTime:0.000011s ]
INFO: [ app_init ] --END-- [ RunTime:0.000228s ]
INFO: [ app_begin ] --START--
INFO: Run Behavior\ReadHtmlCacheBehavior [ RunTime:0.000304s ]
INFO: [ app_begin ] --END-- [ RunTime:0.000344s ]
NOTIC: [8] Undefined index: start_price /var/www/html/maicai/Application/WXAPI/Controller/GoodsController.class.php 第 251 行.
NOTIC: [8] Undefined index: end_price /var/www/html/maicai/Application/WXAPI/Controller/GoodsController.class.php 第 251 行.
SQL: SHOW COLUMNS FROM `ty_goods` [ RunTime:0.0013s ]
SQL: SHOW COLUMNS FROM `ty_goods_category` [ RunTime:0.0005s ]
SQL: SELECT * FROM `ty_goods_category` WHERE ( id = 43 ) LIMIT 1   [ RunTime:0.0001s ]
SQL: SHOW COLUMNS FROM `ty_goods_category` [ RunTime:0.0005s ]
SQL: SELECT `id`,`parent_id` FROM `ty_goods_category`  [ RunTime:0.0001s ]
SQL: SELECT `id` FROM `ty_goods_category` WHERE ( parent_id = 43 )  [ RunTime:0.0001s ]
SQL: SHOW COLUMNS FROM `ty_goods` [ RunTime:0.0010s ]
SQL: SELECT `shop_price` FROM `ty_goods` WHERE ( goods_id in (38,41,42,43,44,47,48,50,53,57,58) )  [ RunTime:0.0001s ]
SQL: SHOW COLUMNS FROM `ty_brand` [ RunTime:0.0006s ]
SQL: SELECT * FROM `ty_brand` WHERE ( id in(select brand_id from ty_goods where brand_id > 0 and goods_id in(38,41,42,43,44,47,48,50,53,57,58)) ) LIMIT 30   [ RunTime:0.0001s ]
SQL: SHOW COLUMNS FROM `ty_spec_goods_price` [ RunTime:0.0004s ]
SQL: select group_concat(`key` separator  '_') as `key` from ty_spec_goods_price where goods_id in(38,41,42,43,44,47,48,50,53,57,58) [ RunTime:0.0001s ]
SQL: SHOW COLUMNS FROM `ty_spec` [ RunTime:0.0004s ]
SQL: SELECT `id`,`name` FROM `ty_spec`  [ RunTime:0.0001s ]
SQL: SHOW COLUMNS FROM `ty_spec_item` [ RunTime:0.0004s ]
SQL: SELECT `id`,`spec_id`,`item` FROM `ty_spec_item`  [ RunTime:0.0001s ]
NOTIC: [8] Undefined index: spec /var/www/html/maicai/Application/Home/Logic/GoodsLogic.class.php 第 76 行.
SQL: SHOW COLUMNS FROM `ty_goods_attr` [ RunTime:0.0004s ]
SQL: SELECT * FROM `ty_goods_attr` WHERE ( goods_id in(38,41,42,43,44,47,48,50,53,57,58) and attr_value != '' )  [ RunTime:0.0001s ]
SQL: SHOW COLUMNS FROM `ty_goods_attribute` [ RunTime:0.0004s ]
SQL: SELECT `attr_id`,`attr_name`,`attr_index` FROM `ty_goods_attribute`  [ RunTime:0.0001s ]
SQL: SELECT `goods_id`,`cat_id2`,`goods_sn`,`goods_name`,`shop_price`,`comment_count`,`original_img`,`sales_sum` FROM `ty_goods` WHERE ( cat_id1 = 43 and is_on_sale = 1 ) ORDER BY shop_price desc LIMIT 5,5   [ RunTime:0.0001s ]

[ 2018-02-07T06:49:45+08:00 ] 101.44.126.244 /index.php/WXAPI/Goods/goodsLists/id/43/sort/shop_price/sort_asc/desc/p/2
INFO: [ app_init ] --START--
INFO: Run Behavior\BuildLiteBehavior [ RunTime:0.000013s ]
INFO: [ app_init ] --END-- [ RunTime:0.000231s ]
INFO: [ app_begin ] --START--
INFO: Run Behavior\ReadHtmlCacheBehavior [ RunTime:0.000302s ]
INFO: [ app_begin ] --END-- [ RunTime:0.000347s ]
NOTIC: [8] Undefined index: start_price /var/www/html/maicai/Application/WXAPI/Controller/GoodsController.class.php 第 251 行.
NOTIC: [8] Undefined index: end_price /var/www/html/maicai/Application/WXAPI/Controller/GoodsController.class.php 第 251 行.
SQL: SHOW COLUMNS FROM `ty_goods` [ RunTime:0.0013s ]
SQL: SHOW COLUMNS FROM `ty_goods_category` [ RunTime:0.0005s ]
SQL: SELECT * FROM `ty_goods_category` WHERE ( id = 43 ) LIMIT 1   [ RunTime:0.0001s ]
SQL: SHOW COLUMNS FROM `ty_goods_category` [ RunTime:0.0005s ]
SQL: SELECT `id`,`parent_id` FROM `ty_goods_category`  [ RunTime:0.0001s ]
SQL: SELECT `id` FROM `ty_goods_category` WHERE ( parent_id = 43 )  [ RunTime:0.0001s ]
SQL: SHOW COLUMNS FROM `ty_goods` [ RunTime:0.0010s ]
SQL: SELECT `shop_price` FROM `ty_goods` WHERE ( goods_id in (38,41,42,43,44,47,48,50,53,57,58) )  [ RunTime:0.0001s ]
SQL: SHOW COLUMNS FROM `ty_brand` [ RunTime:0.0005s ]
SQL: SELECT * FROM `ty_brand` WHERE ( id in(select brand_id from ty_goods where brand_id > 0 and goods_id in(38,41,42,43,44,47,48,50,53,57,58)) ) LIMIT 30   [ RunTime:0.0001s ]
SQL: SHOW COLUMNS FROM `ty_spec_goods_price` [ RunTime:0.0004s ]
SQL: select group_concat(`key` separator  '_') as `key` from ty_spec_goods_price where goods_id in(38,41,42,43,44,47,48,50,53,57,58) [ RunTime:0.0001s ]
SQL: SHOW COLUMNS FROM `ty_spec` [ RunTime:0.0004s ]
SQL: SELECT `id`,`name` FROM `ty_spec`  [ RunTime:0.0001s ]
SQL: SHOW COLUMNS FROM `ty_spec_item` [ RunTime:0.0004s ]
SQL: SELECT `id`,`spec_id`,`item` FROM `ty_spec_item`  [ RunTime:0.0001s ]
NOTIC: [8] Undefined index: spec /var/www/html/maicai/Application/Home/Logic/GoodsLogic.class.php 第 76 行.
SQL: SHOW COLUMNS FROM `ty_goods_attr` [ RunTime:0.0004s ]
SQL: SELECT * FROM `ty_goods_attr` WHERE ( goods_id in(38,41,42,43,44,47,48,50,53,57,58) and attr_value != '' )  [ RunTime:0.0001s ]
SQL: SHOW COLUMNS FROM `ty_goods_attribute` [ RunTime:0.0004s ]
SQL: SELECT `attr_id`,`attr_name`,`attr_index` FROM `ty_goods_attribute`  [ RunTime:0.0001s ]
SQL: SELECT `goods_id`,`cat_id2`,`goods_sn`,`goods_name`,`shop_price`,`comment_count`,`original_img`,`sales_sum` FROM `ty_goods` WHERE ( cat_id1 = 43 and is_on_sale = 1 ) ORDER BY shop_price desc LIMIT 10,5   [ RunTime:0.0001s ]

[ 2018-02-07T06:49:48+08:00 ] 101.44.126.244 /index.php/WXAPI/Goods/goodsLists/id/43/sort/shop_price/sort_asc/desc/p/3
INFO: [ app_init ] --START--
INFO: Run Behavior\BuildLiteBehavior [ RunTime:0.000012s ]
INFO: [ app_init ] --END-- [ RunTime:0.000243s ]
INFO: [ app_begin ] --START--
INFO: Run Behavior\ReadHtmlCacheBehavior [ RunTime:0.000314s ]
INFO: [ app_begin ] --END-- [ RunTime:0.000354s ]
NOTIC: [8] Undefined index: start_price /var/www/html/maicai/Application/WXAPI/Controller/GoodsController.class.php 第 251 行.
NOTIC: [8] Undefined index: end_price /var/www/html/maicai/Application/WXAPI/Controller/GoodsController.class.php 第 251 行.
SQL: SHOW COLUMNS FROM `ty_goods` [ RunTime:0.0013s ]
SQL: SHOW COLUMNS FROM `ty_goods_category` [ RunTime:0.0008s ]
SQL: SELECT * FROM `ty_goods_category` WHERE ( id = 43 ) LIMIT 1   [ RunTime:0.0001s ]
SQL: SHOW COLUMNS FROM `ty_goods_category` [ RunTime:0.0006s ]
SQL: SELECT `id`,`parent_id` FROM `ty_goods_category`  [ RunTime:0.0001s ]
SQL: SELECT `id` FROM `ty_goods_category` WHERE ( parent_id = 43 )  [ RunTime:0.0001s ]
SQL: SHOW COLUMNS FROM `ty_goods` [ RunTime:0.0012s ]
SQL: SELECT `shop_price` FROM `ty_goods` WHERE ( goods_id in (38,41,42,43,44,47,48,50,53,57,58) )  [ RunTime:0.0001s ]
SQL: SHOW COLUMNS FROM `ty_brand` [ RunTime:0.0007s ]
SQL: SELECT * FROM `ty_brand` WHERE ( id in(select brand_id from ty_goods where brand_id > 0 and goods_id in(38,41,42,43,44,47,48,50,53,57,58)) ) LIMIT 30   [ RunTime:0.0001s ]
SQL: SHOW COLUMNS FROM `ty_spec_goods_price` [ RunTime:0.0004s ]
SQL: select group_concat(`key` separator  '_') as `key` from ty_spec_goods_price where goods_id in(38,41,42,43,44,47,48,50,53,57,58) [ RunTime:0.0001s ]
SQL: SHOW COLUMNS FROM `ty_spec` [ RunTime:0.0006s ]
SQL: SELECT `id`,`name` FROM `ty_spec`  [ RunTime:0.0001s ]
SQL: SHOW COLUMNS FROM `ty_spec_item` [ RunTime:0.0005s ]
SQL: SELECT `id`,`spec_id`,`item` FROM `ty_spec_item`  [ RunTime:0.0001s ]
NOTIC: [8] Undefined index: spec /var/www/html/maicai/Application/Home/Logic/GoodsLogic.class.php 第 76 行.
SQL: SHOW COLUMNS FROM `ty_goods_attr` [ RunTime:0.0005s ]
SQL: SELECT * FROM `ty_goods_attr` WHERE ( goods_id in(38,41,42,43,44,47,48,50,53,57,58) and attr_value != '' )  [ RunTime:0.0001s ]
SQL: SHOW COLUMNS FROM `ty_goods_attribute` [ RunTime:0.0004s ]
SQL: SELECT `attr_id`,`attr_name`,`attr_index` FROM `ty_goods_attribute`  [ RunTime:0.0001s ]
SQL: SELECT `goods_id`,`cat_id2`,`goods_sn`,`goods_name`,`shop_price`,`comment_count`,`original_img`,`sales_sum` FROM `ty_goods` WHERE ( cat_id1 = 43 and is_on_sale = 1 ) ORDER BY shop_price desc LIMIT 15,5   [ RunTime:0.0001s ]

[ 2018-02-07T06:50:19+08:00 ] 101.44.126.244 /index.php/WXAPI/Goods/goodsLists/id/45/sort/shop_price/sort_asc/desc/p/0
INFO: [ app_init ] --START--
INFO: Run Behavior\BuildLiteBehavior [ RunTime:0.000015s ]
INFO: [ app_init ] --END-- [ RunTime:0.000266s ]
INFO: [ app_begin ] --START--
INFO: Run Behavior\ReadHtmlCacheBehavior [ RunTime:0.000324s ]
INFO: [ app_begin ] --END-- [ RunTime:0.000374s ]
NOTIC: [8] Undefined index: start_price /var/www/html/maicai/Application/WXAPI/Controller/GoodsController.class.php 第 251 行.
NOTIC: [8] Undefined index: end_price /var/www/html/maicai/Application/WXAPI/Controller/GoodsController.class.php 第 251 行.
SQL: SHOW COLUMNS FROM `ty_goods` [ RunTime:0.0015s ]
SQL: SHOW COLUMNS FROM `ty_goods_category` [ RunTime:0.0006s ]
SQL: SELECT * FROM `ty_goods_category` WHERE ( id = 45 ) LIMIT 1   [ RunTime:0.0001s ]
SQL: SHOW COLUMNS FROM `ty_goods_category` [ RunTime:0.0005s ]
SQL: SELECT `id`,`parent_id` FROM `ty_goods_category`  [ RunTime:0.0001s ]
SQL: SELECT `id` FROM `ty_goods_category` WHERE ( parent_id = 45 )  [ RunTime:0.0001s ]
SQL: SHOW COLUMNS FROM `ty_goods` [ RunTime:0.0013s ]
SQL: SELECT `goods_id` FROM `ty_goods` WHERE ( is_on_sale=1 and cat_id2 in(45,58)  )  [ RunTime:0.0001s ]
NOTIC: [2] implode(): Invalid arguments passed /var/www/html/maicai/Application/Home/Logic/GoodsLogic.class.php 第 319 行.
SQL: SELECT `shop_price` FROM `ty_goods` WHERE ( goods_id in (0) )  [ RunTime:0.0001s ]
NOTIC: [2] rsort() expects parameter 1 to be array, null given /var/www/html/maicai/Application/Home/Logic/GoodsLogic.class.php 第 323 行.
NOTIC: [2] Invalid argument supplied for foreach() /var/www/html/maicai/Application/Home/Logic/GoodsLogic.class.php 第 335 行.
NOTIC: [2] Invalid argument supplied for foreach() /var/www/html/maicai/Application/Home/Logic/GoodsLogic.class.php 第 335 行.
NOTIC: [2] Invalid argument supplied for foreach() /var/www/html/maicai/Application/Home/Logic/GoodsLogic.class.php 第 335 行.
NOTIC: [2] Invalid argument supplied for foreach() /var/www/html/maicai/Application/Home/Logic/GoodsLogic.class.php 第 335 行.
NOTIC: [2] Invalid argument supplied for foreach() /var/www/html/maicai/Application/Home/Logic/GoodsLogic.class.php 第 335 行.
NOTIC: [2] implode(): Invalid arguments passed /var/www/html/maicai/Application/Home/Logic/GoodsLogic.class.php 第 37 行.
SQL: SHOW COLUMNS FROM `ty_brand` [ RunTime:0.0007s ]
SQL: SELECT * FROM `ty_brand` WHERE ( id in(select brand_id from ty_goods where brand_id > 0 and goods_id in(0)) ) LIMIT 30   [ RunTime:0.0001s ]
NOTIC: [2] implode(): Invalid arguments passed /var/www/html/maicai/Application/Home/Logic/GoodsLogic.class.php 第 60 行.
SQL: SHOW COLUMNS FROM `ty_spec_goods_price` [ RunTime:0.0004s ]
SQL: select group_concat(`key` separator  '_') as `key` from ty_spec_goods_price where goods_id in(0) [ RunTime:0.0001s ]
NOTIC: [2] implode(): Invalid arguments passed /var/www/html/maicai/Application/Home/Logic/GoodsLogic.class.php 第 104 行.
SQL: SHOW COLUMNS FROM `ty_goods_attr` [ RunTime:0.0004s ]
SQL: SELECT * FROM `ty_goods_attr` WHERE ( goods_id in(0) and attr_value != '' )  [ RunTime:0.0001s ]
SQL: SHOW COLUMNS FROM `ty_goods_attribute` [ RunTime:0.0006s ]
SQL: SELECT `attr_id`,`attr_name`,`attr_index` FROM `ty_goods_attribute`  [ RunTime:0.0001s ]
NOTIC: [8] Undefined variable: goods_list /var/www/html/maicai/Application/WXAPI/Controller/GoodsController.class.php 第 317 行.
NOTIC: [2] Invalid argument supplied for foreach() /var/www/html/maicai/Application/WXAPI/Controller/GoodsController.class.php 第 317 行.
NOTIC: [8] Undefined variable: goods_list /var/www/html/maicai/Application/WXAPI/Controller/GoodsController.class.php 第 321 行.

[ 2018-02-07T06:50:25+08:00 ] 101.44.126.244 /index.php/WXAPI/Goods/goodsLists/id/44/sort/shop_price/sort_asc/desc/p/0
INFO: [ app_init ] --START--
INFO: Run Behavior\BuildLiteBehavior [ RunTime:0.000012s ]
INFO: [ app_init ] --END-- [ RunTime:0.000243s ]
INFO: [ app_begin ] --START--
INFO: Run Behavior\ReadHtmlCacheBehavior [ RunTime:0.000315s ]
INFO: [ app_begin ] --END-- [ RunTime:0.000357s ]
NOTIC: [8] Undefined index: start_price /var/www/html/maicai/Application/WXAPI/Controller/GoodsController.class.php 第 251 行.
NOTIC: [8] Undefined index: end_price /var/www/html/maicai/Application/WXAPI/Controller/GoodsController.class.php 第 251 行.
SQL: SHOW COLUMNS FROM `ty_goods` [ RunTime:0.0013s ]
SQL: SHOW COLUMNS FROM `ty_goods_category` [ RunTime:0.0006s ]
SQL: SELECT * FROM `ty_goods_category` WHERE ( id = 44 ) LIMIT 1   [ RunTime:0.0001s ]
SQL: SHOW COLUMNS FROM `ty_goods_category` [ RunTime:0.0005s ]
SQL: SELECT `id`,`parent_id` FROM `ty_goods_category`  [ RunTime:0.0001s ]
SQL: SELECT `id` FROM `ty_goods_category` WHERE ( parent_id = 44 )  [ RunTime:0.0001s ]
SQL: SHOW COLUMNS FROM `ty_goods` [ RunTime:0.0011s ]
SQL: SELECT `goods_id` FROM `ty_goods` WHERE ( is_on_sale=1 and cat_id2 in(44,57)  )  [ RunTime:0.0001s ]
NOTIC: [2] implode(): Invalid arguments passed /var/www/html/maicai/Application/Home/Logic/GoodsLogic.class.php 第 319 行.
SQL: SELECT `shop_price` FROM `ty_goods` WHERE ( goods_id in (0) )  [ RunTime:0.0001s ]
NOTIC: [2] rsort() expects parameter 1 to be array, null given /var/www/html/maicai/Application/Home/Logic/GoodsLogic.class.php 第 323 行.
NOTIC: [2] Invalid argument supplied for foreach() /var/www/html/maicai/Application/Home/Logic/GoodsLogic.class.php 第 335 行.
NOTIC: [2] Invalid argument supplied for foreach() /var/www/html/maicai/Application/Home/Logic/GoodsLogic.class.php 第 335 行.
NOTIC: [2] Invalid argument supplied for foreach() /var/www/html/maicai/Application/Home/Logic/GoodsLogic.class.php 第 335 行.
NOTIC: [2] Invalid argument supplied for foreach() /var/www/html/maicai/Application/Home/Logic/GoodsLogic.class.php 第 335 行.
NOTIC: [2] Invalid argument supplied for foreach() /var/www/html/maicai/Application/Home/Logic/GoodsLogic.class.php 第 335 行.
NOTIC: [2] implode(): Invalid arguments passed /var/www/html/maicai/Application/Home/Logic/GoodsLogic.class.php 第 37 行.
SQL: SHOW COLUMNS FROM `ty_brand` [ RunTime:0.0005s ]
SQL: SELECT * FROM `ty_brand` WHERE ( id in(select brand_id from ty_goods where brand_id > 0 and goods_id in(0)) ) LIMIT 30   [ RunTime:0.0001s ]
NOTIC: [2] implode(): Invalid arguments passed /var/www/html/maicai/Application/Home/Logic/GoodsLogic.class.php 第 60 行.
SQL: SHOW COLUMNS FROM `ty_spec_goods_price` [ RunTime:0.0004s ]
SQL: select group_concat(`key` separator  '_') as `key` from ty_spec_goods_price where goods_id in(0) [ RunTime:0.0001s ]
NOTIC: [2] implode(): Invalid arguments passed /var/www/html/maicai/Application/Home/Logic/GoodsLogic.class.php 第 104 行.
SQL: SHOW COLUMNS FROM `ty_goods_attr` [ RunTime:0.0004s ]
SQL: SELECT * FROM `ty_goods_attr` WHERE ( goods_id in(0) and attr_value != '' )  [ RunTime:0.0001s ]
SQL: SHOW COLUMNS FROM `ty_goods_attribute` [ RunTime:0.0004s ]
SQL: SELECT `attr_id`,`attr_name`,`attr_index` FROM `ty_goods_attribute`  [ RunTime:0.0001s ]
NOTIC: [8] Undefined variable: goods_list /var/www/html/maicai/Application/WXAPI/Controller/GoodsController.class.php 第 317 行.
NOTIC: [2] Invalid argument supplied for foreach() /var/www/html/maicai/Application/WXAPI/Controller/GoodsController.class.php 第 317 行.
NOTIC: [8] Undefined variable: goods_list /var/www/html/maicai/Application/WXAPI/Controller/GoodsController.class.php 第 321 行.

[ 2018-02-07T06:50:29+08:00 ] 101.44.126.244 /index.php/WXAPI/Goods/goodsLists/id/46/sort/shop_price/sort_asc/desc/p/0
INFO: [ app_init ] --START--
INFO: Run Behavior\BuildLiteBehavior [ RunTime:0.000015s ]
INFO: [ app_init ] --END-- [ RunTime:0.000352s ]
INFO: [ app_begin ] --START--
INFO: Run Behavior\ReadHtmlCacheBehavior [ RunTime:0.000293s ]
INFO: [ app_begin ] --END-- [ RunTime:0.000333s ]
NOTIC: [8] Undefined index: start_price /var/www/html/maicai/Application/WXAPI/Controller/GoodsController.class.php 第 251 行.
NOTIC: [8] Undefined index: end_price /var/www/html/maicai/Application/WXAPI/Controller/GoodsController.class.php 第 251 行.
SQL: SHOW COLUMNS FROM `ty_goods` [ RunTime:0.0018s ]
SQL: SHOW COLUMNS FROM `ty_goods_category` [ RunTime:0.0007s ]
SQL: SELECT * FROM `ty_goods_category` WHERE ( id = 46 ) LIMIT 1   [ RunTime:0.0001s ]
SQL: SHOW COLUMNS FROM `ty_goods_category` [ RunTime:0.0007s ]
SQL: SELECT `id`,`parent_id` FROM `ty_goods_category`  [ RunTime:0.0001s ]
SQL: SELECT `id` FROM `ty_goods_category` WHERE ( parent_id = 46 )  [ RunTime:0.0001s ]
SQL: SHOW COLUMNS FROM `ty_goods` [ RunTime:0.0010s ]
SQL: SELECT `goods_id` FROM `ty_goods` WHERE ( is_on_sale=1 and cat_id2 in(46,59)  )  [ RunTime:0.0001s ]
NOTIC: [2] implode(): Invalid arguments passed /var/www/html/maicai/Application/Home/Logic/GoodsLogic.class.php 第 319 行.
SQL: SELECT `shop_price` FROM `ty_goods` WHERE ( goods_id in (0) )  [ RunTime:0.0001s ]
NOTIC: [2] rsort() expects parameter 1 to be array, null given /var/www/html/maicai/Application/Home/Logic/GoodsLogic.class.php 第 323 行.
NOTIC: [2] Invalid argument supplied for foreach() /var/www/html/maicai/Application/Home/Logic/GoodsLogic.class.php 第 335 行.
NOTIC: [2] Invalid argument supplied for foreach() /var/www/html/maicai/Application/Home/Logic/GoodsLogic.class.php 第 335 行.
NOTIC: [2] Invalid argument supplied for foreach() /var/www/html/maicai/Application/Home/Logic/GoodsLogic.class.php 第 335 行.
NOTIC: [2] Invalid argument supplied for foreach() /var/www/html/maicai/Application/Home/Logic/GoodsLogic.class.php 第 335 行.
NOTIC: [2] Invalid argument supplied for foreach() /var/www/html/maicai/Application/Home/Logic/GoodsLogic.class.php 第 335 行.
NOTIC: [2] implode(): Invalid arguments passed /var/www/html/maicai/Application/Home/Logic/GoodsLogic.class.php 第 37 行.
SQL: SHOW COLUMNS FROM `ty_brand` [ RunTime:0.0005s ]
SQL: SELECT * FROM `ty_brand` WHERE ( id in(select brand_id from ty_goods where brand_id > 0 and goods_id in(0)) ) LIMIT 30   [ RunTime:0.0001s ]
NOTIC: [2] implode(): Invalid arguments passed /var/www/html/maicai/Application/Home/Logic/GoodsLogic.class.php 第 60 行.
SQL: SHOW COLUMNS FROM `ty_spec_goods_price` [ RunTime:0.0004s ]
SQL: select group_concat(`key` separator  '_') as `key` from ty_spec_goods_price where goods_id in(0) [ RunTime:0.0001s ]
NOTIC: [2] implode(): Invalid arguments passed /var/www/html/maicai/Application/Home/Logic/GoodsLogic.class.php 第 104 行.
SQL: SHOW COLUMNS FROM `ty_goods_attr` [ RunTime:0.0004s ]
SQL: SELECT * FROM `ty_goods_attr` WHERE ( goods_id in(0) and attr_value != '' )  [ RunTime:0.0001s ]
SQL: SHOW COLUMNS FROM `ty_goods_attribute` [ RunTime:0.0004s ]
SQL: SELECT `attr_id`,`attr_name`,`attr_index` FROM `ty_goods_attribute`  [ RunTime:0.0001s ]
NOTIC: [8] Undefined variable: goods_list /var/www/html/maicai/Application/WXAPI/Controller/GoodsController.class.php 第 317 行.
NOTIC: [2] Invalid argument supplied for foreach() /var/www/html/maicai/Application/WXAPI/Controller/GoodsController.class.php 第 317 行.
NOTIC: [8] Undefined variable: goods_list /var/www/html/maicai/Application/WXAPI/Controller/GoodsController.class.php 第 321 行.

[ 2018-02-07T20:58:12+08:00 ] 58.100.31.134 /index.php/WXAPI/Index/home
INFO: [ app_init ] --START--
INFO: Run Behavior\BuildLiteBehavior [ RunTime:0.000017s ]
INFO: [ app_init ] --END-- [ RunTime:0.000336s ]
INFO: [ app_begin ] --START--
INFO: Run Behavior\ReadHtmlCacheBehavior [ RunTime:0.000295s ]
INFO: [ app_begin ] --END-- [ RunTime:0.000336s ]
SQL: SHOW COLUMNS FROM `ty_coupon` [ RunTime:0.0018s ]
SQL: SELECT * FROM `ty_coupon` WHERE `send_start_time` < 1518008292 AND `send_end_time` > 1518008292  [ RunTime:0.0002s ]
SQL: SHOW COLUMNS FROM `ty_ad` [ RunTime:0.0014s ]
SQL: SELECT `ad_link`,`ad_name`,`ad_code`,`pid` FROM `ty_ad` WHERE `pid` = 1 AND `enabled` = 1  [ RunTime:0.0001s ]
SQL: SELECT `ad_link`,`ad_name`,`ad_code`,`pid` FROM `ty_ad` WHERE `pid` = 2 AND `enabled` = 1  [ RunTime:0.0001s ]
SQL: SELECT `ad_link`,`ad_name`,`ad_code`,`pid` FROM `ty_ad` WHERE `pid` = 3 AND `enabled` = 1  [ RunTime:0.0001s ]
SQL: SHOW COLUMNS FROM `ty_article` [ RunTime:0.0014s ]
SQL: SELECT `article_id`,`content`,`link`,`description` FROM `ty_article` WHERE `article_id` = 2 LIMIT 1   [ RunTime:0.0001s ]
SQL: SELECT `article_id`,`content`,`link`,`description` FROM `ty_article` WHERE `article_id` = 1 LIMIT 1   [ RunTime:0.0001s ]
SQL: SHOW COLUMNS FROM `ty_article_cat` [ RunTime:0.0014s ]
SQL: SELECT `cat_name`,`thumb`,`cat_desc` FROM `ty_article_cat` WHERE `parent_id` = 2 AND `show_in_nav` = 1 ORDER BY sort_order  [ RunTime:0.0001s ]
SQL: SELECT `cat_name`,`thumb`,`cat_desc`,`type` FROM `ty_article_cat` WHERE `parent_id` = 9 AND `show_in_nav` = 1 ORDER BY sort_order  [ RunTime:0.0001s ]

[ 2018-02-07T20:58:12+08:00 ] 58.100.31.134 /index.php/WXAPI/User/getOpenid?url=https%3A%2F%2Fapi.weixin.qq.com%2Fsns%2Fjscode2session%3Fappid%3Dwxf3a9ae58645327d5%26secret%3Dc90e9c7fa14d4df6fbde0970cc2f0fb0%26js_code%3D0016KpZf2m4FGB08Jx0g218nZf26KpZS%26grant_type%3Dauthorization_code%26code%3D0016KpZf2m4FGB08Jx0g218nZf26KpZS
INFO: [ app_init ] --START--
INFO: Run Behavior\BuildLiteBehavior [ RunTime:0.000011s ]
INFO: [ app_init ] --END-- [ RunTime:0.000227s ]
INFO: [ app_begin ] --START--
INFO: Run Behavior\ReadHtmlCacheBehavior [ RunTime:0.000298s ]
INFO: [ app_begin ] --END-- [ RunTime:0.000346s ]
SQL: SHOW COLUMNS FROM `ty_users` [ RunTime:0.0029s ]
INFO: [ app_end ] --START--
INFO: Run Behavior\ShowPageTraceBehavior [ RunTime:0.000434s ]
INFO: [ app_end ] --END-- [ RunTime:0.000505s ]

[ 2018-02-07T20:58:12+08:00 ] 58.100.31.134 /index.php/WXAPI/User/validateOpenid?openid=o9h__0HrROsFtqdgfEtWjNlNUsIQ
INFO: [ app_init ] --START--
INFO: Run Behavior\BuildLiteBehavior [ RunTime:0.000011s ]
INFO: [ app_init ] --END-- [ RunTime:0.000224s ]
INFO: [ app_begin ] --START--
INFO: Run Behavior\ReadHtmlCacheBehavior [ RunTime:0.000312s ]
INFO: [ app_begin ] --END-- [ RunTime:0.000357s ]
SQL: SHOW COLUMNS FROM `ty_users` [ RunTime:0.0012s ]
SQL: SHOW COLUMNS FROM `ty_users` [ RunTime:0.0010s ]
SQL: SELECT * FROM `ty_users` WHERE `open_id` = 'o9h__0HrROsFtqdgfEtWjNlNUsIQ' LIMIT 1   [ RunTime:0.0008s ]
INFO: [ app_end ] --START--
INFO: Run Behavior\ShowPageTraceBehavior [ RunTime:0.000331s ]
INFO: [ app_end ] --END-- [ RunTime:0.000370s ]

[ 2018-02-07T20:58:24+08:00 ] 58.100.31.134 /index.php/WXAPI/Store/storeGoods?store_id=3&p=0&sort=shop_price&sort_asc=desc
INFO: [ app_init ] --START--
INFO: Run Behavior\BuildLiteBehavior [ RunTime:0.000010s ]
INFO: [ app_init ] --END-- [ RunTime:0.000228s ]
INFO: [ app_begin ] --START--
INFO: Run Behavior\ReadHtmlCacheBehavior [ RunTime:0.000311s ]
INFO: [ app_begin ] --END-- [ RunTime:0.000350s ]
SQL: SHOW COLUMNS FROM `ty_store` [ RunTime:0.0022s ]
SQL: SELECT * FROM `ty_store` WHERE `store_id` = 3 LIMIT 1   [ RunTime:0.0002s ]
SQL: SELECT `store_id`,`store_name`,`store_address`,`store_logo` FROM `ty_store` WHERE `store_id` = 3 AND `store_state` = 1 LIMIT 1   [ RunTime:0.0001s ]
SQL: SHOW COLUMNS FROM `ty_goods` [ RunTime:0.0012s ]
SQL: SHOW COLUMNS FROM `ty_goods` [ RunTime:0.0010s ]
SQL: SELECT `shop_price` FROM `ty_goods` WHERE ( goods_id in (38,41,42,43,44,47,48,50,53,57,58) )  [ RunTime:0.0001s ]
SQL: SHOW COLUMNS FROM `ty_brand` [ RunTime:0.0006s ]
SQL: SELECT * FROM `ty_brand` WHERE ( id in(select brand_id from ty_goods where brand_id > 0 and goods_id in(38,41,42,43,44,47,48,50,53,57,58)) ) LIMIT 30   [ RunTime:0.0001s ]
SQL: SHOW COLUMNS FROM `ty_spec_goods_price` [ RunTime:0.0006s ]
SQL: select group_concat(`key` separator  '_') as `key` from ty_spec_goods_price where goods_id in(38,41,42,43,44,47,48,50,53,57,58) [ RunTime:0.0001s ]
SQL: SHOW COLUMNS FROM `ty_spec` [ RunTime:0.0006s ]
SQL: SELECT `id`,`name` FROM `ty_spec`  [ RunTime:0.0001s ]
SQL: SHOW COLUMNS FROM `ty_spec_item` [ RunTime:0.0005s ]
SQL: SELECT `id`,`spec_id`,`item` FROM `ty_spec_item`  [ RunTime:0.0001s ]
NOTIC: [8] Undefined index: spec /var/www/html/maicai/Application/Home/Logic/GoodsLogic.class.php 第 76 行.
SQL: SHOW COLUMNS FROM `ty_goods_attr` [ RunTime:0.0005s ]
SQL: SELECT * FROM `ty_goods_attr` WHERE ( goods_id in(38,41,42,43,44,47,48,50,53,57,58) and attr_value != '' )  [ RunTime:0.0001s ]
SQL: SHOW COLUMNS FROM `ty_goods_attribute` [ RunTime:0.0005s ]
SQL: SELECT `attr_id`,`attr_name`,`attr_index` FROM `ty_goods_attribute`  [ RunTime:0.0001s ]
SQL: SELECT `goods_id`,`cat_id2`,`goods_sn`,`goods_name`,`shop_price`,`comment_count`,`original_img`,`sales_sum` FROM `ty_goods` WHERE ( store_id = 3 and is_on_sale = 1 ) ORDER BY shop_price desc LIMIT 0,5   [ RunTime:0.0001s ]
SQL: SHOW COLUMNS FROM `ty_goods_category` [ RunTime:0.0006s ]

[ 2018-02-07T20:58:27+08:00 ] 58.100.31.134 /index.php/WXAPI/Store/storeGoods?store_id=3&p=1&sort=shop_price&sort_asc=desc
INFO: [ app_init ] --START--
INFO: Run Behavior\BuildLiteBehavior [ RunTime:0.000012s ]
INFO: [ app_init ] --END-- [ RunTime:0.000248s ]
INFO: [ app_begin ] --START--
INFO: Run Behavior\ReadHtmlCacheBehavior [ RunTime:0.000315s ]
INFO: [ app_begin ] --END-- [ RunTime:0.000371s ]
SQL: SHOW COLUMNS FROM `ty_store` [ RunTime:0.0022s ]
SQL: SELECT * FROM `ty_store` WHERE `store_id` = 3 LIMIT 1   [ RunTime:0.0002s ]
SQL: SELECT `store_id`,`store_name`,`store_address`,`store_logo` FROM `ty_store` WHERE `store_id` = 3 AND `store_state` = 1 LIMIT 1   [ RunTime:0.0001s ]
SQL: SHOW COLUMNS FROM `ty_goods` [ RunTime:0.0010s ]
SQL: SHOW COLUMNS FROM `ty_goods` [ RunTime:0.0010s ]
SQL: SELECT `shop_price` FROM `ty_goods` WHERE ( goods_id in (38,41,42,43,44,47,48,50,53,57,58) )  [ RunTime:0.0001s ]
SQL: SHOW COLUMNS FROM `ty_brand` [ RunTime:0.0005s ]
SQL: SELECT * FROM `ty_brand` WHERE ( id in(select brand_id from ty_goods where brand_id > 0 and goods_id in(38,41,42,43,44,47,48,50,53,57,58)) ) LIMIT 30   [ RunTime:0.0001s ]
SQL: SHOW COLUMNS FROM `ty_spec_goods_price` [ RunTime:0.0004s ]
SQL: select group_concat(`key` separator  '_') as `key` from ty_spec_goods_price where goods_id in(38,41,42,43,44,47,48,50,53,57,58) [ RunTime:0.0001s ]
SQL: SHOW COLUMNS FROM `ty_spec` [ RunTime:0.0004s ]
SQL: SELECT `id`,`name` FROM `ty_spec`  [ RunTime:0.0001s ]
SQL: SHOW COLUMNS FROM `ty_spec_item` [ RunTime:0.0004s ]
SQL: SELECT `id`,`spec_id`,`item` FROM `ty_spec_item`  [ RunTime:0.0001s ]
NOTIC: [8] Undefined index: spec /var/www/html/maicai/Application/Home/Logic/GoodsLogic.class.php 第 76 行.
SQL: SHOW COLUMNS FROM `ty_goods_attr` [ RunTime:0.0004s ]
SQL: SELECT * FROM `ty_goods_attr` WHERE ( goods_id in(38,41,42,43,44,47,48,50,53,57,58) and attr_value != '' )  [ RunTime:0.0001s ]
SQL: SHOW COLUMNS FROM `ty_goods_attribute` [ RunTime:0.0004s ]
SQL: SELECT `attr_id`,`attr_name`,`attr_index` FROM `ty_goods_attribute`  [ RunTime:0.0001s ]
SQL: SELECT `goods_id`,`cat_id2`,`goods_sn`,`goods_name`,`shop_price`,`comment_count`,`original_img`,`sales_sum` FROM `ty_goods` WHERE ( store_id = 3 and is_on_sale = 1 ) ORDER BY shop_price desc LIMIT 5,5   [ RunTime:0.0001s ]
SQL: SHOW COLUMNS FROM `ty_goods_category` [ RunTime:0.0006s ]

[ 2018-02-07T20:58:28+08:00 ] 58.100.31.134 /index.php/WXAPI/Store/storeGoods?store_id=3&p=2&sort=shop_price&sort_asc=desc
INFO: [ app_init ] --START--
INFO: Run Behavior\BuildLiteBehavior [ RunTime:0.000015s ]
INFO: [ app_init ] --END-- [ RunTime:0.000335s ]
INFO: [ app_begin ] --START--
INFO: Run Behavior\ReadHtmlCacheBehavior [ RunTime:0.000320s ]
INFO: [ app_begin ] --END-- [ RunTime:0.000360s ]
SQL: SHOW COLUMNS FROM `ty_store` [ RunTime:0.0026s ]
SQL: SELECT * FROM `ty_store` WHERE `store_id` = 3 LIMIT 1   [ RunTime:0.0002s ]
SQL: SELECT `store_id`,`store_name`,`store_address`,`store_logo` FROM `ty_store` WHERE `store_id` = 3 AND `store_state` = 1 LIMIT 1   [ RunTime:0.0001s ]
SQL: SHOW COLUMNS FROM `ty_goods` [ RunTime:0.0017s ]
SQL: SHOW COLUMNS FROM `ty_goods` [ RunTime:0.0016s ]
SQL: SELECT `shop_price` FROM `ty_goods` WHERE ( goods_id in (38,41,42,43,44,47,48,50,53,57,58) )  [ RunTime:0.0001s ]
SQL: SHOW COLUMNS FROM `ty_brand` [ RunTime:0.0008s ]
SQL: SELECT * FROM `ty_brand` WHERE ( id in(select brand_id from ty_goods where brand_id > 0 and goods_id in(38,41,42,43,44,47,48,50,53,57,58)) ) LIMIT 30   [ RunTime:0.0001s ]
SQL: SHOW COLUMNS FROM `ty_spec_goods_price` [ RunTime:0.0007s ]
SQL: select group_concat(`key` separator  '_') as `key` from ty_spec_goods_price where goods_id in(38,41,42,43,44,47,48,50,53,57,58) [ RunTime:0.0001s ]
SQL: SHOW COLUMNS FROM `ty_spec` [ RunTime:0.0006s ]
SQL: SELECT `id`,`name` FROM `ty_spec`  [ RunTime:0.0001s ]
SQL: SHOW COLUMNS FROM `ty_spec_item` [ RunTime:0.0005s ]
SQL: SELECT `id`,`spec_id`,`item` FROM `ty_spec_item`  [ RunTime:0.0001s ]
NOTIC: [8] Undefined index: spec /var/www/html/maicai/Application/Home/Logic/GoodsLogic.class.php 第 76 行.
SQL: SHOW COLUMNS FROM `ty_goods_attr` [ RunTime:0.0006s ]
SQL: SELECT * FROM `ty_goods_attr` WHERE ( goods_id in(38,41,42,43,44,47,48,50,53,57,58) and attr_value != '' )  [ RunTime:0.0001s ]
SQL: SHOW COLUMNS FROM `ty_goods_attribute` [ RunTime:0.0005s ]
SQL: SELECT `attr_id`,`attr_name`,`attr_index` FROM `ty_goods_attribute`  [ RunTime:0.0001s ]
SQL: SELECT `goods_id`,`cat_id2`,`goods_sn`,`goods_name`,`shop_price`,`comment_count`,`original_img`,`sales_sum` FROM `ty_goods` WHERE ( store_id = 3 and is_on_sale = 1 ) ORDER BY shop_price desc LIMIT 10,5   [ RunTime:0.0001s ]
SQL: SHOW COLUMNS FROM `ty_goods_category` [ RunTime:0.0006s ]

[ 2018-02-07T20:58:31+08:00 ] 58.100.31.134 /index.php/WXAPI/Store/storeGoods?store_id=3&p=0&sort=shop_price&sort_asc=desc
INFO: [ app_init ] --START--
INFO: Run Behavior\BuildLiteBehavior [ RunTime:0.000011s ]
INFO: [ app_init ] --END-- [ RunTime:0.000241s ]
INFO: [ app_begin ] --START--
INFO: Run Behavior\ReadHtmlCacheBehavior [ RunTime:0.000431s ]
INFO: [ app_begin ] --END-- [ RunTime:0.000480s ]
SQL: SHOW COLUMNS FROM `ty_store` [ RunTime:0.0018s ]
SQL: SELECT * FROM `ty_store` WHERE `store_id` = 3 LIMIT 1   [ RunTime:0.0002s ]
SQL: SELECT `store_id`,`store_name`,`store_address`,`store_logo` FROM `ty_store` WHERE `store_id` = 3 AND `store_state` = 1 LIMIT 1   [ RunTime:0.0001s ]
SQL: SHOW COLUMNS FROM `ty_goods` [ RunTime:0.0011s ]
SQL: SHOW COLUMNS FROM `ty_goods` [ RunTime:0.0010s ]
SQL: SELECT `shop_price` FROM `ty_goods` WHERE ( goods_id in (38,41,42,43,44,47,48,50,53,57,58) )  [ RunTime:0.0001s ]
SQL: SHOW COLUMNS FROM `ty_brand` [ RunTime:0.0008s ]
SQL: SELECT * FROM `ty_brand` WHERE ( id in(select brand_id from ty_goods where brand_id > 0 and goods_id in(38,41,42,43,44,47,48,50,53,57,58)) ) LIMIT 30   [ RunTime:0.0001s ]
SQL: SHOW COLUMNS FROM `ty_spec_goods_price` [ RunTime:0.0006s ]
SQL: select group_concat(`key` separator  '_') as `key` from ty_spec_goods_price where goods_id in(38,41,42,43,44,47,48,50,53,57,58) [ RunTime:0.0001s ]
SQL: SHOW COLUMNS FROM `ty_spec` [ RunTime:0.0004s ]
SQL: SELECT `id`,`name` FROM `ty_spec`  [ RunTime:0.0001s ]
SQL: SHOW COLUMNS FROM `ty_spec_item` [ RunTime:0.0004s ]
SQL: SELECT `id`,`spec_id`,`item` FROM `ty_spec_item`  [ RunTime:0.0001s ]
NOTIC: [8] Undefined index: spec /var/www/html/maicai/Application/Home/Logic/GoodsLogic.class.php 第 76 行.
SQL: SHOW COLUMNS FROM `ty_goods_attr` [ RunTime:0.0005s ]
SQL: SELECT * FROM `ty_goods_attr` WHERE ( goods_id in(38,41,42,43,44,47,48,50,53,57,58) and attr_value != '' )  [ RunTime:0.0001s ]
SQL: SHOW COLUMNS FROM `ty_goods_attribute` [ RunTime:0.0005s ]
SQL: SELECT `attr_id`,`attr_name`,`attr_index` FROM `ty_goods_attribute`  [ RunTime:0.0001s ]
SQL: SELECT `goods_id`,`cat_id2`,`goods_sn`,`goods_name`,`shop_price`,`comment_count`,`original_img`,`sales_sum` FROM `ty_goods` WHERE ( store_id = 3 and is_on_sale = 1 ) ORDER BY shop_price desc LIMIT 0,5   [ RunTime:0.0001s ]
SQL: SHOW COLUMNS FROM `ty_goods_category` [ RunTime:0.0006s ]

[ 2018-02-07T20:58:38+08:00 ] 58.100.31.134 /index.php/WXAPI/Goods/goodsInfo/id/48
INFO: [ app_init ] --START--
INFO: Run Behavior\BuildLiteBehavior [ RunTime:0.000015s ]
INFO: [ app_init ] --END-- [ RunTime:0.000305s ]
INFO: [ app_begin ] --START--
INFO: Run Behavior\ReadHtmlCacheBehavior [ RunTime:0.000435s ]
INFO: [ app_begin ] --END-- [ RunTime:0.000492s ]
SQL: SHOW COLUMNS FROM `ty_goods` [ RunTime:0.0016s ]
SQL: SELECT * FROM `ty_goods` WHERE `goods_id` = 48 LIMIT 1   [ RunTime:0.0001s ]
SQL: SHOW COLUMNS FROM `ty_goods_attribute` [ RunTime:0.0007s ]
SQL: SELECT `attr_id`,`attr_name` FROM `ty_goods_attribute`  [ RunTime:0.0001s ]
SQL: SHOW COLUMNS FROM `ty_goods_attr` [ RunTime:0.0006s ]
SQL: SELECT * FROM `ty_goods_attr` WHERE ( goods_id = 48 )  [ RunTime:0.0001s ]
SQL: SHOW COLUMNS FROM `ty_spec_goods_price` [ RunTime:0.0007s ]
SQL: SELECT GROUP_CONCAT(`key` SEPARATOR '_') FROM `ty_spec_goods_price` WHERE ( goods_id = 48 ) LIMIT 1   [ RunTime:0.0001s ]
SQL: SHOW COLUMNS FROM `ty_spec_image` [ RunTime:0.0006s ]
SQL: SELECT `spec_image_id`,`src` FROM `ty_spec_image` WHERE ( goods_id = 48 and src != ''  )  [ RunTime:0.0001s ]
SQL: SELECT a.name,a.order,b.* FROM ty_spec AS a INNER JOIN ty_spec_item AS b ON a.id = b.spec_id WHERE b.id IN(177,178,181,182) ORDER BY a.order [ RunTime:0.0001s ]
SQL: SHOW COLUMNS FROM `ty_spec_goods_price` [ RunTime:0.0006s ]
SQL: SELECT `key`,`price`,`store_count` FROM `ty_spec_goods_price` WHERE ( goods_id = 48 )  [ RunTime:0.0001s ]
SQL: SHOW COLUMNS FROM `ty_goods_images` [ RunTime:0.0007s ]
SQL: SELECT `image_url` FROM `ty_goods_images` WHERE `goods_id` = 48  [ RunTime:0.0001s ]
SQL: SHOW COLUMNS FROM `ty_comment` [ RunTime:0.0008s ]
SQL: SELECT * FROM `ty_comment` WHERE ( goods_id=48 AND is_show=1 AND parent_id=0 ) LIMIT 2   [ RunTime:0.0001s ]

[ 2018-02-07T20:58:59+08:00 ] 58.100.31.134 /index.php/WXAPI/Store/storeGoods?store_id=3&p=1&sort=shop_price&sort_asc=desc
INFO: [ app_init ] --START--
INFO: Run Behavior\BuildLiteBehavior [ RunTime:0.000016s ]
INFO: [ app_init ] --END-- [ RunTime:0.000347s ]
INFO: [ app_begin ] --START--
INFO: Run Behavior\ReadHtmlCacheBehavior [ RunTime:0.000344s ]
INFO: [ app_begin ] --END-- [ RunTime:0.000391s ]
SQL: SHOW COLUMNS FROM `ty_store` [ RunTime:0.0018s ]
SQL: SELECT * FROM `ty_store` WHERE `store_id` = 3 LIMIT 1   [ RunTime:0.0002s ]
SQL: SELECT `store_id`,`store_name`,`store_address`,`store_logo` FROM `ty_store` WHERE `store_id` = 3 AND `store_state` = 1 LIMIT 1   [ RunTime:0.0001s ]
SQL: SHOW COLUMNS FROM `ty_goods` [ RunTime:0.0011s ]
SQL: SHOW COLUMNS FROM `ty_goods` [ RunTime:0.0010s ]
SQL: SELECT `shop_price` FROM `ty_goods` WHERE ( goods_id in (38,41,42,43,44,47,48,50,53,57,58) )  [ RunTime:0.0001s ]
SQL: SHOW COLUMNS FROM `ty_brand` [ RunTime:0.0005s ]
SQL: SELECT * FROM `ty_brand` WHERE ( id in(select brand_id from ty_goods where brand_id > 0 and goods_id in(38,41,42,43,44,47,48,50,53,57,58)) ) LIMIT 30   [ RunTime:0.0001s ]
SQL: SHOW COLUMNS FROM `ty_spec_goods_price` [ RunTime:0.0005s ]
SQL: select group_concat(`key` separator  '_') as `key` from ty_spec_goods_price where goods_id in(38,41,42,43,44,47,48,50,53,57,58) [ RunTime:0.0001s ]
SQL: SHOW COLUMNS FROM `ty_spec` [ RunTime:0.0005s ]
SQL: SELECT `id`,`name` FROM `ty_spec`  [ RunTime:0.0001s ]
SQL: SHOW COLUMNS FROM `ty_spec_item` [ RunTime:0.0004s ]
SQL: SELECT `id`,`spec_id`,`item` FROM `ty_spec_item`  [ RunTime:0.0001s ]
NOTIC: [8] Undefined index: spec /var/www/html/maicai/Application/Home/Logic/GoodsLogic.class.php 第 76 行.
SQL: SHOW COLUMNS FROM `ty_goods_attr` [ RunTime:0.0004s ]
SQL: SELECT * FROM `ty_goods_attr` WHERE ( goods_id in(38,41,42,43,44,47,48,50,53,57,58) and attr_value != '' )  [ RunTime:0.0001s ]
SQL: SHOW COLUMNS FROM `ty_goods_attribute` [ RunTime:0.0005s ]
SQL: SELECT `attr_id`,`attr_name`,`attr_index` FROM `ty_goods_attribute`  [ RunTime:0.0001s ]
SQL: SELECT `goods_id`,`cat_id2`,`goods_sn`,`goods_name`,`shop_price`,`comment_count`,`original_img`,`sales_sum` FROM `ty_goods` WHERE ( store_id = 3 and is_on_sale = 1 ) ORDER BY shop_price desc LIMIT 5,5   [ RunTime:0.0001s ]
SQL: SHOW COLUMNS FROM `ty_goods_category` [ RunTime:0.0005s ]

[ 2018-02-07T20:59:05+08:00 ] 58.100.31.134 /index.php/WXAPI/Goods/goodsLists/id/46/sort/shop_price/sort_asc/desc/p/0
INFO: [ app_init ] --START--
INFO: Run Behavior\BuildLiteBehavior [ RunTime:0.000012s ]
INFO: [ app_init ] --END-- [ RunTime:0.000246s ]
INFO: [ app_begin ] --START--
INFO: Run Behavior\ReadHtmlCacheBehavior [ RunTime:0.000360s ]
INFO: [ app_begin ] --END-- [ RunTime:0.000411s ]
NOTIC: [8] Undefined index: start_price /var/www/html/maicai/Application/WXAPI/Controller/GoodsController.class.php 第 251 行.
NOTIC: [8] Undefined index: end_price /var/www/html/maicai/Application/WXAPI/Controller/GoodsController.class.php 第 251 行.
SQL: SHOW COLUMNS FROM `ty_goods` [ RunTime:0.0017s ]
SQL: SHOW COLUMNS FROM `ty_goods_category` [ RunTime:0.0008s ]
SQL: SELECT * FROM `ty_goods_category` WHERE ( id = 46 ) LIMIT 1   [ RunTime:0.0001s ]
SQL: SHOW COLUMNS FROM `ty_goods_category` [ RunTime:0.0005s ]
SQL: SELECT `id`,`parent_id` FROM `ty_goods_category`  [ RunTime:0.0001s ]
SQL: SELECT `id` FROM `ty_goods_category` WHERE ( parent_id = 46 )  [ RunTime:0.0001s ]
SQL: SHOW COLUMNS FROM `ty_goods` [ RunTime:0.0014s ]
SQL: SELECT `goods_id` FROM `ty_goods` WHERE ( is_on_sale=1 and cat_id2 in(46,59)  )  [ RunTime:0.0001s ]
NOTIC: [2] implode(): Invalid arguments passed /var/www/html/maicai/Application/Home/Logic/GoodsLogic.class.php 第 319 行.
SQL: SELECT `shop_price` FROM `ty_goods` WHERE ( goods_id in (0) )  [ RunTime:0.0001s ]
NOTIC: [2] rsort() expects parameter 1 to be array, null given /var/www/html/maicai/Application/Home/Logic/GoodsLogic.class.php 第 323 行.
NOTIC: [2] Invalid argument supplied for foreach() /var/www/html/maicai/Application/Home/Logic/GoodsLogic.class.php 第 335 行.
NOTIC: [2] Invalid argument supplied for foreach() /var/www/html/maicai/Application/Home/Logic/GoodsLogic.class.php 第 335 行.
NOTIC: [2] Invalid argument supplied for foreach() /var/www/html/maicai/Application/Home/Logic/GoodsLogic.class.php 第 335 行.
NOTIC: [2] Invalid argument supplied for foreach() /var/www/html/maicai/Application/Home/Logic/GoodsLogic.class.php 第 335 行.
NOTIC: [2] Invalid argument supplied for foreach() /var/www/html/maicai/Application/Home/Logic/GoodsLogic.class.php 第 335 行.
NOTIC: [2] implode(): Invalid arguments passed /var/www/html/maicai/Application/Home/Logic/GoodsLogic.class.php 第 37 行.
SQL: SHOW COLUMNS FROM `ty_brand` [ RunTime:0.0006s ]
SQL: SELECT * FROM `ty_brand` WHERE ( id in(select brand_id from ty_goods where brand_id > 0 and goods_id in(0)) ) LIMIT 30   [ RunTime:0.0001s ]
NOTIC: [2] implode(): Invalid arguments passed /var/www/html/maicai/Application/Home/Logic/GoodsLogic.class.php 第 60 行.
SQL: SHOW COLUMNS FROM `ty_spec_goods_price` [ RunTime:0.0005s ]
SQL: select group_concat(`key` separator  '_') as `key` from ty_spec_goods_price where goods_id in(0) [ RunTime:0.0001s ]
NOTIC: [2] implode(): Invalid arguments passed /var/www/html/maicai/Application/Home/Logic/GoodsLogic.class.php 第 104 行.
SQL: SHOW COLUMNS FROM `ty_goods_attr` [ RunTime:0.0004s ]
SQL: SELECT * FROM `ty_goods_attr` WHERE ( goods_id in(0) and attr_value != '' )  [ RunTime:0.0001s ]
SQL: SHOW COLUMNS FROM `ty_goods_attribute` [ RunTime:0.0006s ]
SQL: SELECT `attr_id`,`attr_name`,`attr_index` FROM `ty_goods_attribute`  [ RunTime:0.0001s ]
NOTIC: [8] Undefined variable: goods_list /var/www/html/maicai/Application/WXAPI/Controller/GoodsController.class.php 第 317 行.
NOTIC: [2] Invalid argument supplied for foreach() /var/www/html/maicai/Application/WXAPI/Controller/GoodsController.class.php 第 317 行.
NOTIC: [8] Undefined variable: goods_list /var/www/html/maicai/Application/WXAPI/Controller/GoodsController.class.php 第 321 行.

[ 2018-02-07T21:10:56+08:00 ] 120.230.77.168 /index.php/WXAPI/Index/home
INFO: [ app_init ] --START--
INFO: Run Behavior\BuildLiteBehavior [ RunTime:0.000011s ]
INFO: [ app_init ] --END-- [ RunTime:0.000223s ]
INFO: [ app_begin ] --START--
INFO: Run Behavior\ReadHtmlCacheBehavior [ RunTime:0.000341s ]
INFO: [ app_begin ] --END-- [ RunTime:0.000387s ]
SQL: SHOW COLUMNS FROM `ty_coupon` [ RunTime:0.0010s ]
SQL: SELECT * FROM `ty_coupon` WHERE `send_start_time` < 1518009056 AND `send_end_time` > 1518009056  [ RunTime:0.0002s ]
SQL: SHOW COLUMNS FROM `ty_ad` [ RunTime:0.0006s ]
SQL: SELECT `ad_link`,`ad_name`,`ad_code`,`pid` FROM `ty_ad` WHERE `pid` = 1 AND `enabled` = 1  [ RunTime:0.0001s ]
SQL: SELECT `ad_link`,`ad_name`,`ad_code`,`pid` FROM `ty_ad` WHERE `pid` = 2 AND `enabled` = 1  [ RunTime:0.0001s ]
SQL: SELECT `ad_link`,`ad_name`,`ad_code`,`pid` FROM `ty_ad` WHERE `pid` = 3 AND `enabled` = 1  [ RunTime:0.0001s ]
SQL: SHOW COLUMNS FROM `ty_article` [ RunTime:0.0006s ]
SQL: SELECT `article_id`,`content`,`link`,`description` FROM `ty_article` WHERE `article_id` = 2 LIMIT 1   [ RunTime:0.0001s ]
SQL: SELECT `article_id`,`content`,`link`,`description` FROM `ty_article` WHERE `article_id` = 1 LIMIT 1   [ RunTime:0.0001s ]
SQL: SHOW COLUMNS FROM `ty_article_cat` [ RunTime:0.0007s ]
SQL: SELECT `cat_name`,`thumb`,`cat_desc` FROM `ty_article_cat` WHERE `parent_id` = 2 AND `show_in_nav` = 1 ORDER BY sort_order  [ RunTime:0.0001s ]
SQL: SELECT `cat_name`,`thumb`,`cat_desc`,`type` FROM `ty_article_cat` WHERE `parent_id` = 9 AND `show_in_nav` = 1 ORDER BY sort_order  [ RunTime:0.0001s ]

[ 2018-02-07T21:10:56+08:00 ] 120.230.77.168 /index.php/WXAPI/User/getOpenid?url=https%3A%2F%2Fapi.weixin.qq.com%2Fsns%2Fjscode2session%3Fappid%3Dwxf3a9ae58645327d5%26secret%3Dc90e9c7fa14d4df6fbde0970cc2f0fb0%26js_code%3D003Kbdq81kQS5Q1XdOs81hpvq81Kbdqe%26grant_type%3Dauthorization_code%26code%3D003Kbdq81kQS5Q1XdOs81hpvq81Kbdqe
INFO: [ app_init ] --START--
INFO: Run Behavior\BuildLiteBehavior [ RunTime:0.000012s ]
INFO: [ app_init ] --END-- [ RunTime:0.000234s ]
INFO: [ app_begin ] --START--
INFO: Run Behavior\ReadHtmlCacheBehavior [ RunTime:0.000298s ]
INFO: [ app_begin ] --END-- [ RunTime:0.000338s ]
SQL: SHOW COLUMNS FROM `ty_users` [ RunTime:0.0014s ]
INFO: [ app_end ] --START--
INFO: Run Behavior\ShowPageTraceBehavior [ RunTime:0.000507s ]
INFO: [ app_end ] --END-- [ RunTime:0.000600s ]

[ 2018-02-07T21:10:57+08:00 ] 120.230.77.168 /index.php/WXAPI/User/validateOpenid?openid=o9h__0EpnU_ze585xPnJVFids5S8
INFO: [ app_init ] --START--
INFO: Run Behavior\BuildLiteBehavior [ RunTime:0.000011s ]
INFO: [ app_init ] --END-- [ RunTime:0.000229s ]
INFO: [ app_begin ] --START--
INFO: Run Behavior\ReadHtmlCacheBehavior [ RunTime:0.000299s ]
INFO: [ app_begin ] --END-- [ RunTime:0.000339s ]
SQL: SHOW COLUMNS FROM `ty_users` [ RunTime:0.0012s ]
SQL: SHOW COLUMNS FROM `ty_users` [ RunTime:0.0010s ]
SQL: SELECT * FROM `ty_users` WHERE `open_id` = 'o9h__0EpnU_ze585xPnJVFids5S8' LIMIT 1   [ RunTime:0.0007s ]
INFO: [ app_end ] --START--
INFO: Run Behavior\ShowPageTraceBehavior [ RunTime:0.000322s ]
INFO: [ app_end ] --END-- [ RunTime:0.000359s ]

[ 2018-02-07T21:10:58+08:00 ] 120.230.77.168 /index.php/WXAPI/User/register?open_id=o9h__0EpnU_ze585xPnJVFids5S8&country=Sweden&gender=2&nick_name=anrata&province=Orebro&city=&head_pic=https://wx.qlogo.cn/mmopen/vi_32/5gkAkgensNcfgL9kibROX8cfSPqwIN9ZHkiaK0aIiaaj8W7NOu35fRB79QWMmnyJPNsGANGtZptUiaHcyYlwSOnKYw/0&fid=0
INFO: [ app_init ] --START--
INFO: Run Behavior\BuildLiteBehavior [ RunTime:0.000011s ]
INFO: [ app_init ] --END-- [ RunTime:0.000222s ]
INFO: [ app_begin ] --START--
INFO: Run Behavior\ReadHtmlCacheBehavior [ RunTime:0.000295s ]
INFO: [ app_begin ] --END-- [ RunTime:0.000336s ]
SQL: SHOW COLUMNS FROM `ty_users` [ RunTime:0.0016s ]
SQL: SHOW COLUMNS FROM `ty_users` [ RunTime:0.0013s ]
SQL: SHOW COLUMNS FROM `ty_config` [ RunTime:0.0013s ]
SQL: SELECT `value` FROM `ty_config` WHERE `name` = 'distributor' LIMIT 1   [ RunTime:0.0001s ]
SQL: INSERT INTO `ty_users` (`city`,`open_id`,`nick_name`,`province`,`head_pic`) VALUES ('0','o9h__0EpnU_ze585xPnJVFids5S8','anrata','0','https://wx.qlogo.cn/mmopen/vi_32/5gkAkgensNcfgL9kibROX8cfSPqwIN9ZHkiaK0aIiaaj8W7NOu35fRB79QWMmnyJPNsGANGtZptUiaHcyYlwSOnKYw/0') [ RunTime:0.0002s ]
SQL: SELECT * FROM `ty_users` WHERE `user_id` = 805 LIMIT 1   [ RunTime:0.0003s ]
NOTIC: [8] Undefined variable: v /var/www/html/maicai/Application/WXAPI/Controller/UserController.class.php 第 736 行.
SQL: UPDATE `ty_users` SET `head_pic`='/Public/head/805.jpg' WHERE `user_id` = 805 [ RunTime:0.0003s ]
SQL: SELECT * FROM `ty_users` WHERE `user_id` = 805 LIMIT 1   [ RunTime:0.0002s ]
SQL: SELECT * FROM `ty_users` WHERE `user_id` = 805 LIMIT 1   [ RunTime:0.0001s ]
SQL: SELECT * FROM `ty_config` WHERE `name` = 'hot_keywords' LIMIT 1   [ RunTime:0.0001s ]
SQL: SHOW COLUMNS FROM `ty_seller_apply` [ RunTime:0.0018s ]
SQL: SELECT * FROM `ty_seller_apply` WHERE `user_id` = 805 LIMIT 1   [ RunTime:0.0002s ]
INFO: [ app_end ] --START--
INFO: Run Behavior\ShowPageTraceBehavior [ RunTime:0.000514s ]
INFO: [ app_end ] --END-- [ RunTime:0.000572s ]

[ 2018-02-07T21:11:02+08:00 ] 120.230.77.168 /index.php/WXAPI/Goods/goodsLists/id/46/sort/shop_price/sort_asc/desc/p/0
INFO: [ app_init ] --START--
INFO: Run Behavior\BuildLiteBehavior [ RunTime:0.000011s ]
INFO: [ app_init ] --END-- [ RunTime:0.000243s ]
INFO: [ app_begin ] --START--
INFO: Run Behavior\ReadHtmlCacheBehavior [ RunTime:0.000319s ]
INFO: [ app_begin ] --END-- [ RunTime:0.000415s ]
NOTIC: [8] Undefined index: start_price /var/www/html/maicai/Application/WXAPI/Controller/GoodsController.class.php 第 251 行.
NOTIC: [8] Undefined index: end_price /var/www/html/maicai/Application/WXAPI/Controller/GoodsController.class.php 第 251 行.
SQL: SHOW COLUMNS FROM `ty_goods` [ RunTime:0.0015s ]
SQL: SHOW COLUMNS FROM `ty_goods_category` [ RunTime:0.0006s ]
SQL: SELECT * FROM `ty_goods_category` WHERE ( id = 46 ) LIMIT 1   [ RunTime:0.0001s ]
SQL: SHOW COLUMNS FROM `ty_goods_category` [ RunTime:0.0008s ]
SQL: SELECT `id`,`parent_id` FROM `ty_goods_category`  [ RunTime:0.0001s ]
SQL: SELECT `id` FROM `ty_goods_category` WHERE ( parent_id = 46 )  [ RunTime:0.0001s ]
SQL: SHOW COLUMNS FROM `ty_goods` [ RunTime:0.0011s ]
SQL: SELECT `goods_id` FROM `ty_goods` WHERE ( is_on_sale=1 and cat_id2 in(46,59)  )  [ RunTime:0.0001s ]
NOTIC: [2] implode(): Invalid arguments passed /var/www/html/maicai/Application/Home/Logic/GoodsLogic.class.php 第 319 行.
SQL: SELECT `shop_price` FROM `ty_goods` WHERE ( goods_id in (0) )  [ RunTime:0.0001s ]
NOTIC: [2] rsort() expects parameter 1 to be array, null given /var/www/html/maicai/Application/Home/Logic/GoodsLogic.class.php 第 323 行.
NOTIC: [2] Invalid argument supplied for foreach() /var/www/html/maicai/Application/Home/Logic/GoodsLogic.class.php 第 335 行.
NOTIC: [2] Invalid argument supplied for foreach() /var/www/html/maicai/Application/Home/Logic/GoodsLogic.class.php 第 335 行.
NOTIC: [2] Invalid argument supplied for foreach() /var/www/html/maicai/Application/Home/Logic/GoodsLogic.class.php 第 335 行.
NOTIC: [2] Invalid argument supplied for foreach() /var/www/html/maicai/Application/Home/Logic/GoodsLogic.class.php 第 335 行.
NOTIC: [2] Invalid argument supplied for foreach() /var/www/html/maicai/Application/Home/Logic/GoodsLogic.class.php 第 335 行.
NOTIC: [2] implode(): Invalid arguments passed /var/www/html/maicai/Application/Home/Logic/GoodsLogic.class.php 第 37 行.
SQL: SHOW COLUMNS FROM `ty_brand` [ RunTime:0.0006s ]
SQL: SELECT * FROM `ty_brand` WHERE ( id in(select brand_id from ty_goods where brand_id > 0 and goods_id in(0)) ) LIMIT 30   [ RunTime:0.0001s ]
NOTIC: [2] implode(): Invalid arguments passed /var/www/html/maicai/Application/Home/Logic/GoodsLogic.class.php 第 60 行.
SQL: SHOW COLUMNS FROM `ty_spec_goods_price` [ RunTime:0.0006s ]
SQL: select group_concat(`key` separator  '_') as `key` from ty_spec_goods_price where goods_id in(0) [ RunTime:0.0001s ]
NOTIC: [2] implode(): Invalid arguments passed /var/www/html/maicai/Application/Home/Logic/GoodsLogic.class.php 第 104 行.
SQL: SHOW COLUMNS FROM `ty_goods_attr` [ RunTime:0.0005s ]
SQL: SELECT * FROM `ty_goods_attr` WHERE ( goods_id in(0) and attr_value != '' )  [ RunTime:0.0001s ]
SQL: SHOW COLUMNS FROM `ty_goods_attribute` [ RunTime:0.0005s ]
SQL: SELECT `attr_id`,`attr_name`,`attr_index` FROM `ty_goods_attribute`  [ RunTime:0.0001s ]
NOTIC: [8] Undefined variable: goods_list /var/www/html/maicai/Application/WXAPI/Controller/GoodsController.class.php 第 317 行.
NOTIC: [2] Invalid argument supplied for foreach() /var/www/html/maicai/Application/WXAPI/Controller/GoodsController.class.php 第 317 行.
NOTIC: [8] Undefined variable: goods_list /var/www/html/maicai/Application/WXAPI/Controller/GoodsController.class.php 第 321 行.

[ 2018-02-07T21:16:43+08:00 ] 39.130.97.214 /index.php/WXAPI/Index/home
INFO: [ app_init ] --START--
INFO: Run Behavior\BuildLiteBehavior [ RunTime:0.000011s ]
INFO: [ app_init ] --END-- [ RunTime:0.000225s ]
INFO: [ app_begin ] --START--
INFO: Run Behavior\ReadHtmlCacheBehavior [ RunTime:0.000289s ]
INFO: [ app_begin ] --END-- [ RunTime:0.000330s ]
SQL: SHOW COLUMNS FROM `ty_coupon` [ RunTime:0.0008s ]
SQL: SELECT * FROM `ty_coupon` WHERE `send_start_time` < 1518009403 AND `send_end_time` > 1518009403  [ RunTime:0.0002s ]
SQL: SHOW COLUMNS FROM `ty_ad` [ RunTime:0.0006s ]
SQL: SELECT `ad_link`,`ad_name`,`ad_code`,`pid` FROM `ty_ad` WHERE `pid` = 1 AND `enabled` = 1  [ RunTime:0.0001s ]
SQL: SELECT `ad_link`,`ad_name`,`ad_code`,`pid` FROM `ty_ad` WHERE `pid` = 2 AND `enabled` = 1  [ RunTime:0.0001s ]
SQL: SELECT `ad_link`,`ad_name`,`ad_code`,`pid` FROM `ty_ad` WHERE `pid` = 3 AND `enabled` = 1  [ RunTime:0.0001s ]
SQL: SHOW COLUMNS FROM `ty_article` [ RunTime:0.0006s ]
SQL: SELECT `article_id`,`content`,`link`,`description` FROM `ty_article` WHERE `article_id` = 2 LIMIT 1   [ RunTime:0.0001s ]
SQL: SELECT `article_id`,`content`,`link`,`description` FROM `ty_article` WHERE `article_id` = 1 LIMIT 1   [ RunTime:0.0001s ]
SQL: SHOW COLUMNS FROM `ty_article_cat` [ RunTime:0.0005s ]
SQL: SELECT `cat_name`,`thumb`,`cat_desc` FROM `ty_article_cat` WHERE `parent_id` = 2 AND `show_in_nav` = 1 ORDER BY sort_order  [ RunTime:0.0001s ]
SQL: SELECT `cat_name`,`thumb`,`cat_desc`,`type` FROM `ty_article_cat` WHERE `parent_id` = 9 AND `show_in_nav` = 1 ORDER BY sort_order  [ RunTime:0.0001s ]

[ 2018-02-07T21:16:43+08:00 ] 39.130.97.214 /index.php/WXAPI/User/getOpenid?url=https%3A%2F%2Fapi.weixin.qq.com%2Fsns%2Fjscode2session%3Fappid%3Dwxf3a9ae58645327d5%26secret%3Dc90e9c7fa14d4df6fbde0970cc2f0fb0%26js_code%3D001wjqrf2b5s8B0XAKpf28T7rf2wjqrH%26grant_type%3Dauthorization_code%26code%3D001wjqrf2b5s8B0XAKpf28T7rf2wjqrH
INFO: [ app_init ] --START--
INFO: Run Behavior\BuildLiteBehavior [ RunTime:0.000011s ]
INFO: [ app_init ] --END-- [ RunTime:0.000234s ]
INFO: [ app_begin ] --START--
INFO: Run Behavior\ReadHtmlCacheBehavior [ RunTime:0.000299s ]
INFO: [ app_begin ] --END-- [ RunTime:0.000339s ]
SQL: SHOW COLUMNS FROM `ty_users` [ RunTime:0.0012s ]
INFO: [ app_end ] --START--
INFO: Run Behavior\ShowPageTraceBehavior [ RunTime:0.000414s ]
INFO: [ app_end ] --END-- [ RunTime:0.000483s ]

[ 2018-02-07T21:16:44+08:00 ] 39.130.97.214 /index.php/WXAPI/User/validateOpenid?openid=o9h__0GAZcIOhOoxOsJmbNgMB2vY
INFO: [ app_init ] --START--
INFO: Run Behavior\BuildLiteBehavior [ RunTime:0.000012s ]
INFO: [ app_init ] --END-- [ RunTime:0.000242s ]
INFO: [ app_begin ] --START--
INFO: Run Behavior\ReadHtmlCacheBehavior [ RunTime:0.000316s ]
INFO: [ app_begin ] --END-- [ RunTime:0.000355s ]
SQL: SHOW COLUMNS FROM `ty_users` [ RunTime:0.0013s ]
SQL: SHOW COLUMNS FROM `ty_users` [ RunTime:0.0010s ]
SQL: SELECT * FROM `ty_users` WHERE `open_id` = 'o9h__0GAZcIOhOoxOsJmbNgMB2vY' LIMIT 1   [ RunTime:0.0007s ]
SQL: SHOW COLUMNS FROM `ty_config` [ RunTime:0.0005s ]
SQL: SELECT * FROM `ty_config` WHERE `name` = 'hot_keywords' LIMIT 1   [ RunTime:0.0001s ]
SQL: SHOW COLUMNS FROM `ty_seller_apply` [ RunTime:0.0005s ]
SQL: SELECT * FROM `ty_seller_apply` WHERE `user_id` = 649 LIMIT 1   [ RunTime:0.0002s ]
INFO: [ app_end ] --START--
INFO: Run Behavior\ShowPageTraceBehavior [ RunTime:0.000331s ]
INFO: [ app_end ] --END-- [ RunTime:0.000370s ]

[ 2018-02-07T21:17:12+08:00 ] 39.130.97.214 /index.php/WXAPI/Goods/goodsLists/id/46/sort/shop_price/sort_asc/desc/p/0
INFO: [ app_init ] --START--
INFO: Run Behavior\BuildLiteBehavior [ RunTime:0.000014s ]
INFO: [ app_init ] --END-- [ RunTime:0.000310s ]
INFO: [ app_begin ] --START--
INFO: Run Behavior\ReadHtmlCacheBehavior [ RunTime:0.000293s ]
INFO: [ app_begin ] --END-- [ RunTime:0.000334s ]
NOTIC: [8] Undefined index: start_price /var/www/html/maicai/Application/WXAPI/Controller/GoodsController.class.php 第 251 行.
NOTIC: [8] Undefined index: end_price /var/www/html/maicai/Application/WXAPI/Controller/GoodsController.class.php 第 251 行.
SQL: SHOW COLUMNS FROM `ty_goods` [ RunTime:0.0013s ]
SQL: SHOW COLUMNS FROM `ty_goods_category` [ RunTime:0.0006s ]
SQL: SELECT * FROM `ty_goods_category` WHERE ( id = 46 ) LIMIT 1   [ RunTime:0.0001s ]
SQL: SHOW COLUMNS FROM `ty_goods_category` [ RunTime:0.0005s ]
SQL: SELECT `id`,`parent_id` FROM `ty_goods_category`  [ RunTime:0.0001s ]
SQL: SELECT `id` FROM `ty_goods_category` WHERE ( parent_id = 46 )  [ RunTime:0.0001s ]
SQL: SHOW COLUMNS FROM `ty_goods` [ RunTime:0.0010s ]
SQL: SELECT `goods_id` FROM `ty_goods` WHERE ( is_on_sale=1 and cat_id2 in(46,59)  )  [ RunTime:0.0001s ]
NOTIC: [2] implode(): Invalid arguments passed /var/www/html/maicai/Application/Home/Logic/GoodsLogic.class.php 第 319 行.
SQL: SELECT `shop_price` FROM `ty_goods` WHERE ( goods_id in (0) )  [ RunTime:0.0001s ]
NOTIC: [2] rsort() expects parameter 1 to be array, null given /var/www/html/maicai/Application/Home/Logic/GoodsLogic.class.php 第 323 行.
NOTIC: [2] Invalid argument supplied for foreach() /var/www/html/maicai/Application/Home/Logic/GoodsLogic.class.php 第 335 行.
NOTIC: [2] Invalid argument supplied for foreach() /var/www/html/maicai/Application/Home/Logic/GoodsLogic.class.php 第 335 行.
NOTIC: [2] Invalid argument supplied for foreach() /var/www/html/maicai/Application/Home/Logic/GoodsLogic.class.php 第 335 行.
NOTIC: [2] Invalid argument supplied for foreach() /var/www/html/maicai/Application/Home/Logic/GoodsLogic.class.php 第 335 行.
NOTIC: [2] Invalid argument supplied for foreach() /var/www/html/maicai/Application/Home/Logic/GoodsLogic.class.php 第 335 行.
NOTIC: [2] implode(): Invalid arguments passed /var/www/html/maicai/Application/Home/Logic/GoodsLogic.class.php 第 37 行.
SQL: SHOW COLUMNS FROM `ty_brand` [ RunTime:0.0005s ]
SQL: SELECT * FROM `ty_brand` WHERE ( id in(select brand_id from ty_goods where brand_id > 0 and goods_id in(0)) ) LIMIT 30   [ RunTime:0.0001s ]
NOTIC: [2] implode(): Invalid arguments passed /var/www/html/maicai/Application/Home/Logic/GoodsLogic.class.php 第 60 行.
SQL: SHOW COLUMNS FROM `ty_spec_goods_price` [ RunTime:0.0004s ]
SQL: select group_concat(`key` separator  '_') as `key` from ty_spec_goods_price where goods_id in(0) [ RunTime:0.0001s ]
NOTIC: [2] implode(): Invalid arguments passed /var/www/html/maicai/Application/Home/Logic/GoodsLogic.class.php 第 104 行.
SQL: SHOW COLUMNS FROM `ty_goods_attr` [ RunTime:0.0004s ]
SQL: SELECT * FROM `ty_goods_attr` WHERE ( goods_id in(0) and attr_value != '' )  [ RunTime:0.0001s ]
SQL: SHOW COLUMNS FROM `ty_goods_attribute` [ RunTime:0.0004s ]
SQL: SELECT `attr_id`,`attr_name`,`attr_index` FROM `ty_goods_attribute`  [ RunTime:0.0001s ]
NOTIC: [8] Undefined variable: goods_list /var/www/html/maicai/Application/WXAPI/Controller/GoodsController.class.php 第 317 行.
NOTIC: [2] Invalid argument supplied for foreach() /var/www/html/maicai/Application/WXAPI/Controller/GoodsController.class.php 第 317 行.
NOTIC: [8] Undefined variable: goods_list /var/www/html/maicai/Application/WXAPI/Controller/GoodsController.class.php 第 321 行.

