[ 2018-02-14T01:09:59+08:00 ] 49.118.235.87 /index.php/WXAPI/Index/home
INFO: [ app_init ] --START--
INFO: Run Behavior\BuildLiteBehavior [ RunTime:0.000013s ]
INFO: [ app_init ] --END-- [ RunTime:0.000238s ]
INFO: [ app_begin ] --START--
INFO: Run Behavior\ReadHtmlCacheBehavior [ RunTime:0.000302s ]
INFO: [ app_begin ] --END-- [ RunTime:0.000341s ]
SQL: SHOW COLUMNS FROM `ty_coupon` [ RunTime:0.0008s ]
SQL: SELECT * FROM `ty_coupon` WHERE `send_start_time` < 1518541799 AND `send_end_time` > 1518541799  [ RunTime:0.0002s ]
SQL: SHOW COLUMNS FROM `ty_ad` [ RunTime:0.0006s ]
SQL: SELECT `ad_link`,`ad_name`,`ad_code`,`pid` FROM `ty_ad` WHERE `pid` = 1 AND `enabled` = 1  [ RunTime:0.0001s ]
SQL: SELECT `ad_link`,`ad_name`,`ad_code`,`pid` FROM `ty_ad` WHERE `pid` = 2 AND `enabled` = 1  [ RunTime:0.0001s ]
SQL: SELECT `ad_link`,`ad_name`,`ad_code`,`pid` FROM `ty_ad` WHERE `pid` = 3 AND `enabled` = 1  [ RunTime:0.0001s ]
SQL: SHOW COLUMNS FROM `ty_article` [ RunTime:0.0006s ]
SQL: SELECT `article_id`,`content`,`link`,`description` FROM `ty_article` WHERE `article_id` = 2 LIMIT 1   [ RunTime:0.0001s ]
SQL: SELECT `article_id`,`content`,`link`,`description` FROM `ty_article` WHERE `article_id` = 1 LIMIT 1   [ RunTime:0.0001s ]
SQL: SHOW COLUMNS FROM `ty_article_cat` [ RunTime:0.0005s ]
SQL: SELECT `cat_name`,`thumb`,`cat_desc` FROM `ty_article_cat` WHERE `parent_id` = 2 AND `show_in_nav` = 1 ORDER BY sort_order  [ RunTime:0.0001s ]
SQL: SELECT `cat_name`,`thumb`,`cat_desc`,`type` FROM `ty_article_cat` WHERE `parent_id` = 9 AND `show_in_nav` = 1 ORDER BY sort_order  [ RunTime:0.0001s ]

[ 2018-02-14T01:09:59+08:00 ] 49.118.235.87 /index.php/WXAPI/User/getOpenid?url=https%3A%2F%2Fapi.weixin.qq.com%2Fsns%2Fjscode2session%3Fappid%3Dwxf3a9ae58645327d5%26secret%3Dc90e9c7fa14d4df6fbde0970cc2f0fb0%26js_code%3D081Da5ea1i0IOQ1wqNaa1jUOda1Da5ew%26grant_type%3Dauthorization_code%26code%3D081Da5ea1i0IOQ1wqNaa1jUOda1Da5ew
INFO: [ app_init ] --START--
INFO: Run Behavior\BuildLiteBehavior [ RunTime:0.000010s ]
INFO: [ app_init ] --END-- [ RunTime:0.000228s ]
INFO: [ app_begin ] --START--
INFO: Run Behavior\ReadHtmlCacheBehavior [ RunTime:0.000298s ]
INFO: [ app_begin ] --END-- [ RunTime:0.000337s ]
SQL: SHOW COLUMNS FROM `ty_users` [ RunTime:0.0012s ]
INFO: [ app_end ] --START--
INFO: Run Behavior\ShowPageTraceBehavior [ RunTime:0.000451s ]
INFO: [ app_end ] --END-- [ RunTime:0.000519s ]

[ 2018-02-14T01:09:59+08:00 ] 49.118.235.87 /index.php/WXAPI/User/validateOpenid?openid=o9h__0BSbbOSrOFqaqXfakVdXl0Y
INFO: [ app_init ] --START--
INFO: Run Behavior\BuildLiteBehavior [ RunTime:0.000023s ]
INFO: [ app_init ] --END-- [ RunTime:0.000238s ]
INFO: [ app_begin ] --START--
INFO: Run Behavior\ReadHtmlCacheBehavior [ RunTime:0.000306s ]
INFO: [ app_begin ] --END-- [ RunTime:0.000345s ]
SQL: SHOW COLUMNS FROM `ty_users` [ RunTime:0.0012s ]
SQL: SHOW COLUMNS FROM `ty_users` [ RunTime:0.0010s ]
SQL: SELECT * FROM `ty_users` WHERE `open_id` = 'o9h__0BSbbOSrOFqaqXfakVdXl0Y' LIMIT 1   [ RunTime:0.0008s ]
SQL: SHOW COLUMNS FROM `ty_config` [ RunTime:0.0004s ]
SQL: SELECT * FROM `ty_config` WHERE `name` = 'hot_keywords' LIMIT 1   [ RunTime:0.0001s ]
SQL: SHOW COLUMNS FROM `ty_seller_apply` [ RunTime:0.0005s ]
SQL: SELECT * FROM `ty_seller_apply` WHERE `user_id` = 663 LIMIT 1   [ RunTime:0.0002s ]
INFO: [ app_end ] --START--
INFO: Run Behavior\ShowPageTraceBehavior [ RunTime:0.000498s ]
INFO: [ app_end ] --END-- [ RunTime:0.000549s ]

[ 2018-02-14T07:00:17+08:00 ] 42.94.103.210 /index.php/WXAPI/Index/home
INFO: [ app_init ] --START--
INFO: Run Behavior\BuildLiteBehavior [ RunTime:0.000012s ]
INFO: [ app_init ] --END-- [ RunTime:0.000243s ]
INFO: [ app_begin ] --START--
INFO: Run Behavior\ReadHtmlCacheBehavior [ RunTime:0.000294s ]
INFO: [ app_begin ] --END-- [ RunTime:0.000335s ]
SQL: SHOW COLUMNS FROM `ty_coupon` [ RunTime:0.0011s ]
SQL: SELECT * FROM `ty_coupon` WHERE `send_start_time` < 1518562817 AND `send_end_time` > 1518562817  [ RunTime:0.0002s ]
SQL: SHOW COLUMNS FROM `ty_ad` [ RunTime:0.0006s ]
SQL: SELECT `ad_link`,`ad_name`,`ad_code`,`pid` FROM `ty_ad` WHERE `pid` = 1 AND `enabled` = 1  [ RunTime:0.0001s ]
SQL: SELECT `ad_link`,`ad_name`,`ad_code`,`pid` FROM `ty_ad` WHERE `pid` = 2 AND `enabled` = 1  [ RunTime:0.0001s ]
SQL: SELECT `ad_link`,`ad_name`,`ad_code`,`pid` FROM `ty_ad` WHERE `pid` = 3 AND `enabled` = 1  [ RunTime:0.0001s ]
SQL: SHOW COLUMNS FROM `ty_article` [ RunTime:0.0006s ]
SQL: SELECT `article_id`,`content`,`link`,`description` FROM `ty_article` WHERE `article_id` = 2 LIMIT 1   [ RunTime:0.0001s ]
SQL: SELECT `article_id`,`content`,`link`,`description` FROM `ty_article` WHERE `article_id` = 1 LIMIT 1   [ RunTime:0.0001s ]
SQL: SHOW COLUMNS FROM `ty_article_cat` [ RunTime:0.0005s ]
SQL: SELECT `cat_name`,`thumb`,`cat_desc` FROM `ty_article_cat` WHERE `parent_id` = 2 AND `show_in_nav` = 1 ORDER BY sort_order  [ RunTime:0.0001s ]
SQL: SELECT `cat_name`,`thumb`,`cat_desc`,`type` FROM `ty_article_cat` WHERE `parent_id` = 9 AND `show_in_nav` = 1 ORDER BY sort_order  [ RunTime:0.0001s ]

[ 2018-02-14T07:00:17+08:00 ] 42.94.103.210 /index.php/WXAPI/User/getOpenid?url=https%3A%2F%2Fapi.weixin.qq.com%2Fsns%2Fjscode2session%3Fappid%3Dwxf3a9ae58645327d5%26secret%3Dc90e9c7fa14d4df6fbde0970cc2f0fb0%26js_code%3D011Xnixw1eJq4b0EtLww1xY5xw1Xnix6%26grant_type%3Dauthorization_code%26code%3D011Xnixw1eJq4b0EtLww1xY5xw1Xnix6
INFO: [ app_init ] --START--
INFO: Run Behavior\BuildLiteBehavior [ RunTime:0.000011s ]
INFO: [ app_init ] --END-- [ RunTime:0.000227s ]
INFO: [ app_begin ] --START--
INFO: Run Behavior\ReadHtmlCacheBehavior [ RunTime:0.000450s ]
INFO: [ app_begin ] --END-- [ RunTime:0.000505s ]
SQL: SHOW COLUMNS FROM `ty_users` [ RunTime:0.0016s ]
INFO: [ app_end ] --START--
INFO: Run Behavior\ShowPageTraceBehavior [ RunTime:0.000565s ]
INFO: [ app_end ] --END-- [ RunTime:0.000649s ]

[ 2018-02-14T07:00:18+08:00 ] 42.94.103.210 /index.php/WXAPI/User/validateOpenid?openid=o9h__0JfDbrMtGAn2qrkTa2DkbWM
INFO: [ app_init ] --START--
INFO: Run Behavior\BuildLiteBehavior [ RunTime:0.000015s ]
INFO: [ app_init ] --END-- [ RunTime:0.000320s ]
INFO: [ app_begin ] --START--
INFO: Run Behavior\ReadHtmlCacheBehavior [ RunTime:0.000442s ]
INFO: [ app_begin ] --END-- [ RunTime:0.000490s ]
SQL: SHOW COLUMNS FROM `ty_users` [ RunTime:0.0012s ]
SQL: SHOW COLUMNS FROM `ty_users` [ RunTime:0.0010s ]
SQL: SELECT * FROM `ty_users` WHERE `open_id` = 'o9h__0JfDbrMtGAn2qrkTa2DkbWM' LIMIT 1   [ RunTime:0.0008s ]
INFO: [ app_end ] --START--
INFO: Run Behavior\ShowPageTraceBehavior [ RunTime:0.000343s ]
INFO: [ app_end ] --END-- [ RunTime:0.000382s ]

[ 2018-02-14T07:00:20+08:00 ] 42.94.103.210 /index.php/WXAPI/User/register?open_id=o9h__0JfDbrMtGAn2qrkTa2DkbWM&country=China&gender=1&nick_name=%E6%9D%8E%E5%88%9A&province=Gansu&city=Lanzhou&head_pic=https://wx.qlogo.cn/mmopen/vi_32/Q0j4TwGTfTI1evSrljBmW4q6krmdibXdiaGLEJS8jUagQRKpIlMqtibGribUJCND7l9h5psNP6iaibZckzhutxk984Yg/0&fid=0
INFO: [ app_init ] --START--
INFO: Run Behavior\BuildLiteBehavior [ RunTime:0.000012s ]
INFO: [ app_init ] --END-- [ RunTime:0.000327s ]
INFO: [ app_begin ] --START--
INFO: Run Behavior\ReadHtmlCacheBehavior [ RunTime:0.000297s ]
INFO: [ app_begin ] --END-- [ RunTime:0.000339s ]
SQL: SHOW COLUMNS FROM `ty_users` [ RunTime:0.0013s ]
SQL: SHOW COLUMNS FROM `ty_users` [ RunTime:0.0010s ]
SQL: SHOW COLUMNS FROM `ty_config` [ RunTime:0.0006s ]
SQL: SELECT `value` FROM `ty_config` WHERE `name` = 'distributor' LIMIT 1   [ RunTime:0.0001s ]
SQL: INSERT INTO `ty_users` (`city`,`open_id`,`nick_name`,`province`,`head_pic`) VALUES ('0','o9h__0JfDbrMtGAn2qrkTa2DkbWM','李刚','0','https://wx.qlogo.cn/mmopen/vi_32/Q0j4TwGTfTI1evSrljBmW4q6krmdibXdiaGLEJS8jUagQRKpIlMqtibGribUJCND7l9h5psNP6iaibZckzhutxk984Yg/0') [ RunTime:0.0003s ]
SQL: SELECT * FROM `ty_users` WHERE `user_id` = 827 LIMIT 1   [ RunTime:0.0003s ]
NOTIC: [8] Undefined variable: v /var/www/html/maicai/Application/WXAPI/Controller/UserController.class.php 第 736 行.
SQL: UPDATE `ty_users` SET `head_pic`='/Public/head/827.jpg' WHERE `user_id` = 827 [ RunTime:0.0003s ]
SQL: SELECT * FROM `ty_users` WHERE `user_id` = 827 LIMIT 1   [ RunTime:0.0002s ]
SQL: SELECT * FROM `ty_users` WHERE `user_id` = 827 LIMIT 1   [ RunTime:0.0001s ]
SQL: SELECT * FROM `ty_config` WHERE `name` = 'hot_keywords' LIMIT 1   [ RunTime:0.0001s ]
SQL: SHOW COLUMNS FROM `ty_seller_apply` [ RunTime:0.0006s ]
SQL: SELECT * FROM `ty_seller_apply` WHERE `user_id` = 827 LIMIT 1   [ RunTime:0.0002s ]
INFO: [ app_end ] --START--
INFO: Run Behavior\ShowPageTraceBehavior [ RunTime:0.000365s ]
INFO: [ app_end ] --END-- [ RunTime:0.000405s ]

[ 2018-02-14T12:00:45+08:00 ] 221.210.91.126 /index.php/WXAPI/Index/home
INFO: [ app_init ] --START--
INFO: Run Behavior\BuildLiteBehavior [ RunTime:0.000015s ]
INFO: [ app_init ] --END-- [ RunTime:0.000286s ]
INFO: [ app_begin ] --START--
INFO: Run Behavior\ReadHtmlCacheBehavior [ RunTime:0.000306s ]
INFO: [ app_begin ] --END-- [ RunTime:0.000344s ]
SQL: SHOW COLUMNS FROM `ty_coupon` [ RunTime:0.0008s ]
SQL: SELECT * FROM `ty_coupon` WHERE `send_start_time` < 1518580845 AND `send_end_time` > 1518580845  [ RunTime:0.0002s ]
SQL: SHOW COLUMNS FROM `ty_ad` [ RunTime:0.0006s ]
SQL: SELECT `ad_link`,`ad_name`,`ad_code`,`pid` FROM `ty_ad` WHERE `pid` = 1 AND `enabled` = 1  [ RunTime:0.0001s ]
SQL: SELECT `ad_link`,`ad_name`,`ad_code`,`pid` FROM `ty_ad` WHERE `pid` = 2 AND `enabled` = 1  [ RunTime:0.0001s ]
SQL: SELECT `ad_link`,`ad_name`,`ad_code`,`pid` FROM `ty_ad` WHERE `pid` = 3 AND `enabled` = 1  [ RunTime:0.0001s ]
SQL: SHOW COLUMNS FROM `ty_article` [ RunTime:0.0006s ]
SQL: SELECT `article_id`,`content`,`link`,`description` FROM `ty_article` WHERE `article_id` = 2 LIMIT 1   [ RunTime:0.0001s ]
SQL: SELECT `article_id`,`content`,`link`,`description` FROM `ty_article` WHERE `article_id` = 1 LIMIT 1   [ RunTime:0.0001s ]
SQL: SHOW COLUMNS FROM `ty_article_cat` [ RunTime:0.0006s ]
SQL: SELECT `cat_name`,`thumb`,`cat_desc` FROM `ty_article_cat` WHERE `parent_id` = 2 AND `show_in_nav` = 1 ORDER BY sort_order  [ RunTime:0.0001s ]
SQL: SELECT `cat_name`,`thumb`,`cat_desc`,`type` FROM `ty_article_cat` WHERE `parent_id` = 9 AND `show_in_nav` = 1 ORDER BY sort_order  [ RunTime:0.0001s ]

[ 2018-02-14T12:00:45+08:00 ] 221.210.91.126 /index.php/WXAPI/User/getOpenid?url=https%3A%2F%2Fapi.weixin.qq.com%2Fsns%2Fjscode2session%3Fappid%3Dwxf3a9ae58645327d5%26secret%3Dc90e9c7fa14d4df6fbde0970cc2f0fb0%26js_code%3D001JGIb4277p8M0kEJc42tYMb42JGIbF%26grant_type%3Dauthorization_code%26code%3D001JGIb4277p8M0kEJc42tYMb42JGIbF
INFO: [ app_init ] --START--
INFO: Run Behavior\BuildLiteBehavior [ RunTime:0.000016s ]
INFO: [ app_init ] --END-- [ RunTime:0.000366s ]
INFO: [ app_begin ] --START--
INFO: Run Behavior\ReadHtmlCacheBehavior [ RunTime:0.000494s ]
INFO: [ app_begin ] --END-- [ RunTime:0.000554s ]
SQL: SHOW COLUMNS FROM `ty_users` [ RunTime:0.0012s ]
INFO: [ app_end ] --START--
INFO: Run Behavior\ShowPageTraceBehavior [ RunTime:0.000414s ]
INFO: [ app_end ] --END-- [ RunTime:0.000486s ]

[ 2018-02-14T12:00:45+08:00 ] 221.210.91.126 /index.php/WXAPI/User/validateOpenid?openid=o9h__0DHyqT7GI12qEIU3Vw5aINI
INFO: [ app_init ] --START--
INFO: Run Behavior\BuildLiteBehavior [ RunTime:0.000011s ]
INFO: [ app_init ] --END-- [ RunTime:0.000228s ]
INFO: [ app_begin ] --START--
INFO: Run Behavior\ReadHtmlCacheBehavior [ RunTime:0.000295s ]
INFO: [ app_begin ] --END-- [ RunTime:0.000334s ]
SQL: SHOW COLUMNS FROM `ty_users` [ RunTime:0.0013s ]
SQL: SHOW COLUMNS FROM `ty_users` [ RunTime:0.0010s ]
SQL: SELECT * FROM `ty_users` WHERE `open_id` = 'o9h__0DHyqT7GI12qEIU3Vw5aINI' LIMIT 1   [ RunTime:0.0008s ]
INFO: [ app_end ] --START--
INFO: Run Behavior\ShowPageTraceBehavior [ RunTime:0.000340s ]
INFO: [ app_end ] --END-- [ RunTime:0.000377s ]

[ 2018-02-14T12:00:53+08:00 ] 221.210.91.126 /index.php/WXAPI/User/register?open_id=o9h__0DHyqT7GI12qEIU3Vw5aINI&country=China&gender=2&nick_name=天天快乐&province=Heilongjiang&city=Suihua&head_pic=https://wx.qlogo.cn/mmopen/vi_32/Q0j4TwGTfTLBHnBFuMy5scaalLG9hECZEPicww4QM7sFWFT0hb5xJcCq1kKfwQzvY6X6Gg783mSAic3w398TiaDVQ/0&fid=0
INFO: [ app_init ] --START--
INFO: Run Behavior\BuildLiteBehavior [ RunTime:0.000014s ]
INFO: [ app_init ] --END-- [ RunTime:0.000309s ]
INFO: [ app_begin ] --START--
INFO: Run Behavior\ReadHtmlCacheBehavior [ RunTime:0.000289s ]
INFO: [ app_begin ] --END-- [ RunTime:0.000329s ]
SQL: SHOW COLUMNS FROM `ty_users` [ RunTime:0.0011s ]
SQL: SHOW COLUMNS FROM `ty_users` [ RunTime:0.0009s ]
SQL: SHOW COLUMNS FROM `ty_config` [ RunTime:0.0004s ]
SQL: SELECT `value` FROM `ty_config` WHERE `name` = 'distributor' LIMIT 1   [ RunTime:0.0001s ]
SQL: INSERT INTO `ty_users` (`city`,`open_id`,`nick_name`,`province`,`head_pic`) VALUES ('0','o9h__0DHyqT7GI12qEIU3Vw5aINI','天天快乐','0','https://wx.qlogo.cn/mmopen/vi_32/Q0j4TwGTfTLBHnBFuMy5scaalLG9hECZEPicww4QM7sFWFT0hb5xJcCq1kKfwQzvY6X6Gg783mSAic3w398TiaDVQ/0') [ RunTime:0.0002s ]
SQL: SELECT * FROM `ty_users` WHERE `user_id` = 828 LIMIT 1   [ RunTime:0.0002s ]
NOTIC: [8] Undefined variable: v /var/www/html/maicai/Application/WXAPI/Controller/UserController.class.php 第 736 行.
SQL: UPDATE `ty_users` SET `head_pic`='/Public/head/828.jpg' WHERE `user_id` = 828 [ RunTime:0.0003s ]
SQL: SELECT * FROM `ty_users` WHERE `user_id` = 828 LIMIT 1   [ RunTime:0.0002s ]
SQL: SELECT * FROM `ty_users` WHERE `user_id` = 828 LIMIT 1   [ RunTime:0.0001s ]
SQL: SELECT * FROM `ty_config` WHERE `name` = 'hot_keywords' LIMIT 1   [ RunTime:0.0001s ]
SQL: SHOW COLUMNS FROM `ty_seller_apply` [ RunTime:0.0006s ]
SQL: SELECT * FROM `ty_seller_apply` WHERE `user_id` = 828 LIMIT 1   [ RunTime:0.0002s ]
INFO: [ app_end ] --START--
INFO: Run Behavior\ShowPageTraceBehavior [ RunTime:0.000383s ]
INFO: [ app_end ] --END-- [ RunTime:0.000424s ]

[ 2018-02-14T12:00:56+08:00 ] 221.210.91.126 /index.php/WXAPI/Goods/goodsLists/id/44/sort/shop_price/sort_asc/desc/p/0
INFO: [ app_init ] --START--
INFO: Run Behavior\BuildLiteBehavior [ RunTime:0.000011s ]
INFO: [ app_init ] --END-- [ RunTime:0.000239s ]
INFO: [ app_begin ] --START--
INFO: Run Behavior\ReadHtmlCacheBehavior [ RunTime:0.000338s ]
INFO: [ app_begin ] --END-- [ RunTime:0.000388s ]
NOTIC: [8] Undefined index: start_price /var/www/html/maicai/Application/WXAPI/Controller/GoodsController.class.php 第 251 行.
NOTIC: [8] Undefined index: end_price /var/www/html/maicai/Application/WXAPI/Controller/GoodsController.class.php 第 251 行.
SQL: SHOW COLUMNS FROM `ty_goods` [ RunTime:0.0014s ]
SQL: SHOW COLUMNS FROM `ty_goods_category` [ RunTime:0.0006s ]
SQL: SELECT * FROM `ty_goods_category` WHERE ( id = 44 ) LIMIT 1   [ RunTime:0.0001s ]
SQL: SHOW COLUMNS FROM `ty_goods_category` [ RunTime:0.0005s ]
SQL: SELECT `id`,`parent_id` FROM `ty_goods_category`  [ RunTime:0.0001s ]
SQL: SELECT `id` FROM `ty_goods_category` WHERE ( parent_id = 44 )  [ RunTime:0.0001s ]
SQL: SHOW COLUMNS FROM `ty_goods` [ RunTime:0.0010s ]
SQL: SELECT `goods_id` FROM `ty_goods` WHERE ( is_on_sale=1 and cat_id2 in(44,57)  )  [ RunTime:0.0001s ]
NOTIC: [2] implode(): Invalid arguments passed /var/www/html/maicai/Application/Home/Logic/GoodsLogic.class.php 第 319 行.
SQL: SELECT `shop_price` FROM `ty_goods` WHERE ( goods_id in (0) )  [ RunTime:0.0001s ]
NOTIC: [2] rsort() expects parameter 1 to be array, null given /var/www/html/maicai/Application/Home/Logic/GoodsLogic.class.php 第 323 行.
NOTIC: [2] Invalid argument supplied for foreach() /var/www/html/maicai/Application/Home/Logic/GoodsLogic.class.php 第 335 行.
NOTIC: [2] Invalid argument supplied for foreach() /var/www/html/maicai/Application/Home/Logic/GoodsLogic.class.php 第 335 行.
NOTIC: [2] Invalid argument supplied for foreach() /var/www/html/maicai/Application/Home/Logic/GoodsLogic.class.php 第 335 行.
NOTIC: [2] Invalid argument supplied for foreach() /var/www/html/maicai/Application/Home/Logic/GoodsLogic.class.php 第 335 行.
NOTIC: [2] Invalid argument supplied for foreach() /var/www/html/maicai/Application/Home/Logic/GoodsLogic.class.php 第 335 行.
NOTIC: [2] implode(): Invalid arguments passed /var/www/html/maicai/Application/Home/Logic/GoodsLogic.class.php 第 37 行.
SQL: SHOW COLUMNS FROM `ty_brand` [ RunTime:0.0006s ]
SQL: SELECT * FROM `ty_brand` WHERE ( id in(select brand_id from ty_goods where brand_id > 0 and goods_id in(0)) ) LIMIT 30   [ RunTime:0.0001s ]
NOTIC: [2] implode(): Invalid arguments passed /var/www/html/maicai/Application/Home/Logic/GoodsLogic.class.php 第 60 行.
SQL: SHOW COLUMNS FROM `ty_spec_goods_price` [ RunTime:0.0005s ]
SQL: select group_concat(`key` separator  '_') as `key` from ty_spec_goods_price where goods_id in(0) [ RunTime:0.0001s ]
NOTIC: [2] implode(): Invalid arguments passed /var/www/html/maicai/Application/Home/Logic/GoodsLogic.class.php 第 104 行.
SQL: SHOW COLUMNS FROM `ty_goods_attr` [ RunTime:0.0004s ]
SQL: SELECT * FROM `ty_goods_attr` WHERE ( goods_id in(0) and attr_value != '' )  [ RunTime:0.0001s ]
SQL: SHOW COLUMNS FROM `ty_goods_attribute` [ RunTime:0.0005s ]
SQL: SELECT `attr_id`,`attr_name`,`attr_index` FROM `ty_goods_attribute`  [ RunTime:0.0001s ]
NOTIC: [8] Undefined variable: goods_list /var/www/html/maicai/Application/WXAPI/Controller/GoodsController.class.php 第 317 行.
NOTIC: [2] Invalid argument supplied for foreach() /var/www/html/maicai/Application/WXAPI/Controller/GoodsController.class.php 第 317 行.
NOTIC: [8] Undefined variable: goods_list /var/www/html/maicai/Application/WXAPI/Controller/GoodsController.class.php 第 321 行.

[ 2018-02-14T12:01:00+08:00 ] 221.210.91.126 /index.php/WXAPI/Goods/goodsLists/id/45/sort/shop_price/sort_asc/desc/p/0
INFO: [ app_init ] --START--
INFO: Run Behavior\BuildLiteBehavior [ RunTime:0.000011s ]
INFO: [ app_init ] --END-- [ RunTime:0.000231s ]
INFO: [ app_begin ] --START--
INFO: Run Behavior\ReadHtmlCacheBehavior [ RunTime:0.000321s ]
INFO: [ app_begin ] --END-- [ RunTime:0.000362s ]
NOTIC: [8] Undefined index: start_price /var/www/html/maicai/Application/WXAPI/Controller/GoodsController.class.php 第 251 行.
NOTIC: [8] Undefined index: end_price /var/www/html/maicai/Application/WXAPI/Controller/GoodsController.class.php 第 251 行.
SQL: SHOW COLUMNS FROM `ty_goods` [ RunTime:0.0014s ]
SQL: SHOW COLUMNS FROM `ty_goods_category` [ RunTime:0.0006s ]
SQL: SELECT * FROM `ty_goods_category` WHERE ( id = 45 ) LIMIT 1   [ RunTime:0.0001s ]
SQL: SHOW COLUMNS FROM `ty_goods_category` [ RunTime:0.0005s ]
SQL: SELECT `id`,`parent_id` FROM `ty_goods_category`  [ RunTime:0.0001s ]
SQL: SELECT `id` FROM `ty_goods_category` WHERE ( parent_id = 45 )  [ RunTime:0.0001s ]
SQL: SHOW COLUMNS FROM `ty_goods` [ RunTime:0.0011s ]
SQL: SELECT `goods_id` FROM `ty_goods` WHERE ( is_on_sale=1 and cat_id2 in(45,58)  )  [ RunTime:0.0001s ]
NOTIC: [2] implode(): Invalid arguments passed /var/www/html/maicai/Application/Home/Logic/GoodsLogic.class.php 第 319 行.
SQL: SELECT `shop_price` FROM `ty_goods` WHERE ( goods_id in (0) )  [ RunTime:0.0001s ]
NOTIC: [2] rsort() expects parameter 1 to be array, null given /var/www/html/maicai/Application/Home/Logic/GoodsLogic.class.php 第 323 行.
NOTIC: [2] Invalid argument supplied for foreach() /var/www/html/maicai/Application/Home/Logic/GoodsLogic.class.php 第 335 行.
NOTIC: [2] Invalid argument supplied for foreach() /var/www/html/maicai/Application/Home/Logic/GoodsLogic.class.php 第 335 行.
NOTIC: [2] Invalid argument supplied for foreach() /var/www/html/maicai/Application/Home/Logic/GoodsLogic.class.php 第 335 行.
NOTIC: [2] Invalid argument supplied for foreach() /var/www/html/maicai/Application/Home/Logic/GoodsLogic.class.php 第 335 行.
NOTIC: [2] Invalid argument supplied for foreach() /var/www/html/maicai/Application/Home/Logic/GoodsLogic.class.php 第 335 行.
NOTIC: [2] implode(): Invalid arguments passed /var/www/html/maicai/Application/Home/Logic/GoodsLogic.class.php 第 37 行.
SQL: SHOW COLUMNS FROM `ty_brand` [ RunTime:0.0007s ]
SQL: SELECT * FROM `ty_brand` WHERE ( id in(select brand_id from ty_goods where brand_id > 0 and goods_id in(0)) ) LIMIT 30   [ RunTime:0.0001s ]
NOTIC: [2] implode(): Invalid arguments passed /var/www/html/maicai/Application/Home/Logic/GoodsLogic.class.php 第 60 行.
SQL: SHOW COLUMNS FROM `ty_spec_goods_price` [ RunTime:0.0004s ]
SQL: select group_concat(`key` separator  '_') as `key` from ty_spec_goods_price where goods_id in(0) [ RunTime:0.0001s ]
NOTIC: [2] implode(): Invalid arguments passed /var/www/html/maicai/Application/Home/Logic/GoodsLogic.class.php 第 104 行.
SQL: SHOW COLUMNS FROM `ty_goods_attr` [ RunTime:0.0004s ]
SQL: SELECT * FROM `ty_goods_attr` WHERE ( goods_id in(0) and attr_value != '' )  [ RunTime:0.0001s ]
SQL: SHOW COLUMNS FROM `ty_goods_attribute` [ RunTime:0.0004s ]
SQL: SELECT `attr_id`,`attr_name`,`attr_index` FROM `ty_goods_attribute`  [ RunTime:0.0001s ]
NOTIC: [8] Undefined variable: goods_list /var/www/html/maicai/Application/WXAPI/Controller/GoodsController.class.php 第 317 行.
NOTIC: [2] Invalid argument supplied for foreach() /var/www/html/maicai/Application/WXAPI/Controller/GoodsController.class.php 第 317 行.
NOTIC: [8] Undefined variable: goods_list /var/www/html/maicai/Application/WXAPI/Controller/GoodsController.class.php 第 321 行.

[ 2018-02-14T12:01:04+08:00 ] 221.210.91.126 /index.php/WXAPI/Store/storeGoods?store_id=3&p=0&sort=shop_price&sort_asc=desc
INFO: [ app_init ] --START--
INFO: Run Behavior\BuildLiteBehavior [ RunTime:0.000024s ]
INFO: [ app_init ] --END-- [ RunTime:0.000235s ]
INFO: [ app_begin ] --START--
INFO: Run Behavior\ReadHtmlCacheBehavior [ RunTime:0.000306s ]
INFO: [ app_begin ] --END-- [ RunTime:0.000348s ]
SQL: SHOW COLUMNS FROM `ty_store` [ RunTime:0.0021s ]
SQL: SELECT * FROM `ty_store` WHERE `store_id` = 3 LIMIT 1   [ RunTime:0.0002s ]
SQL: SELECT `store_id`,`store_name`,`store_address`,`store_logo` FROM `ty_store` WHERE `store_id` = 3 AND `store_state` = 1 LIMIT 1   [ RunTime:0.0001s ]
SQL: SHOW COLUMNS FROM `ty_goods` [ RunTime:0.0011s ]
SQL: SHOW COLUMNS FROM `ty_goods` [ RunTime:0.0010s ]
SQL: SELECT `shop_price` FROM `ty_goods` WHERE ( goods_id in (38,41,42,43,44,47,48,50,53,57,58) )  [ RunTime:0.0001s ]
SQL: SHOW COLUMNS FROM `ty_brand` [ RunTime:0.0006s ]
SQL: SELECT * FROM `ty_brand` WHERE ( id in(select brand_id from ty_goods where brand_id > 0 and goods_id in(38,41,42,43,44,47,48,50,53,57,58)) ) LIMIT 30   [ RunTime:0.0001s ]
SQL: SHOW COLUMNS FROM `ty_spec_goods_price` [ RunTime:0.0005s ]
SQL: select group_concat(`key` separator  '_') as `key` from ty_spec_goods_price where goods_id in(38,41,42,43,44,47,48,50,53,57,58) [ RunTime:0.0001s ]
SQL: SHOW COLUMNS FROM `ty_spec` [ RunTime:0.0006s ]
SQL: SELECT `id`,`name` FROM `ty_spec`  [ RunTime:0.0001s ]
SQL: SHOW COLUMNS FROM `ty_spec_item` [ RunTime:0.0004s ]
SQL: SELECT `id`,`spec_id`,`item` FROM `ty_spec_item`  [ RunTime:0.0001s ]
NOTIC: [8] Undefined index: spec /var/www/html/maicai/Application/Home/Logic/GoodsLogic.class.php 第 76 行.
SQL: SHOW COLUMNS FROM `ty_goods_attr` [ RunTime:0.0004s ]
SQL: SELECT * FROM `ty_goods_attr` WHERE ( goods_id in(38,41,42,43,44,47,48,50,53,57,58) and attr_value != '' )  [ RunTime:0.0001s ]
SQL: SHOW COLUMNS FROM `ty_goods_attribute` [ RunTime:0.0004s ]
SQL: SELECT `attr_id`,`attr_name`,`attr_index` FROM `ty_goods_attribute`  [ RunTime:0.0001s ]
SQL: SELECT `goods_id`,`cat_id2`,`goods_sn`,`goods_name`,`shop_price`,`comment_count`,`original_img`,`sales_sum` FROM `ty_goods` WHERE ( store_id = 3 and is_on_sale = 1 ) ORDER BY shop_price desc LIMIT 0,5   [ RunTime:0.0001s ]
SQL: SHOW COLUMNS FROM `ty_goods_category` [ RunTime:0.0007s ]

[ 2018-02-14T12:01:06+08:00 ] 221.210.91.126 /index.php/WXAPI/Goods/goodsInfo/id/57
INFO: [ app_init ] --START--
INFO: Run Behavior\BuildLiteBehavior [ RunTime:0.000012s ]
INFO: [ app_init ] --END-- [ RunTime:0.000224s ]
INFO: [ app_begin ] --START--
INFO: Run Behavior\ReadHtmlCacheBehavior [ RunTime:0.000299s ]
INFO: [ app_begin ] --END-- [ RunTime:0.000338s ]
SQL: SHOW COLUMNS FROM `ty_goods` [ RunTime:0.0013s ]
SQL: SELECT * FROM `ty_goods` WHERE `goods_id` = 57 LIMIT 1   [ RunTime:0.0001s ]
SQL: SHOW COLUMNS FROM `ty_goods_attribute` [ RunTime:0.0004s ]
SQL: SELECT `attr_id`,`attr_name` FROM `ty_goods_attribute`  [ RunTime:0.0001s ]
SQL: SHOW COLUMNS FROM `ty_goods_attr` [ RunTime:0.0004s ]
SQL: SELECT * FROM `ty_goods_attr` WHERE ( goods_id = 57 )  [ RunTime:0.0001s ]
SQL: SHOW COLUMNS FROM `ty_spec_goods_price` [ RunTime:0.0004s ]
SQL: SELECT GROUP_CONCAT(`key` SEPARATOR '_') FROM `ty_spec_goods_price` WHERE ( goods_id = 57 ) LIMIT 1   [ RunTime:0.0001s ]
SQL: SHOW COLUMNS FROM `ty_spec_image` [ RunTime:0.0004s ]
SQL: SELECT `spec_image_id`,`src` FROM `ty_spec_image` WHERE ( goods_id = 57 and src != ''  )  [ RunTime:0.0001s ]
SQL: SELECT a.name,a.order,b.* FROM ty_spec AS a INNER JOIN ty_spec_item AS b ON a.id = b.spec_id WHERE b.id IN(177,178,181,182) ORDER BY a.order [ RunTime:0.0001s ]
SQL: SHOW COLUMNS FROM `ty_spec_goods_price` [ RunTime:0.0004s ]
SQL: SELECT `key`,`price`,`store_count` FROM `ty_spec_goods_price` WHERE ( goods_id = 57 )  [ RunTime:0.0001s ]
SQL: SHOW COLUMNS FROM `ty_goods_images` [ RunTime:0.0004s ]
SQL: SELECT `image_url` FROM `ty_goods_images` WHERE `goods_id` = 57  [ RunTime:0.0001s ]
SQL: SHOW COLUMNS FROM `ty_comment` [ RunTime:0.0008s ]
SQL: SELECT * FROM `ty_comment` WHERE ( goods_id=57 AND is_show=1 AND parent_id=0 ) LIMIT 2   [ RunTime:0.0001s ]

[ 2018-02-14T12:01:09+08:00 ] 221.210.91.126 /index.php/WXAPI/Cart/addCart?goods_id=57&goods_spec=178&session_id=o9h__0DHyqT7GI12qEIU3Vw5aINI&goods_num=1&user_id=828
INFO: [ app_init ] --START--
INFO: Run Behavior\BuildLiteBehavior [ RunTime:0.000011s ]
INFO: [ app_init ] --END-- [ RunTime:0.000223s ]
INFO: [ app_begin ] --START--
INFO: Run Behavior\ReadHtmlCacheBehavior [ RunTime:0.000314s ]
INFO: [ app_begin ] --END-- [ RunTime:0.000355s ]
NOTIC: [2048] Declaration of WXAPI\Controller\CartController::getSign() should be compatible with WXAPI\Controller\BaseController::getSign() /var/www/html/maicai/Application/WXAPI/Controller/CartController.class.php 第 22 行.
SQL: SHOW COLUMNS FROM `ty_cart` [ RunTime:0.0009s ]
SQL: SHOW COLUMNS FROM `ty_goods` [ RunTime:0.0011s ]
SQL: SELECT * FROM `ty_goods` WHERE ( goods_id = 57 ) LIMIT 1   [ RunTime:0.0003s ]
SQL: SHOW COLUMNS FROM `ty_spec_goods_price` [ RunTime:0.0005s ]
SQL: SELECT `key`,`key_name`,`price`,`store_count`,`sku` FROM `ty_spec_goods_price` WHERE ( goods_id = 57 )  [ RunTime:0.0002s ]
SQL: SHOW COLUMNS FROM `ty_cart` [ RunTime:0.0006s ]
SQL: SELECT COUNT(*) AS tp_count FROM `ty_cart` WHERE (  session_id = 'o9h__0DHyqT7GI12qEIU3Vw5aINI'   or user_id= 828  ) LIMIT 1   [ RunTime:0.0003s ]
SQL: SELECT * FROM `ty_cart` WHERE (  goods_id = 57 and spec_key = '178'  and (session_id = 'o9h__0DHyqT7GI12qEIU3Vw5aINI' or user_id = 828)  ) LIMIT 1   [ RunTime:0.0003s ]
SQL: SHOW COLUMNS FROM `ty_goods` [ RunTime:0.0014s ]
SQL: SELECT `store_id` FROM `ty_goods` WHERE `goods_id` = 57 LIMIT 1   [ RunTime:0.0001s ]
SQL: INSERT INTO `ty_cart` (`user_id`,`session_id`,`goods_id`,`goods_sn`,`goods_name`,`market_price`,`goods_price`,`member_goods_price`,`goods_num`,`spec_key`,`spec_key_name`,`sku`,`add_time`,`prom_type`,`prom_id`,`store_id`) VALUES ('828','o9h__0DHyqT7GI12qEIU3Vw5aINI','57','TP0000057','扇鸡','0.00','55.00','55.00','1','178','掏膛:不掏膛','','1518580869','0','0','3') [ RunTime:0.0061s ]
SQL: SELECT SUM(goods_num) AS tp_sum FROM `ty_cart` WHERE (  session_id = 'o9h__0DHyqT7GI12qEIU3Vw5aINI'  or user_id = 828  ) LIMIT 1   [ RunTime:0.0002s ]

[ 2018-02-14T12:01:11+08:00 ] 221.210.91.126 /index.php/WXAPI/Cart/addCart?goods_id=57&goods_spec=178&session_id=o9h__0DHyqT7GI12qEIU3Vw5aINI&goods_num=1&user_id=828
INFO: [ app_init ] --START--
INFO: Run Behavior\BuildLiteBehavior [ RunTime:0.000011s ]
INFO: [ app_init ] --END-- [ RunTime:0.000233s ]
INFO: [ app_begin ] --START--
INFO: Run Behavior\ReadHtmlCacheBehavior [ RunTime:0.000308s ]
INFO: [ app_begin ] --END-- [ RunTime:0.000352s ]
NOTIC: [2048] Declaration of WXAPI\Controller\CartController::getSign() should be compatible with WXAPI\Controller\BaseController::getSign() /var/www/html/maicai/Application/WXAPI/Controller/CartController.class.php 第 22 行.
SQL: SHOW COLUMNS FROM `ty_cart` [ RunTime:0.0008s ]
SQL: SHOW COLUMNS FROM `ty_goods` [ RunTime:0.0012s ]
SQL: SELECT * FROM `ty_goods` WHERE ( goods_id = 57 ) LIMIT 1   [ RunTime:0.0001s ]
SQL: SHOW COLUMNS FROM `ty_spec_goods_price` [ RunTime:0.0004s ]
SQL: SELECT `key`,`key_name`,`price`,`store_count`,`sku` FROM `ty_spec_goods_price` WHERE ( goods_id = 57 )  [ RunTime:0.0001s ]
SQL: SHOW COLUMNS FROM `ty_cart` [ RunTime:0.0006s ]
SQL: SELECT COUNT(*) AS tp_count FROM `ty_cart` WHERE (  session_id = 'o9h__0DHyqT7GI12qEIU3Vw5aINI'   or user_id= 828  ) LIMIT 1   [ RunTime:0.0002s ]
SQL: SELECT * FROM `ty_cart` WHERE (  goods_id = 57 and spec_key = '178'  and (session_id = 'o9h__0DHyqT7GI12qEIU3Vw5aINI' or user_id = 828)  ) LIMIT 1   [ RunTime:0.0003s ]
NOTIC: [8] Use of undefined constant id - assumed 'id' /var/www/html/maicai/Application/WXAPI/Logic/CartLogic.class.php 第 126 行.
SQL: UPDATE `ty_cart` SET `goods_num`='2' WHERE ( id =140 ) [ RunTime:0.0087s ]
SQL: SELECT SUM(goods_num) AS tp_sum FROM `ty_cart` WHERE (  session_id = 'o9h__0DHyqT7GI12qEIU3Vw5aINI'  or user_id = 828  ) LIMIT 1   [ RunTime:0.0002s ]

[ 2018-02-14T12:01:12+08:00 ] 221.210.91.126 /index.php/WXAPI/Cart/cartList/session_id/o9h__0DHyqT7GI12qEIU3Vw5aINI?user_id=828
INFO: [ app_init ] --START--
INFO: Run Behavior\BuildLiteBehavior [ RunTime:0.000012s ]
INFO: [ app_init ] --END-- [ RunTime:0.000241s ]
INFO: [ app_begin ] --START--
INFO: Run Behavior\ReadHtmlCacheBehavior [ RunTime:0.000304s ]
INFO: [ app_begin ] --END-- [ RunTime:0.000343s ]
NOTIC: [2048] Declaration of WXAPI\Controller\CartController::getSign() should be compatible with WXAPI\Controller\BaseController::getSign() /var/www/html/maicai/Application/WXAPI/Controller/CartController.class.php 第 22 行.
SQL: SHOW COLUMNS FROM `ty_cart` [ RunTime:0.0011s ]
SQL: SHOW COLUMNS FROM `ty_cart` [ RunTime:0.0007s ]
SQL: SELECT * FROM `ty_cart` WHERE (  session_id = 'o9h__0DHyqT7GI12qEIU3Vw5aINI' or user_id = 828 )  [ RunTime:0.0003s ]
SQL: SHOW COLUMNS FROM `ty_goods` [ RunTime:0.0012s ]
SQL: SELECT * FROM `ty_goods` WHERE `goods_id` = 57 LIMIT 1   [ RunTime:0.0002s ]
SQL: SHOW COLUMNS FROM `ty_cart` [ RunTime:0.0006s ]
SQL: UPDATE `ty_cart` SET `user_id`='828' WHERE `id` = 140 [ RunTime:0.0065s ]
SQL: SHOW COLUMNS FROM `ty_store` [ RunTime:0.0015s ]
SQL: SELECT `store_name` FROM `ty_store` WHERE `store_id` = 3 LIMIT 1   [ RunTime:0.0002s ]

[ 2018-02-14T12:01:12+08:00 ] 221.210.91.126 /index.php/WXAPI/Goods/goodsCategoryList
INFO: [ app_init ] --START--
INFO: Run Behavior\BuildLiteBehavior [ RunTime:0.000016s ]
INFO: [ app_init ] --END-- [ RunTime:0.000247s ]
INFO: [ app_begin ] --START--
INFO: Run Behavior\ReadHtmlCacheBehavior [ RunTime:0.000297s ]
INFO: [ app_begin ] --END-- [ RunTime:0.000338s ]
SQL: SHOW COLUMNS FROM `ty_goods_category` [ RunTime:0.0007s ]
SQL: SELECT * FROM `ty_goods_category` WHERE ( parent_id = 0 AND is_show=1 ) ORDER BY parent_id_path,sort_order desc  [ RunTime:0.0001s ]

[ 2018-02-14T12:01:12+08:00 ] 221.210.91.126 /index.php/WXAPI/Goods/goodsCategoryList/parent_id/43
INFO: [ app_init ] --START--
INFO: Run Behavior\BuildLiteBehavior [ RunTime:0.000015s ]
INFO: [ app_init ] --END-- [ RunTime:0.000338s ]
INFO: [ app_begin ] --START--
INFO: Run Behavior\ReadHtmlCacheBehavior [ RunTime:0.000314s ]
INFO: [ app_begin ] --END-- [ RunTime:0.000370s ]
SQL: SHOW COLUMNS FROM `ty_goods_category` [ RunTime:0.0007s ]
SQL: SELECT * FROM `ty_goods_category` WHERE ( parent_id = 43 AND is_show=1 ) ORDER BY parent_id_path,sort_order desc  [ RunTime:0.0001s ]

[ 2018-02-14T12:01:12+08:00 ] 221.210.91.126 /index.php/WXAPI/goods/categoryBanner/banner_name/肉类
INFO: [ app_init ] --START--
INFO: Run Behavior\BuildLiteBehavior [ RunTime:0.000010s ]
INFO: [ app_init ] --END-- [ RunTime:0.000232s ]
INFO: [ app_begin ] --START--
INFO: Run Behavior\ReadHtmlCacheBehavior [ RunTime:0.000292s ]
INFO: [ app_begin ] --END-- [ RunTime:0.000345s ]
SQL: SHOW COLUMNS FROM `ty_ad_position` [ RunTime:0.0006s ]
SQL: SELECT `position_id` FROM `ty_ad_position` WHERE `position_name` = '肉类' LIMIT 1   [ RunTime:0.0001s ]

[ 2018-02-14T14:55:50+08:00 ] 106.9.87.154 /index.php/WXAPI/Index/home
INFO: [ app_init ] --START--
INFO: Run Behavior\BuildLiteBehavior [ RunTime:0.000011s ]
INFO: [ app_init ] --END-- [ RunTime:0.000271s ]
INFO: [ app_begin ] --START--
INFO: Run Behavior\ReadHtmlCacheBehavior [ RunTime:0.000304s ]
INFO: [ app_begin ] --END-- [ RunTime:0.000344s ]
SQL: SHOW COLUMNS FROM `ty_coupon` [ RunTime:0.0007s ]
SQL: SELECT * FROM `ty_coupon` WHERE `send_start_time` < 1518591350 AND `send_end_time` > 1518591350  [ RunTime:0.0002s ]
SQL: SHOW COLUMNS FROM `ty_ad` [ RunTime:0.0007s ]
SQL: SELECT `ad_link`,`ad_name`,`ad_code`,`pid` FROM `ty_ad` WHERE `pid` = 1 AND `enabled` = 1  [ RunTime:0.0001s ]
SQL: SELECT `ad_link`,`ad_name`,`ad_code`,`pid` FROM `ty_ad` WHERE `pid` = 2 AND `enabled` = 1  [ RunTime:0.0001s ]
SQL: SELECT `ad_link`,`ad_name`,`ad_code`,`pid` FROM `ty_ad` WHERE `pid` = 3 AND `enabled` = 1  [ RunTime:0.0001s ]
SQL: SHOW COLUMNS FROM `ty_article` [ RunTime:0.0006s ]
SQL: SELECT `article_id`,`content`,`link`,`description` FROM `ty_article` WHERE `article_id` = 2 LIMIT 1   [ RunTime:0.0001s ]
SQL: SELECT `article_id`,`content`,`link`,`description` FROM `ty_article` WHERE `article_id` = 1 LIMIT 1   [ RunTime:0.0001s ]
SQL: SHOW COLUMNS FROM `ty_article_cat` [ RunTime:0.0007s ]
SQL: SELECT `cat_name`,`thumb`,`cat_desc` FROM `ty_article_cat` WHERE `parent_id` = 2 AND `show_in_nav` = 1 ORDER BY sort_order  [ RunTime:0.0001s ]
SQL: SELECT `cat_name`,`thumb`,`cat_desc`,`type` FROM `ty_article_cat` WHERE `parent_id` = 9 AND `show_in_nav` = 1 ORDER BY sort_order  [ RunTime:0.0001s ]

[ 2018-02-14T14:55:50+08:00 ] 106.9.87.154 /index.php/WXAPI/User/getOpenid?url=https%3A%2F%2Fapi.weixin.qq.com%2Fsns%2Fjscode2session%3Fappid%3Dwxf3a9ae58645327d5%26secret%3Dc90e9c7fa14d4df6fbde0970cc2f0fb0%26js_code%3D003Uv0DM1KTp261tBUBM1Mp6DM1Uv0Dw%26grant_type%3Dauthorization_code%26code%3D003Uv0DM1KTp261tBUBM1Mp6DM1Uv0Dw
INFO: [ app_init ] --START--
INFO: Run Behavior\BuildLiteBehavior [ RunTime:0.000011s ]
INFO: [ app_init ] --END-- [ RunTime:0.000229s ]
INFO: [ app_begin ] --START--
INFO: Run Behavior\ReadHtmlCacheBehavior [ RunTime:0.000299s ]
INFO: [ app_begin ] --END-- [ RunTime:0.000338s ]
SQL: SHOW COLUMNS FROM `ty_users` [ RunTime:0.0013s ]
INFO: [ app_end ] --START--
INFO: Run Behavior\ShowPageTraceBehavior [ RunTime:0.000557s ]
INFO: [ app_end ] --END-- [ RunTime:0.000639s ]

[ 2018-02-14T14:55:51+08:00 ] 106.9.87.154 /index.php/WXAPI/User/validateOpenid?openid=o9h__0FRGRVhnCLYxnGqdAcQn9ic
INFO: [ app_init ] --START--
INFO: Run Behavior\BuildLiteBehavior [ RunTime:0.000014s ]
INFO: [ app_init ] --END-- [ RunTime:0.000244s ]
INFO: [ app_begin ] --START--
INFO: Run Behavior\ReadHtmlCacheBehavior [ RunTime:0.000324s ]
INFO: [ app_begin ] --END-- [ RunTime:0.000364s ]
SQL: SHOW COLUMNS FROM `ty_users` [ RunTime:0.0013s ]
SQL: SHOW COLUMNS FROM `ty_users` [ RunTime:0.0010s ]
SQL: SELECT * FROM `ty_users` WHERE `open_id` = 'o9h__0FRGRVhnCLYxnGqdAcQn9ic' LIMIT 1   [ RunTime:0.0008s ]
SQL: SHOW COLUMNS FROM `ty_config` [ RunTime:0.0004s ]
SQL: SELECT * FROM `ty_config` WHERE `name` = 'hot_keywords' LIMIT 1   [ RunTime:0.0001s ]
SQL: SHOW COLUMNS FROM `ty_seller_apply` [ RunTime:0.0005s ]
SQL: SELECT * FROM `ty_seller_apply` WHERE `user_id` = 824 LIMIT 1   [ RunTime:0.0001s ]
INFO: [ app_end ] --START--
INFO: Run Behavior\ShowPageTraceBehavior [ RunTime:0.000338s ]
INFO: [ app_end ] --END-- [ RunTime:0.000375s ]

[ 2018-02-14T14:55:58+08:00 ] 106.9.87.154 /index.php/WXAPI/User/validateOpenid?openid=o9h__0FRGRVhnCLYxnGqdAcQn9ic
INFO: [ app_init ] --START--
INFO: Run Behavior\BuildLiteBehavior [ RunTime:0.000012s ]
INFO: [ app_init ] --END-- [ RunTime:0.000249s ]
INFO: [ app_begin ] --START--
INFO: Run Behavior\ReadHtmlCacheBehavior [ RunTime:0.000384s ]
INFO: [ app_begin ] --END-- [ RunTime:0.000430s ]
SQL: SHOW COLUMNS FROM `ty_users` [ RunTime:0.0015s ]
SQL: SHOW COLUMNS FROM `ty_users` [ RunTime:0.0011s ]
SQL: SELECT * FROM `ty_users` WHERE `open_id` = 'o9h__0FRGRVhnCLYxnGqdAcQn9ic' LIMIT 1   [ RunTime:0.0001s ]
SQL: SHOW COLUMNS FROM `ty_config` [ RunTime:0.0004s ]
SQL: SELECT * FROM `ty_config` WHERE `name` = 'hot_keywords' LIMIT 1   [ RunTime:0.0001s ]
SQL: SHOW COLUMNS FROM `ty_seller_apply` [ RunTime:0.0005s ]
SQL: SELECT * FROM `ty_seller_apply` WHERE `user_id` = 824 LIMIT 1   [ RunTime:0.0001s ]
INFO: [ app_end ] --START--
INFO: Run Behavior\ShowPageTraceBehavior [ RunTime:0.000341s ]
INFO: [ app_end ] --END-- [ RunTime:0.000381s ]

[ 2018-02-14T16:53:47+08:00 ] 101.93.195.210 /index.php/WXAPI/Index/home
INFO: [ app_init ] --START--
INFO: Run Behavior\BuildLiteBehavior [ RunTime:0.000011s ]
INFO: [ app_init ] --END-- [ RunTime:0.000227s ]
INFO: [ app_begin ] --START--
INFO: Run Behavior\ReadHtmlCacheBehavior [ RunTime:0.000334s ]
INFO: [ app_begin ] --END-- [ RunTime:0.000381s ]
SQL: SHOW COLUMNS FROM `ty_coupon` [ RunTime:0.0008s ]
SQL: SELECT * FROM `ty_coupon` WHERE `send_start_time` < 1518598427 AND `send_end_time` > 1518598427  [ RunTime:0.0002s ]
SQL: SHOW COLUMNS FROM `ty_ad` [ RunTime:0.0006s ]
SQL: SELECT `ad_link`,`ad_name`,`ad_code`,`pid` FROM `ty_ad` WHERE `pid` = 1 AND `enabled` = 1  [ RunTime:0.0001s ]
SQL: SELECT `ad_link`,`ad_name`,`ad_code`,`pid` FROM `ty_ad` WHERE `pid` = 2 AND `enabled` = 1  [ RunTime:0.0001s ]
SQL: SELECT `ad_link`,`ad_name`,`ad_code`,`pid` FROM `ty_ad` WHERE `pid` = 3 AND `enabled` = 1  [ RunTime:0.0001s ]
SQL: SHOW COLUMNS FROM `ty_article` [ RunTime:0.0006s ]
SQL: SELECT `article_id`,`content`,`link`,`description` FROM `ty_article` WHERE `article_id` = 2 LIMIT 1   [ RunTime:0.0001s ]
SQL: SELECT `article_id`,`content`,`link`,`description` FROM `ty_article` WHERE `article_id` = 1 LIMIT 1   [ RunTime:0.0001s ]
SQL: SHOW COLUMNS FROM `ty_article_cat` [ RunTime:0.0005s ]
SQL: SELECT `cat_name`,`thumb`,`cat_desc` FROM `ty_article_cat` WHERE `parent_id` = 2 AND `show_in_nav` = 1 ORDER BY sort_order  [ RunTime:0.0001s ]
SQL: SELECT `cat_name`,`thumb`,`cat_desc`,`type` FROM `ty_article_cat` WHERE `parent_id` = 9 AND `show_in_nav` = 1 ORDER BY sort_order  [ RunTime:0.0001s ]

[ 2018-02-14T16:53:47+08:00 ] 101.93.195.210 /index.php/WXAPI/User/getOpenid?url=https%3A%2F%2Fapi.weixin.qq.com%2Fsns%2Fjscode2session%3Fappid%3Dwxf3a9ae58645327d5%26secret%3Dc90e9c7fa14d4df6fbde0970cc2f0fb0%26js_code%3D003TV6hz07ixZg1YyTkz0Hm7hz0TV6hl%26grant_type%3Dauthorization_code%26code%3D003TV6hz07ixZg1YyTkz0Hm7hz0TV6hl
INFO: [ app_init ] --START--
INFO: Run Behavior\BuildLiteBehavior [ RunTime:0.000011s ]
INFO: [ app_init ] --END-- [ RunTime:0.000226s ]
INFO: [ app_begin ] --START--
INFO: Run Behavior\ReadHtmlCacheBehavior [ RunTime:0.000301s ]
INFO: [ app_begin ] --END-- [ RunTime:0.000340s ]
SQL: SHOW COLUMNS FROM `ty_users` [ RunTime:0.0011s ]
INFO: [ app_end ] --START--
INFO: Run Behavior\ShowPageTraceBehavior [ RunTime:0.000409s ]
INFO: [ app_end ] --END-- [ RunTime:0.000480s ]

[ 2018-02-14T16:53:48+08:00 ] 101.93.195.210 /index.php/WXAPI/User/validateOpenid?openid=o9h__0AHiu0exjV-RCSNHlshCNms
INFO: [ app_init ] --START--
INFO: Run Behavior\BuildLiteBehavior [ RunTime:0.000011s ]
INFO: [ app_init ] --END-- [ RunTime:0.000221s ]
INFO: [ app_begin ] --START--
INFO: Run Behavior\ReadHtmlCacheBehavior [ RunTime:0.000290s ]
INFO: [ app_begin ] --END-- [ RunTime:0.000328s ]
SQL: SHOW COLUMNS FROM `ty_users` [ RunTime:0.0012s ]
SQL: SHOW COLUMNS FROM `ty_users` [ RunTime:0.0009s ]
SQL: SELECT * FROM `ty_users` WHERE `open_id` = 'o9h__0AHiu0exjV-RCSNHlshCNms' LIMIT 1   [ RunTime:0.0008s ]
INFO: [ app_end ] --START--
INFO: Run Behavior\ShowPageTraceBehavior [ RunTime:0.000322s ]
INFO: [ app_end ] --END-- [ RunTime:0.000356s ]

[ 2018-02-14T20:03:00+08:00 ] 223.104.178.190 /index.php/WXAPI/Index/home
INFO: [ app_init ] --START--
INFO: Run Behavior\BuildLiteBehavior [ RunTime:0.000017s ]
INFO: [ app_init ] --END-- [ RunTime:0.000351s ]
INFO: [ app_begin ] --START--
INFO: Run Behavior\ReadHtmlCacheBehavior [ RunTime:0.000305s ]
INFO: [ app_begin ] --END-- [ RunTime:0.000358s ]
SQL: SHOW COLUMNS FROM `ty_coupon` [ RunTime:0.0010s ]
SQL: SELECT * FROM `ty_coupon` WHERE `send_start_time` < 1518609780 AND `send_end_time` > 1518609780  [ RunTime:0.0003s ]
SQL: SHOW COLUMNS FROM `ty_ad` [ RunTime:0.0007s ]
SQL: SELECT `ad_link`,`ad_name`,`ad_code`,`pid` FROM `ty_ad` WHERE `pid` = 1 AND `enabled` = 1  [ RunTime:0.0001s ]
SQL: SELECT `ad_link`,`ad_name`,`ad_code`,`pid` FROM `ty_ad` WHERE `pid` = 2 AND `enabled` = 1  [ RunTime:0.0001s ]
SQL: SELECT `ad_link`,`ad_name`,`ad_code`,`pid` FROM `ty_ad` WHERE `pid` = 3 AND `enabled` = 1  [ RunTime:0.0001s ]
SQL: SHOW COLUMNS FROM `ty_article` [ RunTime:0.0008s ]
SQL: SELECT `article_id`,`content`,`link`,`description` FROM `ty_article` WHERE `article_id` = 2 LIMIT 1   [ RunTime:0.0001s ]
SQL: SELECT `article_id`,`content`,`link`,`description` FROM `ty_article` WHERE `article_id` = 1 LIMIT 1   [ RunTime:0.0001s ]
SQL: SHOW COLUMNS FROM `ty_article_cat` [ RunTime:0.0005s ]
SQL: SELECT `cat_name`,`thumb`,`cat_desc` FROM `ty_article_cat` WHERE `parent_id` = 2 AND `show_in_nav` = 1 ORDER BY sort_order  [ RunTime:0.0001s ]
SQL: SELECT `cat_name`,`thumb`,`cat_desc`,`type` FROM `ty_article_cat` WHERE `parent_id` = 9 AND `show_in_nav` = 1 ORDER BY sort_order  [ RunTime:0.0001s ]

[ 2018-02-14T20:03:01+08:00 ] 223.104.178.190 /index.php/WXAPI/User/getOpenid?url=https%3A%2F%2Fapi.weixin.qq.com%2Fsns%2Fjscode2session%3Fappid%3Dwxf3a9ae58645327d5%26secret%3Dc90e9c7fa14d4df6fbde0970cc2f0fb0%26js_code%3D003wn9AI0CCiMi2F1rzI0oGwAI0wn9Ai%26grant_type%3Dauthorization_code%26code%3D003wn9AI0CCiMi2F1rzI0oGwAI0wn9Ai
INFO: [ app_init ] --START--
INFO: Run Behavior\BuildLiteBehavior [ RunTime:0.000011s ]
INFO: [ app_init ] --END-- [ RunTime:0.000228s ]
INFO: [ app_begin ] --START--
INFO: Run Behavior\ReadHtmlCacheBehavior [ RunTime:0.000292s ]
INFO: [ app_begin ] --END-- [ RunTime:0.000333s ]
SQL: SHOW COLUMNS FROM `ty_users` [ RunTime:0.0013s ]
INFO: [ app_end ] --START--
INFO: Run Behavior\ShowPageTraceBehavior [ RunTime:0.000530s ]
INFO: [ app_end ] --END-- [ RunTime:0.000615s ]

[ 2018-02-14T20:03:01+08:00 ] 223.104.178.190 /index.php/WXAPI/User/validateOpenid?openid=o9h__0PM1Cm8e0XGDl2PvWERVdrQ
INFO: [ app_init ] --START--
INFO: Run Behavior\BuildLiteBehavior [ RunTime:0.000012s ]
INFO: [ app_init ] --END-- [ RunTime:0.000330s ]
INFO: [ app_begin ] --START--
INFO: Run Behavior\ReadHtmlCacheBehavior [ RunTime:0.000333s ]
INFO: [ app_begin ] --END-- [ RunTime:0.000375s ]
SQL: SHOW COLUMNS FROM `ty_users` [ RunTime:0.0014s ]
SQL: SHOW COLUMNS FROM `ty_users` [ RunTime:0.0011s ]
SQL: SELECT * FROM `ty_users` WHERE `open_id` = 'o9h__0PM1Cm8e0XGDl2PvWERVdrQ' LIMIT 1   [ RunTime:0.0009s ]
INFO: [ app_end ] --START--
INFO: Run Behavior\ShowPageTraceBehavior [ RunTime:0.000393s ]
INFO: [ app_end ] --END-- [ RunTime:0.000455s ]

[ 2018-02-14T23:16:27+08:00 ] 222.71.247.182 /index.php/WXAPI/Index/home
INFO: [ app_init ] --START--
INFO: Run Behavior\BuildLiteBehavior [ RunTime:0.000010s ]
INFO: [ app_init ] --END-- [ RunTime:0.000232s ]
INFO: [ app_begin ] --START--
INFO: Run Behavior\ReadHtmlCacheBehavior [ RunTime:0.000317s ]
INFO: [ app_begin ] --END-- [ RunTime:0.000357s ]
SQL: SHOW COLUMNS FROM `ty_coupon` [ RunTime:0.0008s ]
SQL: SELECT * FROM `ty_coupon` WHERE `send_start_time` < 1518621387 AND `send_end_time` > 1518621387  [ RunTime:0.0002s ]
SQL: SHOW COLUMNS FROM `ty_ad` [ RunTime:0.0006s ]
SQL: SELECT `ad_link`,`ad_name`,`ad_code`,`pid` FROM `ty_ad` WHERE `pid` = 1 AND `enabled` = 1  [ RunTime:0.0001s ]
SQL: SELECT `ad_link`,`ad_name`,`ad_code`,`pid` FROM `ty_ad` WHERE `pid` = 2 AND `enabled` = 1  [ RunTime:0.0001s ]
SQL: SELECT `ad_link`,`ad_name`,`ad_code`,`pid` FROM `ty_ad` WHERE `pid` = 3 AND `enabled` = 1  [ RunTime:0.0001s ]
SQL: SHOW COLUMNS FROM `ty_article` [ RunTime:0.0006s ]
SQL: SELECT `article_id`,`content`,`link`,`description` FROM `ty_article` WHERE `article_id` = 2 LIMIT 1   [ RunTime:0.0001s ]
SQL: SELECT `article_id`,`content`,`link`,`description` FROM `ty_article` WHERE `article_id` = 1 LIMIT 1   [ RunTime:0.0001s ]
SQL: SHOW COLUMNS FROM `ty_article_cat` [ RunTime:0.0005s ]
SQL: SELECT `cat_name`,`thumb`,`cat_desc` FROM `ty_article_cat` WHERE `parent_id` = 2 AND `show_in_nav` = 1 ORDER BY sort_order  [ RunTime:0.0001s ]
SQL: SELECT `cat_name`,`thumb`,`cat_desc`,`type` FROM `ty_article_cat` WHERE `parent_id` = 9 AND `show_in_nav` = 1 ORDER BY sort_order  [ RunTime:0.0001s ]

[ 2018-02-14T23:16:28+08:00 ] 222.71.247.182 /index.php/WXAPI/User/getOpenid?url=https%3A%2F%2Fapi.weixin.qq.com%2Fsns%2Fjscode2session%3Fappid%3Dwxf3a9ae58645327d5%26secret%3Dc90e9c7fa14d4df6fbde0970cc2f0fb0%26js_code%3D021fCgkC123pe305aGiC1yThkC1fCgkm%26grant_type%3Dauthorization_code%26code%3D021fCgkC123pe305aGiC1yThkC1fCgkm
INFO: [ app_init ] --START--
INFO: Run Behavior\BuildLiteBehavior [ RunTime:0.000012s ]
INFO: [ app_init ] --END-- [ RunTime:0.000267s ]
INFO: [ app_begin ] --START--
INFO: Run Behavior\ReadHtmlCacheBehavior [ RunTime:0.000324s ]
INFO: [ app_begin ] --END-- [ RunTime:0.000365s ]
SQL: SHOW COLUMNS FROM `ty_users` [ RunTime:0.0011s ]
INFO: [ app_end ] --START--
INFO: Run Behavior\ShowPageTraceBehavior [ RunTime:0.000395s ]
INFO: [ app_end ] --END-- [ RunTime:0.000462s ]

[ 2018-02-14T23:16:28+08:00 ] 222.71.247.182 /index.php/WXAPI/User/validateOpenid?openid=o9h__0L8A-uM1MlCcRlEtRdGbdT0
INFO: [ app_init ] --START--
INFO: Run Behavior\BuildLiteBehavior [ RunTime:0.000014s ]
INFO: [ app_init ] --END-- [ RunTime:0.000291s ]
INFO: [ app_begin ] --START--
INFO: Run Behavior\ReadHtmlCacheBehavior [ RunTime:0.000444s ]
INFO: [ app_begin ] --END-- [ RunTime:0.000496s ]
SQL: SHOW COLUMNS FROM `ty_users` [ RunTime:0.0012s ]
SQL: SHOW COLUMNS FROM `ty_users` [ RunTime:0.0010s ]
SQL: SELECT * FROM `ty_users` WHERE `open_id` = 'o9h__0L8A-uM1MlCcRlEtRdGbdT0' LIMIT 1   [ RunTime:0.0007s ]
INFO: [ app_end ] --START--
INFO: Run Behavior\ShowPageTraceBehavior [ RunTime:0.000325s ]
INFO: [ app_end ] --END-- [ RunTime:0.000361s ]

[ 2018-02-14T23:16:37+08:00 ] 222.71.247.182 /index.php/WXAPI/Store/getStoreClass
INFO: [ app_init ] --START--
INFO: Run Behavior\BuildLiteBehavior [ RunTime:0.000011s ]
INFO: [ app_init ] --END-- [ RunTime:0.000223s ]
INFO: [ app_begin ] --START--
INFO: Run Behavior\ReadHtmlCacheBehavior [ RunTime:0.000287s ]
INFO: [ app_begin ] --END-- [ RunTime:0.000327s ]
SQL: SHOW COLUMNS FROM `ty_store` [ RunTime:0.0019s ]
SQL: SELECT * FROM `ty_store` WHERE `store_id` = 1 LIMIT 1   [ RunTime:0.0001s ]
SQL: SHOW COLUMNS FROM `ty_store_class` [ RunTime:0.0004s ]
SQL: SELECT * FROM `ty_store_class` ORDER BY sc_sort asc  [ RunTime:0.0001s ]

[ 2018-02-14T23:16:38+08:00 ] 222.71.247.182 /index.php/WXAPI/Store/getStores
INFO: [ app_init ] --START--
INFO: Run Behavior\BuildLiteBehavior [ RunTime:0.000013s ]
INFO: [ app_init ] --END-- [ RunTime:0.000297s ]
INFO: [ app_begin ] --START--
INFO: Run Behavior\ReadHtmlCacheBehavior [ RunTime:0.000420s ]
INFO: [ app_begin ] --END-- [ RunTime:0.000476s ]
SQL: SHOW COLUMNS FROM `ty_store` [ RunTime:0.0018s ]
SQL: SELECT * FROM `ty_store` WHERE `store_id` = 1 LIMIT 1   [ RunTime:0.0002s ]
SQL: SELECT * FROM `ty_store` WHERE `store_state` = 1  [ RunTime:0.0002s ]
SQL: SHOW COLUMNS FROM `ty_goods` [ RunTime:0.0012s ]
SQL: SELECT COUNT(*) AS tp_count FROM `ty_goods` WHERE `store_id` = 3 LIMIT 1   [ RunTime:0.0001s ]
SQL: SELECT * FROM `ty_goods` WHERE `store_id` = 3 LIMIT 0,4   [ RunTime:0.0001s ]
SQL: SELECT COUNT(*) AS tp_count FROM `ty_goods` WHERE `store_id` = 35 LIMIT 1   [ RunTime:0.0001s ]
SQL: SELECT * FROM `ty_goods` WHERE `store_id` = 35 LIMIT 0,4   [ RunTime:0.0001s ]
SQL: SELECT COUNT(*) AS tp_count FROM `ty_goods` WHERE `store_id` = 36 LIMIT 1   [ RunTime:0.0001s ]
SQL: SELECT * FROM `ty_goods` WHERE `store_id` = 36 LIMIT 0,4   [ RunTime:0.0001s ]

