[ 2018-02-15T00:45:57+08:00 ] 112.247.100.232 /index.php/WXAPI/Index/home
INFO: [ app_init ] --START--
INFO: Run Behavior\BuildLiteBehavior [ RunTime:0.000017s ]
INFO: [ app_init ] --END-- [ RunTime:0.000359s ]
INFO: [ app_begin ] --START--
INFO: Run Behavior\ReadHtmlCacheBehavior [ RunTime:0.000305s ]
INFO: [ app_begin ] --END-- [ RunTime:0.000350s ]
SQL: SHOW COLUMNS FROM `ty_coupon` [ RunTime:0.0008s ]
SQL: SELECT * FROM `ty_coupon` WHERE `send_start_time` < 1518626757 AND `send_end_time` > 1518626757  [ RunTime:0.0002s ]
SQL: SHOW COLUMNS FROM `ty_ad` [ RunTime:0.0006s ]
SQL: SELECT `ad_link`,`ad_name`,`ad_code`,`pid` FROM `ty_ad` WHERE `pid` = 1 AND `enabled` = 1  [ RunTime:0.0001s ]
SQL: SELECT `ad_link`,`ad_name`,`ad_code`,`pid` FROM `ty_ad` WHERE `pid` = 2 AND `enabled` = 1  [ RunTime:0.0001s ]
SQL: SELECT `ad_link`,`ad_name`,`ad_code`,`pid` FROM `ty_ad` WHERE `pid` = 3 AND `enabled` = 1  [ RunTime:0.0001s ]
SQL: SHOW COLUMNS FROM `ty_article` [ RunTime:0.0006s ]
SQL: SELECT `article_id`,`content`,`link`,`description` FROM `ty_article` WHERE `article_id` = 2 LIMIT 1   [ RunTime:0.0001s ]
SQL: SELECT `article_id`,`content`,`link`,`description` FROM `ty_article` WHERE `article_id` = 1 LIMIT 1   [ RunTime:0.0001s ]
SQL: SHOW COLUMNS FROM `ty_article_cat` [ RunTime:0.0005s ]
SQL: SELECT `cat_name`,`thumb`,`cat_desc` FROM `ty_article_cat` WHERE `parent_id` = 2 AND `show_in_nav` = 1 ORDER BY sort_order  [ RunTime:0.0001s ]
SQL: SELECT `cat_name`,`thumb`,`cat_desc`,`type` FROM `ty_article_cat` WHERE `parent_id` = 9 AND `show_in_nav` = 1 ORDER BY sort_order  [ RunTime:0.0001s ]

[ 2018-02-15T00:45:57+08:00 ] 112.247.100.232 /index.php/WXAPI/User/getOpenid?url=https%3A%2F%2Fapi.weixin.qq.com%2Fsns%2Fjscode2session%3Fappid%3Dwxf3a9ae58645327d5%26secret%3Dc90e9c7fa14d4df6fbde0970cc2f0fb0%26js_code%3D011V9ZTs1VdmYb0eMTPs1LDyTs1V9ZT-%26grant_type%3Dauthorization_code%26code%3D011V9ZTs1VdmYb0eMTPs1LDyTs1V9ZT-
INFO: [ app_init ] --START--
INFO: Run Behavior\BuildLiteBehavior [ RunTime:0.000012s ]
INFO: [ app_init ] --END-- [ RunTime:0.000228s ]
INFO: [ app_begin ] --START--
INFO: Run Behavior\ReadHtmlCacheBehavior [ RunTime:0.000345s ]
INFO: [ app_begin ] --END-- [ RunTime:0.000395s ]
SQL: SHOW COLUMNS FROM `ty_users` [ RunTime:0.0013s ]
INFO: [ app_end ] --START--
INFO: Run Behavior\ShowPageTraceBehavior [ RunTime:0.000590s ]
INFO: [ app_end ] --END-- [ RunTime:0.000678s ]

[ 2018-02-15T00:45:57+08:00 ] 112.247.100.232 /index.php/WXAPI/User/validateOpenid?openid=o9h__0Mz-INzys9-Q-ZxDfXhcE64
INFO: [ app_init ] --START--
INFO: Run Behavior\BuildLiteBehavior [ RunTime:0.000015s ]
INFO: [ app_init ] --END-- [ RunTime:0.000344s ]
INFO: [ app_begin ] --START--
INFO: Run Behavior\ReadHtmlCacheBehavior [ RunTime:0.000386s ]
INFO: [ app_begin ] --END-- [ RunTime:0.000432s ]
SQL: SHOW COLUMNS FROM `ty_users` [ RunTime:0.0015s ]
SQL: SHOW COLUMNS FROM `ty_users` [ RunTime:0.0014s ]
SQL: SELECT * FROM `ty_users` WHERE `open_id` = 'o9h__0Mz-INzys9-Q-ZxDfXhcE64' LIMIT 1   [ RunTime:0.0010s ]
SQL: SHOW COLUMNS FROM `ty_config` [ RunTime:0.0006s ]
SQL: SELECT * FROM `ty_config` WHERE `name` = 'hot_keywords' LIMIT 1   [ RunTime:0.0001s ]
SQL: SHOW COLUMNS FROM `ty_seller_apply` [ RunTime:0.0007s ]
SQL: SELECT * FROM `ty_seller_apply` WHERE `user_id` = 782 LIMIT 1   [ RunTime:0.0003s ]
INFO: [ app_end ] --START--
INFO: Run Behavior\ShowPageTraceBehavior [ RunTime:0.000328s ]
INFO: [ app_end ] --END-- [ RunTime:0.000368s ]

[ 2018-02-15T07:55:18+08:00 ] 42.94.98.44 /index.php/WXAPI/Index/home
INFO: [ app_init ] --START--
INFO: Run Behavior\BuildLiteBehavior [ RunTime:0.000011s ]
INFO: [ app_init ] --END-- [ RunTime:0.000233s ]
INFO: [ app_begin ] --START--
INFO: Run Behavior\ReadHtmlCacheBehavior [ RunTime:0.000296s ]
INFO: [ app_begin ] --END-- [ RunTime:0.000337s ]
SQL: SHOW COLUMNS FROM `ty_coupon` [ RunTime:0.0007s ]
SQL: SELECT * FROM `ty_coupon` WHERE `send_start_time` < 1518652518 AND `send_end_time` > 1518652518  [ RunTime:0.0002s ]
SQL: SHOW COLUMNS FROM `ty_ad` [ RunTime:0.0007s ]
SQL: SELECT `ad_link`,`ad_name`,`ad_code`,`pid` FROM `ty_ad` WHERE `pid` = 1 AND `enabled` = 1  [ RunTime:0.0001s ]
SQL: SELECT `ad_link`,`ad_name`,`ad_code`,`pid` FROM `ty_ad` WHERE `pid` = 2 AND `enabled` = 1  [ RunTime:0.0001s ]
SQL: SELECT `ad_link`,`ad_name`,`ad_code`,`pid` FROM `ty_ad` WHERE `pid` = 3 AND `enabled` = 1  [ RunTime:0.0001s ]
SQL: SHOW COLUMNS FROM `ty_article` [ RunTime:0.0008s ]
SQL: SELECT `article_id`,`content`,`link`,`description` FROM `ty_article` WHERE `article_id` = 2 LIMIT 1   [ RunTime:0.0001s ]
SQL: SELECT `article_id`,`content`,`link`,`description` FROM `ty_article` WHERE `article_id` = 1 LIMIT 1   [ RunTime:0.0001s ]
SQL: SHOW COLUMNS FROM `ty_article_cat` [ RunTime:0.0005s ]
SQL: SELECT `cat_name`,`thumb`,`cat_desc` FROM `ty_article_cat` WHERE `parent_id` = 2 AND `show_in_nav` = 1 ORDER BY sort_order  [ RunTime:0.0001s ]
SQL: SELECT `cat_name`,`thumb`,`cat_desc`,`type` FROM `ty_article_cat` WHERE `parent_id` = 9 AND `show_in_nav` = 1 ORDER BY sort_order  [ RunTime:0.0001s ]

[ 2018-02-15T07:55:18+08:00 ] 42.94.98.44 /index.php/WXAPI/User/getOpenid?url=https%3A%2F%2Fapi.weixin.qq.com%2Fsns%2Fjscode2session%3Fappid%3Dwxf3a9ae58645327d5%26secret%3Dc90e9c7fa14d4df6fbde0970cc2f0fb0%26js_code%3D011L2SW30pGebE1BN1X30NT8X30L2SWH%26grant_type%3Dauthorization_code%26code%3D011L2SW30pGebE1BN1X30NT8X30L2SWH
INFO: [ app_init ] --START--
INFO: Run Behavior\BuildLiteBehavior [ RunTime:0.000010s ]
INFO: [ app_init ] --END-- [ RunTime:0.000301s ]
INFO: [ app_begin ] --START--
INFO: Run Behavior\ReadHtmlCacheBehavior [ RunTime:0.000461s ]
INFO: [ app_begin ] --END-- [ RunTime:0.000519s ]
SQL: SHOW COLUMNS FROM `ty_users` [ RunTime:0.0014s ]
INFO: [ app_end ] --START--
INFO: Run Behavior\ShowPageTraceBehavior [ RunTime:0.000593s ]
INFO: [ app_end ] --END-- [ RunTime:0.000692s ]

[ 2018-02-15T07:55:18+08:00 ] 42.94.98.44 /index.php/WXAPI/User/validateOpenid?openid=o9h__0JfDbrMtGAn2qrkTa2DkbWM
INFO: [ app_init ] --START--
INFO: Run Behavior\BuildLiteBehavior [ RunTime:0.000015s ]
INFO: [ app_init ] --END-- [ RunTime:0.000330s ]
INFO: [ app_begin ] --START--
INFO: Run Behavior\ReadHtmlCacheBehavior [ RunTime:0.000299s ]
INFO: [ app_begin ] --END-- [ RunTime:0.000339s ]
SQL: SHOW COLUMNS FROM `ty_users` [ RunTime:0.0012s ]
SQL: SHOW COLUMNS FROM `ty_users` [ RunTime:0.0009s ]
SQL: SELECT * FROM `ty_users` WHERE `open_id` = 'o9h__0JfDbrMtGAn2qrkTa2DkbWM' LIMIT 1   [ RunTime:0.0008s ]
SQL: SHOW COLUMNS FROM `ty_config` [ RunTime:0.0004s ]
SQL: SELECT * FROM `ty_config` WHERE `name` = 'hot_keywords' LIMIT 1   [ RunTime:0.0001s ]
SQL: SHOW COLUMNS FROM `ty_seller_apply` [ RunTime:0.0005s ]
SQL: SELECT * FROM `ty_seller_apply` WHERE `user_id` = 827 LIMIT 1   [ RunTime:0.0001s ]
INFO: [ app_end ] --START--
INFO: Run Behavior\ShowPageTraceBehavior [ RunTime:0.000339s ]
INFO: [ app_end ] --END-- [ RunTime:0.000378s ]

[ 2018-02-15T09:57:49+08:00 ] 36.98.207.167 /index.php/WXAPI/Index/home
INFO: [ app_init ] --START--
INFO: Run Behavior\BuildLiteBehavior [ RunTime:0.000014s ]
INFO: [ app_init ] --END-- [ RunTime:0.000302s ]
INFO: [ app_begin ] --START--
INFO: Run Behavior\ReadHtmlCacheBehavior [ RunTime:0.000347s ]
INFO: [ app_begin ] --END-- [ RunTime:0.000389s ]
SQL: SHOW COLUMNS FROM `ty_coupon` [ RunTime:0.0010s ]
SQL: SELECT * FROM `ty_coupon` WHERE `send_start_time` < 1518659869 AND `send_end_time` > 1518659869  [ RunTime:0.0003s ]
SQL: SHOW COLUMNS FROM `ty_ad` [ RunTime:0.0007s ]
SQL: SELECT `ad_link`,`ad_name`,`ad_code`,`pid` FROM `ty_ad` WHERE `pid` = 1 AND `enabled` = 1  [ RunTime:0.0001s ]
SQL: SELECT `ad_link`,`ad_name`,`ad_code`,`pid` FROM `ty_ad` WHERE `pid` = 2 AND `enabled` = 1  [ RunTime:0.0001s ]
SQL: SELECT `ad_link`,`ad_name`,`ad_code`,`pid` FROM `ty_ad` WHERE `pid` = 3 AND `enabled` = 1  [ RunTime:0.0001s ]
SQL: SHOW COLUMNS FROM `ty_article` [ RunTime:0.0006s ]
SQL: SELECT `article_id`,`content`,`link`,`description` FROM `ty_article` WHERE `article_id` = 2 LIMIT 1   [ RunTime:0.0001s ]
SQL: SELECT `article_id`,`content`,`link`,`description` FROM `ty_article` WHERE `article_id` = 1 LIMIT 1   [ RunTime:0.0001s ]
SQL: SHOW COLUMNS FROM `ty_article_cat` [ RunTime:0.0006s ]
SQL: SELECT `cat_name`,`thumb`,`cat_desc` FROM `ty_article_cat` WHERE `parent_id` = 2 AND `show_in_nav` = 1 ORDER BY sort_order  [ RunTime:0.0001s ]
SQL: SELECT `cat_name`,`thumb`,`cat_desc`,`type` FROM `ty_article_cat` WHERE `parent_id` = 9 AND `show_in_nav` = 1 ORDER BY sort_order  [ RunTime:0.0001s ]

[ 2018-02-15T09:57:49+08:00 ] 36.98.207.167 /index.php/WXAPI/User/getOpenid?url=https%3A%2F%2Fapi.weixin.qq.com%2Fsns%2Fjscode2session%3Fappid%3Dwxf3a9ae58645327d5%26secret%3Dc90e9c7fa14d4df6fbde0970cc2f0fb0%26js_code%3D071gMtYN0ClNza2zN71O0Le7YN0gMtYz%26grant_type%3Dauthorization_code%26code%3D071gMtYN0ClNza2zN71O0Le7YN0gMtYz
INFO: [ app_init ] --START--
INFO: Run Behavior\BuildLiteBehavior [ RunTime:0.000011s ]
INFO: [ app_init ] --END-- [ RunTime:0.000229s ]
INFO: [ app_begin ] --START--
INFO: Run Behavior\ReadHtmlCacheBehavior [ RunTime:0.000291s ]
INFO: [ app_begin ] --END-- [ RunTime:0.000332s ]
SQL: SHOW COLUMNS FROM `ty_users` [ RunTime:0.0013s ]
INFO: [ app_end ] --START--
INFO: Run Behavior\ShowPageTraceBehavior [ RunTime:0.000424s ]
INFO: [ app_end ] --END-- [ RunTime:0.000494s ]

[ 2018-02-15T09:57:50+08:00 ] 36.98.207.167 /index.php/WXAPI/User/validateOpenid?openid=o9h__0P04L3KrLBHj3TvQmKEoPmI
INFO: [ app_init ] --START--
INFO: Run Behavior\BuildLiteBehavior [ RunTime:0.000011s ]
INFO: [ app_init ] --END-- [ RunTime:0.000221s ]
INFO: [ app_begin ] --START--
INFO: Run Behavior\ReadHtmlCacheBehavior [ RunTime:0.000288s ]
INFO: [ app_begin ] --END-- [ RunTime:0.000328s ]
SQL: SHOW COLUMNS FROM `ty_users` [ RunTime:0.0014s ]
SQL: SHOW COLUMNS FROM `ty_users` [ RunTime:0.0011s ]
SQL: SELECT * FROM `ty_users` WHERE `open_id` = 'o9h__0P04L3KrLBHj3TvQmKEoPmI' LIMIT 1   [ RunTime:0.0007s ]
INFO: [ app_end ] --START--
INFO: Run Behavior\ShowPageTraceBehavior [ RunTime:0.000360s ]
INFO: [ app_end ] --END-- [ RunTime:0.000397s ]

[ 2018-02-15T09:57:52+08:00 ] 36.98.207.167 /index.php/WXAPI/User/register?open_id=o9h__0P04L3KrLBHj3TvQmKEoPmI&country=Oman&gender=1&nick_name=ht&province=&city=&head_pic=https://wx.qlogo.cn/mmopen/vi_32/Q0j4TwGTfTJYHLsyqeDWnjyBCOukzH0Rtcd4t6fBGgr3aOlibDY5zhbH8dUicA1LjdAbB6striaQAmkQBCibZVKZiaw/0&fid=0
INFO: [ app_init ] --START--
INFO: Run Behavior\BuildLiteBehavior [ RunTime:0.000011s ]
INFO: [ app_init ] --END-- [ RunTime:0.000239s ]
INFO: [ app_begin ] --START--
INFO: Run Behavior\ReadHtmlCacheBehavior [ RunTime:0.000293s ]
INFO: [ app_begin ] --END-- [ RunTime:0.000333s ]
SQL: SHOW COLUMNS FROM `ty_users` [ RunTime:0.0012s ]
SQL: SHOW COLUMNS FROM `ty_users` [ RunTime:0.0010s ]
SQL: SHOW COLUMNS FROM `ty_config` [ RunTime:0.0004s ]
SQL: SELECT `value` FROM `ty_config` WHERE `name` = 'distributor' LIMIT 1   [ RunTime:0.0001s ]
SQL: INSERT INTO `ty_users` (`city`,`open_id`,`nick_name`,`province`,`head_pic`) VALUES ('0','o9h__0P04L3KrLBHj3TvQmKEoPmI','ht','0','https://wx.qlogo.cn/mmopen/vi_32/Q0j4TwGTfTJYHLsyqeDWnjyBCOukzH0Rtcd4t6fBGgr3aOlibDY5zhbH8dUicA1LjdAbB6striaQAmkQBCibZVKZiaw/0') [ RunTime:0.0003s ]
SQL: SELECT * FROM `ty_users` WHERE `user_id` = 829 LIMIT 1   [ RunTime:0.0003s ]
NOTIC: [8] Undefined variable: v /var/www/html/maicai/Application/WXAPI/Controller/UserController.class.php 第 736 行.
SQL: UPDATE `ty_users` SET `head_pic`='/Public/head/829.jpg' WHERE `user_id` = 829 [ RunTime:0.0003s ]
SQL: SELECT * FROM `ty_users` WHERE `user_id` = 829 LIMIT 1   [ RunTime:0.0002s ]
SQL: SELECT * FROM `ty_users` WHERE `user_id` = 829 LIMIT 1   [ RunTime:0.0001s ]
SQL: SELECT * FROM `ty_config` WHERE `name` = 'hot_keywords' LIMIT 1   [ RunTime:0.0001s ]
SQL: SHOW COLUMNS FROM `ty_seller_apply` [ RunTime:0.0006s ]
SQL: SELECT * FROM `ty_seller_apply` WHERE `user_id` = 829 LIMIT 1   [ RunTime:0.0002s ]
INFO: [ app_end ] --START--
INFO: Run Behavior\ShowPageTraceBehavior [ RunTime:0.000424s ]
INFO: [ app_end ] --END-- [ RunTime:0.000481s ]

[ 2018-02-15T10:40:21+08:00 ] 39.188.22.209 /index.php/WXAPI/Index/home
INFO: [ app_init ] --START--
INFO: Run Behavior\BuildLiteBehavior [ RunTime:0.000010s ]
INFO: [ app_init ] --END-- [ RunTime:0.000230s ]
INFO: [ app_begin ] --START--
INFO: Run Behavior\ReadHtmlCacheBehavior [ RunTime:0.000303s ]
INFO: [ app_begin ] --END-- [ RunTime:0.000388s ]
SQL: SHOW COLUMNS FROM `ty_coupon` [ RunTime:0.0008s ]
SQL: SELECT * FROM `ty_coupon` WHERE `send_start_time` < 1518662421 AND `send_end_time` > 1518662421  [ RunTime:0.0002s ]
SQL: SHOW COLUMNS FROM `ty_ad` [ RunTime:0.0005s ]
SQL: SELECT `ad_link`,`ad_name`,`ad_code`,`pid` FROM `ty_ad` WHERE `pid` = 1 AND `enabled` = 1  [ RunTime:0.0001s ]
SQL: SELECT `ad_link`,`ad_name`,`ad_code`,`pid` FROM `ty_ad` WHERE `pid` = 2 AND `enabled` = 1  [ RunTime:0.0001s ]
SQL: SELECT `ad_link`,`ad_name`,`ad_code`,`pid` FROM `ty_ad` WHERE `pid` = 3 AND `enabled` = 1  [ RunTime:0.0001s ]
SQL: SHOW COLUMNS FROM `ty_article` [ RunTime:0.0006s ]
SQL: SELECT `article_id`,`content`,`link`,`description` FROM `ty_article` WHERE `article_id` = 2 LIMIT 1   [ RunTime:0.0001s ]
SQL: SELECT `article_id`,`content`,`link`,`description` FROM `ty_article` WHERE `article_id` = 1 LIMIT 1   [ RunTime:0.0001s ]
SQL: SHOW COLUMNS FROM `ty_article_cat` [ RunTime:0.0005s ]
SQL: SELECT `cat_name`,`thumb`,`cat_desc` FROM `ty_article_cat` WHERE `parent_id` = 2 AND `show_in_nav` = 1 ORDER BY sort_order  [ RunTime:0.0001s ]
SQL: SELECT `cat_name`,`thumb`,`cat_desc`,`type` FROM `ty_article_cat` WHERE `parent_id` = 9 AND `show_in_nav` = 1 ORDER BY sort_order  [ RunTime:0.0001s ]

[ 2018-02-15T10:40:21+08:00 ] 39.188.22.209 /index.php/WXAPI/User/getOpenid?url=https%3A%2F%2Fapi.weixin.qq.com%2Fsns%2Fjscode2session%3Fappid%3Dwxf3a9ae58645327d5%26secret%3Dc90e9c7fa14d4df6fbde0970cc2f0fb0%26js_code%3D011AUR4g2TpsrC0U413g2OCC4g2AUR4g%26grant_type%3Dauthorization_code%26code%3D011AUR4g2TpsrC0U413g2OCC4g2AUR4g
INFO: [ app_init ] --START--
INFO: Run Behavior\BuildLiteBehavior [ RunTime:0.000010s ]
INFO: [ app_init ] --END-- [ RunTime:0.000225s ]
INFO: [ app_begin ] --START--
INFO: Run Behavior\ReadHtmlCacheBehavior [ RunTime:0.000412s ]
INFO: [ app_begin ] --END-- [ RunTime:0.000453s ]
SQL: SHOW COLUMNS FROM `ty_users` [ RunTime:0.0015s ]
INFO: [ app_end ] --START--
INFO: Run Behavior\ShowPageTraceBehavior [ RunTime:0.000419s ]
INFO: [ app_end ] --END-- [ RunTime:0.000490s ]

[ 2018-02-15T10:40:22+08:00 ] 39.188.22.209 /index.php/WXAPI/User/validateOpenid?openid=o9h__0PnS5aMjQxPXn8DdiaRdCq8
INFO: [ app_init ] --START--
INFO: Run Behavior\BuildLiteBehavior [ RunTime:0.000011s ]
INFO: [ app_init ] --END-- [ RunTime:0.000229s ]
INFO: [ app_begin ] --START--
INFO: Run Behavior\ReadHtmlCacheBehavior [ RunTime:0.000301s ]
INFO: [ app_begin ] --END-- [ RunTime:0.000342s ]
SQL: SHOW COLUMNS FROM `ty_users` [ RunTime:0.0013s ]
SQL: SHOW COLUMNS FROM `ty_users` [ RunTime:0.0009s ]
SQL: SELECT * FROM `ty_users` WHERE `open_id` = 'o9h__0PnS5aMjQxPXn8DdiaRdCq8' LIMIT 1   [ RunTime:0.0009s ]
INFO: [ app_end ] --START--
INFO: Run Behavior\ShowPageTraceBehavior [ RunTime:0.000314s ]
INFO: [ app_end ] --END-- [ RunTime:0.000350s ]

[ 2018-02-15T10:40:24+08:00 ] 39.188.22.209 /index.php/WXAPI/User/register?open_id=o9h__0PnS5aMjQxPXn8DdiaRdCq8&country=China&gender=1&nick_name=......&province=Zhejiang&city=Jinhua&head_pic=https://wx.qlogo.cn/mmopen/vi_32/Q0j4TwGTfTJdJ6QrO7RgXAwmY6ZiaicuGLI8j8Cm6Ca8wVOWUg8nt3awMCQF5klXibjuicnJX9aeng3jiaKTh7nuIEw/0&fid=0
INFO: [ app_init ] --START--
INFO: Run Behavior\BuildLiteBehavior [ RunTime:0.000011s ]
INFO: [ app_init ] --END-- [ RunTime:0.000222s ]
INFO: [ app_begin ] --START--
INFO: Run Behavior\ReadHtmlCacheBehavior [ RunTime:0.000301s ]
INFO: [ app_begin ] --END-- [ RunTime:0.000341s ]
SQL: SHOW COLUMNS FROM `ty_users` [ RunTime:0.0013s ]
SQL: SHOW COLUMNS FROM `ty_users` [ RunTime:0.0010s ]
SQL: SHOW COLUMNS FROM `ty_config` [ RunTime:0.0004s ]
SQL: SELECT `value` FROM `ty_config` WHERE `name` = 'distributor' LIMIT 1   [ RunTime:0.0001s ]
SQL: INSERT INTO `ty_users` (`city`,`open_id`,`nick_name`,`province`,`head_pic`) VALUES ('0','o9h__0PnS5aMjQxPXn8DdiaRdCq8','......','0','https://wx.qlogo.cn/mmopen/vi_32/Q0j4TwGTfTJdJ6QrO7RgXAwmY6ZiaicuGLI8j8Cm6Ca8wVOWUg8nt3awMCQF5klXibjuicnJX9aeng3jiaKTh7nuIEw/0') [ RunTime:0.0002s ]
SQL: SELECT * FROM `ty_users` WHERE `user_id` = 830 LIMIT 1   [ RunTime:0.0002s ]
NOTIC: [8] Undefined variable: v /var/www/html/maicai/Application/WXAPI/Controller/UserController.class.php 第 736 行.
SQL: UPDATE `ty_users` SET `head_pic`='/Public/head/830.jpg' WHERE `user_id` = 830 [ RunTime:0.0003s ]
SQL: SELECT * FROM `ty_users` WHERE `user_id` = 830 LIMIT 1   [ RunTime:0.0003s ]
SQL: SELECT * FROM `ty_users` WHERE `user_id` = 830 LIMIT 1   [ RunTime:0.0001s ]
SQL: SELECT * FROM `ty_config` WHERE `name` = 'hot_keywords' LIMIT 1   [ RunTime:0.0001s ]
SQL: SHOW COLUMNS FROM `ty_seller_apply` [ RunTime:0.0005s ]
SQL: SELECT * FROM `ty_seller_apply` WHERE `user_id` = 830 LIMIT 1   [ RunTime:0.0002s ]
INFO: [ app_end ] --START--
INFO: Run Behavior\ShowPageTraceBehavior [ RunTime:0.000372s ]
INFO: [ app_end ] --END-- [ RunTime:0.000412s ]

[ 2018-02-15T10:40:27+08:00 ] 39.188.22.209 /index.php/WXAPI/Goods/goodsLists/id/46/sort/shop_price/sort_asc/desc/p/0
INFO: [ app_init ] --START--
INFO: Run Behavior\BuildLiteBehavior [ RunTime:0.000011s ]
INFO: [ app_init ] --END-- [ RunTime:0.000238s ]
INFO: [ app_begin ] --START--
INFO: Run Behavior\ReadHtmlCacheBehavior [ RunTime:0.000299s ]
INFO: [ app_begin ] --END-- [ RunTime:0.000339s ]
NOTIC: [8] Undefined index: start_price /var/www/html/maicai/Application/WXAPI/Controller/GoodsController.class.php 第 251 行.
NOTIC: [8] Undefined index: end_price /var/www/html/maicai/Application/WXAPI/Controller/GoodsController.class.php 第 251 行.
SQL: SHOW COLUMNS FROM `ty_goods` [ RunTime:0.0017s ]
SQL: SHOW COLUMNS FROM `ty_goods_category` [ RunTime:0.0009s ]
SQL: SELECT * FROM `ty_goods_category` WHERE ( id = 46 ) LIMIT 1   [ RunTime:0.0001s ]
SQL: SHOW COLUMNS FROM `ty_goods_category` [ RunTime:0.0005s ]
SQL: SELECT `id`,`parent_id` FROM `ty_goods_category`  [ RunTime:0.0001s ]
SQL: SELECT `id` FROM `ty_goods_category` WHERE ( parent_id = 46 )  [ RunTime:0.0001s ]
SQL: SHOW COLUMNS FROM `ty_goods` [ RunTime:0.0010s ]
SQL: SELECT `goods_id` FROM `ty_goods` WHERE ( is_on_sale=1 and cat_id2 in(46,59)  )  [ RunTime:0.0001s ]
NOTIC: [2] implode(): Invalid arguments passed /var/www/html/maicai/Application/Home/Logic/GoodsLogic.class.php 第 319 行.
SQL: SELECT `shop_price` FROM `ty_goods` WHERE ( goods_id in (0) )  [ RunTime:0.0001s ]
NOTIC: [2] rsort() expects parameter 1 to be array, null given /var/www/html/maicai/Application/Home/Logic/GoodsLogic.class.php 第 323 行.
NOTIC: [2] Invalid argument supplied for foreach() /var/www/html/maicai/Application/Home/Logic/GoodsLogic.class.php 第 335 行.
NOTIC: [2] Invalid argument supplied for foreach() /var/www/html/maicai/Application/Home/Logic/GoodsLogic.class.php 第 335 行.
NOTIC: [2] Invalid argument supplied for foreach() /var/www/html/maicai/Application/Home/Logic/GoodsLogic.class.php 第 335 行.
NOTIC: [2] Invalid argument supplied for foreach() /var/www/html/maicai/Application/Home/Logic/GoodsLogic.class.php 第 335 行.
NOTIC: [2] Invalid argument supplied for foreach() /var/www/html/maicai/Application/Home/Logic/GoodsLogic.class.php 第 335 行.
NOTIC: [2] implode(): Invalid arguments passed /var/www/html/maicai/Application/Home/Logic/GoodsLogic.class.php 第 37 行.
SQL: SHOW COLUMNS FROM `ty_brand` [ RunTime:0.0008s ]
SQL: SELECT * FROM `ty_brand` WHERE ( id in(select brand_id from ty_goods where brand_id > 0 and goods_id in(0)) ) LIMIT 30   [ RunTime:0.0001s ]
NOTIC: [2] implode(): Invalid arguments passed /var/www/html/maicai/Application/Home/Logic/GoodsLogic.class.php 第 60 行.
SQL: SHOW COLUMNS FROM `ty_spec_goods_price` [ RunTime:0.0005s ]
SQL: select group_concat(`key` separator  '_') as `key` from ty_spec_goods_price where goods_id in(0) [ RunTime:0.0001s ]
NOTIC: [2] implode(): Invalid arguments passed /var/www/html/maicai/Application/Home/Logic/GoodsLogic.class.php 第 104 行.
SQL: SHOW COLUMNS FROM `ty_goods_attr` [ RunTime:0.0005s ]
SQL: SELECT * FROM `ty_goods_attr` WHERE ( goods_id in(0) and attr_value != '' )  [ RunTime:0.0001s ]
SQL: SHOW COLUMNS FROM `ty_goods_attribute` [ RunTime:0.0005s ]
SQL: SELECT `attr_id`,`attr_name`,`attr_index` FROM `ty_goods_attribute`  [ RunTime:0.0001s ]
NOTIC: [8] Undefined variable: goods_list /var/www/html/maicai/Application/WXAPI/Controller/GoodsController.class.php 第 317 行.
NOTIC: [2] Invalid argument supplied for foreach() /var/www/html/maicai/Application/WXAPI/Controller/GoodsController.class.php 第 317 行.
NOTIC: [8] Undefined variable: goods_list /var/www/html/maicai/Application/WXAPI/Controller/GoodsController.class.php 第 321 行.

[ 2018-02-15T10:40:33+08:00 ] 39.188.22.209 /index.php/WXAPI/Goods/goodsLists/id/46/sort/comment_count/sort_asc/asc/p/0
INFO: [ app_init ] --START--
INFO: Run Behavior\BuildLiteBehavior [ RunTime:0.000011s ]
INFO: [ app_init ] --END-- [ RunTime:0.000229s ]
INFO: [ app_begin ] --START--
INFO: Run Behavior\ReadHtmlCacheBehavior [ RunTime:0.000313s ]
INFO: [ app_begin ] --END-- [ RunTime:0.000352s ]
NOTIC: [8] Undefined index: start_price /var/www/html/maicai/Application/WXAPI/Controller/GoodsController.class.php 第 251 行.
NOTIC: [8] Undefined index: end_price /var/www/html/maicai/Application/WXAPI/Controller/GoodsController.class.php 第 251 行.
SQL: SHOW COLUMNS FROM `ty_goods` [ RunTime:0.0013s ]
SQL: SHOW COLUMNS FROM `ty_goods_category` [ RunTime:0.0006s ]
SQL: SELECT * FROM `ty_goods_category` WHERE ( id = 46 ) LIMIT 1   [ RunTime:0.0001s ]
SQL: SHOW COLUMNS FROM `ty_goods_category` [ RunTime:0.0006s ]
SQL: SELECT `id`,`parent_id` FROM `ty_goods_category`  [ RunTime:0.0001s ]
SQL: SELECT `id` FROM `ty_goods_category` WHERE ( parent_id = 46 )  [ RunTime:0.0001s ]
SQL: SHOW COLUMNS FROM `ty_goods` [ RunTime:0.0010s ]
SQL: SELECT `goods_id` FROM `ty_goods` WHERE ( is_on_sale=1 and cat_id2 in(46,59)  )  [ RunTime:0.0001s ]
NOTIC: [2] implode(): Invalid arguments passed /var/www/html/maicai/Application/Home/Logic/GoodsLogic.class.php 第 319 行.
SQL: SELECT `shop_price` FROM `ty_goods` WHERE ( goods_id in (0) )  [ RunTime:0.0001s ]
NOTIC: [2] rsort() expects parameter 1 to be array, null given /var/www/html/maicai/Application/Home/Logic/GoodsLogic.class.php 第 323 行.
NOTIC: [2] Invalid argument supplied for foreach() /var/www/html/maicai/Application/Home/Logic/GoodsLogic.class.php 第 335 行.
NOTIC: [2] Invalid argument supplied for foreach() /var/www/html/maicai/Application/Home/Logic/GoodsLogic.class.php 第 335 行.
NOTIC: [2] Invalid argument supplied for foreach() /var/www/html/maicai/Application/Home/Logic/GoodsLogic.class.php 第 335 行.
NOTIC: [2] Invalid argument supplied for foreach() /var/www/html/maicai/Application/Home/Logic/GoodsLogic.class.php 第 335 行.
NOTIC: [2] Invalid argument supplied for foreach() /var/www/html/maicai/Application/Home/Logic/GoodsLogic.class.php 第 335 行.
NOTIC: [2] implode(): Invalid arguments passed /var/www/html/maicai/Application/Home/Logic/GoodsLogic.class.php 第 37 行.
SQL: SHOW COLUMNS FROM `ty_brand` [ RunTime:0.0005s ]
SQL: SELECT * FROM `ty_brand` WHERE ( id in(select brand_id from ty_goods where brand_id > 0 and goods_id in(0)) ) LIMIT 30   [ RunTime:0.0001s ]
NOTIC: [2] implode(): Invalid arguments passed /var/www/html/maicai/Application/Home/Logic/GoodsLogic.class.php 第 60 行.
SQL: SHOW COLUMNS FROM `ty_spec_goods_price` [ RunTime:0.0004s ]
SQL: select group_concat(`key` separator  '_') as `key` from ty_spec_goods_price where goods_id in(0) [ RunTime:0.0001s ]
NOTIC: [2] implode(): Invalid arguments passed /var/www/html/maicai/Application/Home/Logic/GoodsLogic.class.php 第 104 行.
SQL: SHOW COLUMNS FROM `ty_goods_attr` [ RunTime:0.0004s ]
SQL: SELECT * FROM `ty_goods_attr` WHERE ( goods_id in(0) and attr_value != '' )  [ RunTime:0.0001s ]
SQL: SHOW COLUMNS FROM `ty_goods_attribute` [ RunTime:0.0004s ]
SQL: SELECT `attr_id`,`attr_name`,`attr_index` FROM `ty_goods_attribute`  [ RunTime:0.0001s ]
NOTIC: [8] Undefined variable: goods_list /var/www/html/maicai/Application/WXAPI/Controller/GoodsController.class.php 第 317 行.
NOTIC: [2] Invalid argument supplied for foreach() /var/www/html/maicai/Application/WXAPI/Controller/GoodsController.class.php 第 317 行.
NOTIC: [8] Undefined variable: goods_list /var/www/html/maicai/Application/WXAPI/Controller/GoodsController.class.php 第 321 行.

[ 2018-02-15T12:34:21+08:00 ] 58.34.164.28 /index.php/WXAPI/Index/home
INFO: [ app_init ] --START--
INFO: Run Behavior\BuildLiteBehavior [ RunTime:0.000012s ]
INFO: [ app_init ] --END-- [ RunTime:0.000322s ]
INFO: [ app_begin ] --START--
INFO: Run Behavior\ReadHtmlCacheBehavior [ RunTime:0.000473s ]
INFO: [ app_begin ] --END-- [ RunTime:0.000527s ]
SQL: SHOW COLUMNS FROM `ty_coupon` [ RunTime:0.0008s ]
SQL: SELECT * FROM `ty_coupon` WHERE `send_start_time` < 1518669261 AND `send_end_time` > 1518669261  [ RunTime:0.0002s ]
SQL: SHOW COLUMNS FROM `ty_ad` [ RunTime:0.0006s ]
SQL: SELECT `ad_link`,`ad_name`,`ad_code`,`pid` FROM `ty_ad` WHERE `pid` = 1 AND `enabled` = 1  [ RunTime:0.0001s ]
SQL: SELECT `ad_link`,`ad_name`,`ad_code`,`pid` FROM `ty_ad` WHERE `pid` = 2 AND `enabled` = 1  [ RunTime:0.0001s ]
SQL: SELECT `ad_link`,`ad_name`,`ad_code`,`pid` FROM `ty_ad` WHERE `pid` = 3 AND `enabled` = 1  [ RunTime:0.0001s ]
SQL: SHOW COLUMNS FROM `ty_article` [ RunTime:0.0006s ]
SQL: SELECT `article_id`,`content`,`link`,`description` FROM `ty_article` WHERE `article_id` = 2 LIMIT 1   [ RunTime:0.0001s ]
SQL: SELECT `article_id`,`content`,`link`,`description` FROM `ty_article` WHERE `article_id` = 1 LIMIT 1   [ RunTime:0.0001s ]
SQL: SHOW COLUMNS FROM `ty_article_cat` [ RunTime:0.0005s ]
SQL: SELECT `cat_name`,`thumb`,`cat_desc` FROM `ty_article_cat` WHERE `parent_id` = 2 AND `show_in_nav` = 1 ORDER BY sort_order  [ RunTime:0.0001s ]
SQL: SELECT `cat_name`,`thumb`,`cat_desc`,`type` FROM `ty_article_cat` WHERE `parent_id` = 9 AND `show_in_nav` = 1 ORDER BY sort_order  [ RunTime:0.0001s ]

[ 2018-02-15T12:34:21+08:00 ] 58.34.164.28 /index.php/WXAPI/User/getOpenid?url=https%3A%2F%2Fapi.weixin.qq.com%2Fsns%2Fjscode2session%3Fappid%3Dwxf3a9ae58645327d5%26secret%3Dc90e9c7fa14d4df6fbde0970cc2f0fb0%26js_code%3D003LPnSS0aG8hX17q0TS0E98SS0LPnSe%26grant_type%3Dauthorization_code%26code%3D003LPnSS0aG8hX17q0TS0E98SS0LPnSe
INFO: [ app_init ] --START--
INFO: Run Behavior\BuildLiteBehavior [ RunTime:0.000010s ]
INFO: [ app_init ] --END-- [ RunTime:0.000219s ]
INFO: [ app_begin ] --START--
INFO: Run Behavior\ReadHtmlCacheBehavior [ RunTime:0.000291s ]
INFO: [ app_begin ] --END-- [ RunTime:0.000343s ]
SQL: SHOW COLUMNS FROM `ty_users` [ RunTime:0.0011s ]
INFO: [ app_end ] --START--
INFO: Run Behavior\ShowPageTraceBehavior [ RunTime:0.000411s ]
INFO: [ app_end ] --END-- [ RunTime:0.000480s ]

[ 2018-02-15T12:34:22+08:00 ] 58.34.164.28 /index.php/WXAPI/User/validateOpenid?openid=o9h__0HhvWZrd3LK1oDBprvGVIXw
INFO: [ app_init ] --START--
INFO: Run Behavior\BuildLiteBehavior [ RunTime:0.000011s ]
INFO: [ app_init ] --END-- [ RunTime:0.000220s ]
INFO: [ app_begin ] --START--
INFO: Run Behavior\ReadHtmlCacheBehavior [ RunTime:0.000287s ]
INFO: [ app_begin ] --END-- [ RunTime:0.000326s ]
SQL: SHOW COLUMNS FROM `ty_users` [ RunTime:0.0012s ]
SQL: SHOW COLUMNS FROM `ty_users` [ RunTime:0.0009s ]
SQL: SELECT * FROM `ty_users` WHERE `open_id` = 'o9h__0HhvWZrd3LK1oDBprvGVIXw' LIMIT 1   [ RunTime:0.0008s ]
INFO: [ app_end ] --START--
INFO: Run Behavior\ShowPageTraceBehavior [ RunTime:0.000324s ]
INFO: [ app_end ] --END-- [ RunTime:0.000358s ]

[ 2018-02-15T14:29:36+08:00 ] 61.158.149.121 /index.php/WXAPI/Index/home
INFO: [ app_init ] --START--
INFO: Run Behavior\BuildLiteBehavior [ RunTime:0.000011s ]
INFO: [ app_init ] --END-- [ RunTime:0.000233s ]
INFO: [ app_begin ] --START--
INFO: Run Behavior\ReadHtmlCacheBehavior [ RunTime:0.000301s ]
INFO: [ app_begin ] --END-- [ RunTime:0.000343s ]
SQL: SHOW COLUMNS FROM `ty_coupon` [ RunTime:0.0009s ]
SQL: SELECT * FROM `ty_coupon` WHERE `send_start_time` < 1518676176 AND `send_end_time` > 1518676176  [ RunTime:0.0003s ]
SQL: SHOW COLUMNS FROM `ty_ad` [ RunTime:0.0008s ]
SQL: SELECT `ad_link`,`ad_name`,`ad_code`,`pid` FROM `ty_ad` WHERE `pid` = 1 AND `enabled` = 1  [ RunTime:0.0001s ]
SQL: SELECT `ad_link`,`ad_name`,`ad_code`,`pid` FROM `ty_ad` WHERE `pid` = 2 AND `enabled` = 1  [ RunTime:0.0001s ]
SQL: SELECT `ad_link`,`ad_name`,`ad_code`,`pid` FROM `ty_ad` WHERE `pid` = 3 AND `enabled` = 1  [ RunTime:0.0001s ]
SQL: SHOW COLUMNS FROM `ty_article` [ RunTime:0.0006s ]
SQL: SELECT `article_id`,`content`,`link`,`description` FROM `ty_article` WHERE `article_id` = 2 LIMIT 1   [ RunTime:0.0001s ]
SQL: SELECT `article_id`,`content`,`link`,`description` FROM `ty_article` WHERE `article_id` = 1 LIMIT 1   [ RunTime:0.0001s ]
SQL: SHOW COLUMNS FROM `ty_article_cat` [ RunTime:0.0007s ]
SQL: SELECT `cat_name`,`thumb`,`cat_desc` FROM `ty_article_cat` WHERE `parent_id` = 2 AND `show_in_nav` = 1 ORDER BY sort_order  [ RunTime:0.0001s ]
SQL: SELECT `cat_name`,`thumb`,`cat_desc`,`type` FROM `ty_article_cat` WHERE `parent_id` = 9 AND `show_in_nav` = 1 ORDER BY sort_order  [ RunTime:0.0001s ]

[ 2018-02-15T14:29:37+08:00 ] 61.158.149.121 /index.php/WXAPI/User/getOpenid?url=https%3A%2F%2Fapi.weixin.qq.com%2Fsns%2Fjscode2session%3Fappid%3Dwxf3a9ae58645327d5%26secret%3Dc90e9c7fa14d4df6fbde0970cc2f0fb0%26js_code%3D011gJ4hM1coQF51I49dM1TjOgM1gJ4h4%26grant_type%3Dauthorization_code%26code%3D011gJ4hM1coQF51I49dM1TjOgM1gJ4h4
INFO: [ app_init ] --START--
INFO: Run Behavior\BuildLiteBehavior [ RunTime:0.000010s ]
INFO: [ app_init ] --END-- [ RunTime:0.000219s ]
INFO: [ app_begin ] --START--
INFO: Run Behavior\ReadHtmlCacheBehavior [ RunTime:0.000342s ]
INFO: [ app_begin ] --END-- [ RunTime:0.000391s ]
SQL: SHOW COLUMNS FROM `ty_users` [ RunTime:0.0012s ]
INFO: [ app_end ] --START--
INFO: Run Behavior\ShowPageTraceBehavior [ RunTime:0.000598s ]
INFO: [ app_end ] --END-- [ RunTime:0.000690s ]

[ 2018-02-15T14:29:37+08:00 ] 61.158.149.121 /index.php/WXAPI/User/validateOpenid?openid=o9h__0DvSBl0-k4fOtKNFdVAtc7M
INFO: [ app_init ] --START--
INFO: Run Behavior\BuildLiteBehavior [ RunTime:0.000012s ]
INFO: [ app_init ] --END-- [ RunTime:0.000295s ]
INFO: [ app_begin ] --START--
INFO: Run Behavior\ReadHtmlCacheBehavior [ RunTime:0.000451s ]
INFO: [ app_begin ] --END-- [ RunTime:0.000516s ]
SQL: SHOW COLUMNS FROM `ty_users` [ RunTime:0.0012s ]
SQL: SHOW COLUMNS FROM `ty_users` [ RunTime:0.0014s ]
SQL: SELECT * FROM `ty_users` WHERE `open_id` = 'o9h__0DvSBl0-k4fOtKNFdVAtc7M' LIMIT 1   [ RunTime:0.0012s ]
INFO: [ app_end ] --START--
INFO: Run Behavior\ShowPageTraceBehavior [ RunTime:0.000517s ]
INFO: [ app_end ] --END-- [ RunTime:0.000576s ]

[ 2018-02-15T14:29:41+08:00 ] 61.158.149.121 /index.php/WXAPI/User/register?open_id=o9h__0DvSBl0-k4fOtKNFdVAtc7M&country=China&gender=1&nick_name=%E5%BC%80%E5%BF%83%E4%BD%BF%E8%80%85&province=Henan&city=Zhengzhou&head_pic=https://wx.qlogo.cn/mmopen/vi_32/DYAIOgq83eojwziaV3fmqsGdsC1Pic9oywbdvOPOxQibb5GdxXsEV9d1icjDwrIrCpWNSUK6QgasX4Rnphib7LWFo5A/0&fid=0
INFO: [ app_init ] --START--
INFO: Run Behavior\BuildLiteBehavior [ RunTime:0.000012s ]
INFO: [ app_init ] --END-- [ RunTime:0.000297s ]
INFO: [ app_begin ] --START--
INFO: Run Behavior\ReadHtmlCacheBehavior [ RunTime:0.000310s ]
INFO: [ app_begin ] --END-- [ RunTime:0.000352s ]
SQL: SHOW COLUMNS FROM `ty_users` [ RunTime:0.0012s ]
SQL: SHOW COLUMNS FROM `ty_users` [ RunTime:0.0010s ]
SQL: SHOW COLUMNS FROM `ty_config` [ RunTime:0.0004s ]
SQL: SELECT `value` FROM `ty_config` WHERE `name` = 'distributor' LIMIT 1   [ RunTime:0.0001s ]
SQL: INSERT INTO `ty_users` (`city`,`open_id`,`nick_name`,`province`,`head_pic`) VALUES ('0','o9h__0DvSBl0-k4fOtKNFdVAtc7M','开心使者','0','https://wx.qlogo.cn/mmopen/vi_32/DYAIOgq83eojwziaV3fmqsGdsC1Pic9oywbdvOPOxQibb5GdxXsEV9d1icjDwrIrCpWNSUK6QgasX4Rnphib7LWFo5A/0') [ RunTime:0.0003s ]
SQL: SELECT * FROM `ty_users` WHERE `user_id` = 831 LIMIT 1   [ RunTime:0.0002s ]
NOTIC: [8] Undefined variable: v /var/www/html/maicai/Application/WXAPI/Controller/UserController.class.php 第 736 行.
SQL: UPDATE `ty_users` SET `head_pic`='/Public/head/831.jpg' WHERE `user_id` = 831 [ RunTime:0.0004s ]
SQL: SELECT * FROM `ty_users` WHERE `user_id` = 831 LIMIT 1   [ RunTime:0.0003s ]
SQL: SELECT * FROM `ty_users` WHERE `user_id` = 831 LIMIT 1   [ RunTime:0.0002s ]
SQL: SELECT * FROM `ty_config` WHERE `name` = 'hot_keywords' LIMIT 1   [ RunTime:0.0001s ]
SQL: SHOW COLUMNS FROM `ty_seller_apply` [ RunTime:0.0007s ]
SQL: SELECT * FROM `ty_seller_apply` WHERE `user_id` = 831 LIMIT 1   [ RunTime:0.0002s ]
INFO: [ app_end ] --START--
INFO: Run Behavior\ShowPageTraceBehavior [ RunTime:0.000395s ]
INFO: [ app_end ] --END-- [ RunTime:0.000434s ]

[ 2018-02-15T14:29:46+08:00 ] 61.158.149.121 /index.php/WXAPI/Store/getStoreClass
INFO: [ app_init ] --START--
INFO: Run Behavior\BuildLiteBehavior [ RunTime:0.000011s ]
INFO: [ app_init ] --END-- [ RunTime:0.000253s ]
INFO: [ app_begin ] --START--
INFO: Run Behavior\ReadHtmlCacheBehavior [ RunTime:0.000440s ]
INFO: [ app_begin ] --END-- [ RunTime:0.000494s ]
SQL: SHOW COLUMNS FROM `ty_store` [ RunTime:0.0024s ]
SQL: SELECT * FROM `ty_store` WHERE `store_id` = 1 LIMIT 1   [ RunTime:0.0001s ]
SQL: SHOW COLUMNS FROM `ty_store_class` [ RunTime:0.0005s ]
SQL: SELECT * FROM `ty_store_class` ORDER BY sc_sort asc  [ RunTime:0.0001s ]

[ 2018-02-15T14:29:46+08:00 ] 61.158.149.121 /index.php/WXAPI/Store/getStores
INFO: [ app_init ] --START--
INFO: Run Behavior\BuildLiteBehavior [ RunTime:0.000013s ]
INFO: [ app_init ] --END-- [ RunTime:0.000262s ]
INFO: [ app_begin ] --START--
INFO: Run Behavior\ReadHtmlCacheBehavior [ RunTime:0.000327s ]
INFO: [ app_begin ] --END-- [ RunTime:0.000366s ]
SQL: SHOW COLUMNS FROM `ty_store` [ RunTime:0.0019s ]
SQL: SELECT * FROM `ty_store` WHERE `store_id` = 1 LIMIT 1   [ RunTime:0.0002s ]
SQL: SELECT * FROM `ty_store` WHERE `store_state` = 1  [ RunTime:0.0001s ]
SQL: SHOW COLUMNS FROM `ty_goods` [ RunTime:0.0012s ]
SQL: SELECT COUNT(*) AS tp_count FROM `ty_goods` WHERE `store_id` = 3 LIMIT 1   [ RunTime:0.0001s ]
SQL: SELECT * FROM `ty_goods` WHERE `store_id` = 3 LIMIT 0,4   [ RunTime:0.0002s ]
SQL: SELECT COUNT(*) AS tp_count FROM `ty_goods` WHERE `store_id` = 35 LIMIT 1   [ RunTime:0.0001s ]
SQL: SELECT * FROM `ty_goods` WHERE `store_id` = 35 LIMIT 0,4   [ RunTime:0.0001s ]
SQL: SELECT COUNT(*) AS tp_count FROM `ty_goods` WHERE `store_id` = 36 LIMIT 1   [ RunTime:0.0001s ]
SQL: SELECT * FROM `ty_goods` WHERE `store_id` = 36 LIMIT 0,4   [ RunTime:0.0001s ]

[ 2018-02-15T14:29:54+08:00 ] 61.158.149.121 /index.php/WXAPI/Goods/goodsCategoryList
INFO: [ app_init ] --START--
INFO: Run Behavior\BuildLiteBehavior [ RunTime:0.000015s ]
INFO: [ app_init ] --END-- [ RunTime:0.000282s ]
INFO: [ app_begin ] --START--
INFO: Run Behavior\ReadHtmlCacheBehavior [ RunTime:0.000296s ]
INFO: [ app_begin ] --END-- [ RunTime:0.000343s ]
SQL: SHOW COLUMNS FROM `ty_goods_category` [ RunTime:0.0007s ]
SQL: SELECT * FROM `ty_goods_category` WHERE ( parent_id = 0 AND is_show=1 ) ORDER BY parent_id_path,sort_order desc  [ RunTime:0.0001s ]

[ 2018-02-15T14:29:54+08:00 ] 61.158.149.121 /index.php/WXAPI/Goods/goodsCategoryList/parent_id/43
INFO: [ app_init ] --START--
INFO: Run Behavior\BuildLiteBehavior [ RunTime:0.000011s ]
INFO: [ app_init ] --END-- [ RunTime:0.000274s ]
INFO: [ app_begin ] --START--
INFO: Run Behavior\ReadHtmlCacheBehavior [ RunTime:0.000469s ]
INFO: [ app_begin ] --END-- [ RunTime:0.000547s ]
SQL: SHOW COLUMNS FROM `ty_goods_category` [ RunTime:0.0007s ]
SQL: SELECT * FROM `ty_goods_category` WHERE ( parent_id = 43 AND is_show=1 ) ORDER BY parent_id_path,sort_order desc  [ RunTime:0.0001s ]

[ 2018-02-15T14:29:54+08:00 ] 61.158.149.121 /index.php/WXAPI/goods/categoryBanner/banner_name/%E8%82%89%E7%B1%BB
INFO: [ app_init ] --START--
INFO: Run Behavior\BuildLiteBehavior [ RunTime:0.000010s ]
INFO: [ app_init ] --END-- [ RunTime:0.000234s ]
INFO: [ app_begin ] --START--
INFO: Run Behavior\ReadHtmlCacheBehavior [ RunTime:0.000390s ]
INFO: [ app_begin ] --END-- [ RunTime:0.000431s ]
SQL: SHOW COLUMNS FROM `ty_ad_position` [ RunTime:0.0007s ]
SQL: SELECT `position_id` FROM `ty_ad_position` WHERE `position_name` = '肉类' LIMIT 1   [ RunTime:0.0001s ]

[ 2018-02-15T14:29:59+08:00 ] 61.158.149.121 /index.php/WXAPI/Cart/cartList/session_id/o9h__0DvSBl0-k4fOtKNFdVAtc7M?user_id=831
INFO: [ app_init ] --START--
INFO: Run Behavior\BuildLiteBehavior [ RunTime:0.000012s ]
INFO: [ app_init ] --END-- [ RunTime:0.000228s ]
INFO: [ app_begin ] --START--
INFO: Run Behavior\ReadHtmlCacheBehavior [ RunTime:0.000297s ]
INFO: [ app_begin ] --END-- [ RunTime:0.000337s ]
NOTIC: [2048] Declaration of WXAPI\Controller\CartController::getSign() should be compatible with WXAPI\Controller\BaseController::getSign() /var/www/html/maicai/Application/WXAPI/Controller/CartController.class.php 第 22 行.
SQL: SHOW COLUMNS FROM `ty_cart` [ RunTime:0.0009s ]
SQL: SHOW COLUMNS FROM `ty_cart` [ RunTime:0.0006s ]
SQL: SELECT * FROM `ty_cart` WHERE (  session_id = 'o9h__0DvSBl0-k4fOtKNFdVAtc7M' or user_id = 831 )  [ RunTime:0.0003s ]

[ 2018-02-15T14:30:04+08:00 ] 61.158.149.121 /index.php/WXAPI/Goods/goodsList/id/51/sort/shop_price/sort_asc/desc/p/0
INFO: [ app_init ] --START--
INFO: Run Behavior\BuildLiteBehavior [ RunTime:0.000016s ]
INFO: [ app_init ] --END-- [ RunTime:0.000348s ]
INFO: [ app_begin ] --START--
INFO: Run Behavior\ReadHtmlCacheBehavior [ RunTime:0.000499s ]
INFO: [ app_begin ] --END-- [ RunTime:0.000551s ]
NOTIC: [8] Undefined index: start_price /var/www/html/maicai/Application/WXAPI/Controller/GoodsController.class.php 第 115 行.
NOTIC: [8] Undefined index: end_price /var/www/html/maicai/Application/WXAPI/Controller/GoodsController.class.php 第 115 行.
SQL: SHOW COLUMNS FROM `ty_goods` [ RunTime:0.0014s ]
SQL: SHOW COLUMNS FROM `ty_goods_category` [ RunTime:0.0006s ]
SQL: SELECT * FROM `ty_goods_category` WHERE ( id = 51 ) LIMIT 1   [ RunTime:0.0001s ]
SQL: SHOW COLUMNS FROM `ty_goods_category` [ RunTime:0.0006s ]
SQL: SELECT `id`,`parent_id` FROM `ty_goods_category`  [ RunTime:0.0001s ]
SQL: SELECT `id` FROM `ty_goods_category` WHERE ( parent_id = 51 )  [ RunTime:0.0001s ]
SQL: SHOW COLUMNS FROM `ty_goods` [ RunTime:0.0013s ]
SQL: SELECT `goods_id` FROM `ty_goods` WHERE ( is_on_sale=1 and cat_id2 in(51,69)  )  [ RunTime:0.0001s ]
NOTIC: [2] implode(): Invalid arguments passed /var/www/html/maicai/Application/Home/Logic/GoodsLogic.class.php 第 319 行.
SQL: SELECT `shop_price` FROM `ty_goods` WHERE ( goods_id in (0) )  [ RunTime:0.0001s ]
NOTIC: [2] rsort() expects parameter 1 to be array, null given /var/www/html/maicai/Application/Home/Logic/GoodsLogic.class.php 第 323 行.
NOTIC: [2] Invalid argument supplied for foreach() /var/www/html/maicai/Application/Home/Logic/GoodsLogic.class.php 第 335 行.
NOTIC: [2] Invalid argument supplied for foreach() /var/www/html/maicai/Application/Home/Logic/GoodsLogic.class.php 第 335 行.
NOTIC: [2] Invalid argument supplied for foreach() /var/www/html/maicai/Application/Home/Logic/GoodsLogic.class.php 第 335 行.
NOTIC: [2] Invalid argument supplied for foreach() /var/www/html/maicai/Application/Home/Logic/GoodsLogic.class.php 第 335 行.
NOTIC: [2] Invalid argument supplied for foreach() /var/www/html/maicai/Application/Home/Logic/GoodsLogic.class.php 第 335 行.
NOTIC: [2] implode(): Invalid arguments passed /var/www/html/maicai/Application/Home/Logic/GoodsLogic.class.php 第 37 行.
SQL: SHOW COLUMNS FROM `ty_brand` [ RunTime:0.0009s ]
SQL: SELECT * FROM `ty_brand` WHERE ( id in(select brand_id from ty_goods where brand_id > 0 and goods_id in(0)) ) LIMIT 30   [ RunTime:0.0001s ]
NOTIC: [2] implode(): Invalid arguments passed /var/www/html/maicai/Application/Home/Logic/GoodsLogic.class.php 第 60 行.
SQL: SHOW COLUMNS FROM `ty_spec_goods_price` [ RunTime:0.0006s ]
SQL: select group_concat(`key` separator  '_') as `key` from ty_spec_goods_price where goods_id in(0) [ RunTime:0.0001s ]
NOTIC: [2] implode(): Invalid arguments passed /var/www/html/maicai/Application/Home/Logic/GoodsLogic.class.php 第 104 行.
SQL: SHOW COLUMNS FROM `ty_goods_attr` [ RunTime:0.0004s ]
SQL: SELECT * FROM `ty_goods_attr` WHERE ( goods_id in(0) and attr_value != '' )  [ RunTime:0.0001s ]
SQL: SHOW COLUMNS FROM `ty_goods_attribute` [ RunTime:0.0004s ]
SQL: SELECT `attr_id`,`attr_name`,`attr_index` FROM `ty_goods_attribute`  [ RunTime:0.0001s ]
NOTIC: [8] Undefined variable: goods_list /var/www/html/maicai/Application/WXAPI/Controller/GoodsController.class.php 第 181 行.
NOTIC: [2] Invalid argument supplied for foreach() /var/www/html/maicai/Application/WXAPI/Controller/GoodsController.class.php 第 181 行.
NOTIC: [8] Undefined variable: goods_list /var/www/html/maicai/Application/WXAPI/Controller/GoodsController.class.php 第 185 行.

[ 2018-02-15T14:30:08+08:00 ] 61.158.149.121 /index.php/WXAPI/Goods/goodsList/id/66/sort/shop_price/sort_asc/desc/p/0
INFO: [ app_init ] --START--
INFO: Run Behavior\BuildLiteBehavior [ RunTime:0.000011s ]
INFO: [ app_init ] --END-- [ RunTime:0.000236s ]
INFO: [ app_begin ] --START--
INFO: Run Behavior\ReadHtmlCacheBehavior [ RunTime:0.000317s ]
INFO: [ app_begin ] --END-- [ RunTime:0.000360s ]
NOTIC: [8] Undefined index: start_price /var/www/html/maicai/Application/WXAPI/Controller/GoodsController.class.php 第 115 行.
NOTIC: [8] Undefined index: end_price /var/www/html/maicai/Application/WXAPI/Controller/GoodsController.class.php 第 115 行.
SQL: SHOW COLUMNS FROM `ty_goods` [ RunTime:0.0018s ]
SQL: SHOW COLUMNS FROM `ty_goods_category` [ RunTime:0.0005s ]
SQL: SELECT * FROM `ty_goods_category` WHERE ( id = 66 ) LIMIT 1   [ RunTime:0.0001s ]
SQL: SHOW COLUMNS FROM `ty_goods_category` [ RunTime:0.0007s ]
SQL: SELECT `id`,`parent_id` FROM `ty_goods_category`  [ RunTime:0.0001s ]
SQL: SELECT `id` FROM `ty_goods_category` WHERE ( parent_id = 66 )  [ RunTime:0.0001s ]
NOTIC: [2] Invalid argument supplied for foreach() /var/www/html/maicai/Application/Common/Common/common.php 第 393 行.
SQL: SHOW COLUMNS FROM `ty_goods` [ RunTime:0.0014s ]
SQL: SELECT `shop_price` FROM `ty_goods` WHERE ( goods_id in (41,42,43,44,47,48,50,53,57,58) )  [ RunTime:0.0001s ]
SQL: SHOW COLUMNS FROM `ty_brand` [ RunTime:0.0005s ]
SQL: SELECT * FROM `ty_brand` WHERE ( id in(select brand_id from ty_goods where brand_id > 0 and goods_id in(41,42,43,44,47,48,50,53,57,58)) ) LIMIT 30   [ RunTime:0.0001s ]
SQL: SHOW COLUMNS FROM `ty_spec_goods_price` [ RunTime:0.0006s ]
SQL: select group_concat(`key` separator  '_') as `key` from ty_spec_goods_price where goods_id in(41,42,43,44,47,48,50,53,57,58) [ RunTime:0.0001s ]
SQL: SHOW COLUMNS FROM `ty_spec` [ RunTime:0.0007s ]
SQL: SELECT `id`,`name` FROM `ty_spec`  [ RunTime:0.0001s ]
SQL: SHOW COLUMNS FROM `ty_spec_item` [ RunTime:0.0006s ]
SQL: SELECT `id`,`spec_id`,`item` FROM `ty_spec_item`  [ RunTime:0.0001s ]
NOTIC: [8] Undefined index: spec /var/www/html/maicai/Application/Home/Logic/GoodsLogic.class.php 第 76 行.
SQL: SHOW COLUMNS FROM `ty_goods_attr` [ RunTime:0.0005s ]
SQL: SELECT * FROM `ty_goods_attr` WHERE ( goods_id in(41,42,43,44,47,48,50,53,57,58) and attr_value != '' )  [ RunTime:0.0001s ]
SQL: SHOW COLUMNS FROM `ty_goods_attribute` [ RunTime:0.0004s ]
SQL: SELECT `attr_id`,`attr_name`,`attr_index` FROM `ty_goods_attribute`  [ RunTime:0.0001s ]
SQL: SELECT `goods_id`,`cat_id2`,`goods_sn`,`goods_name`,`shop_price`,`comment_count`,`original_img`,`sales_sum` FROM `ty_goods` WHERE ( cat_id2 = 66 and is_on_sale = 1 ) ORDER BY shop_price desc LIMIT 0,5   [ RunTime:0.0001s ]

[ 2018-02-15T14:30:12+08:00 ] 61.158.149.121 /index.php/WXAPI/Goods/goodsList/id/67/sort/shop_price/sort_asc/desc/p/0
INFO: [ app_init ] --START--
INFO: Run Behavior\BuildLiteBehavior [ RunTime:0.000010s ]
INFO: [ app_init ] --END-- [ RunTime:0.000223s ]
INFO: [ app_begin ] --START--
INFO: Run Behavior\ReadHtmlCacheBehavior [ RunTime:0.000294s ]
INFO: [ app_begin ] --END-- [ RunTime:0.000333s ]
NOTIC: [8] Undefined index: start_price /var/www/html/maicai/Application/WXAPI/Controller/GoodsController.class.php 第 115 行.
NOTIC: [8] Undefined index: end_price /var/www/html/maicai/Application/WXAPI/Controller/GoodsController.class.php 第 115 行.
SQL: SHOW COLUMNS FROM `ty_goods` [ RunTime:0.0016s ]
SQL: SHOW COLUMNS FROM `ty_goods_category` [ RunTime:0.0006s ]
SQL: SELECT * FROM `ty_goods_category` WHERE ( id = 67 ) LIMIT 1   [ RunTime:0.0001s ]
SQL: SHOW COLUMNS FROM `ty_goods_category` [ RunTime:0.0006s ]
SQL: SELECT `id`,`parent_id` FROM `ty_goods_category`  [ RunTime:0.0001s ]
SQL: SELECT `id` FROM `ty_goods_category` WHERE ( parent_id = 67 )  [ RunTime:0.0001s ]
NOTIC: [2] Invalid argument supplied for foreach() /var/www/html/maicai/Application/Common/Common/common.php 第 393 行.
SQL: SHOW COLUMNS FROM `ty_goods` [ RunTime:0.0014s ]
SQL: SELECT `goods_id` FROM `ty_goods` WHERE ( is_on_sale=1 and cat_id2 in(67)  )  [ RunTime:0.0001s ]
NOTIC: [2] implode(): Invalid arguments passed /var/www/html/maicai/Application/Home/Logic/GoodsLogic.class.php 第 319 行.
SQL: SELECT `shop_price` FROM `ty_goods` WHERE ( goods_id in (0) )  [ RunTime:0.0001s ]
NOTIC: [2] rsort() expects parameter 1 to be array, null given /var/www/html/maicai/Application/Home/Logic/GoodsLogic.class.php 第 323 行.
NOTIC: [2] Invalid argument supplied for foreach() /var/www/html/maicai/Application/Home/Logic/GoodsLogic.class.php 第 335 行.
NOTIC: [2] Invalid argument supplied for foreach() /var/www/html/maicai/Application/Home/Logic/GoodsLogic.class.php 第 335 行.
NOTIC: [2] Invalid argument supplied for foreach() /var/www/html/maicai/Application/Home/Logic/GoodsLogic.class.php 第 335 行.
NOTIC: [2] Invalid argument supplied for foreach() /var/www/html/maicai/Application/Home/Logic/GoodsLogic.class.php 第 335 行.
NOTIC: [2] Invalid argument supplied for foreach() /var/www/html/maicai/Application/Home/Logic/GoodsLogic.class.php 第 335 行.
NOTIC: [2] implode(): Invalid arguments passed /var/www/html/maicai/Application/Home/Logic/GoodsLogic.class.php 第 37 行.
SQL: SHOW COLUMNS FROM `ty_brand` [ RunTime:0.0005s ]
SQL: SELECT * FROM `ty_brand` WHERE ( id in(select brand_id from ty_goods where brand_id > 0 and goods_id in(0)) ) LIMIT 30   [ RunTime:0.0001s ]
NOTIC: [2] implode(): Invalid arguments passed /var/www/html/maicai/Application/Home/Logic/GoodsLogic.class.php 第 60 行.
SQL: SHOW COLUMNS FROM `ty_spec_goods_price` [ RunTime:0.0004s ]
SQL: select group_concat(`key` separator  '_') as `key` from ty_spec_goods_price where goods_id in(0) [ RunTime:0.0001s ]
NOTIC: [2] implode(): Invalid arguments passed /var/www/html/maicai/Application/Home/Logic/GoodsLogic.class.php 第 104 行.
SQL: SHOW COLUMNS FROM `ty_goods_attr` [ RunTime:0.0005s ]
SQL: SELECT * FROM `ty_goods_attr` WHERE ( goods_id in(0) and attr_value != '' )  [ RunTime:0.0001s ]
SQL: SHOW COLUMNS FROM `ty_goods_attribute` [ RunTime:0.0005s ]
SQL: SELECT `attr_id`,`attr_name`,`attr_index` FROM `ty_goods_attribute`  [ RunTime:0.0001s ]
NOTIC: [8] Undefined variable: goods_list /var/www/html/maicai/Application/WXAPI/Controller/GoodsController.class.php 第 181 行.
NOTIC: [2] Invalid argument supplied for foreach() /var/www/html/maicai/Application/WXAPI/Controller/GoodsController.class.php 第 181 行.
NOTIC: [8] Undefined variable: goods_list /var/www/html/maicai/Application/WXAPI/Controller/GoodsController.class.php 第 185 行.

[ 2018-02-15T14:30:16+08:00 ] 61.158.149.121 /index.php/WXAPI/goods/categoryBanner/banner_name/%E8%9B%8B%E7%B1%BB
INFO: [ app_init ] --START--
INFO: Run Behavior\BuildLiteBehavior [ RunTime:0.000013s ]
INFO: [ app_init ] --END-- [ RunTime:0.000250s ]
INFO: [ app_begin ] --START--
INFO: Run Behavior\ReadHtmlCacheBehavior [ RunTime:0.000491s ]
INFO: [ app_begin ] --END-- [ RunTime:0.000563s ]
SQL: SHOW COLUMNS FROM `ty_ad_position` [ RunTime:0.0006s ]
SQL: SELECT `position_id` FROM `ty_ad_position` WHERE `position_name` = '蛋类' LIMIT 1   [ RunTime:0.0001s ]

[ 2018-02-15T14:30:16+08:00 ] 61.158.149.121 /index.php/WXAPI/Goods/goodsCategoryList/parent_id/44
INFO: [ app_init ] --START--
INFO: Run Behavior\BuildLiteBehavior [ RunTime:0.000010s ]
INFO: [ app_init ] --END-- [ RunTime:0.000221s ]
INFO: [ app_begin ] --START--
INFO: Run Behavior\ReadHtmlCacheBehavior [ RunTime:0.000299s ]
INFO: [ app_begin ] --END-- [ RunTime:0.000338s ]
SQL: SHOW COLUMNS FROM `ty_goods_category` [ RunTime:0.0007s ]
SQL: SELECT * FROM `ty_goods_category` WHERE ( parent_id = 44 AND is_show=1 ) ORDER BY parent_id_path,sort_order desc  [ RunTime:0.0001s ]

[ 2018-02-15T14:30:18+08:00 ] 61.158.149.121 /index.php/WXAPI/Goods/goodsList/id/57/sort/shop_price/sort_asc/desc/p/0
INFO: [ app_init ] --START--
INFO: Run Behavior\BuildLiteBehavior [ RunTime:0.000012s ]
INFO: [ app_init ] --END-- [ RunTime:0.000224s ]
INFO: [ app_begin ] --START--
INFO: Run Behavior\ReadHtmlCacheBehavior [ RunTime:0.000303s ]
INFO: [ app_begin ] --END-- [ RunTime:0.000342s ]
NOTIC: [8] Undefined index: start_price /var/www/html/maicai/Application/WXAPI/Controller/GoodsController.class.php 第 115 行.
NOTIC: [8] Undefined index: end_price /var/www/html/maicai/Application/WXAPI/Controller/GoodsController.class.php 第 115 行.
SQL: SHOW COLUMNS FROM `ty_goods` [ RunTime:0.0012s ]
SQL: SHOW COLUMNS FROM `ty_goods_category` [ RunTime:0.0005s ]
SQL: SELECT * FROM `ty_goods_category` WHERE ( id = 57 ) LIMIT 1   [ RunTime:0.0001s ]
SQL: SHOW COLUMNS FROM `ty_goods_category` [ RunTime:0.0005s ]
SQL: SELECT `id`,`parent_id` FROM `ty_goods_category`  [ RunTime:0.0001s ]
SQL: SELECT `id` FROM `ty_goods_category` WHERE ( parent_id = 57 )  [ RunTime:0.0001s ]
NOTIC: [2] Invalid argument supplied for foreach() /var/www/html/maicai/Application/Common/Common/common.php 第 393 行.
SQL: SHOW COLUMNS FROM `ty_goods` [ RunTime:0.0009s ]
SQL: SELECT `goods_id` FROM `ty_goods` WHERE ( is_on_sale=1 and cat_id2 in(57)  )  [ RunTime:0.0001s ]
NOTIC: [2] implode(): Invalid arguments passed /var/www/html/maicai/Application/Home/Logic/GoodsLogic.class.php 第 319 行.
SQL: SELECT `shop_price` FROM `ty_goods` WHERE ( goods_id in (0) )  [ RunTime:0.0001s ]
NOTIC: [2] rsort() expects parameter 1 to be array, null given /var/www/html/maicai/Application/Home/Logic/GoodsLogic.class.php 第 323 行.
NOTIC: [2] Invalid argument supplied for foreach() /var/www/html/maicai/Application/Home/Logic/GoodsLogic.class.php 第 335 行.
NOTIC: [2] Invalid argument supplied for foreach() /var/www/html/maicai/Application/Home/Logic/GoodsLogic.class.php 第 335 行.
NOTIC: [2] Invalid argument supplied for foreach() /var/www/html/maicai/Application/Home/Logic/GoodsLogic.class.php 第 335 行.
NOTIC: [2] Invalid argument supplied for foreach() /var/www/html/maicai/Application/Home/Logic/GoodsLogic.class.php 第 335 行.
NOTIC: [2] Invalid argument supplied for foreach() /var/www/html/maicai/Application/Home/Logic/GoodsLogic.class.php 第 335 行.
NOTIC: [2] implode(): Invalid arguments passed /var/www/html/maicai/Application/Home/Logic/GoodsLogic.class.php 第 37 行.
SQL: SHOW COLUMNS FROM `ty_brand` [ RunTime:0.0005s ]
SQL: SELECT * FROM `ty_brand` WHERE ( id in(select brand_id from ty_goods where brand_id > 0 and goods_id in(0)) ) LIMIT 30   [ RunTime:0.0001s ]
NOTIC: [2] implode(): Invalid arguments passed /var/www/html/maicai/Application/Home/Logic/GoodsLogic.class.php 第 60 行.
SQL: SHOW COLUMNS FROM `ty_spec_goods_price` [ RunTime:0.0004s ]
SQL: select group_concat(`key` separator  '_') as `key` from ty_spec_goods_price where goods_id in(0) [ RunTime:0.0001s ]
NOTIC: [2] implode(): Invalid arguments passed /var/www/html/maicai/Application/Home/Logic/GoodsLogic.class.php 第 104 行.
SQL: SHOW COLUMNS FROM `ty_goods_attr` [ RunTime:0.0004s ]
SQL: SELECT * FROM `ty_goods_attr` WHERE ( goods_id in(0) and attr_value != '' )  [ RunTime:0.0001s ]
SQL: SHOW COLUMNS FROM `ty_goods_attribute` [ RunTime:0.0004s ]
SQL: SELECT `attr_id`,`attr_name`,`attr_index` FROM `ty_goods_attribute`  [ RunTime:0.0001s ]
NOTIC: [8] Undefined variable: goods_list /var/www/html/maicai/Application/WXAPI/Controller/GoodsController.class.php 第 181 行.
NOTIC: [2] Invalid argument supplied for foreach() /var/www/html/maicai/Application/WXAPI/Controller/GoodsController.class.php 第 181 行.
NOTIC: [8] Undefined variable: goods_list /var/www/html/maicai/Application/WXAPI/Controller/GoodsController.class.php 第 185 行.

[ 2018-02-15T17:17:42+08:00 ] 123.181.240.45 /index.php/WXAPI/Index/home
INFO: [ app_init ] --START--
INFO: Run Behavior\BuildLiteBehavior [ RunTime:0.000011s ]
INFO: [ app_init ] --END-- [ RunTime:0.000222s ]
INFO: [ app_begin ] --START--
INFO: Run Behavior\ReadHtmlCacheBehavior [ RunTime:0.000371s ]
INFO: [ app_begin ] --END-- [ RunTime:0.000419s ]
SQL: SHOW COLUMNS FROM `ty_coupon` [ RunTime:0.0008s ]
SQL: SELECT * FROM `ty_coupon` WHERE `send_start_time` < 1518686262 AND `send_end_time` > 1518686262  [ RunTime:0.0002s ]
SQL: SHOW COLUMNS FROM `ty_ad` [ RunTime:0.0006s ]
SQL: SELECT `ad_link`,`ad_name`,`ad_code`,`pid` FROM `ty_ad` WHERE `pid` = 1 AND `enabled` = 1  [ RunTime:0.0001s ]
SQL: SELECT `ad_link`,`ad_name`,`ad_code`,`pid` FROM `ty_ad` WHERE `pid` = 2 AND `enabled` = 1  [ RunTime:0.0001s ]
SQL: SELECT `ad_link`,`ad_name`,`ad_code`,`pid` FROM `ty_ad` WHERE `pid` = 3 AND `enabled` = 1  [ RunTime:0.0001s ]
SQL: SHOW COLUMNS FROM `ty_article` [ RunTime:0.0006s ]
SQL: SELECT `article_id`,`content`,`link`,`description` FROM `ty_article` WHERE `article_id` = 2 LIMIT 1   [ RunTime:0.0001s ]
SQL: SELECT `article_id`,`content`,`link`,`description` FROM `ty_article` WHERE `article_id` = 1 LIMIT 1   [ RunTime:0.0001s ]
SQL: SHOW COLUMNS FROM `ty_article_cat` [ RunTime:0.0005s ]
SQL: SELECT `cat_name`,`thumb`,`cat_desc` FROM `ty_article_cat` WHERE `parent_id` = 2 AND `show_in_nav` = 1 ORDER BY sort_order  [ RunTime:0.0001s ]
SQL: SELECT `cat_name`,`thumb`,`cat_desc`,`type` FROM `ty_article_cat` WHERE `parent_id` = 9 AND `show_in_nav` = 1 ORDER BY sort_order  [ RunTime:0.0001s ]

[ 2018-02-15T17:17:42+08:00 ] 123.181.240.45 /index.php/WXAPI/User/getOpenid?url=https%3A%2F%2Fapi.weixin.qq.com%2Fsns%2Fjscode2session%3Fappid%3Dwxf3a9ae58645327d5%26secret%3Dc90e9c7fa14d4df6fbde0970cc2f0fb0%26js_code%3D081EjFRT1yizA71qW7OT1WcVRT1EjFR6%26grant_type%3Dauthorization_code%26code%3D081EjFRT1yizA71qW7OT1WcVRT1EjFR6
INFO: [ app_init ] --START--
INFO: Run Behavior\BuildLiteBehavior [ RunTime:0.000011s ]
INFO: [ app_init ] --END-- [ RunTime:0.000226s ]
INFO: [ app_begin ] --START--
INFO: Run Behavior\ReadHtmlCacheBehavior [ RunTime:0.000296s ]
INFO: [ app_begin ] --END-- [ RunTime:0.000335s ]
SQL: SHOW COLUMNS FROM `ty_users` [ RunTime:0.0011s ]
INFO: [ app_end ] --START--
INFO: Run Behavior\ShowPageTraceBehavior [ RunTime:0.000438s ]
INFO: [ app_end ] --END-- [ RunTime:0.000508s ]

[ 2018-02-15T17:17:42+08:00 ] 123.181.240.45 /index.php/WXAPI/User/validateOpenid?openid=o9h__0P04L3KrLBHj3TvQmKEoPmI
INFO: [ app_init ] --START--
INFO: Run Behavior\BuildLiteBehavior [ RunTime:0.000011s ]
INFO: [ app_init ] --END-- [ RunTime:0.000292s ]
INFO: [ app_begin ] --START--
INFO: Run Behavior\ReadHtmlCacheBehavior [ RunTime:0.000320s ]
INFO: [ app_begin ] --END-- [ RunTime:0.000370s ]
SQL: SHOW COLUMNS FROM `ty_users` [ RunTime:0.0013s ]
SQL: SHOW COLUMNS FROM `ty_users` [ RunTime:0.0010s ]
SQL: SELECT * FROM `ty_users` WHERE `open_id` = 'o9h__0P04L3KrLBHj3TvQmKEoPmI' LIMIT 1   [ RunTime:0.0008s ]
SQL: SHOW COLUMNS FROM `ty_config` [ RunTime:0.0004s ]
SQL: SELECT * FROM `ty_config` WHERE `name` = 'hot_keywords' LIMIT 1   [ RunTime:0.0001s ]
SQL: SHOW COLUMNS FROM `ty_seller_apply` [ RunTime:0.0005s ]
SQL: SELECT * FROM `ty_seller_apply` WHERE `user_id` = 829 LIMIT 1   [ RunTime:0.0001s ]
INFO: [ app_end ] --START--
INFO: Run Behavior\ShowPageTraceBehavior [ RunTime:0.000348s ]
INFO: [ app_end ] --END-- [ RunTime:0.000386s ]

[ 2018-02-15T17:17:58+08:00 ] 123.181.240.45 /index.php/WXAPI/Goods/goodsLists/id/43/sort/shop_price/sort_asc/desc/p/0
INFO: [ app_init ] --START--
INFO: Run Behavior\BuildLiteBehavior [ RunTime:0.000012s ]
INFO: [ app_init ] --END-- [ RunTime:0.000238s ]
INFO: [ app_begin ] --START--
INFO: Run Behavior\ReadHtmlCacheBehavior [ RunTime:0.000308s ]
INFO: [ app_begin ] --END-- [ RunTime:0.000349s ]
NOTIC: [8] Undefined index: start_price /var/www/html/maicai/Application/WXAPI/Controller/GoodsController.class.php 第 251 行.
NOTIC: [8] Undefined index: end_price /var/www/html/maicai/Application/WXAPI/Controller/GoodsController.class.php 第 251 行.
SQL: SHOW COLUMNS FROM `ty_goods` [ RunTime:0.0017s ]
SQL: SHOW COLUMNS FROM `ty_goods_category` [ RunTime:0.0006s ]
SQL: SELECT * FROM `ty_goods_category` WHERE ( id = 43 ) LIMIT 1   [ RunTime:0.0001s ]
SQL: SHOW COLUMNS FROM `ty_goods_category` [ RunTime:0.0006s ]
SQL: SELECT `id`,`parent_id` FROM `ty_goods_category`  [ RunTime:0.0001s ]
SQL: SELECT `id` FROM `ty_goods_category` WHERE ( parent_id = 43 )  [ RunTime:0.0001s ]
SQL: SHOW COLUMNS FROM `ty_goods` [ RunTime:0.0012s ]
SQL: SELECT `shop_price` FROM `ty_goods` WHERE ( goods_id in (38,41,42,43,44,47,48,50,53,57,58) )  [ RunTime:0.0001s ]
SQL: SHOW COLUMNS FROM `ty_brand` [ RunTime:0.0005s ]
SQL: SELECT * FROM `ty_brand` WHERE ( id in(select brand_id from ty_goods where brand_id > 0 and goods_id in(38,41,42,43,44,47,48,50,53,57,58)) ) LIMIT 30   [ RunTime:0.0001s ]
SQL: SHOW COLUMNS FROM `ty_spec_goods_price` [ RunTime:0.0005s ]
SQL: select group_concat(`key` separator  '_') as `key` from ty_spec_goods_price where goods_id in(38,41,42,43,44,47,48,50,53,57,58) [ RunTime:0.0001s ]
SQL: SHOW COLUMNS FROM `ty_spec` [ RunTime:0.0005s ]
SQL: SELECT `id`,`name` FROM `ty_spec`  [ RunTime:0.0001s ]
SQL: SHOW COLUMNS FROM `ty_spec_item` [ RunTime:0.0004s ]
SQL: SELECT `id`,`spec_id`,`item` FROM `ty_spec_item`  [ RunTime:0.0001s ]
NOTIC: [8] Undefined index: spec /var/www/html/maicai/Application/Home/Logic/GoodsLogic.class.php 第 76 行.
SQL: SHOW COLUMNS FROM `ty_goods_attr` [ RunTime:0.0004s ]
SQL: SELECT * FROM `ty_goods_attr` WHERE ( goods_id in(38,41,42,43,44,47,48,50,53,57,58) and attr_value != '' )  [ RunTime:0.0001s ]
SQL: SHOW COLUMNS FROM `ty_goods_attribute` [ RunTime:0.0006s ]
SQL: SELECT `attr_id`,`attr_name`,`attr_index` FROM `ty_goods_attribute`  [ RunTime:0.0001s ]
SQL: SELECT `goods_id`,`cat_id2`,`goods_sn`,`goods_name`,`shop_price`,`comment_count`,`original_img`,`sales_sum` FROM `ty_goods` WHERE ( cat_id1 = 43 and is_on_sale = 1 ) ORDER BY shop_price desc LIMIT 0,5   [ RunTime:0.0001s ]

[ 2018-02-15T17:18:00+08:00 ] 123.181.240.45 /index.php/WXAPI/Goods/goodsLists/id/43/sort/shop_price/sort_asc/desc/p/1
INFO: [ app_init ] --START--
INFO: Run Behavior\BuildLiteBehavior [ RunTime:0.000012s ]
INFO: [ app_init ] --END-- [ RunTime:0.000234s ]
INFO: [ app_begin ] --START--
INFO: Run Behavior\ReadHtmlCacheBehavior [ RunTime:0.000292s ]
INFO: [ app_begin ] --END-- [ RunTime:0.000330s ]
NOTIC: [8] Undefined index: start_price /var/www/html/maicai/Application/WXAPI/Controller/GoodsController.class.php 第 251 行.
NOTIC: [8] Undefined index: end_price /var/www/html/maicai/Application/WXAPI/Controller/GoodsController.class.php 第 251 行.
SQL: SHOW COLUMNS FROM `ty_goods` [ RunTime:0.0013s ]
SQL: SHOW COLUMNS FROM `ty_goods_category` [ RunTime:0.0005s ]
SQL: SELECT * FROM `ty_goods_category` WHERE ( id = 43 ) LIMIT 1   [ RunTime:0.0001s ]
SQL: SHOW COLUMNS FROM `ty_goods_category` [ RunTime:0.0005s ]
SQL: SELECT `id`,`parent_id` FROM `ty_goods_category`  [ RunTime:0.0001s ]
SQL: SELECT `id` FROM `ty_goods_category` WHERE ( parent_id = 43 )  [ RunTime:0.0001s ]
SQL: SHOW COLUMNS FROM `ty_goods` [ RunTime:0.0010s ]
SQL: SELECT `shop_price` FROM `ty_goods` WHERE ( goods_id in (38,41,42,43,44,47,48,50,53,57,58) )  [ RunTime:0.0001s ]
SQL: SHOW COLUMNS FROM `ty_brand` [ RunTime:0.0005s ]
SQL: SELECT * FROM `ty_brand` WHERE ( id in(select brand_id from ty_goods where brand_id > 0 and goods_id in(38,41,42,43,44,47,48,50,53,57,58)) ) LIMIT 30   [ RunTime:0.0001s ]
SQL: SHOW COLUMNS FROM `ty_spec_goods_price` [ RunTime:0.0004s ]
SQL: select group_concat(`key` separator  '_') as `key` from ty_spec_goods_price where goods_id in(38,41,42,43,44,47,48,50,53,57,58) [ RunTime:0.0001s ]
SQL: SHOW COLUMNS FROM `ty_spec` [ RunTime:0.0004s ]
SQL: SELECT `id`,`name` FROM `ty_spec`  [ RunTime:0.0001s ]
SQL: SHOW COLUMNS FROM `ty_spec_item` [ RunTime:0.0003s ]
SQL: SELECT `id`,`spec_id`,`item` FROM `ty_spec_item`  [ RunTime:0.0001s ]
NOTIC: [8] Undefined index: spec /var/www/html/maicai/Application/Home/Logic/GoodsLogic.class.php 第 76 行.
SQL: SHOW COLUMNS FROM `ty_goods_attr` [ RunTime:0.0004s ]
SQL: SELECT * FROM `ty_goods_attr` WHERE ( goods_id in(38,41,42,43,44,47,48,50,53,57,58) and attr_value != '' )  [ RunTime:0.0001s ]
SQL: SHOW COLUMNS FROM `ty_goods_attribute` [ RunTime:0.0004s ]
SQL: SELECT `attr_id`,`attr_name`,`attr_index` FROM `ty_goods_attribute`  [ RunTime:0.0001s ]
SQL: SELECT `goods_id`,`cat_id2`,`goods_sn`,`goods_name`,`shop_price`,`comment_count`,`original_img`,`sales_sum` FROM `ty_goods` WHERE ( cat_id1 = 43 and is_on_sale = 1 ) ORDER BY shop_price desc LIMIT 5,5   [ RunTime:0.0001s ]

[ 2018-02-15T17:18:01+08:00 ] 123.181.240.45 /index.php/WXAPI/Goods/goodsLists/id/43/sort/shop_price/sort_asc/desc/p/2
INFO: [ app_init ] --START--
INFO: Run Behavior\BuildLiteBehavior [ RunTime:0.000012s ]
INFO: [ app_init ] --END-- [ RunTime:0.000241s ]
INFO: [ app_begin ] --START--
INFO: Run Behavior\ReadHtmlCacheBehavior [ RunTime:0.000309s ]
INFO: [ app_begin ] --END-- [ RunTime:0.000348s ]
NOTIC: [8] Undefined index: start_price /var/www/html/maicai/Application/WXAPI/Controller/GoodsController.class.php 第 251 行.
NOTIC: [8] Undefined index: end_price /var/www/html/maicai/Application/WXAPI/Controller/GoodsController.class.php 第 251 行.
SQL: SHOW COLUMNS FROM `ty_goods` [ RunTime:0.0013s ]
SQL: SHOW COLUMNS FROM `ty_goods_category` [ RunTime:0.0006s ]
SQL: SELECT * FROM `ty_goods_category` WHERE ( id = 43 ) LIMIT 1   [ RunTime:0.0001s ]
SQL: SHOW COLUMNS FROM `ty_goods_category` [ RunTime:0.0005s ]
SQL: SHOW COLUMNS FROM `ty_goods` [ RunTime:0.0010s ]
SQL: SELECT `shop_price` FROM `ty_goods` WHERE ( goods_id in (38,41,42,43,44,47,48,50,53,57,58) )  [ RunTime:0.0001s ]
SQL: SHOW COLUMNS FROM `ty_brand` [ RunTime:0.0005s ]
SQL: SELECT * FROM `ty_brand` WHERE ( id in(select brand_id from ty_goods where brand_id > 0 and goods_id in(38,41,42,43,44,47,48,50,53,57,58)) ) LIMIT 30   [ RunTime:0.0001s ]
SQL: SHOW COLUMNS FROM `ty_spec_goods_price` [ RunTime:0.0004s ]
SQL: select group_concat(`key` separator  '_') as `key` from ty_spec_goods_price where goods_id in(38,41,42,43,44,47,48,50,53,57,58) [ RunTime:0.0001s ]
SQL: SHOW COLUMNS FROM `ty_spec` [ RunTime:0.0004s ]
SQL: SELECT `id`,`name` FROM `ty_spec`  [ RunTime:0.0001s ]
SQL: SHOW COLUMNS FROM `ty_spec_item` [ RunTime:0.0004s ]
SQL: SELECT `id`,`spec_id`,`item` FROM `ty_spec_item`  [ RunTime:0.0001s ]
NOTIC: [8] Undefined index: spec /var/www/html/maicai/Application/Home/Logic/GoodsLogic.class.php 第 76 行.
SQL: SHOW COLUMNS FROM `ty_goods_attr` [ RunTime:0.0004s ]
SQL: SELECT * FROM `ty_goods_attr` WHERE ( goods_id in(38,41,42,43,44,47,48,50,53,57,58) and attr_value != '' )  [ RunTime:0.0001s ]
SQL: SHOW COLUMNS FROM `ty_goods_attribute` [ RunTime:0.0004s ]
SQL: SELECT `attr_id`,`attr_name`,`attr_index` FROM `ty_goods_attribute`  [ RunTime:0.0001s ]
SQL: SELECT `goods_id`,`cat_id2`,`goods_sn`,`goods_name`,`shop_price`,`comment_count`,`original_img`,`sales_sum` FROM `ty_goods` WHERE ( cat_id1 = 43 and is_on_sale = 1 ) ORDER BY shop_price desc LIMIT 10,5   [ RunTime:0.0001s ]

[ 2018-02-15T17:18:02+08:00 ] 123.181.240.45 /index.php/WXAPI/Goods/goodsLists/id/43/sort/shop_price/sort_asc/desc/p/3
INFO: [ app_init ] --START--
INFO: Run Behavior\BuildLiteBehavior [ RunTime:0.000018s ]
INFO: [ app_init ] --END-- [ RunTime:0.000227s ]
INFO: [ app_begin ] --START--
INFO: Run Behavior\ReadHtmlCacheBehavior [ RunTime:0.000295s ]
INFO: [ app_begin ] --END-- [ RunTime:0.000334s ]
NOTIC: [8] Undefined index: start_price /var/www/html/maicai/Application/WXAPI/Controller/GoodsController.class.php 第 251 行.
NOTIC: [8] Undefined index: end_price /var/www/html/maicai/Application/WXAPI/Controller/GoodsController.class.php 第 251 行.
SQL: SHOW COLUMNS FROM `ty_goods` [ RunTime:0.0012s ]
SQL: SHOW COLUMNS FROM `ty_goods_category` [ RunTime:0.0008s ]
SQL: SELECT * FROM `ty_goods_category` WHERE ( id = 43 ) LIMIT 1   [ RunTime:0.0001s ]
SQL: SHOW COLUMNS FROM `ty_goods_category` [ RunTime:0.0005s ]
SQL: SELECT `id`,`parent_id` FROM `ty_goods_category`  [ RunTime:0.0001s ]
SQL: SELECT `id` FROM `ty_goods_category` WHERE ( parent_id = 43 )  [ RunTime:0.0001s ]
SQL: SHOW COLUMNS FROM `ty_goods` [ RunTime:0.0010s ]
SQL: SELECT `shop_price` FROM `ty_goods` WHERE ( goods_id in (38,41,42,43,44,47,48,50,53,57,58) )  [ RunTime:0.0001s ]
SQL: SHOW COLUMNS FROM `ty_brand` [ RunTime:0.0007s ]
SQL: SELECT * FROM `ty_brand` WHERE ( id in(select brand_id from ty_goods where brand_id > 0 and goods_id in(38,41,42,43,44,47,48,50,53,57,58)) ) LIMIT 30   [ RunTime:0.0001s ]
SQL: SHOW COLUMNS FROM `ty_spec_goods_price` [ RunTime:0.0005s ]
SQL: select group_concat(`key` separator  '_') as `key` from ty_spec_goods_price where goods_id in(38,41,42,43,44,47,48,50,53,57,58) [ RunTime:0.0001s ]
SQL: SHOW COLUMNS FROM `ty_spec` [ RunTime:0.0005s ]
SQL: SELECT `id`,`name` FROM `ty_spec`  [ RunTime:0.0001s ]
SQL: SHOW COLUMNS FROM `ty_spec_item` [ RunTime:0.0005s ]
SQL: SELECT `id`,`spec_id`,`item` FROM `ty_spec_item`  [ RunTime:0.0001s ]
NOTIC: [8] Undefined index: spec /var/www/html/maicai/Application/Home/Logic/GoodsLogic.class.php 第 76 行.
SQL: SHOW COLUMNS FROM `ty_goods_attr` [ RunTime:0.0004s ]
SQL: SELECT * FROM `ty_goods_attr` WHERE ( goods_id in(38,41,42,43,44,47,48,50,53,57,58) and attr_value != '' )  [ RunTime:0.0001s ]
SQL: SHOW COLUMNS FROM `ty_goods_attribute` [ RunTime:0.0004s ]
SQL: SELECT `attr_id`,`attr_name`,`attr_index` FROM `ty_goods_attribute`  [ RunTime:0.0001s ]
SQL: SELECT `goods_id`,`cat_id2`,`goods_sn`,`goods_name`,`shop_price`,`comment_count`,`original_img`,`sales_sum` FROM `ty_goods` WHERE ( cat_id1 = 43 and is_on_sale = 1 ) ORDER BY shop_price desc LIMIT 15,5   [ RunTime:0.0001s ]

[ 2018-02-15T17:18:05+08:00 ] 123.181.240.45 /index.php/WXAPI/Goods/goodsLists/id/43/sort/shop_price/sort_asc/desc/p/0
INFO: [ app_init ] --START--
INFO: Run Behavior\BuildLiteBehavior [ RunTime:0.000016s ]
INFO: [ app_init ] --END-- [ RunTime:0.000303s ]
INFO: [ app_begin ] --START--
INFO: Run Behavior\ReadHtmlCacheBehavior [ RunTime:0.000299s ]
INFO: [ app_begin ] --END-- [ RunTime:0.000339s ]
NOTIC: [8] Undefined index: start_price /var/www/html/maicai/Application/WXAPI/Controller/GoodsController.class.php 第 251 行.
NOTIC: [8] Undefined index: end_price /var/www/html/maicai/Application/WXAPI/Controller/GoodsController.class.php 第 251 行.
SQL: SHOW COLUMNS FROM `ty_goods` [ RunTime:0.0019s ]
SQL: SHOW COLUMNS FROM `ty_goods_category` [ RunTime:0.0007s ]
SQL: SELECT * FROM `ty_goods_category` WHERE ( id = 43 ) LIMIT 1   [ RunTime:0.0001s ]
SQL: SHOW COLUMNS FROM `ty_goods_category` [ RunTime:0.0007s ]
SQL: SELECT `id`,`parent_id` FROM `ty_goods_category`  [ RunTime:0.0001s ]
SQL: SELECT `id` FROM `ty_goods_category` WHERE ( parent_id = 43 )  [ RunTime:0.0001s ]
SQL: SHOW COLUMNS FROM `ty_goods` [ RunTime:0.0012s ]
SQL: SELECT `shop_price` FROM `ty_goods` WHERE ( goods_id in (38,41,42,43,44,47,48,50,53,57,58) )  [ RunTime:0.0001s ]
SQL: SHOW COLUMNS FROM `ty_brand` [ RunTime:0.0007s ]
SQL: SELECT * FROM `ty_brand` WHERE ( id in(select brand_id from ty_goods where brand_id > 0 and goods_id in(38,41,42,43,44,47,48,50,53,57,58)) ) LIMIT 30   [ RunTime:0.0001s ]
SQL: SHOW COLUMNS FROM `ty_spec_goods_price` [ RunTime:0.0005s ]
SQL: select group_concat(`key` separator  '_') as `key` from ty_spec_goods_price where goods_id in(38,41,42,43,44,47,48,50,53,57,58) [ RunTime:0.0001s ]
SQL: SHOW COLUMNS FROM `ty_spec` [ RunTime:0.0004s ]
SQL: SELECT `id`,`name` FROM `ty_spec`  [ RunTime:0.0001s ]
SQL: SHOW COLUMNS FROM `ty_spec_item` [ RunTime:0.0004s ]
SQL: SELECT `id`,`spec_id`,`item` FROM `ty_spec_item`  [ RunTime:0.0001s ]
NOTIC: [8] Undefined index: spec /var/www/html/maicai/Application/Home/Logic/GoodsLogic.class.php 第 76 行.
SQL: SHOW COLUMNS FROM `ty_goods_attr` [ RunTime:0.0005s ]
SQL: SELECT * FROM `ty_goods_attr` WHERE ( goods_id in(38,41,42,43,44,47,48,50,53,57,58) and attr_value != '' )  [ RunTime:0.0001s ]
SQL: SHOW COLUMNS FROM `ty_goods_attribute` [ RunTime:0.0004s ]
SQL: SELECT `attr_id`,`attr_name`,`attr_index` FROM `ty_goods_attribute`  [ RunTime:0.0001s ]
SQL: SELECT `goods_id`,`cat_id2`,`goods_sn`,`goods_name`,`shop_price`,`comment_count`,`original_img`,`sales_sum` FROM `ty_goods` WHERE ( cat_id1 = 43 and is_on_sale = 1 ) ORDER BY shop_price desc LIMIT 0,5   [ RunTime:0.0001s ]

[ 2018-02-15T19:10:03+08:00 ] 182.87.154.88 /index.php/WXAPI/Index/home
INFO: [ app_init ] --START--
INFO: Run Behavior\BuildLiteBehavior [ RunTime:0.000012s ]
INFO: [ app_init ] --END-- [ RunTime:0.000226s ]
INFO: [ app_begin ] --START--
INFO: Run Behavior\ReadHtmlCacheBehavior [ RunTime:0.000295s ]
INFO: [ app_begin ] --END-- [ RunTime:0.000335s ]
SQL: SHOW COLUMNS FROM `ty_coupon` [ RunTime:0.0009s ]
SQL: SELECT * FROM `ty_coupon` WHERE `send_start_time` < 1518693003 AND `send_end_time` > 1518693003  [ RunTime:0.0003s ]
SQL: SHOW COLUMNS FROM `ty_ad` [ RunTime:0.0008s ]
SQL: SELECT `ad_link`,`ad_name`,`ad_code`,`pid` FROM `ty_ad` WHERE `pid` = 1 AND `enabled` = 1  [ RunTime:0.0001s ]
SQL: SELECT `ad_link`,`ad_name`,`ad_code`,`pid` FROM `ty_ad` WHERE `pid` = 2 AND `enabled` = 1  [ RunTime:0.0001s ]
SQL: SELECT `ad_link`,`ad_name`,`ad_code`,`pid` FROM `ty_ad` WHERE `pid` = 3 AND `enabled` = 1  [ RunTime:0.0001s ]
SQL: SHOW COLUMNS FROM `ty_article` [ RunTime:0.0006s ]
SQL: SELECT `article_id`,`content`,`link`,`description` FROM `ty_article` WHERE `article_id` = 2 LIMIT 1   [ RunTime:0.0001s ]
SQL: SELECT `article_id`,`content`,`link`,`description` FROM `ty_article` WHERE `article_id` = 1 LIMIT 1   [ RunTime:0.0001s ]
SQL: SHOW COLUMNS FROM `ty_article_cat` [ RunTime:0.0005s ]
SQL: SELECT `cat_name`,`thumb`,`cat_desc` FROM `ty_article_cat` WHERE `parent_id` = 2 AND `show_in_nav` = 1 ORDER BY sort_order  [ RunTime:0.0001s ]
SQL: SELECT `cat_name`,`thumb`,`cat_desc`,`type` FROM `ty_article_cat` WHERE `parent_id` = 9 AND `show_in_nav` = 1 ORDER BY sort_order  [ RunTime:0.0001s ]

[ 2018-02-15T19:10:03+08:00 ] 182.87.154.88 /index.php/WXAPI/User/getOpenid?url=https%3A%2F%2Fapi.weixin.qq.com%2Fsns%2Fjscode2session%3Fappid%3Dwxf3a9ae58645327d5%26secret%3Dc90e9c7fa14d4df6fbde0970cc2f0fb0%26js_code%3D081iDpuc2v2GoD0bMAuc2LQyuc2iDpuF%26grant_type%3Dauthorization_code%26code%3D081iDpuc2v2GoD0bMAuc2LQyuc2iDpuF
INFO: [ app_init ] --START--
INFO: Run Behavior\BuildLiteBehavior [ RunTime:0.000011s ]
INFO: [ app_init ] --END-- [ RunTime:0.000231s ]
INFO: [ app_begin ] --START--
INFO: Run Behavior\ReadHtmlCacheBehavior [ RunTime:0.000406s ]
INFO: [ app_begin ] --END-- [ RunTime:0.000454s ]
SQL: SHOW COLUMNS FROM `ty_users` [ RunTime:0.0013s ]
INFO: [ app_end ] --START--
INFO: Run Behavior\ShowPageTraceBehavior [ RunTime:0.000579s ]
INFO: [ app_end ] --END-- [ RunTime:0.000667s ]

[ 2018-02-15T19:10:03+08:00 ] 182.87.154.88 /index.php/WXAPI/User/validateOpenid?openid=o9h__0MErvIM3FZlritRfjIIyzcA
INFO: [ app_init ] --START--
INFO: Run Behavior\BuildLiteBehavior [ RunTime:0.000015s ]
INFO: [ app_init ] --END-- [ RunTime:0.000274s ]
INFO: [ app_begin ] --START--
INFO: Run Behavior\ReadHtmlCacheBehavior [ RunTime:0.000338s ]
INFO: [ app_begin ] --END-- [ RunTime:0.000378s ]
SQL: SHOW COLUMNS FROM `ty_users` [ RunTime:0.0012s ]
SQL: SHOW COLUMNS FROM `ty_users` [ RunTime:0.0009s ]
SQL: SELECT * FROM `ty_users` WHERE `open_id` = 'o9h__0MErvIM3FZlritRfjIIyzcA' LIMIT 1   [ RunTime:0.0008s ]
INFO: [ app_end ] --START--
INFO: Run Behavior\ShowPageTraceBehavior [ RunTime:0.000338s ]
INFO: [ app_end ] --END-- [ RunTime:0.000376s ]

[ 2018-02-15T19:10:05+08:00 ] 182.87.154.88 /index.php/WXAPI/User/register?open_id=o9h__0MErvIM3FZlritRfjIIyzcA&country=China&gender=1&nick_name=%E5%BC%98%E5%BC%A7%E5%B9%BF%E5%91%8A&province=Jiangxi&city=Pingxiang&head_pic=https://wx.qlogo.cn/mmopen/vi_32/ajNVdqHZLLAJwWaJIicNW9S1b9NZmhic5r46vmJSvKnNnN89ylGCVzSJ5J8qt0LRRfAbryWlfooGiaIzIAhSoiaIhA/0&fid=0
INFO: [ app_init ] --START--
INFO: Run Behavior\BuildLiteBehavior [ RunTime:0.000018s ]
INFO: [ app_init ] --END-- [ RunTime:0.000372s ]
INFO: [ app_begin ] --START--
INFO: Run Behavior\ReadHtmlCacheBehavior [ RunTime:0.000345s ]
INFO: [ app_begin ] --END-- [ RunTime:0.000389s ]
SQL: SHOW COLUMNS FROM `ty_users` [ RunTime:0.0016s ]
SQL: SHOW COLUMNS FROM `ty_users` [ RunTime:0.0011s ]
SQL: SHOW COLUMNS FROM `ty_config` [ RunTime:0.0004s ]
SQL: SELECT `value` FROM `ty_config` WHERE `name` = 'distributor' LIMIT 1   [ RunTime:0.0001s ]
SQL: INSERT INTO `ty_users` (`city`,`open_id`,`nick_name`,`province`,`head_pic`) VALUES ('0','o9h__0MErvIM3FZlritRfjIIyzcA','弘弧广告','0','https://wx.qlogo.cn/mmopen/vi_32/ajNVdqHZLLAJwWaJIicNW9S1b9NZmhic5r46vmJSvKnNnN89ylGCVzSJ5J8qt0LRRfAbryWlfooGiaIzIAhSoiaIhA/0') [ RunTime:0.0003s ]
SQL: SELECT * FROM `ty_users` WHERE `user_id` = 832 LIMIT 1   [ RunTime:0.0003s ]
NOTIC: [8] Undefined variable: v /var/www/html/maicai/Application/WXAPI/Controller/UserController.class.php 第 736 行.
SQL: UPDATE `ty_users` SET `head_pic`='/Public/head/832.jpg' WHERE `user_id` = 832 [ RunTime:0.0003s ]
SQL: SELECT * FROM `ty_users` WHERE `user_id` = 832 LIMIT 1   [ RunTime:0.0003s ]
SQL: SELECT * FROM `ty_users` WHERE `user_id` = 832 LIMIT 1   [ RunTime:0.0001s ]
SQL: SELECT * FROM `ty_config` WHERE `name` = 'hot_keywords' LIMIT 1   [ RunTime:0.0001s ]
SQL: SHOW COLUMNS FROM `ty_seller_apply` [ RunTime:0.0008s ]
SQL: SELECT * FROM `ty_seller_apply` WHERE `user_id` = 832 LIMIT 1   [ RunTime:0.0002s ]
INFO: [ app_end ] --START--
INFO: Run Behavior\ShowPageTraceBehavior [ RunTime:0.000502s ]
INFO: [ app_end ] --END-- [ RunTime:0.000565s ]

[ 2018-02-15T19:10:20+08:00 ] 182.87.154.88 /index.php/WXAPI/Goods/goodsLists/id/43/sort/shop_price/sort_asc/desc/p/0
INFO: [ app_init ] --START--
INFO: Run Behavior\BuildLiteBehavior [ RunTime:0.000012s ]
INFO: [ app_init ] --END-- [ RunTime:0.000236s ]
INFO: [ app_begin ] --START--
INFO: Run Behavior\ReadHtmlCacheBehavior [ RunTime:0.000311s ]
INFO: [ app_begin ] --END-- [ RunTime:0.000351s ]
NOTIC: [8] Undefined index: start_price /var/www/html/maicai/Application/WXAPI/Controller/GoodsController.class.php 第 251 行.
NOTIC: [8] Undefined index: end_price /var/www/html/maicai/Application/WXAPI/Controller/GoodsController.class.php 第 251 行.
SQL: SHOW COLUMNS FROM `ty_goods` [ RunTime:0.0013s ]
SQL: SHOW COLUMNS FROM `ty_goods_category` [ RunTime:0.0005s ]
SQL: SELECT * FROM `ty_goods_category` WHERE ( id = 43 ) LIMIT 1   [ RunTime:0.0001s ]
SQL: SHOW COLUMNS FROM `ty_goods_category` [ RunTime:0.0006s ]
SQL: SELECT `id`,`parent_id` FROM `ty_goods_category`  [ RunTime:0.0001s ]
SQL: SELECT `id` FROM `ty_goods_category` WHERE ( parent_id = 43 )  [ RunTime:0.0001s ]
SQL: SHOW COLUMNS FROM `ty_goods` [ RunTime:0.0010s ]
SQL: SELECT `shop_price` FROM `ty_goods` WHERE ( goods_id in (38,41,42,43,44,47,48,50,53,57,58) )  [ RunTime:0.0001s ]
SQL: SHOW COLUMNS FROM `ty_brand` [ RunTime:0.0005s ]
SQL: SELECT * FROM `ty_brand` WHERE ( id in(select brand_id from ty_goods where brand_id > 0 and goods_id in(38,41,42,43,44,47,48,50,53,57,58)) ) LIMIT 30   [ RunTime:0.0001s ]
SQL: SHOW COLUMNS FROM `ty_spec_goods_price` [ RunTime:0.0004s ]
SQL: select group_concat(`key` separator  '_') as `key` from ty_spec_goods_price where goods_id in(38,41,42,43,44,47,48,50,53,57,58) [ RunTime:0.0001s ]
SQL: SHOW COLUMNS FROM `ty_spec` [ RunTime:0.0004s ]
SQL: SELECT `id`,`name` FROM `ty_spec`  [ RunTime:0.0001s ]
SQL: SHOW COLUMNS FROM `ty_spec_item` [ RunTime:0.0003s ]
SQL: SELECT `id`,`spec_id`,`item` FROM `ty_spec_item`  [ RunTime:0.0001s ]
NOTIC: [8] Undefined index: spec /var/www/html/maicai/Application/Home/Logic/GoodsLogic.class.php 第 76 行.
SQL: SHOW COLUMNS FROM `ty_goods_attr` [ RunTime:0.0004s ]
SQL: SELECT * FROM `ty_goods_attr` WHERE ( goods_id in(38,41,42,43,44,47,48,50,53,57,58) and attr_value != '' )  [ RunTime:0.0001s ]
SQL: SHOW COLUMNS FROM `ty_goods_attribute` [ RunTime:0.0004s ]
SQL: SELECT `attr_id`,`attr_name`,`attr_index` FROM `ty_goods_attribute`  [ RunTime:0.0001s ]
SQL: SELECT `goods_id`,`cat_id2`,`goods_sn`,`goods_name`,`shop_price`,`comment_count`,`original_img`,`sales_sum` FROM `ty_goods` WHERE ( cat_id1 = 43 and is_on_sale = 1 ) ORDER BY shop_price desc LIMIT 0,5   [ RunTime:0.0001s ]

[ 2018-02-15T19:10:23+08:00 ] 182.87.154.88 /index.php/WXAPI/Goods/goodsLists/id/43/sort/shop_price/sort_asc/desc/p/1
INFO: [ app_init ] --START--
INFO: Run Behavior\BuildLiteBehavior [ RunTime:0.000011s ]
INFO: [ app_init ] --END-- [ RunTime:0.000230s ]
INFO: [ app_begin ] --START--
INFO: Run Behavior\ReadHtmlCacheBehavior [ RunTime:0.000307s ]
INFO: [ app_begin ] --END-- [ RunTime:0.000347s ]
NOTIC: [8] Undefined index: start_price /var/www/html/maicai/Application/WXAPI/Controller/GoodsController.class.php 第 251 行.
NOTIC: [8] Undefined index: end_price /var/www/html/maicai/Application/WXAPI/Controller/GoodsController.class.php 第 251 行.
SQL: SHOW COLUMNS FROM `ty_goods` [ RunTime:0.0012s ]
SQL: SHOW COLUMNS FROM `ty_goods_category` [ RunTime:0.0005s ]
SQL: SELECT * FROM `ty_goods_category` WHERE ( id = 43 ) LIMIT 1   [ RunTime:0.0001s ]
SQL: SHOW COLUMNS FROM `ty_goods_category` [ RunTime:0.0005s ]
SQL: SELECT `id`,`parent_id` FROM `ty_goods_category`  [ RunTime:0.0001s ]
SQL: SELECT `id` FROM `ty_goods_category` WHERE ( parent_id = 43 )  [ RunTime:0.0001s ]
SQL: SHOW COLUMNS FROM `ty_goods` [ RunTime:0.0010s ]
SQL: SELECT `shop_price` FROM `ty_goods` WHERE ( goods_id in (38,41,42,43,44,47,48,50,53,57,58) )  [ RunTime:0.0001s ]
SQL: SHOW COLUMNS FROM `ty_brand` [ RunTime:0.0005s ]
SQL: SELECT * FROM `ty_brand` WHERE ( id in(select brand_id from ty_goods where brand_id > 0 and goods_id in(38,41,42,43,44,47,48,50,53,57,58)) ) LIMIT 30   [ RunTime:0.0001s ]
SQL: SHOW COLUMNS FROM `ty_spec_goods_price` [ RunTime:0.0004s ]
SQL: select group_concat(`key` separator  '_') as `key` from ty_spec_goods_price where goods_id in(38,41,42,43,44,47,48,50,53,57,58) [ RunTime:0.0001s ]
SQL: SHOW COLUMNS FROM `ty_spec` [ RunTime:0.0004s ]
SQL: SELECT `id`,`name` FROM `ty_spec`  [ RunTime:0.0001s ]
SQL: SHOW COLUMNS FROM `ty_spec_item` [ RunTime:0.0004s ]
SQL: SELECT `id`,`spec_id`,`item` FROM `ty_spec_item`  [ RunTime:0.0001s ]
NOTIC: [8] Undefined index: spec /var/www/html/maicai/Application/Home/Logic/GoodsLogic.class.php 第 76 行.
SQL: SHOW COLUMNS FROM `ty_goods_attr` [ RunTime:0.0004s ]
SQL: SELECT * FROM `ty_goods_attr` WHERE ( goods_id in(38,41,42,43,44,47,48,50,53,57,58) and attr_value != '' )  [ RunTime:0.0001s ]
SQL: SHOW COLUMNS FROM `ty_goods_attribute` [ RunTime:0.0004s ]
SQL: SELECT `attr_id`,`attr_name`,`attr_index` FROM `ty_goods_attribute`  [ RunTime:0.0001s ]
SQL: SELECT `goods_id`,`cat_id2`,`goods_sn`,`goods_name`,`shop_price`,`comment_count`,`original_img`,`sales_sum` FROM `ty_goods` WHERE ( cat_id1 = 43 and is_on_sale = 1 ) ORDER BY shop_price desc LIMIT 5,5   [ RunTime:0.0001s ]

[ 2018-02-15T23:39:54+08:00 ] 119.32.38.35 /index.php/WXAPI/Index/home
INFO: [ app_init ] --START--
INFO: Run Behavior\BuildLiteBehavior [ RunTime:0.000010s ]
INFO: [ app_init ] --END-- [ RunTime:0.000237s ]
INFO: [ app_begin ] --START--
INFO: Run Behavior\ReadHtmlCacheBehavior [ RunTime:0.000302s ]
INFO: [ app_begin ] --END-- [ RunTime:0.000341s ]
SQL: SHOW COLUMNS FROM `ty_coupon` [ RunTime:0.0008s ]
SQL: SELECT * FROM `ty_coupon` WHERE `send_start_time` < 1518709194 AND `send_end_time` > 1518709194  [ RunTime:0.0002s ]
SQL: SHOW COLUMNS FROM `ty_ad` [ RunTime:0.0006s ]
SQL: SELECT `ad_link`,`ad_name`,`ad_code`,`pid` FROM `ty_ad` WHERE `pid` = 1 AND `enabled` = 1  [ RunTime:0.0001s ]
SQL: SELECT `ad_link`,`ad_name`,`ad_code`,`pid` FROM `ty_ad` WHERE `pid` = 2 AND `enabled` = 1  [ RunTime:0.0001s ]
SQL: SELECT `ad_link`,`ad_name`,`ad_code`,`pid` FROM `ty_ad` WHERE `pid` = 3 AND `enabled` = 1  [ RunTime:0.0001s ]
SQL: SHOW COLUMNS FROM `ty_article` [ RunTime:0.0006s ]
SQL: SELECT `article_id`,`content`,`link`,`description` FROM `ty_article` WHERE `article_id` = 2 LIMIT 1   [ RunTime:0.0001s ]
SQL: SELECT `article_id`,`content`,`link`,`description` FROM `ty_article` WHERE `article_id` = 1 LIMIT 1   [ RunTime:0.0001s ]
SQL: SHOW COLUMNS FROM `ty_article_cat` [ RunTime:0.0005s ]
SQL: SELECT `cat_name`,`thumb`,`cat_desc` FROM `ty_article_cat` WHERE `parent_id` = 2 AND `show_in_nav` = 1 ORDER BY sort_order  [ RunTime:0.0001s ]
SQL: SELECT `cat_name`,`thumb`,`cat_desc`,`type` FROM `ty_article_cat` WHERE `parent_id` = 9 AND `show_in_nav` = 1 ORDER BY sort_order  [ RunTime:0.0001s ]

