[ 2018-02-11T00:12:14+08:00 ] 117.136.79.73 /index.php/WXAPI/Index/home
INFO: [ app_init ] --START--
INFO: Run Behavior\BuildLiteBehavior [ RunTime:0.000011s ]
INFO: [ app_init ] --END-- [ RunTime:0.000232s ]
INFO: [ app_begin ] --START--
INFO: Run Behavior\ReadHtmlCacheBehavior [ RunTime:0.000302s ]
INFO: [ app_begin ] --END-- [ RunTime:0.000340s ]
SQL: SHOW COLUMNS FROM `ty_coupon` [ RunTime:0.0008s ]
SQL: SELECT * FROM `ty_coupon` WHERE `send_start_time` < 1518279134 AND `send_end_time` > 1518279134  [ RunTime:0.0002s ]
SQL: SHOW COLUMNS FROM `ty_ad` [ RunTime:0.0006s ]
SQL: SELECT `ad_link`,`ad_name`,`ad_code`,`pid` FROM `ty_ad` WHERE `pid` = 1 AND `enabled` = 1  [ RunTime:0.0001s ]
SQL: SELECT `ad_link`,`ad_name`,`ad_code`,`pid` FROM `ty_ad` WHERE `pid` = 2 AND `enabled` = 1  [ RunTime:0.0001s ]
SQL: SELECT `ad_link`,`ad_name`,`ad_code`,`pid` FROM `ty_ad` WHERE `pid` = 3 AND `enabled` = 1  [ RunTime:0.0001s ]
SQL: SHOW COLUMNS FROM `ty_article` [ RunTime:0.0006s ]
SQL: SELECT `article_id`,`content`,`link`,`description` FROM `ty_article` WHERE `article_id` = 2 LIMIT 1   [ RunTime:0.0001s ]
SQL: SELECT `article_id`,`content`,`link`,`description` FROM `ty_article` WHERE `article_id` = 1 LIMIT 1   [ RunTime:0.0001s ]
SQL: SHOW COLUMNS FROM `ty_article_cat` [ RunTime:0.0005s ]
SQL: SELECT `cat_name`,`thumb`,`cat_desc` FROM `ty_article_cat` WHERE `parent_id` = 2 AND `show_in_nav` = 1 ORDER BY sort_order  [ RunTime:0.0001s ]
SQL: SELECT `cat_name`,`thumb`,`cat_desc`,`type` FROM `ty_article_cat` WHERE `parent_id` = 9 AND `show_in_nav` = 1 ORDER BY sort_order  [ RunTime:0.0001s ]

[ 2018-02-11T00:12:15+08:00 ] 117.136.79.73 /index.php/WXAPI/User/getOpenid?url=https%3A%2F%2Fapi.weixin.qq.com%2Fsns%2Fjscode2session%3Fappid%3Dwxf3a9ae58645327d5%26secret%3Dc90e9c7fa14d4df6fbde0970cc2f0fb0%26js_code%3D013siBsD00lN5d2xAWuD09iisD0siBsP%26grant_type%3Dauthorization_code%26code%3D013siBsD00lN5d2xAWuD09iisD0siBsP
INFO: [ app_init ] --START--
INFO: Run Behavior\BuildLiteBehavior [ RunTime:0.000012s ]
INFO: [ app_init ] --END-- [ RunTime:0.000230s ]
INFO: [ app_begin ] --START--
INFO: Run Behavior\ReadHtmlCacheBehavior [ RunTime:0.000307s ]
INFO: [ app_begin ] --END-- [ RunTime:0.000346s ]
SQL: SHOW COLUMNS FROM `ty_users` [ RunTime:0.0013s ]
INFO: [ app_end ] --START--
INFO: Run Behavior\ShowPageTraceBehavior [ RunTime:0.000565s ]
INFO: [ app_end ] --END-- [ RunTime:0.000644s ]

[ 2018-02-11T00:12:15+08:00 ] 117.136.79.73 /index.php/WXAPI/User/validateOpenid?openid=o9h__0NhCz0WRAMxxzSAbmXh5Z1E
INFO: [ app_init ] --START--
INFO: Run Behavior\BuildLiteBehavior [ RunTime:0.000017s ]
INFO: [ app_init ] --END-- [ RunTime:0.000359s ]
INFO: [ app_begin ] --START--
INFO: Run Behavior\ReadHtmlCacheBehavior [ RunTime:0.000480s ]
INFO: [ app_begin ] --END-- [ RunTime:0.000537s ]
SQL: SHOW COLUMNS FROM `ty_users` [ RunTime:0.0013s ]
SQL: SHOW COLUMNS FROM `ty_users` [ RunTime:0.0009s ]
SQL: SELECT * FROM `ty_users` WHERE `open_id` = 'o9h__0NhCz0WRAMxxzSAbmXh5Z1E' LIMIT 1   [ RunTime:0.0007s ]
SQL: SHOW COLUMNS FROM `ty_config` [ RunTime:0.0004s ]
SQL: SELECT * FROM `ty_config` WHERE `name` = 'hot_keywords' LIMIT 1   [ RunTime:0.0001s ]
SQL: SHOW COLUMNS FROM `ty_seller_apply` [ RunTime:0.0005s ]
SQL: SELECT * FROM `ty_seller_apply` WHERE `user_id` = 629 LIMIT 1   [ RunTime:0.0002s ]
INFO: [ app_end ] --START--
INFO: Run Behavior\ShowPageTraceBehavior [ RunTime:0.000349s ]
INFO: [ app_end ] --END-- [ RunTime:0.000386s ]

[ 2018-02-11T00:12:35+08:00 ] 117.136.79.73 /index.php/WXAPI/Goods/goodsCategoryList
INFO: [ app_init ] --START--
INFO: Run Behavior\BuildLiteBehavior [ RunTime:0.000011s ]
INFO: [ app_init ] --END-- [ RunTime:0.000233s ]
INFO: [ app_begin ] --START--
INFO: Run Behavior\ReadHtmlCacheBehavior [ RunTime:0.000306s ]
INFO: [ app_begin ] --END-- [ RunTime:0.000352s ]
SQL: SHOW COLUMNS FROM `ty_goods_category` [ RunTime:0.0008s ]
SQL: SELECT * FROM `ty_goods_category` WHERE ( parent_id = 0 AND is_show=1 ) ORDER BY parent_id_path,sort_order desc  [ RunTime:0.0001s ]

[ 2018-02-11T00:12:35+08:00 ] 117.136.79.73 /index.php/WXAPI/Goods/goodsCategoryList/parent_id/43
INFO: [ app_init ] --START--
INFO: Run Behavior\BuildLiteBehavior [ RunTime:0.000011s ]
INFO: [ app_init ] --END-- [ RunTime:0.000239s ]
INFO: [ app_begin ] --START--
INFO: Run Behavior\ReadHtmlCacheBehavior [ RunTime:0.000372s ]
INFO: [ app_begin ] --END-- [ RunTime:0.000413s ]
SQL: SHOW COLUMNS FROM `ty_goods_category` [ RunTime:0.0008s ]
SQL: SELECT * FROM `ty_goods_category` WHERE ( parent_id = 43 AND is_show=1 ) ORDER BY parent_id_path,sort_order desc  [ RunTime:0.0001s ]

[ 2018-02-11T00:12:35+08:00 ] 117.136.79.73 /index.php/WXAPI/goods/categoryBanner/banner_name/%E8%82%89%E7%B1%BB
INFO: [ app_init ] --START--
INFO: Run Behavior\BuildLiteBehavior [ RunTime:0.000011s ]
INFO: [ app_init ] --END-- [ RunTime:0.000258s ]
INFO: [ app_begin ] --START--
INFO: Run Behavior\ReadHtmlCacheBehavior [ RunTime:0.000322s ]
INFO: [ app_begin ] --END-- [ RunTime:0.000364s ]
SQL: SHOW COLUMNS FROM `ty_ad_position` [ RunTime:0.0006s ]
SQL: SELECT `position_id` FROM `ty_ad_position` WHERE `position_name` = '肉类' LIMIT 1   [ RunTime:0.0001s ]

[ 2018-02-11T00:12:40+08:00 ] 117.136.79.73 /index.php/WXAPI/Goods/goodsList/id/66/sort/shop_price/sort_asc/desc/p/0
INFO: [ app_init ] --START--
INFO: Run Behavior\BuildLiteBehavior [ RunTime:0.000011s ]
INFO: [ app_init ] --END-- [ RunTime:0.000225s ]
INFO: [ app_begin ] --START--
INFO: Run Behavior\ReadHtmlCacheBehavior [ RunTime:0.000291s ]
INFO: [ app_begin ] --END-- [ RunTime:0.000330s ]
NOTIC: [8] Undefined index: start_price /var/www/html/maicai/Application/WXAPI/Controller/GoodsController.class.php 第 115 行.
NOTIC: [8] Undefined index: end_price /var/www/html/maicai/Application/WXAPI/Controller/GoodsController.class.php 第 115 行.
SQL: SHOW COLUMNS FROM `ty_goods` [ RunTime:0.0013s ]
SQL: SHOW COLUMNS FROM `ty_goods_category` [ RunTime:0.0006s ]
SQL: SELECT * FROM `ty_goods_category` WHERE ( id = 66 ) LIMIT 1   [ RunTime:0.0002s ]
SQL: SHOW COLUMNS FROM `ty_goods_category` [ RunTime:0.0005s ]
SQL: SELECT `id`,`parent_id` FROM `ty_goods_category`  [ RunTime:0.0001s ]
SQL: SELECT `id` FROM `ty_goods_category` WHERE ( parent_id = 66 )  [ RunTime:0.0002s ]
NOTIC: [2] Invalid argument supplied for foreach() /var/www/html/maicai/Application/Common/Common/common.php 第 393 行.
SQL: SHOW COLUMNS FROM `ty_goods` [ RunTime:0.0010s ]
SQL: SELECT `shop_price` FROM `ty_goods` WHERE ( goods_id in (41,42,43,44,47,48,50,53,57,58) )  [ RunTime:0.0002s ]
SQL: SHOW COLUMNS FROM `ty_brand` [ RunTime:0.0006s ]
SQL: SELECT * FROM `ty_brand` WHERE ( id in(select brand_id from ty_goods where brand_id > 0 and goods_id in(41,42,43,44,47,48,50,53,57,58)) ) LIMIT 30   [ RunTime:0.0002s ]
SQL: SHOW COLUMNS FROM `ty_spec_goods_price` [ RunTime:0.0004s ]
SQL: select group_concat(`key` separator  '_') as `key` from ty_spec_goods_price where goods_id in(41,42,43,44,47,48,50,53,57,58) [ RunTime:0.0003s ]
SQL: SHOW COLUMNS FROM `ty_spec` [ RunTime:0.0005s ]
SQL: SELECT `id`,`name` FROM `ty_spec`  [ RunTime:0.0001s ]
SQL: SHOW COLUMNS FROM `ty_spec_item` [ RunTime:0.0004s ]
SQL: SELECT `id`,`spec_id`,`item` FROM `ty_spec_item`  [ RunTime:0.0001s ]
NOTIC: [8] Undefined index: spec /var/www/html/maicai/Application/Home/Logic/GoodsLogic.class.php 第 76 行.
SQL: SHOW COLUMNS FROM `ty_goods_attr` [ RunTime:0.0004s ]
SQL: SELECT * FROM `ty_goods_attr` WHERE ( goods_id in(41,42,43,44,47,48,50,53,57,58) and attr_value != '' )  [ RunTime:0.0001s ]
SQL: SHOW COLUMNS FROM `ty_goods_attribute` [ RunTime:0.0004s ]
SQL: SELECT `attr_id`,`attr_name`,`attr_index` FROM `ty_goods_attribute`  [ RunTime:0.0001s ]
SQL: SELECT `goods_id`,`cat_id2`,`goods_sn`,`goods_name`,`shop_price`,`comment_count`,`original_img`,`sales_sum` FROM `ty_goods` WHERE ( cat_id2 = 66 and is_on_sale = 1 ) ORDER BY shop_price desc LIMIT 0,5   [ RunTime:0.0002s ]

[ 2018-02-11T00:12:42+08:00 ] 117.136.79.73 /index.php/WXAPI/Goods/goodsList/id/66/sort/shop_price/sort_asc/desc/p/1
INFO: [ app_init ] --START--
INFO: Run Behavior\BuildLiteBehavior [ RunTime:0.000012s ]
INFO: [ app_init ] --END-- [ RunTime:0.000238s ]
INFO: [ app_begin ] --START--
INFO: Run Behavior\ReadHtmlCacheBehavior [ RunTime:0.000314s ]
INFO: [ app_begin ] --END-- [ RunTime:0.000379s ]
NOTIC: [8] Undefined index: start_price /var/www/html/maicai/Application/WXAPI/Controller/GoodsController.class.php 第 115 行.
NOTIC: [8] Undefined index: end_price /var/www/html/maicai/Application/WXAPI/Controller/GoodsController.class.php 第 115 行.
SQL: SHOW COLUMNS FROM `ty_goods` [ RunTime:0.0014s ]
SQL: SHOW COLUMNS FROM `ty_goods_category` [ RunTime:0.0006s ]
SQL: SELECT * FROM `ty_goods_category` WHERE ( id = 66 ) LIMIT 1   [ RunTime:0.0001s ]
SQL: SHOW COLUMNS FROM `ty_goods_category` [ RunTime:0.0005s ]
SQL: SELECT `id`,`parent_id` FROM `ty_goods_category`  [ RunTime:0.0001s ]
SQL: SELECT `id` FROM `ty_goods_category` WHERE ( parent_id = 66 )  [ RunTime:0.0001s ]
NOTIC: [2] Invalid argument supplied for foreach() /var/www/html/maicai/Application/Common/Common/common.php 第 393 行.
SQL: SHOW COLUMNS FROM `ty_goods` [ RunTime:0.0011s ]
SQL: SELECT `shop_price` FROM `ty_goods` WHERE ( goods_id in (41,42,43,44,47,48,50,53,57,58) )  [ RunTime:0.0001s ]
SQL: SHOW COLUMNS FROM `ty_brand` [ RunTime:0.0005s ]
SQL: SELECT * FROM `ty_brand` WHERE ( id in(select brand_id from ty_goods where brand_id > 0 and goods_id in(41,42,43,44,47,48,50,53,57,58)) ) LIMIT 30   [ RunTime:0.0001s ]
SQL: SHOW COLUMNS FROM `ty_spec_goods_price` [ RunTime:0.0004s ]
SQL: select group_concat(`key` separator  '_') as `key` from ty_spec_goods_price where goods_id in(41,42,43,44,47,48,50,53,57,58) [ RunTime:0.0001s ]
SQL: SHOW COLUMNS FROM `ty_spec` [ RunTime:0.0004s ]
SQL: SELECT `id`,`name` FROM `ty_spec`  [ RunTime:0.0001s ]
SQL: SHOW COLUMNS FROM `ty_spec_item` [ RunTime:0.0004s ]
SQL: SELECT `id`,`spec_id`,`item` FROM `ty_spec_item`  [ RunTime:0.0001s ]
NOTIC: [8] Undefined index: spec /var/www/html/maicai/Application/Home/Logic/GoodsLogic.class.php 第 76 行.
SQL: SHOW COLUMNS FROM `ty_goods_attr` [ RunTime:0.0004s ]
SQL: SELECT * FROM `ty_goods_attr` WHERE ( goods_id in(41,42,43,44,47,48,50,53,57,58) and attr_value != '' )  [ RunTime:0.0001s ]
SQL: SHOW COLUMNS FROM `ty_goods_attribute` [ RunTime:0.0004s ]
SQL: SELECT `attr_id`,`attr_name`,`attr_index` FROM `ty_goods_attribute`  [ RunTime:0.0001s ]
SQL: SELECT `goods_id`,`cat_id2`,`goods_sn`,`goods_name`,`shop_price`,`comment_count`,`original_img`,`sales_sum` FROM `ty_goods` WHERE ( cat_id2 = 66 and is_on_sale = 1 ) ORDER BY shop_price desc LIMIT 5,5   [ RunTime:0.0003s ]

[ 2018-02-11T00:12:44+08:00 ] 117.136.79.73 /index.php/WXAPI/Goods/goodsList/id/66/sort/shop_price/sort_asc/desc/p/2
INFO: [ app_init ] --START--
INFO: Run Behavior\BuildLiteBehavior [ RunTime:0.000010s ]
INFO: [ app_init ] --END-- [ RunTime:0.000233s ]
INFO: [ app_begin ] --START--
INFO: Run Behavior\ReadHtmlCacheBehavior [ RunTime:0.000292s ]
INFO: [ app_begin ] --END-- [ RunTime:0.000332s ]
NOTIC: [8] Undefined index: start_price /var/www/html/maicai/Application/WXAPI/Controller/GoodsController.class.php 第 115 行.
NOTIC: [8] Undefined index: end_price /var/www/html/maicai/Application/WXAPI/Controller/GoodsController.class.php 第 115 行.
SQL: SHOW COLUMNS FROM `ty_goods` [ RunTime:0.0017s ]
SQL: SHOW COLUMNS FROM `ty_goods_category` [ RunTime:0.0008s ]
SQL: SELECT * FROM `ty_goods_category` WHERE ( id = 66 ) LIMIT 1   [ RunTime:0.0001s ]
SQL: SHOW COLUMNS FROM `ty_goods_category` [ RunTime:0.0005s ]
SQL: SELECT `id`,`parent_id` FROM `ty_goods_category`  [ RunTime:0.0001s ]
SQL: SELECT `id` FROM `ty_goods_category` WHERE ( parent_id = 66 )  [ RunTime:0.0001s ]
NOTIC: [2] Invalid argument supplied for foreach() /var/www/html/maicai/Application/Common/Common/common.php 第 393 行.
SQL: SHOW COLUMNS FROM `ty_goods` [ RunTime:0.0013s ]
SQL: SELECT `shop_price` FROM `ty_goods` WHERE ( goods_id in (41,42,43,44,47,48,50,53,57,58) )  [ RunTime:0.0001s ]
SQL: SHOW COLUMNS FROM `ty_brand` [ RunTime:0.0005s ]
SQL: SELECT * FROM `ty_brand` WHERE ( id in(select brand_id from ty_goods where brand_id > 0 and goods_id in(41,42,43,44,47,48,50,53,57,58)) ) LIMIT 30   [ RunTime:0.0001s ]
SQL: SHOW COLUMNS FROM `ty_spec_goods_price` [ RunTime:0.0006s ]
SQL: select group_concat(`key` separator  '_') as `key` from ty_spec_goods_price where goods_id in(41,42,43,44,47,48,50,53,57,58) [ RunTime:0.0001s ]
SQL: SHOW COLUMNS FROM `ty_spec` [ RunTime:0.0006s ]
SQL: SELECT `id`,`name` FROM `ty_spec`  [ RunTime:0.0001s ]
SQL: SHOW COLUMNS FROM `ty_spec_item` [ RunTime:0.0005s ]
SQL: SELECT `id`,`spec_id`,`item` FROM `ty_spec_item`  [ RunTime:0.0001s ]
NOTIC: [8] Undefined index: spec /var/www/html/maicai/Application/Home/Logic/GoodsLogic.class.php 第 76 行.
SQL: SHOW COLUMNS FROM `ty_goods_attr` [ RunTime:0.0005s ]
SQL: SELECT * FROM `ty_goods_attr` WHERE ( goods_id in(41,42,43,44,47,48,50,53,57,58) and attr_value != '' )  [ RunTime:0.0001s ]
SQL: SHOW COLUMNS FROM `ty_goods_attribute` [ RunTime:0.0006s ]
SQL: SELECT `attr_id`,`attr_name`,`attr_index` FROM `ty_goods_attribute`  [ RunTime:0.0001s ]
SQL: SELECT `goods_id`,`cat_id2`,`goods_sn`,`goods_name`,`shop_price`,`comment_count`,`original_img`,`sales_sum` FROM `ty_goods` WHERE ( cat_id2 = 66 and is_on_sale = 1 ) ORDER BY shop_price desc LIMIT 10,5   [ RunTime:0.0004s ]

[ 2018-02-11T10:18:48+08:00 ] 183.20.117.43 /index.php/WXAPI/Index/home
INFO: [ app_init ] --START--
INFO: Run Behavior\BuildLiteBehavior [ RunTime:0.000011s ]
INFO: [ app_init ] --END-- [ RunTime:0.000233s ]
INFO: [ app_begin ] --START--
INFO: Run Behavior\ReadHtmlCacheBehavior [ RunTime:0.000308s ]
INFO: [ app_begin ] --END-- [ RunTime:0.000353s ]
SQL: SHOW COLUMNS FROM `ty_coupon` [ RunTime:0.0008s ]
SQL: SELECT * FROM `ty_coupon` WHERE `send_start_time` < 1518315528 AND `send_end_time` > 1518315528  [ RunTime:0.0002s ]
SQL: SHOW COLUMNS FROM `ty_ad` [ RunTime:0.0006s ]
SQL: SELECT `ad_link`,`ad_name`,`ad_code`,`pid` FROM `ty_ad` WHERE `pid` = 1 AND `enabled` = 1  [ RunTime:0.0001s ]
SQL: SELECT `ad_link`,`ad_name`,`ad_code`,`pid` FROM `ty_ad` WHERE `pid` = 2 AND `enabled` = 1  [ RunTime:0.0001s ]
SQL: SELECT `ad_link`,`ad_name`,`ad_code`,`pid` FROM `ty_ad` WHERE `pid` = 3 AND `enabled` = 1  [ RunTime:0.0001s ]
SQL: SHOW COLUMNS FROM `ty_article` [ RunTime:0.0007s ]
SQL: SELECT `article_id`,`content`,`link`,`description` FROM `ty_article` WHERE `article_id` = 2 LIMIT 1   [ RunTime:0.0001s ]
SQL: SELECT `article_id`,`content`,`link`,`description` FROM `ty_article` WHERE `article_id` = 1 LIMIT 1   [ RunTime:0.0001s ]
SQL: SHOW COLUMNS FROM `ty_article_cat` [ RunTime:0.0005s ]
SQL: SELECT `cat_name`,`thumb`,`cat_desc` FROM `ty_article_cat` WHERE `parent_id` = 2 AND `show_in_nav` = 1 ORDER BY sort_order  [ RunTime:0.0001s ]
SQL: SELECT `cat_name`,`thumb`,`cat_desc`,`type` FROM `ty_article_cat` WHERE `parent_id` = 9 AND `show_in_nav` = 1 ORDER BY sort_order  [ RunTime:0.0001s ]

[ 2018-02-11T10:18:48+08:00 ] 183.20.117.43 /index.php/WXAPI/User/getOpenid?url=https%3A%2F%2Fapi.weixin.qq.com%2Fsns%2Fjscode2session%3Fappid%3Dwxf3a9ae58645327d5%26secret%3Dc90e9c7fa14d4df6fbde0970cc2f0fb0%26js_code%3D011fuQR51RtoXM1BvbS5112ZR51fuQRE%26grant_type%3Dauthorization_code%26code%3D011fuQR51RtoXM1BvbS5112ZR51fuQRE
INFO: [ app_init ] --START--
INFO: Run Behavior\BuildLiteBehavior [ RunTime:0.000010s ]
INFO: [ app_init ] --END-- [ RunTime:0.000236s ]
INFO: [ app_begin ] --START--
INFO: Run Behavior\ReadHtmlCacheBehavior [ RunTime:0.000295s ]
INFO: [ app_begin ] --END-- [ RunTime:0.000334s ]
SQL: SHOW COLUMNS FROM `ty_users` [ RunTime:0.0013s ]
INFO: [ app_end ] --START--
INFO: Run Behavior\ShowPageTraceBehavior [ RunTime:0.000405s ]
INFO: [ app_end ] --END-- [ RunTime:0.000472s ]

[ 2018-02-11T10:18:48+08:00 ] 183.20.117.43 /index.php/WXAPI/User/validateOpenid?openid=o9h__0Gf4BIecZzslUIeZF2HYMT8
INFO: [ app_init ] --START--
INFO: Run Behavior\BuildLiteBehavior [ RunTime:0.000011s ]
INFO: [ app_init ] --END-- [ RunTime:0.000229s ]
INFO: [ app_begin ] --START--
INFO: Run Behavior\ReadHtmlCacheBehavior [ RunTime:0.000410s ]
INFO: [ app_begin ] --END-- [ RunTime:0.000461s ]
SQL: SHOW COLUMNS FROM `ty_users` [ RunTime:0.0012s ]
SQL: SHOW COLUMNS FROM `ty_users` [ RunTime:0.0010s ]
SQL: SELECT * FROM `ty_users` WHERE `open_id` = 'o9h__0Gf4BIecZzslUIeZF2HYMT8' LIMIT 1   [ RunTime:0.0007s ]
INFO: [ app_end ] --START--
INFO: Run Behavior\ShowPageTraceBehavior [ RunTime:0.000361s ]
INFO: [ app_end ] --END-- [ RunTime:0.000401s ]

[ 2018-02-11T10:18:52+08:00 ] 183.20.117.43 /index.php/WXAPI/User/register?open_id=o9h__0Gf4BIecZzslUIeZF2HYMT8&country=Ireland&gender=2&nick_name=麦&province=Donegal&city=&head_pic=https://wx.qlogo.cn/mmopen/vi_32/Q0j4TwGTfTJ19UmygmZsYX99Og2qNVkTrxQpf8lBes2qricG3yt7Af3BZbyyt5UE9ic8iaqib1QVrexH51VWQ9frFA/0&fid=0
INFO: [ app_init ] --START--
INFO: Run Behavior\BuildLiteBehavior [ RunTime:0.000016s ]
INFO: [ app_init ] --END-- [ RunTime:0.000316s ]
INFO: [ app_begin ] --START--
INFO: Run Behavior\ReadHtmlCacheBehavior [ RunTime:0.000307s ]
INFO: [ app_begin ] --END-- [ RunTime:0.000347s ]
SQL: SHOW COLUMNS FROM `ty_users` [ RunTime:0.0012s ]
SQL: SHOW COLUMNS FROM `ty_users` [ RunTime:0.0010s ]
SQL: SHOW COLUMNS FROM `ty_config` [ RunTime:0.0004s ]
SQL: SELECT `value` FROM `ty_config` WHERE `name` = 'distributor' LIMIT 1   [ RunTime:0.0001s ]
SQL: INSERT INTO `ty_users` (`city`,`open_id`,`nick_name`,`province`,`head_pic`) VALUES ('0','o9h__0Gf4BIecZzslUIeZF2HYMT8','麦','0','https://wx.qlogo.cn/mmopen/vi_32/Q0j4TwGTfTJ19UmygmZsYX99Og2qNVkTrxQpf8lBes2qricG3yt7Af3BZbyyt5UE9ic8iaqib1QVrexH51VWQ9frFA/0') [ RunTime:0.0003s ]
SQL: SELECT * FROM `ty_users` WHERE `user_id` = 817 LIMIT 1   [ RunTime:0.0013s ]
NOTIC: [8] Undefined variable: v /var/www/html/maicai/Application/WXAPI/Controller/UserController.class.php 第 736 行.
SQL: UPDATE `ty_users` SET `head_pic`='/Public/head/817.jpg' WHERE `user_id` = 817 [ RunTime:0.0003s ]
SQL: SELECT * FROM `ty_users` WHERE `user_id` = 817 LIMIT 1   [ RunTime:0.0002s ]
SQL: SELECT * FROM `ty_users` WHERE `user_id` = 817 LIMIT 1   [ RunTime:0.0001s ]
SQL: SELECT * FROM `ty_config` WHERE `name` = 'hot_keywords' LIMIT 1   [ RunTime:0.0001s ]
SQL: SHOW COLUMNS FROM `ty_seller_apply` [ RunTime:0.0006s ]
SQL: SELECT * FROM `ty_seller_apply` WHERE `user_id` = 817 LIMIT 1   [ RunTime:0.0002s ]
INFO: [ app_end ] --START--
INFO: Run Behavior\ShowPageTraceBehavior [ RunTime:0.000380s ]
INFO: [ app_end ] --END-- [ RunTime:0.000421s ]

[ 2018-02-11T10:19:00+08:00 ] 183.20.117.43 /index.php/WXAPI/Goods/goodsInfo/id/41
INFO: [ app_init ] --START--
INFO: Run Behavior\BuildLiteBehavior [ RunTime:0.000011s ]
INFO: [ app_init ] --END-- [ RunTime:0.000290s ]
INFO: [ app_begin ] --START--
INFO: Run Behavior\ReadHtmlCacheBehavior [ RunTime:0.000304s ]
INFO: [ app_begin ] --END-- [ RunTime:0.000344s ]
SQL: SHOW COLUMNS FROM `ty_goods` [ RunTime:0.0014s ]
SQL: SELECT * FROM `ty_goods` WHERE `goods_id` = 41 LIMIT 1   [ RunTime:0.0002s ]
SQL: SHOW COLUMNS FROM `ty_goods_attribute` [ RunTime:0.0005s ]
SQL: SELECT `attr_id`,`attr_name` FROM `ty_goods_attribute`  [ RunTime:0.0001s ]
SQL: SHOW COLUMNS FROM `ty_goods_attr` [ RunTime:0.0004s ]
SQL: SELECT * FROM `ty_goods_attr` WHERE ( goods_id = 41 )  [ RunTime:0.0001s ]
SQL: SHOW COLUMNS FROM `ty_spec_goods_price` [ RunTime:0.0004s ]
SQL: SELECT GROUP_CONCAT(`key` SEPARATOR '_') FROM `ty_spec_goods_price` WHERE ( goods_id = 41 ) LIMIT 1   [ RunTime:0.0001s ]
SQL: SHOW COLUMNS FROM `ty_spec_image` [ RunTime:0.0004s ]
SQL: SELECT `spec_image_id`,`src` FROM `ty_spec_image` WHERE ( goods_id = 41 and src != ''  )  [ RunTime:0.0001s ]
SQL: SELECT a.name,a.order,b.* FROM ty_spec AS a INNER JOIN ty_spec_item AS b ON a.id = b.spec_id WHERE b.id IN(177,178,181,182) ORDER BY a.order [ RunTime:0.0001s ]
SQL: SHOW COLUMNS FROM `ty_spec_goods_price` [ RunTime:0.0004s ]
SQL: SELECT `key`,`price`,`store_count` FROM `ty_spec_goods_price` WHERE ( goods_id = 41 )  [ RunTime:0.0001s ]
SQL: SHOW COLUMNS FROM `ty_goods_images` [ RunTime:0.0004s ]
SQL: SELECT `image_url` FROM `ty_goods_images` WHERE `goods_id` = 41  [ RunTime:0.0001s ]
SQL: SHOW COLUMNS FROM `ty_comment` [ RunTime:0.0007s ]
SQL: SELECT * FROM `ty_comment` WHERE ( goods_id=41 AND is_show=1 AND parent_id=0 ) LIMIT 2   [ RunTime:0.0001s ]

[ 2018-02-11T10:19:27+08:00 ] 183.20.117.43 /index.php/WXAPI/Store/storeGoods?store_id=3&p=0&sort=shop_price&sort_asc=desc
INFO: [ app_init ] --START--
INFO: Run Behavior\BuildLiteBehavior [ RunTime:0.000011s ]
INFO: [ app_init ] --END-- [ RunTime:0.000249s ]
INFO: [ app_begin ] --START--
INFO: Run Behavior\ReadHtmlCacheBehavior [ RunTime:0.000291s ]
INFO: [ app_begin ] --END-- [ RunTime:0.000337s ]
SQL: SHOW COLUMNS FROM `ty_store` [ RunTime:0.0018s ]
SQL: SELECT * FROM `ty_store` WHERE `store_id` = 3 LIMIT 1   [ RunTime:0.0002s ]
SQL: SELECT `store_id`,`store_name`,`store_address`,`store_logo` FROM `ty_store` WHERE `store_id` = 3 AND `store_state` = 1 LIMIT 1   [ RunTime:0.0001s ]
SQL: SHOW COLUMNS FROM `ty_goods` [ RunTime:0.0011s ]
SQL: SHOW COLUMNS FROM `ty_goods` [ RunTime:0.0010s ]
SQL: SELECT `shop_price` FROM `ty_goods` WHERE ( goods_id in (38,41,42,43,44,47,48,50,53,57,58) )  [ RunTime:0.0001s ]
SQL: SHOW COLUMNS FROM `ty_brand` [ RunTime:0.0005s ]
SQL: SELECT * FROM `ty_brand` WHERE ( id in(select brand_id from ty_goods where brand_id > 0 and goods_id in(38,41,42,43,44,47,48,50,53,57,58)) ) LIMIT 30   [ RunTime:0.0001s ]
SQL: SHOW COLUMNS FROM `ty_spec_goods_price` [ RunTime:0.0004s ]
SQL: select group_concat(`key` separator  '_') as `key` from ty_spec_goods_price where goods_id in(38,41,42,43,44,47,48,50,53,57,58) [ RunTime:0.0001s ]
SQL: SHOW COLUMNS FROM `ty_spec` [ RunTime:0.0004s ]
SQL: SELECT `id`,`name` FROM `ty_spec`  [ RunTime:0.0001s ]
SQL: SHOW COLUMNS FROM `ty_spec_item` [ RunTime:0.0004s ]
SQL: SELECT `id`,`spec_id`,`item` FROM `ty_spec_item`  [ RunTime:0.0001s ]
NOTIC: [8] Undefined index: spec /var/www/html/maicai/Application/Home/Logic/GoodsLogic.class.php 第 76 行.
SQL: SHOW COLUMNS FROM `ty_goods_attr` [ RunTime:0.0004s ]
SQL: SELECT * FROM `ty_goods_attr` WHERE ( goods_id in(38,41,42,43,44,47,48,50,53,57,58) and attr_value != '' )  [ RunTime:0.0001s ]
SQL: SHOW COLUMNS FROM `ty_goods_attribute` [ RunTime:0.0004s ]
SQL: SELECT `attr_id`,`attr_name`,`attr_index` FROM `ty_goods_attribute`  [ RunTime:0.0001s ]
SQL: SELECT `goods_id`,`cat_id2`,`goods_sn`,`goods_name`,`shop_price`,`comment_count`,`original_img`,`sales_sum` FROM `ty_goods` WHERE ( store_id = 3 and is_on_sale = 1 ) ORDER BY shop_price desc LIMIT 0,5   [ RunTime:0.0001s ]
SQL: SHOW COLUMNS FROM `ty_goods_category` [ RunTime:0.0005s ]

[ 2018-02-11T10:19:32+08:00 ] 183.20.117.43 /index.php/WXAPI/Goods/goodsInfo/id/57
INFO: [ app_init ] --START--
INFO: Run Behavior\BuildLiteBehavior [ RunTime:0.000011s ]
INFO: [ app_init ] --END-- [ RunTime:0.000228s ]
INFO: [ app_begin ] --START--
INFO: Run Behavior\ReadHtmlCacheBehavior [ RunTime:0.000319s ]
INFO: [ app_begin ] --END-- [ RunTime:0.000360s ]
SQL: SHOW COLUMNS FROM `ty_goods` [ RunTime:0.0013s ]
SQL: SELECT * FROM `ty_goods` WHERE `goods_id` = 57 LIMIT 1   [ RunTime:0.0003s ]
SQL: SHOW COLUMNS FROM `ty_goods_attribute` [ RunTime:0.0005s ]
SQL: SELECT `attr_id`,`attr_name` FROM `ty_goods_attribute`  [ RunTime:0.0001s ]
SQL: SHOW COLUMNS FROM `ty_goods_attr` [ RunTime:0.0004s ]
SQL: SELECT * FROM `ty_goods_attr` WHERE ( goods_id = 57 )  [ RunTime:0.0001s ]
SQL: SHOW COLUMNS FROM `ty_spec_goods_price` [ RunTime:0.0004s ]
SQL: SELECT GROUP_CONCAT(`key` SEPARATOR '_') FROM `ty_spec_goods_price` WHERE ( goods_id = 57 ) LIMIT 1   [ RunTime:0.0002s ]
SQL: SHOW COLUMNS FROM `ty_spec_image` [ RunTime:0.0004s ]
SQL: SELECT `spec_image_id`,`src` FROM `ty_spec_image` WHERE ( goods_id = 57 and src != ''  )  [ RunTime:0.0002s ]
SQL: SELECT a.name,a.order,b.* FROM ty_spec AS a INNER JOIN ty_spec_item AS b ON a.id = b.spec_id WHERE b.id IN(177,178,181,182) ORDER BY a.order [ RunTime:0.0001s ]
SQL: SHOW COLUMNS FROM `ty_spec_goods_price` [ RunTime:0.0004s ]
SQL: SELECT `key`,`price`,`store_count` FROM `ty_spec_goods_price` WHERE ( goods_id = 57 )  [ RunTime:0.0002s ]
SQL: SHOW COLUMNS FROM `ty_goods_images` [ RunTime:0.0003s ]
SQL: SELECT `image_url` FROM `ty_goods_images` WHERE `goods_id` = 57  [ RunTime:0.0002s ]
SQL: SHOW COLUMNS FROM `ty_comment` [ RunTime:0.0006s ]
SQL: SELECT * FROM `ty_comment` WHERE ( goods_id=57 AND is_show=1 AND parent_id=0 ) LIMIT 2   [ RunTime:0.0002s ]

[ 2018-02-11T10:20:00+08:00 ] 183.20.117.43 /index.php/WXAPI/Goods/goodsInfo/id/47
INFO: [ app_init ] --START--
INFO: Run Behavior\BuildLiteBehavior [ RunTime:0.000011s ]
INFO: [ app_init ] --END-- [ RunTime:0.000238s ]
INFO: [ app_begin ] --START--
INFO: Run Behavior\ReadHtmlCacheBehavior [ RunTime:0.000307s ]
INFO: [ app_begin ] --END-- [ RunTime:0.000366s ]
SQL: SHOW COLUMNS FROM `ty_goods` [ RunTime:0.0014s ]
SQL: SELECT * FROM `ty_goods` WHERE `goods_id` = 47 LIMIT 1   [ RunTime:0.0002s ]
SQL: SHOW COLUMNS FROM `ty_goods_attribute` [ RunTime:0.0005s ]
SQL: SELECT `attr_id`,`attr_name` FROM `ty_goods_attribute`  [ RunTime:0.0001s ]
SQL: SHOW COLUMNS FROM `ty_goods_attr` [ RunTime:0.0004s ]
SQL: SELECT * FROM `ty_goods_attr` WHERE ( goods_id = 47 )  [ RunTime:0.0001s ]
SQL: SHOW COLUMNS FROM `ty_spec_goods_price` [ RunTime:0.0005s ]
SQL: SELECT GROUP_CONCAT(`key` SEPARATOR '_') FROM `ty_spec_goods_price` WHERE ( goods_id = 47 ) LIMIT 1   [ RunTime:0.0001s ]
SQL: SHOW COLUMNS FROM `ty_spec_image` [ RunTime:0.0004s ]
SQL: SELECT `spec_image_id`,`src` FROM `ty_spec_image` WHERE ( goods_id = 47 and src != ''  )  [ RunTime:0.0001s ]
SQL: SELECT a.name,a.order,b.* FROM ty_spec AS a INNER JOIN ty_spec_item AS b ON a.id = b.spec_id WHERE b.id IN(177,178,181,182) ORDER BY a.order [ RunTime:0.0001s ]
SQL: SHOW COLUMNS FROM `ty_spec_goods_price` [ RunTime:0.0006s ]
SQL: SELECT `key`,`price`,`store_count` FROM `ty_spec_goods_price` WHERE ( goods_id = 47 )  [ RunTime:0.0001s ]
SQL: SHOW COLUMNS FROM `ty_goods_images` [ RunTime:0.0005s ]
SQL: SELECT `image_url` FROM `ty_goods_images` WHERE `goods_id` = 47  [ RunTime:0.0001s ]
SQL: SHOW COLUMNS FROM `ty_comment` [ RunTime:0.0006s ]
SQL: SELECT * FROM `ty_comment` WHERE ( goods_id=47 AND is_show=1 AND parent_id=0 ) LIMIT 2   [ RunTime:0.0001s ]

[ 2018-02-11T10:35:31+08:00 ] 223.104.12.92 /index.php/WXAPI/Index/home
INFO: [ app_init ] --START--
INFO: Run Behavior\BuildLiteBehavior [ RunTime:0.000011s ]
INFO: [ app_init ] --END-- [ RunTime:0.000228s ]
INFO: [ app_begin ] --START--
INFO: Run Behavior\ReadHtmlCacheBehavior [ RunTime:0.000400s ]
INFO: [ app_begin ] --END-- [ RunTime:0.000448s ]
SQL: SHOW COLUMNS FROM `ty_coupon` [ RunTime:0.0008s ]
SQL: SELECT * FROM `ty_coupon` WHERE `send_start_time` < 1518316531 AND `send_end_time` > 1518316531  [ RunTime:0.0002s ]
SQL: SHOW COLUMNS FROM `ty_ad` [ RunTime:0.0006s ]
SQL: SELECT `ad_link`,`ad_name`,`ad_code`,`pid` FROM `ty_ad` WHERE `pid` = 1 AND `enabled` = 1  [ RunTime:0.0001s ]
SQL: SELECT `ad_link`,`ad_name`,`ad_code`,`pid` FROM `ty_ad` WHERE `pid` = 2 AND `enabled` = 1  [ RunTime:0.0001s ]
SQL: SELECT `ad_link`,`ad_name`,`ad_code`,`pid` FROM `ty_ad` WHERE `pid` = 3 AND `enabled` = 1  [ RunTime:0.0001s ]
SQL: SHOW COLUMNS FROM `ty_article` [ RunTime:0.0006s ]
SQL: SELECT `article_id`,`content`,`link`,`description` FROM `ty_article` WHERE `article_id` = 2 LIMIT 1   [ RunTime:0.0001s ]
SQL: SELECT `article_id`,`content`,`link`,`description` FROM `ty_article` WHERE `article_id` = 1 LIMIT 1   [ RunTime:0.0001s ]
SQL: SHOW COLUMNS FROM `ty_article_cat` [ RunTime:0.0005s ]
SQL: SELECT `cat_name`,`thumb`,`cat_desc` FROM `ty_article_cat` WHERE `parent_id` = 2 AND `show_in_nav` = 1 ORDER BY sort_order  [ RunTime:0.0001s ]
SQL: SELECT `cat_name`,`thumb`,`cat_desc`,`type` FROM `ty_article_cat` WHERE `parent_id` = 9 AND `show_in_nav` = 1 ORDER BY sort_order  [ RunTime:0.0001s ]

[ 2018-02-11T10:35:31+08:00 ] 223.104.12.92 /index.php/WXAPI/User/getOpenid?url=https%3A%2F%2Fapi.weixin.qq.com%2Fsns%2Fjscode2session%3Fappid%3Dwxf3a9ae58645327d5%26secret%3Dc90e9c7fa14d4df6fbde0970cc2f0fb0%26js_code%3D011fPC8a1oGJLR1TIe6a1lkE8a1fPC8L%26grant_type%3Dauthorization_code%26code%3D011fPC8a1oGJLR1TIe6a1lkE8a1fPC8L
INFO: [ app_init ] --START--
INFO: Run Behavior\BuildLiteBehavior [ RunTime:0.000015s ]
INFO: [ app_init ] --END-- [ RunTime:0.000313s ]
INFO: [ app_begin ] --START--
INFO: Run Behavior\ReadHtmlCacheBehavior [ RunTime:0.000293s ]
INFO: [ app_begin ] --END-- [ RunTime:0.000333s ]
SQL: SHOW COLUMNS FROM `ty_users` [ RunTime:0.0013s ]
INFO: [ app_end ] --START--
INFO: Run Behavior\ShowPageTraceBehavior [ RunTime:0.000398s ]
INFO: [ app_end ] --END-- [ RunTime:0.000466s ]

[ 2018-02-11T10:35:31+08:00 ] 223.104.12.92 /index.php/WXAPI/User/validateOpenid?openid=o9h__0A5B7PwlNHRm0KCCfh7NAIo
INFO: [ app_init ] --START--
INFO: Run Behavior\BuildLiteBehavior [ RunTime:0.000013s ]
INFO: [ app_init ] --END-- [ RunTime:0.000232s ]
INFO: [ app_begin ] --START--
INFO: Run Behavior\ReadHtmlCacheBehavior [ RunTime:0.000378s ]
INFO: [ app_begin ] --END-- [ RunTime:0.000457s ]
SQL: SHOW COLUMNS FROM `ty_users` [ RunTime:0.0014s ]
SQL: SHOW COLUMNS FROM `ty_users` [ RunTime:0.0012s ]
SQL: SELECT * FROM `ty_users` WHERE `open_id` = 'o9h__0A5B7PwlNHRm0KCCfh7NAIo' LIMIT 1   [ RunTime:0.0008s ]
SQL: SHOW COLUMNS FROM `ty_config` [ RunTime:0.0004s ]
SQL: SELECT * FROM `ty_config` WHERE `name` = 'hot_keywords' LIMIT 1   [ RunTime:0.0001s ]
SQL: SHOW COLUMNS FROM `ty_seller_apply` [ RunTime:0.0005s ]
SQL: SELECT * FROM `ty_seller_apply` WHERE `user_id` = 794 LIMIT 1   [ RunTime:0.0002s ]
INFO: [ app_end ] --START--
INFO: Run Behavior\ShowPageTraceBehavior [ RunTime:0.000439s ]
INFO: [ app_end ] --END-- [ RunTime:0.000486s ]

[ 2018-02-11T10:35:38+08:00 ] 223.104.12.92 /index.php/WXAPI/Goods/goodsInfo/id/41
INFO: [ app_init ] --START--
INFO: Run Behavior\BuildLiteBehavior [ RunTime:0.000018s ]
INFO: [ app_init ] --END-- [ RunTime:0.000254s ]
INFO: [ app_begin ] --START--
INFO: Run Behavior\ReadHtmlCacheBehavior [ RunTime:0.000478s ]
INFO: [ app_begin ] --END-- [ RunTime:0.000528s ]
SQL: SHOW COLUMNS FROM `ty_goods` [ RunTime:0.0015s ]
SQL: SELECT * FROM `ty_goods` WHERE `goods_id` = 41 LIMIT 1   [ RunTime:0.0002s ]
SQL: SHOW COLUMNS FROM `ty_goods_attribute` [ RunTime:0.0006s ]
SQL: SELECT `attr_id`,`attr_name` FROM `ty_goods_attribute`  [ RunTime:0.0001s ]
SQL: SHOW COLUMNS FROM `ty_goods_attr` [ RunTime:0.0005s ]
SQL: SELECT * FROM `ty_goods_attr` WHERE ( goods_id = 41 )  [ RunTime:0.0001s ]
SQL: SHOW COLUMNS FROM `ty_spec_goods_price` [ RunTime:0.0006s ]
SQL: SELECT GROUP_CONCAT(`key` SEPARATOR '_') FROM `ty_spec_goods_price` WHERE ( goods_id = 41 ) LIMIT 1   [ RunTime:0.0001s ]
SQL: SHOW COLUMNS FROM `ty_spec_image` [ RunTime:0.0005s ]
SQL: SELECT `spec_image_id`,`src` FROM `ty_spec_image` WHERE ( goods_id = 41 and src != ''  )  [ RunTime:0.0001s ]
SQL: SELECT a.name,a.order,b.* FROM ty_spec AS a INNER JOIN ty_spec_item AS b ON a.id = b.spec_id WHERE b.id IN(177,178,181,182) ORDER BY a.order [ RunTime:0.0001s ]
SQL: SHOW COLUMNS FROM `ty_spec_goods_price` [ RunTime:0.0005s ]
SQL: SELECT `key`,`price`,`store_count` FROM `ty_spec_goods_price` WHERE ( goods_id = 41 )  [ RunTime:0.0001s ]
SQL: SHOW COLUMNS FROM `ty_goods_images` [ RunTime:0.0004s ]
SQL: SELECT `image_url` FROM `ty_goods_images` WHERE `goods_id` = 41  [ RunTime:0.0001s ]
SQL: SHOW COLUMNS FROM `ty_comment` [ RunTime:0.0006s ]
SQL: SELECT * FROM `ty_comment` WHERE ( goods_id=41 AND is_show=1 AND parent_id=0 ) LIMIT 2   [ RunTime:0.0001s ]

[ 2018-02-11T10:36:08+08:00 ] 223.104.12.92 /index.php/WXAPI/Store/storeGoods?store_id=3&p=0&sort=shop_price&sort_asc=desc
INFO: [ app_init ] --START--
INFO: Run Behavior\BuildLiteBehavior [ RunTime:0.000011s ]
INFO: [ app_init ] --END-- [ RunTime:0.000226s ]
INFO: [ app_begin ] --START--
INFO: Run Behavior\ReadHtmlCacheBehavior [ RunTime:0.000316s ]
INFO: [ app_begin ] --END-- [ RunTime:0.000357s ]
SQL: SHOW COLUMNS FROM `ty_store` [ RunTime:0.0019s ]
SQL: SELECT * FROM `ty_store` WHERE `store_id` = 3 LIMIT 1   [ RunTime:0.0002s ]
SQL: SELECT `store_id`,`store_name`,`store_address`,`store_logo` FROM `ty_store` WHERE `store_id` = 3 AND `store_state` = 1 LIMIT 1   [ RunTime:0.0001s ]
SQL: SHOW COLUMNS FROM `ty_goods` [ RunTime:0.0012s ]
SQL: SHOW COLUMNS FROM `ty_goods` [ RunTime:0.0014s ]
SQL: SELECT `shop_price` FROM `ty_goods` WHERE ( goods_id in (38,41,42,43,44,47,48,50,53,57,58) )  [ RunTime:0.0001s ]
SQL: SHOW COLUMNS FROM `ty_brand` [ RunTime:0.0005s ]
SQL: SELECT * FROM `ty_brand` WHERE ( id in(select brand_id from ty_goods where brand_id > 0 and goods_id in(38,41,42,43,44,47,48,50,53,57,58)) ) LIMIT 30   [ RunTime:0.0001s ]
SQL: SHOW COLUMNS FROM `ty_spec_goods_price` [ RunTime:0.0006s ]
SQL: select group_concat(`key` separator  '_') as `key` from ty_spec_goods_price where goods_id in(38,41,42,43,44,47,48,50,53,57,58) [ RunTime:0.0001s ]
SQL: SHOW COLUMNS FROM `ty_spec` [ RunTime:0.0004s ]
SQL: SELECT `id`,`name` FROM `ty_spec`  [ RunTime:0.0001s ]
SQL: SHOW COLUMNS FROM `ty_spec_item` [ RunTime:0.0004s ]
SQL: SELECT `id`,`spec_id`,`item` FROM `ty_spec_item`  [ RunTime:0.0001s ]
NOTIC: [8] Undefined index: spec /var/www/html/maicai/Application/Home/Logic/GoodsLogic.class.php 第 76 行.
SQL: SHOW COLUMNS FROM `ty_goods_attr` [ RunTime:0.0004s ]
SQL: SELECT * FROM `ty_goods_attr` WHERE ( goods_id in(38,41,42,43,44,47,48,50,53,57,58) and attr_value != '' )  [ RunTime:0.0001s ]
SQL: SHOW COLUMNS FROM `ty_goods_attribute` [ RunTime:0.0004s ]
SQL: SELECT `attr_id`,`attr_name`,`attr_index` FROM `ty_goods_attribute`  [ RunTime:0.0001s ]
SQL: SELECT `goods_id`,`cat_id2`,`goods_sn`,`goods_name`,`shop_price`,`comment_count`,`original_img`,`sales_sum` FROM `ty_goods` WHERE ( store_id = 3 and is_on_sale = 1 ) ORDER BY shop_price desc LIMIT 0,5   [ RunTime:0.0001s ]
SQL: SHOW COLUMNS FROM `ty_goods_category` [ RunTime:0.0007s ]

[ 2018-02-11T10:36:10+08:00 ] 223.104.12.92 /index.php/WXAPI/Store/storeGoods?store_id=3&p=1&sort=shop_price&sort_asc=desc
INFO: [ app_init ] --START--
INFO: Run Behavior\BuildLiteBehavior [ RunTime:0.000015s ]
INFO: [ app_init ] --END-- [ RunTime:0.000234s ]
INFO: [ app_begin ] --START--
INFO: Run Behavior\ReadHtmlCacheBehavior [ RunTime:0.000440s ]
INFO: [ app_begin ] --END-- [ RunTime:0.000496s ]
SQL: SHOW COLUMNS FROM `ty_store` [ RunTime:0.0018s ]
SQL: SELECT * FROM `ty_store` WHERE `store_id` = 3 LIMIT 1   [ RunTime:0.0002s ]
SQL: SELECT `store_id`,`store_name`,`store_address`,`store_logo` FROM `ty_store` WHERE `store_id` = 3 AND `store_state` = 1 LIMIT 1   [ RunTime:0.0001s ]
SQL: SHOW COLUMNS FROM `ty_goods` [ RunTime:0.0011s ]
SQL: SHOW COLUMNS FROM `ty_goods` [ RunTime:0.0011s ]
SQL: SELECT `shop_price` FROM `ty_goods` WHERE ( goods_id in (38,41,42,43,44,47,48,50,53,57,58) )  [ RunTime:0.0001s ]
SQL: SHOW COLUMNS FROM `ty_brand` [ RunTime:0.0005s ]
SQL: SELECT * FROM `ty_brand` WHERE ( id in(select brand_id from ty_goods where brand_id > 0 and goods_id in(38,41,42,43,44,47,48,50,53,57,58)) ) LIMIT 30   [ RunTime:0.0001s ]
SQL: SHOW COLUMNS FROM `ty_spec_goods_price` [ RunTime:0.0005s ]
SQL: select group_concat(`key` separator  '_') as `key` from ty_spec_goods_price where goods_id in(38,41,42,43,44,47,48,50,53,57,58) [ RunTime:0.0001s ]
SQL: SHOW COLUMNS FROM `ty_spec` [ RunTime:0.0004s ]
SQL: SELECT `id`,`name` FROM `ty_spec`  [ RunTime:0.0001s ]
SQL: SHOW COLUMNS FROM `ty_spec_item` [ RunTime:0.0005s ]
SQL: SELECT `id`,`spec_id`,`item` FROM `ty_spec_item`  [ RunTime:0.0001s ]
NOTIC: [8] Undefined index: spec /var/www/html/maicai/Application/Home/Logic/GoodsLogic.class.php 第 76 行.
SQL: SHOW COLUMNS FROM `ty_goods_attr` [ RunTime:0.0005s ]
SQL: SELECT * FROM `ty_goods_attr` WHERE ( goods_id in(38,41,42,43,44,47,48,50,53,57,58) and attr_value != '' )  [ RunTime:0.0001s ]
SQL: SHOW COLUMNS FROM `ty_goods_attribute` [ RunTime:0.0006s ]
SQL: SELECT `attr_id`,`attr_name`,`attr_index` FROM `ty_goods_attribute`  [ RunTime:0.0001s ]
SQL: SELECT `goods_id`,`cat_id2`,`goods_sn`,`goods_name`,`shop_price`,`comment_count`,`original_img`,`sales_sum` FROM `ty_goods` WHERE ( store_id = 3 and is_on_sale = 1 ) ORDER BY shop_price desc LIMIT 5,5   [ RunTime:0.0001s ]
SQL: SHOW COLUMNS FROM `ty_goods_category` [ RunTime:0.0009s ]

[ 2018-02-11T10:36:11+08:00 ] 223.104.12.92 /index.php/WXAPI/Store/storeGoods?store_id=3&p=2&sort=shop_price&sort_asc=desc
INFO: [ app_init ] --START--
INFO: Run Behavior\BuildLiteBehavior [ RunTime:0.000012s ]
INFO: [ app_init ] --END-- [ RunTime:0.000304s ]
INFO: [ app_begin ] --START--
INFO: Run Behavior\ReadHtmlCacheBehavior [ RunTime:0.000343s ]
INFO: [ app_begin ] --END-- [ RunTime:0.000391s ]
SQL: SHOW COLUMNS FROM `ty_store` [ RunTime:0.0023s ]
SQL: SELECT * FROM `ty_store` WHERE `store_id` = 3 LIMIT 1   [ RunTime:0.0002s ]
SQL: SELECT `store_id`,`store_name`,`store_address`,`store_logo` FROM `ty_store` WHERE `store_id` = 3 AND `store_state` = 1 LIMIT 1   [ RunTime:0.0001s ]
SQL: SHOW COLUMNS FROM `ty_goods` [ RunTime:0.0010s ]
SQL: SHOW COLUMNS FROM `ty_goods` [ RunTime:0.0010s ]
SQL: SELECT `shop_price` FROM `ty_goods` WHERE ( goods_id in (38,41,42,43,44,47,48,50,53,57,58) )  [ RunTime:0.0001s ]
SQL: SHOW COLUMNS FROM `ty_brand` [ RunTime:0.0005s ]
SQL: SELECT * FROM `ty_brand` WHERE ( id in(select brand_id from ty_goods where brand_id > 0 and goods_id in(38,41,42,43,44,47,48,50,53,57,58)) ) LIMIT 30   [ RunTime:0.0001s ]
SQL: SHOW COLUMNS FROM `ty_spec_goods_price` [ RunTime:0.0004s ]
SQL: select group_concat(`key` separator  '_') as `key` from ty_spec_goods_price where goods_id in(38,41,42,43,44,47,48,50,53,57,58) [ RunTime:0.0001s ]
SQL: SHOW COLUMNS FROM `ty_spec` [ RunTime:0.0004s ]
SQL: SELECT `id`,`name` FROM `ty_spec`  [ RunTime:0.0001s ]
SQL: SHOW COLUMNS FROM `ty_spec_item` [ RunTime:0.0004s ]
SQL: SELECT `id`,`spec_id`,`item` FROM `ty_spec_item`  [ RunTime:0.0001s ]
NOTIC: [8] Undefined index: spec /var/www/html/maicai/Application/Home/Logic/GoodsLogic.class.php 第 76 行.
SQL: SHOW COLUMNS FROM `ty_goods_attr` [ RunTime:0.0004s ]
SQL: SELECT * FROM `ty_goods_attr` WHERE ( goods_id in(38,41,42,43,44,47,48,50,53,57,58) and attr_value != '' )  [ RunTime:0.0001s ]
SQL: SHOW COLUMNS FROM `ty_goods_attribute` [ RunTime:0.0004s ]
SQL: SELECT `attr_id`,`attr_name`,`attr_index` FROM `ty_goods_attribute`  [ RunTime:0.0001s ]
SQL: SELECT `goods_id`,`cat_id2`,`goods_sn`,`goods_name`,`shop_price`,`comment_count`,`original_img`,`sales_sum` FROM `ty_goods` WHERE ( store_id = 3 and is_on_sale = 1 ) ORDER BY shop_price desc LIMIT 10,5   [ RunTime:0.0001s ]
SQL: SHOW COLUMNS FROM `ty_goods_category` [ RunTime:0.0005s ]

[ 2018-02-11T10:36:12+08:00 ] 223.104.12.92 /index.php/WXAPI/Store/storeGoods?store_id=3&p=3&sort=shop_price&sort_asc=desc
INFO: [ app_init ] --START--
INFO: Run Behavior\BuildLiteBehavior [ RunTime:0.000015s ]
INFO: [ app_init ] --END-- [ RunTime:0.000327s ]
INFO: [ app_begin ] --START--
INFO: Run Behavior\ReadHtmlCacheBehavior [ RunTime:0.000316s ]
INFO: [ app_begin ] --END-- [ RunTime:0.000365s ]
SQL: SHOW COLUMNS FROM `ty_store` [ RunTime:0.0019s ]
SQL: SELECT * FROM `ty_store` WHERE `store_id` = 3 LIMIT 1   [ RunTime:0.0002s ]
SQL: SELECT `store_id`,`store_name`,`store_address`,`store_logo` FROM `ty_store` WHERE `store_id` = 3 AND `store_state` = 1 LIMIT 1   [ RunTime:0.0001s ]
SQL: SHOW COLUMNS FROM `ty_goods` [ RunTime:0.0010s ]
SQL: SHOW COLUMNS FROM `ty_goods` [ RunTime:0.0012s ]
SQL: SELECT `shop_price` FROM `ty_goods` WHERE ( goods_id in (38,41,42,43,44,47,48,50,53,57,58) )  [ RunTime:0.0001s ]
SQL: SHOW COLUMNS FROM `ty_brand` [ RunTime:0.0006s ]
SQL: SELECT * FROM `ty_brand` WHERE ( id in(select brand_id from ty_goods where brand_id > 0 and goods_id in(38,41,42,43,44,47,48,50,53,57,58)) ) LIMIT 30   [ RunTime:0.0001s ]
SQL: SHOW COLUMNS FROM `ty_spec_goods_price` [ RunTime:0.0006s ]
SQL: select group_concat(`key` separator  '_') as `key` from ty_spec_goods_price where goods_id in(38,41,42,43,44,47,48,50,53,57,58) [ RunTime:0.0001s ]
SQL: SHOW COLUMNS FROM `ty_spec` [ RunTime:0.0006s ]
SQL: SELECT `id`,`name` FROM `ty_spec`  [ RunTime:0.0001s ]
SQL: SHOW COLUMNS FROM `ty_spec_item` [ RunTime:0.0005s ]
SQL: SELECT `id`,`spec_id`,`item` FROM `ty_spec_item`  [ RunTime:0.0001s ]
NOTIC: [8] Undefined index: spec /var/www/html/maicai/Application/Home/Logic/GoodsLogic.class.php 第 76 行.
SQL: SHOW COLUMNS FROM `ty_goods_attr` [ RunTime:0.0005s ]
SQL: SELECT * FROM `ty_goods_attr` WHERE ( goods_id in(38,41,42,43,44,47,48,50,53,57,58) and attr_value != '' )  [ RunTime:0.0001s ]
SQL: SHOW COLUMNS FROM `ty_goods_attribute` [ RunTime:0.0006s ]
SQL: SELECT `attr_id`,`attr_name`,`attr_index` FROM `ty_goods_attribute`  [ RunTime:0.0001s ]
SQL: SELECT `goods_id`,`cat_id2`,`goods_sn`,`goods_name`,`shop_price`,`comment_count`,`original_img`,`sales_sum` FROM `ty_goods` WHERE ( store_id = 3 and is_on_sale = 1 ) ORDER BY shop_price desc LIMIT 15,5   [ RunTime:0.0001s ]
SQL: SHOW COLUMNS FROM `ty_goods_category` [ RunTime:0.0008s ]

[ 2018-02-11T10:36:14+08:00 ] 223.104.12.92 /index.php/WXAPI/Goods/goodsInfo/id/38
INFO: [ app_init ] --START--
INFO: Run Behavior\BuildLiteBehavior [ RunTime:0.000010s ]
INFO: [ app_init ] --END-- [ RunTime:0.000217s ]
INFO: [ app_begin ] --START--
INFO: Run Behavior\ReadHtmlCacheBehavior [ RunTime:0.000312s ]
INFO: [ app_begin ] --END-- [ RunTime:0.000365s ]
SQL: SHOW COLUMNS FROM `ty_goods` [ RunTime:0.0012s ]
SQL: SELECT * FROM `ty_goods` WHERE `goods_id` = 38 LIMIT 1   [ RunTime:0.0003s ]
SQL: SHOW COLUMNS FROM `ty_goods_attribute` [ RunTime:0.0004s ]
SQL: SELECT `attr_id`,`attr_name` FROM `ty_goods_attribute`  [ RunTime:0.0001s ]
SQL: SHOW COLUMNS FROM `ty_goods_attr` [ RunTime:0.0004s ]
SQL: SELECT * FROM `ty_goods_attr` WHERE ( goods_id = 38 )  [ RunTime:0.0001s ]
SQL: SHOW COLUMNS FROM `ty_spec_goods_price` [ RunTime:0.0004s ]
SQL: SELECT GROUP_CONCAT(`key` SEPARATOR '_') FROM `ty_spec_goods_price` WHERE ( goods_id = 38 ) LIMIT 1   [ RunTime:0.0002s ]
SQL: SHOW COLUMNS FROM `ty_spec_image` [ RunTime:0.0004s ]
SQL: SELECT `spec_image_id`,`src` FROM `ty_spec_image` WHERE ( goods_id = 38 and src != ''  )  [ RunTime:0.0002s ]
SQL: SELECT a.name,a.order,b.* FROM ty_spec AS a INNER JOIN ty_spec_item AS b ON a.id = b.spec_id WHERE b.id IN(181) ORDER BY a.order [ RunTime:0.0002s ]
SQL: SHOW COLUMNS FROM `ty_spec_goods_price` [ RunTime:0.0004s ]
SQL: SELECT `key`,`price`,`store_count` FROM `ty_spec_goods_price` WHERE ( goods_id = 38 )  [ RunTime:0.0001s ]
SQL: SHOW COLUMNS FROM `ty_goods_images` [ RunTime:0.0003s ]
SQL: SELECT `image_url` FROM `ty_goods_images` WHERE `goods_id` = 38  [ RunTime:0.0001s ]
SQL: SHOW COLUMNS FROM `ty_comment` [ RunTime:0.0006s ]
SQL: SELECT * FROM `ty_comment` WHERE ( goods_id=38 AND is_show=1 AND parent_id=0 ) LIMIT 2   [ RunTime:0.0002s ]

[ 2018-02-11T11:02:18+08:00 ] 58.247.31.114 /index.php/WXAPI/Index/home
INFO: [ app_init ] --START--
INFO: Run Behavior\BuildLiteBehavior [ RunTime:0.000011s ]
INFO: [ app_init ] --END-- [ RunTime:0.000225s ]
INFO: [ app_begin ] --START--
INFO: Run Behavior\ReadHtmlCacheBehavior [ RunTime:0.000295s ]
INFO: [ app_begin ] --END-- [ RunTime:0.000336s ]
SQL: SHOW COLUMNS FROM `ty_coupon` [ RunTime:0.0008s ]
SQL: SELECT * FROM `ty_coupon` WHERE `send_start_time` < 1518318138 AND `send_end_time` > 1518318138  [ RunTime:0.0002s ]
SQL: SHOW COLUMNS FROM `ty_ad` [ RunTime:0.0006s ]
SQL: SELECT `ad_link`,`ad_name`,`ad_code`,`pid` FROM `ty_ad` WHERE `pid` = 1 AND `enabled` = 1  [ RunTime:0.0001s ]
SQL: SELECT `ad_link`,`ad_name`,`ad_code`,`pid` FROM `ty_ad` WHERE `pid` = 2 AND `enabled` = 1  [ RunTime:0.0001s ]
SQL: SELECT `ad_link`,`ad_name`,`ad_code`,`pid` FROM `ty_ad` WHERE `pid` = 3 AND `enabled` = 1  [ RunTime:0.0001s ]
SQL: SHOW COLUMNS FROM `ty_article` [ RunTime:0.0006s ]
SQL: SELECT `article_id`,`content`,`link`,`description` FROM `ty_article` WHERE `article_id` = 2 LIMIT 1   [ RunTime:0.0001s ]
SQL: SELECT `article_id`,`content`,`link`,`description` FROM `ty_article` WHERE `article_id` = 1 LIMIT 1   [ RunTime:0.0001s ]
SQL: SHOW COLUMNS FROM `ty_article_cat` [ RunTime:0.0005s ]
SQL: SELECT `cat_name`,`thumb`,`cat_desc` FROM `ty_article_cat` WHERE `parent_id` = 2 AND `show_in_nav` = 1 ORDER BY sort_order  [ RunTime:0.0001s ]
SQL: SELECT `cat_name`,`thumb`,`cat_desc`,`type` FROM `ty_article_cat` WHERE `parent_id` = 9 AND `show_in_nav` = 1 ORDER BY sort_order  [ RunTime:0.0001s ]

[ 2018-02-11T11:02:18+08:00 ] 58.247.31.114 /index.php/WXAPI/User/getOpenid?url=https%3A%2F%2Fapi.weixin.qq.com%2Fsns%2Fjscode2session%3Fappid%3Dwxf3a9ae58645327d5%26secret%3Dc90e9c7fa14d4df6fbde0970cc2f0fb0%26js_code%3D061Ul5c92592AR0Qff992t0dc92Ul5cZ%26grant_type%3Dauthorization_code%26code%3D061Ul5c92592AR0Qff992t0dc92Ul5cZ
INFO: [ app_init ] --START--
INFO: Run Behavior\BuildLiteBehavior [ RunTime:0.000011s ]
INFO: [ app_init ] --END-- [ RunTime:0.000220s ]
INFO: [ app_begin ] --START--
INFO: Run Behavior\ReadHtmlCacheBehavior [ RunTime:0.000289s ]
INFO: [ app_begin ] --END-- [ RunTime:0.000329s ]
SQL: SHOW COLUMNS FROM `ty_users` [ RunTime:0.0012s ]
INFO: [ app_end ] --START--
INFO: Run Behavior\ShowPageTraceBehavior [ RunTime:0.000446s ]
INFO: [ app_end ] --END-- [ RunTime:0.000513s ]

[ 2018-02-11T11:02:18+08:00 ] 58.247.31.114 /index.php/WXAPI/User/validateOpenid?openid=o9h__0IMy4pBKp2Ty9gpBD81BUzQ
INFO: [ app_init ] --START--
INFO: Run Behavior\BuildLiteBehavior [ RunTime:0.000025s ]
INFO: [ app_init ] --END-- [ RunTime:0.000246s ]
INFO: [ app_begin ] --START--
INFO: Run Behavior\ReadHtmlCacheBehavior [ RunTime:0.000311s ]
INFO: [ app_begin ] --END-- [ RunTime:0.000352s ]
SQL: SHOW COLUMNS FROM `ty_users` [ RunTime:0.0012s ]
SQL: SHOW COLUMNS FROM `ty_users` [ RunTime:0.0010s ]
SQL: SELECT * FROM `ty_users` WHERE `open_id` = 'o9h__0IMy4pBKp2Ty9gpBD81BUzQ' LIMIT 1   [ RunTime:0.0007s ]
INFO: [ app_end ] --START--
INFO: Run Behavior\ShowPageTraceBehavior [ RunTime:0.000377s ]
INFO: [ app_end ] --END-- [ RunTime:0.000414s ]

[ 2018-02-11T11:02:21+08:00 ] 58.247.31.114 /index.php/WXAPI/User/register?open_id=o9h__0IMy4pBKp2Ty9gpBD81BUzQ&country=China&gender=1&nick_name=Valerio%20Li&province=Shanghai&city=Xuhui&head_pic=https://wx.qlogo.cn/mmopen/vi_32/Q0j4TwGTfTKarEqxL45gKy0vBv6j2AhjlfuZB593Bia2bnkn5osZviaET5R2WfAZwJBZRZED9eZJsku7m3ZrWQicw/0&fid=0
INFO: [ app_init ] --START--
INFO: Run Behavior\BuildLiteBehavior [ RunTime:0.000012s ]
INFO: [ app_init ] --END-- [ RunTime:0.000317s ]
INFO: [ app_begin ] --START--
INFO: Run Behavior\ReadHtmlCacheBehavior [ RunTime:0.000414s ]
INFO: [ app_begin ] --END-- [ RunTime:0.000458s ]
SQL: SHOW COLUMNS FROM `ty_users` [ RunTime:0.0014s ]
SQL: SHOW COLUMNS FROM `ty_users` [ RunTime:0.0011s ]
SQL: SHOW COLUMNS FROM `ty_config` [ RunTime:0.0005s ]
SQL: SELECT `value` FROM `ty_config` WHERE `name` = 'distributor' LIMIT 1   [ RunTime:0.0001s ]
SQL: INSERT INTO `ty_users` (`city`,`open_id`,`nick_name`,`province`,`head_pic`) VALUES ('0','o9h__0IMy4pBKp2Ty9gpBD81BUzQ','Valerio Li','0','https://wx.qlogo.cn/mmopen/vi_32/Q0j4TwGTfTKarEqxL45gKy0vBv6j2AhjlfuZB593Bia2bnkn5osZviaET5R2WfAZwJBZRZED9eZJsku7m3ZrWQicw/0') [ RunTime:0.0003s ]
SQL: SELECT * FROM `ty_users` WHERE `user_id` = 818 LIMIT 1   [ RunTime:0.0004s ]
NOTIC: [8] Undefined variable: v /var/www/html/maicai/Application/WXAPI/Controller/UserController.class.php 第 736 行.
SQL: UPDATE `ty_users` SET `head_pic`='/Public/head/818.jpg' WHERE `user_id` = 818 [ RunTime:0.0003s ]
SQL: SELECT * FROM `ty_users` WHERE `user_id` = 818 LIMIT 1   [ RunTime:0.0002s ]
SQL: SELECT * FROM `ty_users` WHERE `user_id` = 818 LIMIT 1   [ RunTime:0.0001s ]
SQL: SELECT * FROM `ty_config` WHERE `name` = 'hot_keywords' LIMIT 1   [ RunTime:0.0001s ]
SQL: SHOW COLUMNS FROM `ty_seller_apply` [ RunTime:0.0006s ]
SQL: SELECT * FROM `ty_seller_apply` WHERE `user_id` = 818 LIMIT 1   [ RunTime:0.0002s ]
INFO: [ app_end ] --START--
INFO: Run Behavior\ShowPageTraceBehavior [ RunTime:0.000385s ]
INFO: [ app_end ] --END-- [ RunTime:0.000425s ]

[ 2018-02-11T11:02:30+08:00 ] 58.247.31.114 /index.php/WXAPI/Store/getStoreClass
INFO: [ app_init ] --START--
INFO: Run Behavior\BuildLiteBehavior [ RunTime:0.000011s ]
INFO: [ app_init ] --END-- [ RunTime:0.000235s ]
INFO: [ app_begin ] --START--
INFO: Run Behavior\ReadHtmlCacheBehavior [ RunTime:0.000303s ]
INFO: [ app_begin ] --END-- [ RunTime:0.000342s ]
SQL: SHOW COLUMNS FROM `ty_store` [ RunTime:0.0016s ]
SQL: SELECT * FROM `ty_store` WHERE `store_id` = 1 LIMIT 1   [ RunTime:0.0002s ]
SQL: SHOW COLUMNS FROM `ty_store_class` [ RunTime:0.0004s ]
SQL: SELECT * FROM `ty_store_class` ORDER BY sc_sort asc  [ RunTime:0.0001s ]

[ 2018-02-11T11:02:30+08:00 ] 58.247.31.114 /index.php/WXAPI/Store/getStores
INFO: [ app_init ] --START--
INFO: Run Behavior\BuildLiteBehavior [ RunTime:0.000011s ]
INFO: [ app_init ] --END-- [ RunTime:0.000218s ]
INFO: [ app_begin ] --START--
INFO: Run Behavior\ReadHtmlCacheBehavior [ RunTime:0.000303s ]
INFO: [ app_begin ] --END-- [ RunTime:0.000343s ]
SQL: SHOW COLUMNS FROM `ty_store` [ RunTime:0.0017s ]
SQL: SELECT * FROM `ty_store` WHERE `store_id` = 1 LIMIT 1   [ RunTime:0.0002s ]
SQL: SELECT * FROM `ty_store` WHERE `store_state` = 1  [ RunTime:0.0001s ]
SQL: SHOW COLUMNS FROM `ty_goods` [ RunTime:0.0010s ]
SQL: SELECT COUNT(*) AS tp_count FROM `ty_goods` WHERE `store_id` = 3 LIMIT 1   [ RunTime:0.0001s ]
SQL: SELECT * FROM `ty_goods` WHERE `store_id` = 3 LIMIT 0,4   [ RunTime:0.0001s ]
SQL: SELECT COUNT(*) AS tp_count FROM `ty_goods` WHERE `store_id` = 35 LIMIT 1   [ RunTime:0.0001s ]
SQL: SELECT * FROM `ty_goods` WHERE `store_id` = 35 LIMIT 0,4   [ RunTime:0.0001s ]
SQL: SELECT COUNT(*) AS tp_count FROM `ty_goods` WHERE `store_id` = 36 LIMIT 1   [ RunTime:0.0001s ]
SQL: SELECT * FROM `ty_goods` WHERE `store_id` = 36 LIMIT 0,4   [ RunTime:0.0001s ]

[ 2018-02-11T11:02:31+08:00 ] 58.247.31.114 /index.php/WXAPI/Goods/goodsCategoryList
INFO: [ app_init ] --START--
INFO: Run Behavior\BuildLiteBehavior [ RunTime:0.000011s ]
INFO: [ app_init ] --END-- [ RunTime:0.000228s ]
INFO: [ app_begin ] --START--
INFO: Run Behavior\ReadHtmlCacheBehavior [ RunTime:0.000299s ]
INFO: [ app_begin ] --END-- [ RunTime:0.000339s ]
SQL: SHOW COLUMNS FROM `ty_goods_category` [ RunTime:0.0007s ]
SQL: SELECT * FROM `ty_goods_category` WHERE ( parent_id = 0 AND is_show=1 ) ORDER BY parent_id_path,sort_order desc  [ RunTime:0.0001s ]

[ 2018-02-11T11:02:31+08:00 ] 58.247.31.114 /index.php/WXAPI/Goods/goodsCategoryList/parent_id/43
INFO: [ app_init ] --START--
INFO: Run Behavior\BuildLiteBehavior [ RunTime:0.000011s ]
INFO: [ app_init ] --END-- [ RunTime:0.000236s ]
INFO: [ app_begin ] --START--
INFO: Run Behavior\ReadHtmlCacheBehavior [ RunTime:0.000407s ]
INFO: [ app_begin ] --END-- [ RunTime:0.000535s ]
SQL: SHOW COLUMNS FROM `ty_goods_category` [ RunTime:0.0008s ]
SQL: SELECT * FROM `ty_goods_category` WHERE ( parent_id = 43 AND is_show=1 ) ORDER BY parent_id_path,sort_order desc  [ RunTime:0.0001s ]

[ 2018-02-11T11:02:32+08:00 ] 58.247.31.114 /index.php/WXAPI/goods/categoryBanner/banner_name/%E8%82%89%E7%B1%BB
INFO: [ app_init ] --START--
INFO: Run Behavior\BuildLiteBehavior [ RunTime:0.000012s ]
INFO: [ app_init ] --END-- [ RunTime:0.000240s ]
INFO: [ app_begin ] --START--
INFO: Run Behavior\ReadHtmlCacheBehavior [ RunTime:0.000317s ]
INFO: [ app_begin ] --END-- [ RunTime:0.000356s ]
SQL: SHOW COLUMNS FROM `ty_ad_position` [ RunTime:0.0006s ]
SQL: SELECT `position_id` FROM `ty_ad_position` WHERE `position_name` = '肉类' LIMIT 1   [ RunTime:0.0001s ]

[ 2018-02-11T11:02:33+08:00 ] 58.247.31.114 /index.php/WXAPI/Cart/cartList/session_id/o9h__0IMy4pBKp2Ty9gpBD81BUzQ?user_id=818
INFO: [ app_init ] --START--
INFO: Run Behavior\BuildLiteBehavior [ RunTime:0.000014s ]
INFO: [ app_init ] --END-- [ RunTime:0.000280s ]
INFO: [ app_begin ] --START--
INFO: Run Behavior\ReadHtmlCacheBehavior [ RunTime:0.000374s ]
INFO: [ app_begin ] --END-- [ RunTime:0.000415s ]
NOTIC: [2048] Declaration of WXAPI\Controller\CartController::getSign() should be compatible with WXAPI\Controller\BaseController::getSign() /var/www/html/maicai/Application/WXAPI/Controller/CartController.class.php 第 22 行.
SQL: SHOW COLUMNS FROM `ty_cart` [ RunTime:0.0011s ]
SQL: SHOW COLUMNS FROM `ty_cart` [ RunTime:0.0007s ]
SQL: SELECT * FROM `ty_cart` WHERE (  session_id = 'o9h__0IMy4pBKp2Ty9gpBD81BUzQ' or user_id = 818 )  [ RunTime:0.0004s ]

[ 2018-02-11T11:41:23+08:00 ] 122.194.3.189 /index.php/WXAPI/Index/home
INFO: [ app_init ] --START--
INFO: Run Behavior\BuildLiteBehavior [ RunTime:0.000011s ]
INFO: [ app_init ] --END-- [ RunTime:0.000223s ]
INFO: [ app_begin ] --START--
INFO: Run Behavior\ReadHtmlCacheBehavior [ RunTime:0.000289s ]
INFO: [ app_begin ] --END-- [ RunTime:0.000328s ]
SQL: SHOW COLUMNS FROM `ty_coupon` [ RunTime:0.0008s ]
SQL: SELECT * FROM `ty_coupon` WHERE `send_start_time` < 1518320483 AND `send_end_time` > 1518320483  [ RunTime:0.0002s ]
SQL: SHOW COLUMNS FROM `ty_ad` [ RunTime:0.0006s ]
SQL: SELECT `ad_link`,`ad_name`,`ad_code`,`pid` FROM `ty_ad` WHERE `pid` = 1 AND `enabled` = 1  [ RunTime:0.0001s ]
SQL: SELECT `ad_link`,`ad_name`,`ad_code`,`pid` FROM `ty_ad` WHERE `pid` = 2 AND `enabled` = 1  [ RunTime:0.0001s ]
SQL: SELECT `ad_link`,`ad_name`,`ad_code`,`pid` FROM `ty_ad` WHERE `pid` = 3 AND `enabled` = 1  [ RunTime:0.0001s ]
SQL: SHOW COLUMNS FROM `ty_article` [ RunTime:0.0006s ]
SQL: SELECT `article_id`,`content`,`link`,`description` FROM `ty_article` WHERE `article_id` = 2 LIMIT 1   [ RunTime:0.0001s ]
SQL: SELECT `article_id`,`content`,`link`,`description` FROM `ty_article` WHERE `article_id` = 1 LIMIT 1   [ RunTime:0.0001s ]
SQL: SHOW COLUMNS FROM `ty_article_cat` [ RunTime:0.0005s ]
SQL: SELECT `cat_name`,`thumb`,`cat_desc` FROM `ty_article_cat` WHERE `parent_id` = 2 AND `show_in_nav` = 1 ORDER BY sort_order  [ RunTime:0.0001s ]
SQL: SELECT `cat_name`,`thumb`,`cat_desc`,`type` FROM `ty_article_cat` WHERE `parent_id` = 9 AND `show_in_nav` = 1 ORDER BY sort_order  [ RunTime:0.0001s ]

[ 2018-02-11T11:41:23+08:00 ] 122.194.3.189 /index.php/WXAPI/User/getOpenid?url=https%3A%2F%2Fapi.weixin.qq.com%2Fsns%2Fjscode2session%3Fappid%3Dwxf3a9ae58645327d5%26secret%3Dc90e9c7fa14d4df6fbde0970cc2f0fb0%26js_code%3D061DOU1M0fxfo3225o2M0H9D1M0DOU1J%26grant_type%3Dauthorization_code%26code%3D061DOU1M0fxfo3225o2M0H9D1M0DOU1J
INFO: [ app_init ] --START--
INFO: Run Behavior\BuildLiteBehavior [ RunTime:0.000014s ]
INFO: [ app_init ] --END-- [ RunTime:0.000318s ]
INFO: [ app_begin ] --START--
INFO: Run Behavior\ReadHtmlCacheBehavior [ RunTime:0.000315s ]
INFO: [ app_begin ] --END-- [ RunTime:0.000360s ]
SQL: SHOW COLUMNS FROM `ty_users` [ RunTime:0.0011s ]
INFO: [ app_end ] --START--
INFO: Run Behavior\ShowPageTraceBehavior [ RunTime:0.000404s ]
INFO: [ app_end ] --END-- [ RunTime:0.000470s ]

[ 2018-02-11T11:41:24+08:00 ] 122.194.3.189 /index.php/WXAPI/User/validateOpenid?openid=o9h__0GWiFjklUflU27nnl2WICYc
INFO: [ app_init ] --START--
INFO: Run Behavior\BuildLiteBehavior [ RunTime:0.000011s ]
INFO: [ app_init ] --END-- [ RunTime:0.000239s ]
INFO: [ app_begin ] --START--
INFO: Run Behavior\ReadHtmlCacheBehavior [ RunTime:0.000304s ]
INFO: [ app_begin ] --END-- [ RunTime:0.000344s ]
SQL: SHOW COLUMNS FROM `ty_users` [ RunTime:0.0013s ]
SQL: SHOW COLUMNS FROM `ty_users` [ RunTime:0.0009s ]
SQL: SELECT * FROM `ty_users` WHERE `open_id` = 'o9h__0GWiFjklUflU27nnl2WICYc' LIMIT 1   [ RunTime:0.0008s ]
INFO: [ app_end ] --START--
INFO: Run Behavior\ShowPageTraceBehavior [ RunTime:0.000324s ]
INFO: [ app_end ] --END-- [ RunTime:0.000360s ]

[ 2018-02-11T11:41:28+08:00 ] 122.194.3.189 /index.php/WXAPI/User/register?open_id=o9h__0GWiFjklUflU27nnl2WICYc&country=China&gender=1&nick_name=%E8%9C%95%E5%8F%98%E8%B5%B7%E8%88%AA&province=Jiangsu&city=Suzhou&head_pic=https://wx.qlogo.cn/mmopen/vi_32/Q0j4TwGTfTJ5nKRcTbnl3NP6qXjmBeicevvYO2qyvDjYZG4OX4QMfKTA2lcnhAUnia7tqqUvsXgx7CSXPyo8vn3w/0&fid=0
INFO: [ app_init ] --START--
INFO: Run Behavior\BuildLiteBehavior [ RunTime:0.000012s ]
INFO: [ app_init ] --END-- [ RunTime:0.000239s ]
INFO: [ app_begin ] --START--
INFO: Run Behavior\ReadHtmlCacheBehavior [ RunTime:0.000293s ]
INFO: [ app_begin ] --END-- [ RunTime:0.000332s ]
SQL: SHOW COLUMNS FROM `ty_users` [ RunTime:0.0014s ]
SQL: SHOW COLUMNS FROM `ty_users` [ RunTime:0.0011s ]
SQL: SHOW COLUMNS FROM `ty_config` [ RunTime:0.0005s ]
SQL: SELECT `value` FROM `ty_config` WHERE `name` = 'distributor' LIMIT 1   [ RunTime:0.0001s ]
SQL: INSERT INTO `ty_users` (`city`,`open_id`,`nick_name`,`province`,`head_pic`) VALUES ('0','o9h__0GWiFjklUflU27nnl2WICYc','蜕变起航','0','https://wx.qlogo.cn/mmopen/vi_32/Q0j4TwGTfTJ5nKRcTbnl3NP6qXjmBeicevvYO2qyvDjYZG4OX4QMfKTA2lcnhAUnia7tqqUvsXgx7CSXPyo8vn3w/0') [ RunTime:0.0002s ]
SQL: SELECT * FROM `ty_users` WHERE `user_id` = 819 LIMIT 1   [ RunTime:0.0002s ]
NOTIC: [8] Undefined variable: v /var/www/html/maicai/Application/WXAPI/Controller/UserController.class.php 第 736 行.
SQL: UPDATE `ty_users` SET `head_pic`='/Public/head/819.jpg' WHERE `user_id` = 819 [ RunTime:0.0003s ]
SQL: SELECT * FROM `ty_users` WHERE `user_id` = 819 LIMIT 1   [ RunTime:0.0002s ]
SQL: SELECT * FROM `ty_users` WHERE `user_id` = 819 LIMIT 1   [ RunTime:0.0001s ]
SQL: SELECT * FROM `ty_config` WHERE `name` = 'hot_keywords' LIMIT 1   [ RunTime:0.0001s ]
SQL: SHOW COLUMNS FROM `ty_seller_apply` [ RunTime:0.0006s ]
SQL: SELECT * FROM `ty_seller_apply` WHERE `user_id` = 819 LIMIT 1   [ RunTime:0.0002s ]
INFO: [ app_end ] --START--
INFO: Run Behavior\ShowPageTraceBehavior [ RunTime:0.000391s ]
INFO: [ app_end ] --END-- [ RunTime:0.000430s ]

[ 2018-02-11T17:06:34+08:00 ] 117.136.79.12 /index.php/WXAPI/Index/home
INFO: [ app_init ] --START--
INFO: Run Behavior\BuildLiteBehavior [ RunTime:0.000011s ]
INFO: [ app_init ] --END-- [ RunTime:0.000235s ]
INFO: [ app_begin ] --START--
INFO: Run Behavior\ReadHtmlCacheBehavior [ RunTime:0.000309s ]
INFO: [ app_begin ] --END-- [ RunTime:0.000349s ]
SQL: SHOW COLUMNS FROM `ty_coupon` [ RunTime:0.0008s ]
SQL: SELECT * FROM `ty_coupon` WHERE `send_start_time` < 1518339994 AND `send_end_time` > 1518339994  [ RunTime:0.0002s ]
SQL: SHOW COLUMNS FROM `ty_ad` [ RunTime:0.0007s ]
SQL: SELECT `ad_link`,`ad_name`,`ad_code`,`pid` FROM `ty_ad` WHERE `pid` = 1 AND `enabled` = 1  [ RunTime:0.0001s ]
SQL: SELECT `ad_link`,`ad_name`,`ad_code`,`pid` FROM `ty_ad` WHERE `pid` = 2 AND `enabled` = 1  [ RunTime:0.0001s ]
SQL: SELECT `ad_link`,`ad_name`,`ad_code`,`pid` FROM `ty_ad` WHERE `pid` = 3 AND `enabled` = 1  [ RunTime:0.0001s ]
SQL: SHOW COLUMNS FROM `ty_article` [ RunTime:0.0007s ]
SQL: SELECT `article_id`,`content`,`link`,`description` FROM `ty_article` WHERE `article_id` = 2 LIMIT 1   [ RunTime:0.0001s ]
SQL: SELECT `article_id`,`content`,`link`,`description` FROM `ty_article` WHERE `article_id` = 1 LIMIT 1   [ RunTime:0.0001s ]
SQL: SHOW COLUMNS FROM `ty_article_cat` [ RunTime:0.0006s ]
SQL: SELECT `cat_name`,`thumb`,`cat_desc` FROM `ty_article_cat` WHERE `parent_id` = 2 AND `show_in_nav` = 1 ORDER BY sort_order  [ RunTime:0.0001s ]
SQL: SELECT `cat_name`,`thumb`,`cat_desc`,`type` FROM `ty_article_cat` WHERE `parent_id` = 9 AND `show_in_nav` = 1 ORDER BY sort_order  [ RunTime:0.0001s ]

[ 2018-02-11T17:06:34+08:00 ] 117.136.79.12 /index.php/WXAPI/User/getOpenid?url=https%3A%2F%2Fapi.weixin.qq.com%2Fsns%2Fjscode2session%3Fappid%3Dwxf3a9ae58645327d5%26secret%3Dc90e9c7fa14d4df6fbde0970cc2f0fb0%26js_code%3D011q0wnB0u8UZe2ku5mB0tPenB0q0wn3%26grant_type%3Dauthorization_code%26code%3D011q0wnB0u8UZe2ku5mB0tPenB0q0wn3
INFO: [ app_init ] --START--
INFO: Run Behavior\BuildLiteBehavior [ RunTime:0.000011s ]
INFO: [ app_init ] --END-- [ RunTime:0.000246s ]
INFO: [ app_begin ] --START--
INFO: Run Behavior\ReadHtmlCacheBehavior [ RunTime:0.000423s ]
INFO: [ app_begin ] --END-- [ RunTime:0.000476s ]
SQL: SHOW COLUMNS FROM `ty_users` [ RunTime:0.0014s ]
INFO: [ app_end ] --START--
INFO: Run Behavior\ShowPageTraceBehavior [ RunTime:0.000417s ]
INFO: [ app_end ] --END-- [ RunTime:0.000486s ]

[ 2018-02-11T17:06:34+08:00 ] 117.136.79.12 /index.php/WXAPI/User/validateOpenid?openid=o9h__0CIweKS7LZGNNoZQDC1p9gM
INFO: [ app_init ] --START--
INFO: Run Behavior\BuildLiteBehavior [ RunTime:0.000012s ]
INFO: [ app_init ] --END-- [ RunTime:0.000266s ]
INFO: [ app_begin ] --START--
INFO: Run Behavior\ReadHtmlCacheBehavior [ RunTime:0.000298s ]
INFO: [ app_begin ] --END-- [ RunTime:0.000338s ]
SQL: SHOW COLUMNS FROM `ty_users` [ RunTime:0.0013s ]
SQL: SHOW COLUMNS FROM `ty_users` [ RunTime:0.0010s ]
SQL: SELECT * FROM `ty_users` WHERE `open_id` = 'o9h__0CIweKS7LZGNNoZQDC1p9gM' LIMIT 1   [ RunTime:0.0007s ]
INFO: [ app_end ] --START--
INFO: Run Behavior\ShowPageTraceBehavior [ RunTime:0.000335s ]
INFO: [ app_end ] --END-- [ RunTime:0.000373s ]

[ 2018-02-11T17:07:31+08:00 ] 117.136.79.12 /index.php/WXAPI/Goods/goodsLists/id/46/sort/shop_price/sort_asc/desc/p/0
INFO: [ app_init ] --START--
INFO: Run Behavior\BuildLiteBehavior [ RunTime:0.000011s ]
INFO: [ app_init ] --END-- [ RunTime:0.000250s ]
INFO: [ app_begin ] --START--
INFO: Run Behavior\ReadHtmlCacheBehavior [ RunTime:0.000314s ]
INFO: [ app_begin ] --END-- [ RunTime:0.000355s ]
NOTIC: [8] Undefined index: start_price /var/www/html/maicai/Application/WXAPI/Controller/GoodsController.class.php 第 251 行.
NOTIC: [8] Undefined index: end_price /var/www/html/maicai/Application/WXAPI/Controller/GoodsController.class.php 第 251 行.
SQL: SHOW COLUMNS FROM `ty_goods` [ RunTime:0.0015s ]
SQL: SHOW COLUMNS FROM `ty_goods_category` [ RunTime:0.0007s ]
SQL: SELECT * FROM `ty_goods_category` WHERE ( id = 46 ) LIMIT 1   [ RunTime:0.0001s ]
SQL: SHOW COLUMNS FROM `ty_goods_category` [ RunTime:0.0006s ]
SQL: SELECT `id`,`parent_id` FROM `ty_goods_category`  [ RunTime:0.0001s ]
SQL: SELECT `id` FROM `ty_goods_category` WHERE ( parent_id = 46 )  [ RunTime:0.0001s ]
SQL: SHOW COLUMNS FROM `ty_goods` [ RunTime:0.0010s ]
SQL: SELECT `goods_id` FROM `ty_goods` WHERE ( is_on_sale=1 and cat_id2 in(46,59)  )  [ RunTime:0.0001s ]
NOTIC: [2] implode(): Invalid arguments passed /var/www/html/maicai/Application/Home/Logic/GoodsLogic.class.php 第 319 行.
SQL: SELECT `shop_price` FROM `ty_goods` WHERE ( goods_id in (0) )  [ RunTime:0.0001s ]
NOTIC: [2] rsort() expects parameter 1 to be array, null given /var/www/html/maicai/Application/Home/Logic/GoodsLogic.class.php 第 323 行.
NOTIC: [2] Invalid argument supplied for foreach() /var/www/html/maicai/Application/Home/Logic/GoodsLogic.class.php 第 335 行.
NOTIC: [2] Invalid argument supplied for foreach() /var/www/html/maicai/Application/Home/Logic/GoodsLogic.class.php 第 335 行.
NOTIC: [2] Invalid argument supplied for foreach() /var/www/html/maicai/Application/Home/Logic/GoodsLogic.class.php 第 335 行.
NOTIC: [2] Invalid argument supplied for foreach() /var/www/html/maicai/Application/Home/Logic/GoodsLogic.class.php 第 335 行.
NOTIC: [2] Invalid argument supplied for foreach() /var/www/html/maicai/Application/Home/Logic/GoodsLogic.class.php 第 335 行.
NOTIC: [2] implode(): Invalid arguments passed /var/www/html/maicai/Application/Home/Logic/GoodsLogic.class.php 第 37 行.
SQL: SHOW COLUMNS FROM `ty_brand` [ RunTime:0.0006s ]
SQL: SELECT * FROM `ty_brand` WHERE ( id in(select brand_id from ty_goods where brand_id > 0 and goods_id in(0)) ) LIMIT 30   [ RunTime:0.0001s ]
NOTIC: [2] implode(): Invalid arguments passed /var/www/html/maicai/Application/Home/Logic/GoodsLogic.class.php 第 60 行.
SQL: SHOW COLUMNS FROM `ty_spec_goods_price` [ RunTime:0.0005s ]
SQL: select group_concat(`key` separator  '_') as `key` from ty_spec_goods_price where goods_id in(0) [ RunTime:0.0001s ]
NOTIC: [2] implode(): Invalid arguments passed /var/www/html/maicai/Application/Home/Logic/GoodsLogic.class.php 第 104 行.
SQL: SHOW COLUMNS FROM `ty_goods_attr` [ RunTime:0.0005s ]
SQL: SELECT * FROM `ty_goods_attr` WHERE ( goods_id in(0) and attr_value != '' )  [ RunTime:0.0001s ]
SQL: SHOW COLUMNS FROM `ty_goods_attribute` [ RunTime:0.0005s ]
SQL: SELECT `attr_id`,`attr_name`,`attr_index` FROM `ty_goods_attribute`  [ RunTime:0.0001s ]
NOTIC: [8] Undefined variable: goods_list /var/www/html/maicai/Application/WXAPI/Controller/GoodsController.class.php 第 317 行.
NOTIC: [2] Invalid argument supplied for foreach() /var/www/html/maicai/Application/WXAPI/Controller/GoodsController.class.php 第 317 行.
NOTIC: [8] Undefined variable: goods_list /var/www/html/maicai/Application/WXAPI/Controller/GoodsController.class.php 第 321 行.

[ 2018-02-11T17:07:39+08:00 ] 117.136.79.12 /index.php/WXAPI/Goods/goodsLists/id/45/sort/shop_price/sort_asc/desc/p/0
INFO: [ app_init ] --START--
INFO: Run Behavior\BuildLiteBehavior [ RunTime:0.000012s ]
INFO: [ app_init ] --END-- [ RunTime:0.000237s ]
INFO: [ app_begin ] --START--
INFO: Run Behavior\ReadHtmlCacheBehavior [ RunTime:0.000309s ]
INFO: [ app_begin ] --END-- [ RunTime:0.000348s ]
NOTIC: [8] Undefined index: start_price /var/www/html/maicai/Application/WXAPI/Controller/GoodsController.class.php 第 251 行.
NOTIC: [8] Undefined index: end_price /var/www/html/maicai/Application/WXAPI/Controller/GoodsController.class.php 第 251 行.
SQL: SHOW COLUMNS FROM `ty_goods` [ RunTime:0.0014s ]
SQL: SHOW COLUMNS FROM `ty_goods_category` [ RunTime:0.0006s ]
SQL: SELECT * FROM `ty_goods_category` WHERE ( id = 45 ) LIMIT 1   [ RunTime:0.0001s ]
SQL: SHOW COLUMNS FROM `ty_goods_category` [ RunTime:0.0005s ]
SQL: SELECT `id`,`parent_id` FROM `ty_goods_category`  [ RunTime:0.0001s ]
SQL: SELECT `id` FROM `ty_goods_category` WHERE ( parent_id = 45 )  [ RunTime:0.0001s ]
SQL: SHOW COLUMNS FROM `ty_goods` [ RunTime:0.0012s ]
SQL: SELECT `goods_id` FROM `ty_goods` WHERE ( is_on_sale=1 and cat_id2 in(45,58)  )  [ RunTime:0.0001s ]
NOTIC: [2] implode(): Invalid arguments passed /var/www/html/maicai/Application/Home/Logic/GoodsLogic.class.php 第 319 行.
SQL: SELECT `shop_price` FROM `ty_goods` WHERE ( goods_id in (0) )  [ RunTime:0.0001s ]
NOTIC: [2] rsort() expects parameter 1 to be array, null given /var/www/html/maicai/Application/Home/Logic/GoodsLogic.class.php 第 323 行.
NOTIC: [2] Invalid argument supplied for foreach() /var/www/html/maicai/Application/Home/Logic/GoodsLogic.class.php 第 335 行.
NOTIC: [2] Invalid argument supplied for foreach() /var/www/html/maicai/Application/Home/Logic/GoodsLogic.class.php 第 335 行.
NOTIC: [2] Invalid argument supplied for foreach() /var/www/html/maicai/Application/Home/Logic/GoodsLogic.class.php 第 335 行.
NOTIC: [2] Invalid argument supplied for foreach() /var/www/html/maicai/Application/Home/Logic/GoodsLogic.class.php 第 335 行.
NOTIC: [2] Invalid argument supplied for foreach() /var/www/html/maicai/Application/Home/Logic/GoodsLogic.class.php 第 335 行.
NOTIC: [2] implode(): Invalid arguments passed /var/www/html/maicai/Application/Home/Logic/GoodsLogic.class.php 第 37 行.
SQL: SHOW COLUMNS FROM `ty_brand` [ RunTime:0.0005s ]
SQL: SELECT * FROM `ty_brand` WHERE ( id in(select brand_id from ty_goods where brand_id > 0 and goods_id in(0)) ) LIMIT 30   [ RunTime:0.0001s ]
NOTIC: [2] implode(): Invalid arguments passed /var/www/html/maicai/Application/Home/Logic/GoodsLogic.class.php 第 60 行.
SQL: SHOW COLUMNS FROM `ty_spec_goods_price` [ RunTime:0.0004s ]
SQL: select group_concat(`key` separator  '_') as `key` from ty_spec_goods_price where goods_id in(0) [ RunTime:0.0001s ]
NOTIC: [2] implode(): Invalid arguments passed /var/www/html/maicai/Application/Home/Logic/GoodsLogic.class.php 第 104 行.
SQL: SHOW COLUMNS FROM `ty_goods_attr` [ RunTime:0.0004s ]
SQL: SELECT * FROM `ty_goods_attr` WHERE ( goods_id in(0) and attr_value != '' )  [ RunTime:0.0001s ]
SQL: SHOW COLUMNS FROM `ty_goods_attribute` [ RunTime:0.0005s ]
SQL: SELECT `attr_id`,`attr_name`,`attr_index` FROM `ty_goods_attribute`  [ RunTime:0.0001s ]
NOTIC: [8] Undefined variable: goods_list /var/www/html/maicai/Application/WXAPI/Controller/GoodsController.class.php 第 317 行.
NOTIC: [2] Invalid argument supplied for foreach() /var/www/html/maicai/Application/WXAPI/Controller/GoodsController.class.php 第 317 行.
NOTIC: [8] Undefined variable: goods_list /var/www/html/maicai/Application/WXAPI/Controller/GoodsController.class.php 第 321 行.

[ 2018-02-11T17:37:56+08:00 ] 119.2.128.115 /index.php/WXAPI/Index/home
INFO: [ app_init ] --START--
INFO: Run Behavior\BuildLiteBehavior [ RunTime:0.000010s ]
INFO: [ app_init ] --END-- [ RunTime:0.000244s ]
INFO: [ app_begin ] --START--
INFO: Run Behavior\ReadHtmlCacheBehavior [ RunTime:0.000296s ]
INFO: [ app_begin ] --END-- [ RunTime:0.000336s ]
SQL: SHOW COLUMNS FROM `ty_coupon` [ RunTime:0.0008s ]
SQL: SELECT * FROM `ty_coupon` WHERE `send_start_time` < 1518341876 AND `send_end_time` > 1518341876  [ RunTime:0.0002s ]
SQL: SHOW COLUMNS FROM `ty_ad` [ RunTime:0.0006s ]
SQL: SELECT `ad_link`,`ad_name`,`ad_code`,`pid` FROM `ty_ad` WHERE `pid` = 1 AND `enabled` = 1  [ RunTime:0.0001s ]
SQL: SELECT `ad_link`,`ad_name`,`ad_code`,`pid` FROM `ty_ad` WHERE `pid` = 2 AND `enabled` = 1  [ RunTime:0.0001s ]
SQL: SELECT `ad_link`,`ad_name`,`ad_code`,`pid` FROM `ty_ad` WHERE `pid` = 3 AND `enabled` = 1  [ RunTime:0.0001s ]
SQL: SHOW COLUMNS FROM `ty_article` [ RunTime:0.0006s ]
SQL: SELECT `article_id`,`content`,`link`,`description` FROM `ty_article` WHERE `article_id` = 2 LIMIT 1   [ RunTime:0.0001s ]
SQL: SELECT `article_id`,`content`,`link`,`description` FROM `ty_article` WHERE `article_id` = 1 LIMIT 1   [ RunTime:0.0001s ]
SQL: SHOW COLUMNS FROM `ty_article_cat` [ RunTime:0.0005s ]
SQL: SELECT `cat_name`,`thumb`,`cat_desc` FROM `ty_article_cat` WHERE `parent_id` = 2 AND `show_in_nav` = 1 ORDER BY sort_order  [ RunTime:0.0001s ]
SQL: SELECT `cat_name`,`thumb`,`cat_desc`,`type` FROM `ty_article_cat` WHERE `parent_id` = 9 AND `show_in_nav` = 1 ORDER BY sort_order  [ RunTime:0.0001s ]

[ 2018-02-11T17:37:57+08:00 ] 119.2.128.115 /index.php/WXAPI/User/getOpenid?url=https%3A%2F%2Fapi.weixin.qq.com%2Fsns%2Fjscode2session%3Fappid%3Dwxf3a9ae58645327d5%26secret%3Dc90e9c7fa14d4df6fbde0970cc2f0fb0%26js_code%3D003xGyfM1PxIF51tu9dM1dWHfM1xGyfz%26grant_type%3Dauthorization_code%26code%3D003xGyfM1PxIF51tu9dM1dWHfM1xGyfz
INFO: [ app_init ] --START--
INFO: Run Behavior\BuildLiteBehavior [ RunTime:0.000010s ]
INFO: [ app_init ] --END-- [ RunTime:0.000241s ]
INFO: [ app_begin ] --START--
INFO: Run Behavior\ReadHtmlCacheBehavior [ RunTime:0.000314s ]
INFO: [ app_begin ] --END-- [ RunTime:0.000353s ]
SQL: SHOW COLUMNS FROM `ty_users` [ RunTime:0.0012s ]
INFO: [ app_end ] --START--
INFO: Run Behavior\ShowPageTraceBehavior [ RunTime:0.000533s ]
INFO: [ app_end ] --END-- [ RunTime:0.000611s ]

[ 2018-02-11T17:37:57+08:00 ] 119.2.128.115 /index.php/WXAPI/User/validateOpenid?openid=o9h__0B0rA9BvNYw6dd3k0SDqzW8
INFO: [ app_init ] --START--
INFO: Run Behavior\BuildLiteBehavior [ RunTime:0.000011s ]
INFO: [ app_init ] --END-- [ RunTime:0.000220s ]
INFO: [ app_begin ] --START--
INFO: Run Behavior\ReadHtmlCacheBehavior [ RunTime:0.000436s ]
INFO: [ app_begin ] --END-- [ RunTime:0.000490s ]
SQL: SHOW COLUMNS FROM `ty_users` [ RunTime:0.0012s ]
SQL: SHOW COLUMNS FROM `ty_users` [ RunTime:0.0015s ]
SQL: SELECT * FROM `ty_users` WHERE `open_id` = 'o9h__0B0rA9BvNYw6dd3k0SDqzW8' LIMIT 1   [ RunTime:0.0007s ]
SQL: SHOW COLUMNS FROM `ty_config` [ RunTime:0.0005s ]
SQL: SELECT * FROM `ty_config` WHERE `name` = 'hot_keywords' LIMIT 1   [ RunTime:0.0001s ]
SQL: SHOW COLUMNS FROM `ty_seller_apply` [ RunTime:0.0005s ]
SQL: SELECT * FROM `ty_seller_apply` WHERE `user_id` = 666 LIMIT 1   [ RunTime:0.0002s ]
INFO: [ app_end ] --START--
INFO: Run Behavior\ShowPageTraceBehavior [ RunTime:0.000346s ]
INFO: [ app_end ] --END-- [ RunTime:0.000382s ]

[ 2018-02-11T20:38:14+08:00 ] 122.96.42.170 /index.php/WXAPI/Index/home
INFO: [ app_init ] --START--
INFO: Run Behavior\BuildLiteBehavior [ RunTime:0.000010s ]
INFO: [ app_init ] --END-- [ RunTime:0.000224s ]
INFO: [ app_begin ] --START--
INFO: Run Behavior\ReadHtmlCacheBehavior [ RunTime:0.000300s ]
INFO: [ app_begin ] --END-- [ RunTime:0.000340s ]
SQL: SHOW COLUMNS FROM `ty_coupon` [ RunTime:0.0007s ]
SQL: SELECT * FROM `ty_coupon` WHERE `send_start_time` < 1518352694 AND `send_end_time` > 1518352694  [ RunTime:0.0002s ]
SQL: SHOW COLUMNS FROM `ty_ad` [ RunTime:0.0006s ]
SQL: SELECT `ad_link`,`ad_name`,`ad_code`,`pid` FROM `ty_ad` WHERE `pid` = 1 AND `enabled` = 1  [ RunTime:0.0001s ]
SQL: SELECT `ad_link`,`ad_name`,`ad_code`,`pid` FROM `ty_ad` WHERE `pid` = 2 AND `enabled` = 1  [ RunTime:0.0001s ]
SQL: SELECT `ad_link`,`ad_name`,`ad_code`,`pid` FROM `ty_ad` WHERE `pid` = 3 AND `enabled` = 1  [ RunTime:0.0001s ]
SQL: SHOW COLUMNS FROM `ty_article` [ RunTime:0.0006s ]
SQL: SELECT `article_id`,`content`,`link`,`description` FROM `ty_article` WHERE `article_id` = 2 LIMIT 1   [ RunTime:0.0001s ]
SQL: SELECT `article_id`,`content`,`link`,`description` FROM `ty_article` WHERE `article_id` = 1 LIMIT 1   [ RunTime:0.0001s ]
SQL: SHOW COLUMNS FROM `ty_article_cat` [ RunTime:0.0005s ]
SQL: SELECT `cat_name`,`thumb`,`cat_desc` FROM `ty_article_cat` WHERE `parent_id` = 2 AND `show_in_nav` = 1 ORDER BY sort_order  [ RunTime:0.0001s ]
SQL: SELECT `cat_name`,`thumb`,`cat_desc`,`type` FROM `ty_article_cat` WHERE `parent_id` = 9 AND `show_in_nav` = 1 ORDER BY sort_order  [ RunTime:0.0001s ]

[ 2018-02-11T20:38:14+08:00 ] 122.96.42.170 /index.php/WXAPI/User/getOpenid?url=https%3A%2F%2Fapi.weixin.qq.com%2Fsns%2Fjscode2session%3Fappid%3Dwxf3a9ae58645327d5%26secret%3Dc90e9c7fa14d4df6fbde0970cc2f0fb0%26js_code%3D061QPsif1rYGIy0DTwjf14uNif1QPsii%26grant_type%3Dauthorization_code%26code%3D061QPsif1rYGIy0DTwjf14uNif1QPsii
INFO: [ app_init ] --START--
INFO: Run Behavior\BuildLiteBehavior [ RunTime:0.000011s ]
INFO: [ app_init ] --END-- [ RunTime:0.000248s ]
INFO: [ app_begin ] --START--
INFO: Run Behavior\ReadHtmlCacheBehavior [ RunTime:0.000299s ]
INFO: [ app_begin ] --END-- [ RunTime:0.000342s ]
SQL: SHOW COLUMNS FROM `ty_users` [ RunTime:0.0014s ]
INFO: [ app_end ] --START--
INFO: Run Behavior\ShowPageTraceBehavior [ RunTime:0.000612s ]
INFO: [ app_end ] --END-- [ RunTime:0.000699s ]

[ 2018-02-11T20:38:14+08:00 ] 122.96.42.170 /index.php/WXAPI/User/validateOpenid?openid=o9h__0FIfIRsgwsh8gdWB9pGjWJk
INFO: [ app_init ] --START--
INFO: Run Behavior\BuildLiteBehavior [ RunTime:0.000011s ]
INFO: [ app_init ] --END-- [ RunTime:0.000220s ]
INFO: [ app_begin ] --START--
INFO: Run Behavior\ReadHtmlCacheBehavior [ RunTime:0.000291s ]
INFO: [ app_begin ] --END-- [ RunTime:0.000331s ]
SQL: SHOW COLUMNS FROM `ty_users` [ RunTime:0.0012s ]
SQL: SHOW COLUMNS FROM `ty_users` [ RunTime:0.0010s ]
SQL: SELECT * FROM `ty_users` WHERE `open_id` = 'o9h__0FIfIRsgwsh8gdWB9pGjWJk' LIMIT 1   [ RunTime:0.0007s ]
INFO: [ app_end ] --START--
INFO: Run Behavior\ShowPageTraceBehavior [ RunTime:0.000320s ]
INFO: [ app_end ] --END-- [ RunTime:0.000356s ]

[ 2018-02-11T20:38:18+08:00 ] 122.96.42.170 /index.php/WXAPI/User/register?open_id=o9h__0FIfIRsgwsh8gdWB9pGjWJk&country=China&gender=1&nick_name=一生一死&province=Jiangsu&city=Lianyungang&head_pic=https://wx.qlogo.cn/mmopen/vi_32/DYAIOgq83eqK3sjnEuaKPPpQ3ME5ia3riaI42bRlcHfxwDiclklkPJaviaY5byeR4VnSibK96jKEjUPFZhJsWje2EQQ/0&fid=0
INFO: [ app_init ] --START--
INFO: Run Behavior\BuildLiteBehavior [ RunTime:0.000011s ]
INFO: [ app_init ] --END-- [ RunTime:0.000232s ]
INFO: [ app_begin ] --START--
INFO: Run Behavior\ReadHtmlCacheBehavior [ RunTime:0.000299s ]
INFO: [ app_begin ] --END-- [ RunTime:0.000349s ]
SQL: SHOW COLUMNS FROM `ty_users` [ RunTime:0.0012s ]
SQL: SHOW COLUMNS FROM `ty_users` [ RunTime:0.0010s ]
SQL: SHOW COLUMNS FROM `ty_config` [ RunTime:0.0004s ]
SQL: SELECT `value` FROM `ty_config` WHERE `name` = 'distributor' LIMIT 1   [ RunTime:0.0001s ]
SQL: INSERT INTO `ty_users` (`city`,`open_id`,`nick_name`,`province`,`head_pic`) VALUES ('0','o9h__0FIfIRsgwsh8gdWB9pGjWJk','一生一死','0','https://wx.qlogo.cn/mmopen/vi_32/DYAIOgq83eqK3sjnEuaKPPpQ3ME5ia3riaI42bRlcHfxwDiclklkPJaviaY5byeR4VnSibK96jKEjUPFZhJsWje2EQQ/0') [ RunTime:0.0002s ]
SQL: SELECT * FROM `ty_users` WHERE `user_id` = 820 LIMIT 1   [ RunTime:0.0002s ]
NOTIC: [8] Undefined variable: v /var/www/html/maicai/Application/WXAPI/Controller/UserController.class.php 第 736 行.
SQL: UPDATE `ty_users` SET `head_pic`='/Public/head/820.jpg' WHERE `user_id` = 820 [ RunTime:0.0003s ]
SQL: SELECT * FROM `ty_users` WHERE `user_id` = 820 LIMIT 1   [ RunTime:0.0002s ]
SQL: SELECT * FROM `ty_users` WHERE `user_id` = 820 LIMIT 1   [ RunTime:0.0001s ]
SQL: SELECT * FROM `ty_config` WHERE `name` = 'hot_keywords' LIMIT 1   [ RunTime:0.0001s ]
SQL: SHOW COLUMNS FROM `ty_seller_apply` [ RunTime:0.0006s ]
SQL: SELECT * FROM `ty_seller_apply` WHERE `user_id` = 820 LIMIT 1   [ RunTime:0.0002s ]
INFO: [ app_end ] --START--
INFO: Run Behavior\ShowPageTraceBehavior [ RunTime:0.000379s ]
INFO: [ app_end ] --END-- [ RunTime:0.000433s ]

[ 2018-02-11T22:11:24+08:00 ] 117.136.40.148 /index.php/WXAPI/Index/home
INFO: [ app_init ] --START--
INFO: Run Behavior\BuildLiteBehavior [ RunTime:0.000013s ]
INFO: [ app_init ] --END-- [ RunTime:0.000320s ]
INFO: [ app_begin ] --START--
INFO: Run Behavior\ReadHtmlCacheBehavior [ RunTime:0.000403s ]
INFO: [ app_begin ] --END-- [ RunTime:0.000459s ]
SQL: SHOW COLUMNS FROM `ty_coupon` [ RunTime:0.0008s ]
SQL: SELECT * FROM `ty_coupon` WHERE `send_start_time` < 1518358284 AND `send_end_time` > 1518358284  [ RunTime:0.0003s ]
SQL: SHOW COLUMNS FROM `ty_ad` [ RunTime:0.0006s ]
SQL: SELECT `ad_link`,`ad_name`,`ad_code`,`pid` FROM `ty_ad` WHERE `pid` = 1 AND `enabled` = 1  [ RunTime:0.0001s ]
SQL: SELECT `ad_link`,`ad_name`,`ad_code`,`pid` FROM `ty_ad` WHERE `pid` = 2 AND `enabled` = 1  [ RunTime:0.0001s ]
SQL: SELECT `ad_link`,`ad_name`,`ad_code`,`pid` FROM `ty_ad` WHERE `pid` = 3 AND `enabled` = 1  [ RunTime:0.0001s ]
SQL: SHOW COLUMNS FROM `ty_article` [ RunTime:0.0006s ]
SQL: SELECT `article_id`,`content`,`link`,`description` FROM `ty_article` WHERE `article_id` = 2 LIMIT 1   [ RunTime:0.0001s ]
SQL: SELECT `article_id`,`content`,`link`,`description` FROM `ty_article` WHERE `article_id` = 1 LIMIT 1   [ RunTime:0.0001s ]
SQL: SHOW COLUMNS FROM `ty_article_cat` [ RunTime:0.0005s ]
SQL: SELECT `cat_name`,`thumb`,`cat_desc` FROM `ty_article_cat` WHERE `parent_id` = 2 AND `show_in_nav` = 1 ORDER BY sort_order  [ RunTime:0.0001s ]
SQL: SELECT `cat_name`,`thumb`,`cat_desc`,`type` FROM `ty_article_cat` WHERE `parent_id` = 9 AND `show_in_nav` = 1 ORDER BY sort_order  [ RunTime:0.0001s ]

[ 2018-02-11T22:11:24+08:00 ] 117.136.40.148 /index.php/WXAPI/User/getOpenid?url=https%3A%2F%2Fapi.weixin.qq.com%2Fsns%2Fjscode2session%3Fappid%3Dwxf3a9ae58645327d5%26secret%3Dc90e9c7fa14d4df6fbde0970cc2f0fb0%26js_code%3D003DFcin1GSx0k0al1hn1wbdin1DFciM%26grant_type%3Dauthorization_code%26code%3D003DFcin1GSx0k0al1hn1wbdin1DFciM
INFO: [ app_init ] --START--
INFO: Run Behavior\BuildLiteBehavior [ RunTime:0.000010s ]
INFO: [ app_init ] --END-- [ RunTime:0.000216s ]
INFO: [ app_begin ] --START--
INFO: Run Behavior\ReadHtmlCacheBehavior [ RunTime:0.000313s ]
INFO: [ app_begin ] --END-- [ RunTime:0.000354s ]
SQL: SHOW COLUMNS FROM `ty_users` [ RunTime:0.0018s ]
INFO: [ app_end ] --START--
INFO: Run Behavior\ShowPageTraceBehavior [ RunTime:0.000565s ]
INFO: [ app_end ] --END-- [ RunTime:0.000654s ]

[ 2018-02-11T22:11:25+08:00 ] 117.136.40.148 /index.php/WXAPI/User/validateOpenid?openid=o9h__0I4fcNnms35D5Cw1VEkOiFw
INFO: [ app_init ] --START--
INFO: Run Behavior\BuildLiteBehavior [ RunTime:0.000011s ]
INFO: [ app_init ] --END-- [ RunTime:0.000248s ]
INFO: [ app_begin ] --START--
INFO: Run Behavior\ReadHtmlCacheBehavior [ RunTime:0.000321s ]
INFO: [ app_begin ] --END-- [ RunTime:0.000361s ]
SQL: SHOW COLUMNS FROM `ty_users` [ RunTime:0.0016s ]
SQL: SHOW COLUMNS FROM `ty_users` [ RunTime:0.0010s ]
SQL: SELECT * FROM `ty_users` WHERE `open_id` = 'o9h__0I4fcNnms35D5Cw1VEkOiFw' LIMIT 1   [ RunTime:0.0008s ]
INFO: [ app_end ] --START--
INFO: Run Behavior\ShowPageTraceBehavior [ RunTime:0.000347s ]
INFO: [ app_end ] --END-- [ RunTime:0.000385s ]

[ 2018-02-11T22:11:29+08:00 ] 117.136.40.148 /index.php/WXAPI/User/register?open_id=o9h__0I4fcNnms35D5Cw1VEkOiFw&country=Albania&gender=2&nick_name=peach&province=&city=&head_pic=https://wx.qlogo.cn/mmopen/vi_32/FSiagSrnhknSM4ykk0CcZBDBf6dcuNqvAVy2PsDQmAARPMfssCicsz6OlKtdLNwCUseQoYVag7FXY63ltAicqsiaEg/0&fid=0
INFO: [ app_init ] --START--
INFO: Run Behavior\BuildLiteBehavior [ RunTime:0.000012s ]
INFO: [ app_init ] --END-- [ RunTime:0.000233s ]
INFO: [ app_begin ] --START--
INFO: Run Behavior\ReadHtmlCacheBehavior [ RunTime:0.000375s ]
INFO: [ app_begin ] --END-- [ RunTime:0.000425s ]
SQL: SHOW COLUMNS FROM `ty_users` [ RunTime:0.0013s ]
SQL: SHOW COLUMNS FROM `ty_users` [ RunTime:0.0010s ]
SQL: SHOW COLUMNS FROM `ty_config` [ RunTime:0.0004s ]
SQL: SELECT `value` FROM `ty_config` WHERE `name` = 'distributor' LIMIT 1   [ RunTime:0.0001s ]
SQL: INSERT INTO `ty_users` (`city`,`open_id`,`nick_name`,`province`,`head_pic`) VALUES ('0','o9h__0I4fcNnms35D5Cw1VEkOiFw','peach','0','https://wx.qlogo.cn/mmopen/vi_32/FSiagSrnhknSM4ykk0CcZBDBf6dcuNqvAVy2PsDQmAARPMfssCicsz6OlKtdLNwCUseQoYVag7FXY63ltAicqsiaEg/0') [ RunTime:0.0002s ]
SQL: SELECT * FROM `ty_users` WHERE `user_id` = 821 LIMIT 1   [ RunTime:0.0003s ]
NOTIC: [8] Undefined variable: v /var/www/html/maicai/Application/WXAPI/Controller/UserController.class.php 第 736 行.
SQL: UPDATE `ty_users` SET `head_pic`='/Public/head/821.jpg' WHERE `user_id` = 821 [ RunTime:0.0003s ]
SQL: SELECT * FROM `ty_users` WHERE `user_id` = 821 LIMIT 1   [ RunTime:0.0003s ]
SQL: SELECT * FROM `ty_users` WHERE `user_id` = 821 LIMIT 1   [ RunTime:0.0001s ]
SQL: SELECT * FROM `ty_config` WHERE `name` = 'hot_keywords' LIMIT 1   [ RunTime:0.0001s ]
SQL: SHOW COLUMNS FROM `ty_seller_apply` [ RunTime:0.0005s ]
SQL: SELECT * FROM `ty_seller_apply` WHERE `user_id` = 821 LIMIT 1   [ RunTime:0.0002s ]
INFO: [ app_end ] --START--
INFO: Run Behavior\ShowPageTraceBehavior [ RunTime:0.000352s ]
INFO: [ app_end ] --END-- [ RunTime:0.000389s ]

